<?xml version="1.0" encoding="UTF-8"?>
<coverage generated="1638135627817" clover="3.2.0">
  <project timestamp="1638135627817" name="All files">
    <metrics statements="841" coveredstatements="379" conditionals="371" coveredconditionals="142" methods="283" coveredmethods="132" elements="1495" coveredelements="653" complexity="0" loc="841" ncloc="841" packages="3" files="23" classes="23"/>
    <package name="src">
      <metrics statements="73" coveredstatements="48" conditionals="24" coveredconditionals="4" methods="27" coveredmethods="17"/>
      <file name="App.js" path="C:\Users\Antonio\Documents\GitHub\se2021-07-SolidarityPurchasingGroup\client\src\App.js">
        <metrics statements="63" coveredstatements="44" conditionals="20" coveredconditionals="2" methods="25" coveredmethods="16"/>
        <line num="23" count="1459" type="stmt"/>
        <line num="25" count="1414" type="stmt"/>
        <line num="26" count="1414" type="stmt"/>
        <line num="28" count="1414" type="stmt"/>
        <line num="30" count="1414" type="stmt"/>
        <line num="32" count="1414" type="stmt"/>
        <line num="33" count="1414" type="stmt"/>
        <line num="34" count="1414" type="stmt"/>
        <line num="35" count="1414" type="stmt"/>
        <line num="37" count="1414" type="stmt"/>
        <line num="38" count="1414" type="stmt"/>
        <line num="40" count="1414" type="stmt"/>
        <line num="41" count="1414" type="stmt"/>
        <line num="42" count="1414" type="stmt"/>
        <line num="43" count="1414" type="stmt"/>
        <line num="45" count="1414" type="stmt"/>
        <line num="47" count="1414" type="stmt"/>
        <line num="49" count="1414" type="stmt"/>
        <line num="51" count="1414" type="stmt"/>
        <line num="52" count="1414" type="stmt"/>
        <line num="53" count="1414" type="stmt"/>
        <line num="56" count="1414" type="stmt"/>
        <line num="57" count="55" type="stmt"/>
        <line num="58" count="55" type="stmt"/>
        <line num="59" count="55" type="stmt"/>
        <line num="60" count="0" type="stmt"/>
        <line num="61" count="0" type="stmt"/>
        <line num="63" count="52" type="stmt"/>
        <line num="66" count="55" type="stmt"/>
        <line num="70" count="1414" type="stmt"/>
        <line num="72" count="135" type="cond" truecount="1" falsecount="1"/>
        <line num="73" count="0" type="stmt"/>
        <line num="75" count="0" type="cond" truecount="0" falsecount="4"/>
        <line num="76" count="0" type="stmt"/>
        <line num="77" count="0" type="stmt"/>
        <line num="78" count="0" type="stmt"/>
        <line num="81" count="135" type="stmt"/>
        <line num="84" count="1414" type="stmt"/>
        <line num="90" count="1414" type="stmt"/>
        <line num="92" count="55" type="cond" truecount="1" falsecount="1"/>
        <line num="93" count="0" type="stmt"/>
        <line num="103" count="0" type="cond" truecount="0" falsecount="4"/>
        <line num="104" count="0" type="stmt"/>
        <line num="107" count="0" type="stmt"/>
        <line num="109" count="0" type="cond" truecount="0" falsecount="4"/>
        <line num="110" count="0" type="stmt"/>
        <line num="116" count="0" type="stmt"/>
        <line num="119" count="55" type="stmt"/>
        <line num="122" count="1414" type="stmt"/>
        <line num="141" count="0" type="stmt"/>
        <line num="146" count="191" type="stmt"/>
        <line num="158" count="20" type="stmt"/>
        <line num="160" count="285" type="stmt"/>
        <line num="162" count="10" type="stmt"/>
        <line num="164" count="161" type="stmt"/>
        <line num="174" count="180" type="stmt"/>
        <line num="183" count="0" type="stmt"/>
        <line num="192" count="51" type="stmt"/>
        <line num="203" count="83" type="stmt"/>
        <line num="206" count="207" type="stmt"/>
        <line num="208" count="0" type="stmt"/>
        <line num="210" count="0" type="cond" truecount="0" falsecount="4"/>
        <line num="212" count="0" type="stmt"/>
      </file>
      <file name="index.js" path="C:\Users\Antonio\Documents\GitHub\se2021-07-SolidarityPurchasingGroup\client\src\index.js">
        <metrics statements="2" coveredstatements="2" conditionals="0" coveredconditionals="0" methods="0" coveredmethods="0"/>
        <line num="7" count="55" type="stmt"/>
        <line num="17" count="55" type="stmt"/>
      </file>
      <file name="reportWebVitals.js" path="C:\Users\Antonio\Documents\GitHub\se2021-07-SolidarityPurchasingGroup\client\src\reportWebVitals.js">
        <metrics statements="8" coveredstatements="2" conditionals="4" coveredconditionals="2" methods="2" coveredmethods="1"/>
        <line num="1" count="55" type="stmt"/>
        <line num="2" count="55" type="cond" truecount="2" falsecount="2"/>
        <line num="3" count="0" type="stmt"/>
        <line num="4" count="0" type="stmt"/>
        <line num="5" count="0" type="stmt"/>
        <line num="6" count="0" type="stmt"/>
        <line num="7" count="0" type="stmt"/>
        <line num="8" count="0" type="stmt"/>
      </file>
    </package>
    <package name="src.API">
      <metrics statements="127" coveredstatements="45" conditionals="36" coveredconditionals="9" methods="49" coveredmethods="18"/>
      <file name="API.js" path="C:\Users\Antonio\Documents\GitHub\se2021-07-SolidarityPurchasingGroup\client\src\API\API.js">
        <metrics statements="127" coveredstatements="45" conditionals="36" coveredconditionals="9" methods="49" coveredmethods="18"/>
        <line num="20" count="55" type="stmt"/>
        <line num="21" count="0" type="stmt"/>
        <line num="22" count="0" type="stmt"/>
        <line num="39" count="0" type="cond" truecount="0" falsecount="2"/>
        <line num="40" count="0" type="stmt"/>
        <line num="41" count="0" type="cond" truecount="0" falsecount="2"/>
        <line num="43" count="0" type="stmt"/>
        <line num="45" count="0" type="cond" truecount="0" falsecount="2"/>
        <line num="46" count="0" type="stmt"/>
        <line num="47" count="0" type="stmt"/>
        <line num="49" count="0" type="stmt"/>
        <line num="53" count="0" type="stmt"/>
        <line num="59" count="55" type="stmt"/>
        <line num="60" count="139" type="stmt"/>
        <line num="61" count="139" type="stmt"/>
        <line num="67" count="139" type="cond" truecount="1" falsecount="1"/>
        <line num="68" count="0" type="stmt"/>
        <line num="69" count="0" type="stmt"/>
        <line num="70" count="0" type="stmt"/>
        <line num="72" count="139" type="stmt"/>
        <line num="75" count="0" type="stmt"/>
        <line num="81" count="55" type="stmt"/>
        <line num="82" count="0" type="stmt"/>
        <line num="83" count="0" type="stmt"/>
        <line num="84" count="0" type="stmt"/>
        <line num="90" count="0" type="cond" truecount="0" falsecount="2"/>
        <line num="91" count="0" type="stmt"/>
        <line num="92" count="0" type="stmt"/>
        <line num="93" count="0" type="stmt"/>
        <line num="95" count="0" type="stmt"/>
        <line num="98" count="0" type="stmt"/>
        <line num="104" count="55" type="stmt"/>
        <line num="105" count="20" type="stmt"/>
        <line num="106" count="20" type="stmt"/>
        <line num="122" count="20" type="cond" truecount="1" falsecount="1"/>
        <line num="123" count="0" type="stmt"/>
        <line num="124" count="0" type="stmt"/>
        <line num="125" count="0" type="stmt"/>
        <line num="127" count="20" type="stmt"/>
        <line num="130" count="0" type="stmt"/>
        <line num="136" count="55" type="stmt"/>
        <line num="137" count="48" type="stmt"/>
        <line num="138" count="48" type="stmt"/>
        <line num="139" count="48" type="stmt"/>
        <line num="145" count="48" type="cond" truecount="1" falsecount="1"/>
        <line num="146" count="0" type="stmt"/>
        <line num="147" count="0" type="stmt"/>
        <line num="148" count="0" type="stmt"/>
        <line num="150" count="48" type="stmt"/>
        <line num="153" count="0" type="stmt"/>
        <line num="158" count="55" type="stmt"/>
        <line num="159" count="48" type="stmt"/>
        <line num="160" count="48" type="stmt"/>
        <line num="166" count="48" type="cond" truecount="1" falsecount="1"/>
        <line num="167" count="0" type="stmt"/>
        <line num="168" count="0" type="stmt"/>
        <line num="169" count="0" type="stmt"/>
        <line num="171" count="48" type="stmt"/>
        <line num="174" count="0" type="stmt"/>
        <line num="184" count="0" type="stmt"/>
        <line num="191" count="0" type="cond" truecount="0" falsecount="2"/>
        <line num="192" count="0" type="stmt"/>
        <line num="193" count="0" type="stmt"/>
        <line num="197" count="55" type="stmt"/>
        <line num="198" count="5" type="stmt"/>
        <line num="199" count="5" type="stmt"/>
        <line num="205" count="5" type="cond" truecount="1" falsecount="1"/>
        <line num="206" count="0" type="stmt"/>
        <line num="207" count="0" type="stmt"/>
        <line num="208" count="0" type="stmt"/>
        <line num="210" count="5" type="stmt"/>
        <line num="213" count="0" type="stmt"/>
        <line num="220" count="15" type="stmt"/>
        <line num="227" count="15" type="cond" truecount="1" falsecount="1"/>
        <line num="228" count="15" type="stmt"/>
        <line num="229" count="0" type="stmt"/>
        <line num="233" count="55" type="stmt"/>
        <line num="234" count="0" type="stmt"/>
        <line num="235" count="0" type="stmt"/>
        <line num="247" count="0" type="cond" truecount="0" falsecount="2"/>
        <line num="248" count="0" type="stmt"/>
        <line num="249" count="0" type="stmt"/>
        <line num="250" count="0" type="stmt"/>
        <line num="252" count="0" type="stmt"/>
        <line num="255" count="0" type="stmt"/>
        <line num="260" count="55" type="stmt"/>
        <line num="261" count="0" type="stmt"/>
        <line num="262" count="0" type="stmt"/>
        <line num="278" count="0" type="cond" truecount="0" falsecount="2"/>
        <line num="279" count="0" type="stmt"/>
        <line num="280" count="0" type="stmt"/>
        <line num="281" count="0" type="stmt"/>
        <line num="283" count="0" type="stmt"/>
        <line num="286" count="0" type="stmt"/>
        <line num="291" count="55" type="stmt"/>
        <line num="292" count="0" type="stmt"/>
        <line num="293" count="0" type="stmt"/>
        <line num="304" count="0" type="cond" truecount="0" falsecount="2"/>
        <line num="305" count="0" type="stmt"/>
        <line num="306" count="0" type="stmt"/>
        <line num="307" count="0" type="stmt"/>
        <line num="309" count="0" type="stmt"/>
        <line num="312" count="0" type="stmt"/>
        <line num="318" count="55" type="stmt"/>
        <line num="319" count="0" type="stmt"/>
        <line num="320" count="0" type="stmt"/>
        <line num="326" count="0" type="cond" truecount="0" falsecount="2"/>
        <line num="327" count="0" type="stmt"/>
        <line num="328" count="0" type="stmt"/>
        <line num="329" count="0" type="stmt"/>
        <line num="331" count="0" type="stmt"/>
        <line num="334" count="0" type="stmt"/>
        <line num="341" count="79" type="stmt"/>
        <line num="348" count="79" type="cond" truecount="2" falsecount="0"/>
        <line num="349" count="40" type="stmt"/>
        <line num="350" count="40" type="stmt"/>
        <line num="352" count="39" type="stmt"/>
        <line num="353" count="39" type="stmt"/>
        <line num="358" count="0" type="stmt"/>
        <line num="361" count="0" type="cond" truecount="0" falsecount="2"/>
        <line num="362" count="0" type="stmt"/>
        <line num="363" count="0" type="stmt"/>
        <line num="367" count="55" type="stmt"/>
        <line num="368" count="55" type="stmt"/>
        <line num="369" count="52" type="cond" truecount="1" falsecount="1"/>
        <line num="370" count="0" type="stmt"/>
        <line num="372" count="52" type="stmt"/>
      </file>
    </package>
    <package name="src.Components">
      <metrics statements="641" coveredstatements="286" conditionals="311" coveredconditionals="129" methods="207" coveredmethods="97"/>
      <file name="ClientHome.js" path="C:\Users\Antonio\Documents\GitHub\se2021-07-SolidarityPurchasingGroup\client\src\Components\ClientHome.js">
        <metrics statements="1" coveredstatements="1" conditionals="0" coveredconditionals="0" methods="1" coveredmethods="1"/>
        <line num="5" count="20" type="stmt"/>
      </file>
      <file name="Clock.js" path="C:\Users\Antonio\Documents\GitHub\se2021-07-SolidarityPurchasingGroup\client\src\Components\Clock.js">
        <metrics statements="101" coveredstatements="1" conditionals="10" coveredconditionals="0" methods="12" coveredmethods="0"/>
        <line num="5" count="0" type="stmt"/>
        <line num="6" count="0" type="stmt"/>
        <line num="7" count="0" type="stmt"/>
        <line num="8" count="0" type="stmt"/>
        <line num="9" count="0" type="stmt"/>
        <line num="10" count="0" type="stmt"/>
        <line num="11" count="0" type="cond" truecount="0" falsecount="2"/>
        <line num="16" count="0" type="stmt"/>
        <line num="17" count="0" type="stmt"/>
        <line num="21" count="0" type="stmt"/>
        <line num="25" count="0" type="stmt"/>
        <line num="26" count="0" type="stmt"/>
        <line num="27" count="0" type="stmt"/>
        <line num="31" count="0" type="stmt"/>
        <line num="32" count="0" type="stmt"/>
        <line num="33" count="0" type="stmt"/>
        <line num="34" count="0" type="stmt"/>
        <line num="35" count="0" type="stmt"/>
        <line num="36" count="0" type="stmt"/>
        <line num="37" count="0" type="stmt"/>
        <line num="41" count="0" type="stmt"/>
        <line num="42" count="0" type="stmt"/>
        <line num="43" count="0" type="stmt"/>
        <line num="44" count="0" type="stmt"/>
        <line num="46" count="0" type="stmt"/>
        <line num="47" count="0" type="stmt"/>
        <line num="48" count="0" type="stmt"/>
        <line num="49" count="0" type="stmt"/>
        <line num="50" count="0" type="stmt"/>
        <line num="51" count="0" type="stmt"/>
        <line num="52" count="0" type="stmt"/>
        <line num="54" count="0" type="stmt"/>
        <line num="55" count="0" type="stmt"/>
        <line num="56" count="0" type="stmt"/>
        <line num="57" count="0" type="stmt"/>
        <line num="61" count="0" type="stmt"/>
        <line num="62" count="0" type="stmt"/>
        <line num="63" count="0" type="stmt"/>
        <line num="66" count="0" type="stmt"/>
        <line num="67" count="0" type="stmt"/>
        <line num="68" count="0" type="stmt"/>
        <line num="69" count="0" type="stmt"/>
        <line num="70" count="0" type="stmt"/>
        <line num="71" count="0" type="stmt"/>
        <line num="72" count="0" type="stmt"/>
        <line num="73" count="0" type="stmt"/>
        <line num="74" count="0" type="stmt"/>
        <line num="75" count="0" type="cond" truecount="0" falsecount="2"/>
        <line num="76" count="0" type="stmt"/>
        <line num="77" count="0" type="stmt"/>
        <line num="78" count="0" type="stmt"/>
        <line num="81" count="0" type="cond" truecount="0" falsecount="2"/>
        <line num="82" count="0" type="stmt"/>
        <line num="83" count="0" type="stmt"/>
        <line num="84" count="0" type="stmt"/>
        <line num="85" count="0" type="stmt"/>
        <line num="86" count="0" type="stmt"/>
        <line num="87" count="0" type="stmt"/>
        <line num="88" count="0" type="stmt"/>
        <line num="89" count="0" type="stmt"/>
        <line num="90" count="0" type="stmt"/>
        <line num="95" count="0" type="stmt"/>
        <line num="96" count="0" type="stmt"/>
        <line num="97" count="0" type="stmt"/>
        <line num="98" count="0" type="stmt"/>
        <line num="99" count="0" type="stmt"/>
        <line num="105" count="0" type="stmt"/>
        <line num="107" count="0" type="stmt"/>
        <line num="108" count="0" type="stmt"/>
        <line num="109" count="0" type="stmt"/>
        <line num="111" count="0" type="stmt"/>
        <line num="112" count="0" type="stmt"/>
        <line num="113" count="0" type="stmt"/>
        <line num="114" count="0" type="cond" truecount="0" falsecount="2"/>
        <line num="115" count="0" type="stmt"/>
        <line num="117" count="0" type="stmt"/>
        <line num="119" count="0" type="stmt"/>
        <line num="124" count="0" type="stmt"/>
        <line num="125" count="0" type="stmt"/>
        <line num="126" count="0" type="stmt"/>
        <line num="127" count="0" type="stmt"/>
        <line num="130" count="0" type="stmt"/>
        <line num="131" count="0" type="stmt"/>
        <line num="132" count="0" type="stmt"/>
        <line num="134" count="0" type="stmt"/>
        <line num="135" count="0" type="stmt"/>
        <line num="137" count="0" type="stmt"/>
        <line num="138" count="0" type="stmt"/>
        <line num="142" count="0" type="cond" truecount="0" falsecount="2"/>
        <line num="143" count="0" type="stmt"/>
        <line num="144" count="0" type="stmt"/>
        <line num="145" count="0" type="stmt"/>
        <line num="146" count="0" type="stmt"/>
        <line num="147" count="0" type="stmt"/>
        <line num="148" count="0" type="stmt"/>
        <line num="149" count="0" type="stmt"/>
        <line num="150" count="0" type="stmt"/>
        <line num="151" count="0" type="stmt"/>
        <line num="152" count="0" type="stmt"/>
        <line num="156" count="0" type="stmt"/>
        <line num="166" count="55" type="stmt"/>
      </file>
      <file name="Handout.js" path="C:\Users\Antonio\Documents\GitHub\se2021-07-SolidarityPurchasingGroup\client\src\Components\Handout.js">
        <metrics statements="25" coveredstatements="20" conditionals="17" coveredconditionals="14" methods="10" coveredmethods="7"/>
        <line num="11" count="214" type="stmt"/>
        <line num="12" count="214" type="stmt"/>
        <line num="13" count="214" type="stmt"/>
        <line num="17" count="214" type="stmt"/>
        <line num="18" count="51" type="stmt"/>
        <line num="19" count="51" type="cond" truecount="1" falsecount="1"/>
        <line num="20" count="0" type="stmt"/>
        <line num="22" count="0" type="stmt"/>
        <line num="23" count="0" type="stmt"/>
        <line num="26" count="0" type="stmt"/>
        <line num="29" count="51" type="cond" truecount="1" falsecount="1"/>
        <line num="30" count="51" type="stmt"/>
        <line num="31" count="1190" type="stmt"/>
        <line num="39" count="5" type="stmt"/>
        <line num="40" count="5" type="stmt"/>
        <line num="42" count="5" type="stmt"/>
        <line num="45" count="0" type="stmt"/>
        <line num="51" count="214" type="cond" truecount="2" falsecount="0"/>
        <line num="52" count="78" type="stmt"/>
        <line num="53" count="78" type="stmt"/>
        <line num="55" count="136" type="stmt"/>
        <line num="56" count="136" type="stmt"/>
        <line num="58" count="214" type="stmt"/>
        <line num="72" count="5" type="stmt"/>
        <line num="86" count="72" type="stmt"/>
      </file>
      <file name="Home.js" path="C:\Users\Antonio\Documents\GitHub\se2021-07-SolidarityPurchasingGroup\client\src\Components\Home.js">
        <metrics statements="1" coveredstatements="1" conditionals="0" coveredconditionals="0" methods="1" coveredmethods="1"/>
        <line num="5" count="40" type="stmt"/>
      </file>
      <file name="HomeButton.js" path="C:\Users\Antonio\Documents\GitHub\se2021-07-SolidarityPurchasingGroup\client\src\Components\HomeButton.js">
        <metrics statements="10" coveredstatements="6" conditionals="6" coveredconditionals="1" methods="3" coveredmethods="3"/>
        <line num="8" count="5846" type="stmt"/>
        <line num="10" count="5846" type="stmt"/>
        <line num="11" count="217" type="cond" truecount="1" falsecount="1"/>
        <line num="12" count="217" type="stmt"/>
        <line num="13" count="0" type="cond" truecount="0" falsecount="2"/>
        <line num="14" count="0" type="stmt"/>
        <line num="15" count="0" type="cond" truecount="0" falsecount="2"/>
        <line num="16" count="0" type="stmt"/>
        <line num="21" count="5846" type="stmt"/>
        <line num="25" count="217" type="stmt"/>
      </file>
      <file name="Icons.js" path="C:\Users\Antonio\Documents\GitHub\se2021-07-SolidarityPurchasingGroup\client\src\Components\Icons.js">
        <metrics statements="19" coveredstatements="19" conditionals="0" coveredconditionals="0" methods="0" coveredmethods="0"/>
        <line num="2" count="55" type="stmt"/>
        <line num="38" count="55" type="stmt"/>
        <line num="55" count="55" type="stmt"/>
        <line num="63" count="55" type="stmt"/>
        <line num="70" count="55" type="stmt"/>
        <line num="77" count="55" type="stmt"/>
        <line num="82" count="55" type="stmt"/>
        <line num="86" count="55" type="stmt"/>
        <line num="90" count="55" type="stmt"/>
        <line num="94" count="55" type="stmt"/>
        <line num="97" count="55" type="stmt"/>
        <line num="101" count="55" type="stmt"/>
        <line num="105" count="55" type="stmt"/>
        <line num="109" count="55" type="stmt"/>
        <line num="113" count="55" type="stmt"/>
        <line num="117" count="55" type="stmt"/>
        <line num="122" count="55" type="stmt"/>
        <line num="129" count="55" type="stmt"/>
        <line num="185" count="55" type="stmt"/>
      </file>
      <file name="LoginForm.js" path="C:\Users\Antonio\Documents\GitHub\se2021-07-SolidarityPurchasingGroup\client\src\Components\LoginForm.js">
        <metrics statements="47" coveredstatements="43" conditionals="32" coveredconditionals="28" methods="9" coveredmethods="8"/>
        <line num="9" count="79" type="stmt"/>
        <line num="11" count="79" type="stmt"/>
        <line num="12" count="633" type="stmt"/>
        <line num="13" count="633" type="cond" truecount="4" falsecount="0"/>
        <line num="14" count="159" type="stmt"/>
        <line num="16" count="633" type="cond" truecount="6" falsecount="0"/>
        <line num="17" count="474" type="stmt"/>
        <line num="20" count="79" type="cond" truecount="3" falsecount="1"/>
        <line num="21" count="0" type="stmt"/>
        <line num="23" count="79" type="stmt"/>
        <line num="27" count="3603" type="stmt"/>
        <line num="29" count="3558" type="stmt"/>
        <line num="30" count="3558" type="stmt"/>
        <line num="31" count="3558" type="stmt"/>
        <line num="32" count="3558" type="stmt"/>
        <line num="34" count="3558" type="stmt"/>
        <line num="36" count="3558" type="stmt"/>
        <line num="37" count="79" type="stmt"/>
        <line num="39" count="40" type="stmt"/>
        <line num="40" count="40" type="stmt"/>
        <line num="41" count="40" type="stmt"/>
        <line num="42" count="40" type="cond" truecount="1" falsecount="1"/>
        <line num="43" count="40" type="stmt"/>
        <line num="44" count="0" type="cond" truecount="0" falsecount="2"/>
        <line num="45" count="0" type="stmt"/>
        <line num="49" count="39" type="stmt"/>
        <line num="50" count="39" type="stmt"/>
        <line num="54" count="3558" type="stmt"/>
        <line num="55" count="160" type="cond" truecount="2" falsecount="0"/>
        <line num="56" count="41" type="stmt"/>
        <line num="57" count="41" type="stmt"/>
        <line num="58" count="41" type="stmt"/>
        <line num="61" count="160" type="cond" truecount="2" falsecount="0"/>
        <line num="62" count="119" type="stmt"/>
        <line num="63" count="119" type="stmt"/>
        <line num="64" count="119" type="stmt"/>
        <line num="66" count="119" type="stmt"/>
        <line num="70" count="119" type="cond" truecount="6" falsecount="0"/>
        <line num="71" count="40" type="stmt"/>
        <line num="72" count="40" type="stmt"/>
        <line num="74" count="79" type="stmt"/>
        <line num="76" count="119" type="cond" truecount="2" falsecount="0"/>
        <line num="77" count="79" type="stmt"/>
        <line num="82" count="3558" type="stmt"/>
        <line num="91" count="504" type="stmt"/>
        <line num="98" count="830" type="stmt"/>
        <line num="100" count="0" type="cond" truecount="2" falsecount="0"/>
      </file>
      <file name="MyModal.js" path="C:\Users\Antonio\Documents\GitHub\se2021-07-SolidarityPurchasingGroup\client\src\Components\MyModal.js">
        <metrics statements="1" coveredstatements="1" conditionals="0" coveredconditionals="0" methods="1" coveredmethods="1"/>
        <line num="6" count="1254" type="stmt"/>
      </file>
      <file name="MyNav.js" path="C:\Users\Antonio\Documents\GitHub\se2021-07-SolidarityPurchasingGroup\client\src\Components\MyNav.js">
        <metrics statements="70" coveredstatements="31" conditionals="39" coveredconditionals="18" methods="30" coveredmethods="8"/>
        <line num="19" count="1424" type="stmt"/>
        <line num="20" count="1424" type="stmt"/>
        <line num="21" count="1424" type="stmt"/>
        <line num="22" count="1424" type="stmt"/>
        <line num="23" count="1424" type="stmt"/>
        <line num="24" count="1424" type="stmt"/>
        <line num="25" count="1424" type="stmt"/>
        <line num="26" count="1424" type="stmt"/>
        <line num="29" count="1424" type="stmt"/>
        <line num="30" count="0" type="stmt"/>
        <line num="31" count="0" type="stmt"/>
        <line num="34" count="1424" type="stmt"/>
        <line num="35" count="0" type="stmt"/>
        <line num="36" count="0" type="stmt"/>
        <line num="37" count="0" type="stmt"/>
        <line num="41" count="1424" type="stmt"/>
        <line num="42" count="0" type="stmt"/>
        <line num="43" count="0" type="stmt"/>
        <line num="44" count="0" type="stmt"/>
        <line num="45" count="0" type="stmt"/>
        <line num="48" count="1424" type="stmt"/>
        <line num="49" count="21" type="stmt"/>
        <line num="50" count="21" type="stmt"/>
        <line num="51" count="21" type="stmt"/>
        <line num="52" count="21" type="stmt"/>
        <line num="56" count="1424" type="stmt"/>
        <line num="59" count="1424" type="stmt"/>
        <line num="60" count="119" type="stmt"/>
        <line num="61" count="64" type="stmt"/>
        <line num="65" count="1424" type="stmt"/>
        <line num="88" count="0" type="stmt"/>
        <line num="99" count="0" type="stmt"/>
        <line num="112" count="0" type="stmt"/>
        <line num="119" count="0" type="stmt"/>
        <line num="134" count="0" type="cond" truecount="1" falsecount="1"/>
        <line num="161" count="1466" type="stmt"/>
        <line num="164" count="1466" type="stmt"/>
        <line num="167" count="1466" type="stmt"/>
        <line num="168" count="110" type="cond" truecount="2" falsecount="0"/>
        <line num="169" count="55" type="cond" truecount="1" falsecount="1"/>
        <line num="170" count="0" type="stmt"/>
        <line num="172" count="55" type="stmt"/>
        <line num="178" count="1466" type="stmt"/>
        <line num="179" count="76" type="stmt"/>
        <line num="180" count="76" type="stmt"/>
        <line num="185" count="0" type="cond" truecount="0" falsecount="2"/>
        <line num="186" count="0" type="stmt"/>
        <line num="187" count="0" type="stmt"/>
        <line num="188" count="0" type="stmt"/>
        <line num="189" count="0" type="stmt"/>
        <line num="190" count="0" type="stmt"/>
        <line num="191" count="0" type="stmt"/>
        <line num="196" count="0" type="cond" truecount="0" falsecount="2"/>
        <line num="197" count="0" type="stmt"/>
        <line num="198" count="0" type="stmt"/>
        <line num="200" count="0" type="stmt"/>
        <line num="206" count="0" type="stmt"/>
        <line num="215" count="0" type="cond" truecount="0" falsecount="4"/>
        <line num="216" count="0" type="stmt"/>
        <line num="218" count="0" type="cond" truecount="0" falsecount="4"/>
        <line num="219" count="0" type="stmt"/>
        <line num="220" count="0" type="stmt"/>
        <line num="221" count="0" type="stmt"/>
        <line num="222" count="0" type="stmt"/>
        <line num="224" count="0" type="stmt"/>
        <line num="226" count="0" type="stmt"/>
        <line num="231" count="1466" type="stmt"/>
        <line num="249" count="0" type="stmt"/>
        <line num="256" count="0" type="stmt"/>
        <line num="280" count="0" type="stmt"/>
      </file>
      <file name="MyNotifications.js" path="C:\Users\Antonio\Documents\GitHub\se2021-07-SolidarityPurchasingGroup\client\src\Components\MyNotifications.js">
        <metrics statements="3" coveredstatements="0" conditionals="0" coveredconditionals="0" methods="2" coveredmethods="0"/>
        <line num="6" count="0" type="stmt"/>
        <line num="7" count="0" type="stmt"/>
        <line num="9" count="0" type="stmt"/>
      </file>
      <file name="OrderToggle.js" path="C:\Users\Antonio\Documents\GitHub\se2021-07-SolidarityPurchasingGroup\client\src\Components\OrderToggle.js">
        <metrics statements="12" coveredstatements="7" conditionals="14" coveredconditionals="9" methods="5" coveredmethods="4"/>
        <line num="7" count="72" type="stmt"/>
        <line num="8" count="72" type="stmt"/>
        <line num="12" count="72" type="cond" truecount="3" falsecount="1"/>
        <line num="13" count="72" type="stmt"/>
        <line num="15" count="112" type="stmt"/>
        <line num="22" count="0" type="stmt"/>
        <line num="23" count="0" type="stmt"/>
        <line num="24" count="0" type="cond" truecount="0" falsecount="2"/>
        <line num="25" count="0" type="stmt"/>
        <line num="27" count="0" type="stmt"/>
        <line num="31" count="72" type="stmt"/>
        <line num="45" count="112" type="stmt"/>
      </file>
      <file name="ProductRequest.js" path="C:\Users\Antonio\Documents\GitHub\se2021-07-SolidarityPurchasingGroup\client\src\Components\ProductRequest.js">
        <metrics statements="75" coveredstatements="51" conditionals="44" coveredconditionals="27" methods="26" coveredmethods="17"/>
        <line num="11" count="178" type="stmt"/>
        <line num="21" count="0" type="stmt"/>
        <line num="28" count="0" type="stmt"/>
        <line num="29" count="0" type="stmt"/>
        <line num="38" count="712" type="stmt"/>
        <line num="40" count="712" type="stmt"/>
        <line num="42" count="712" type="cond" truecount="2" falsecount="1"/>
        <line num="44" count="712" type="stmt"/>
        <line num="45" count="30" type="stmt"/>
        <line num="46" count="30" type="stmt"/>
        <line num="49" count="712" type="stmt"/>
        <line num="50" count="29" type="cond" truecount="1" falsecount="1"/>
        <line num="51" count="29" type="stmt"/>
        <line num="52" count="29" type="stmt"/>
        <line num="56" count="712" type="stmt"/>
        <line num="57" count="59" type="stmt"/>
        <line num="58" count="59" type="cond" truecount="2" falsecount="0"/>
        <line num="59" count="30" type="stmt"/>
        <line num="60" count="30" type="stmt"/>
        <line num="61" count="30" type="stmt"/>
        <line num="63" count="29" type="stmt"/>
        <line num="64" count="29" type="cond" truecount="1" falsecount="1"/>
        <line num="65" count="29" type="stmt"/>
        <line num="67" count="0" type="stmt"/>
        <line num="68" count="0" type="stmt"/>
        <line num="69" count="0" type="stmt"/>
        <line num="70" count="0" type="stmt"/>
        <line num="76" count="712" type="stmt"/>
        <line num="99" count="538" type="stmt"/>
        <line num="100" count="538" type="stmt"/>
        <line num="101" count="538" type="stmt"/>
        <line num="102" count="538" type="stmt"/>
        <line num="103" count="538" type="stmt"/>
        <line num="106" count="538" type="stmt"/>
        <line num="107" count="538" type="stmt"/>
        <line num="108" count="538" type="stmt"/>
        <line num="111" count="538" type="stmt"/>
        <line num="112" count="180" type="cond" truecount="2" falsecount="0"/>
        <line num="113" count="74" type="stmt"/>
        <line num="115" count="74" type="stmt"/>
        <line num="116" count="74" type="stmt"/>
        <line num="121" count="538" type="stmt"/>
        <line num="125" count="538" type="stmt"/>
        <line num="126" count="238" type="stmt"/>
        <line num="128" count="238" type="stmt"/>
        <line num="129" count="60" type="stmt"/>
        <line num="131" count="238" type="stmt"/>
        <line num="134" count="538" type="stmt"/>
        <line num="135" count="0" type="stmt"/>
        <line num="146" count="0" type="stmt"/>
        <line num="148" count="0" type="cond" truecount="0" falsecount="2"/>
        <line num="149" count="0" type="stmt"/>
        <line num="150" count="0" type="stmt"/>
        <line num="157" count="0" type="cond" truecount="0" falsecount="2"/>
        <line num="158" count="0" type="stmt"/>
        <line num="159" count="0" type="stmt"/>
        <line num="160" count="0" type="stmt"/>
        <line num="161" count="0" type="stmt"/>
        <line num="162" count="0" type="stmt"/>
        <line num="167" count="538" type="cond" truecount="1" falsecount="1"/>
        <line num="168" count="0" type="stmt"/>
        <line num="169" count="0" type="stmt"/>
        <line num="171" count="538" type="stmt"/>
        <line num="172" count="538" type="stmt"/>
        <line num="174" count="538" type="stmt"/>
        <line num="187" count="10672" type="stmt"/>
        <line num="191" count="30" type="stmt"/>
        <line num="200" count="712" type="cond" truecount="1" falsecount="1"/>
        <line num="202" count="0" type="stmt"/>
        <line num="217" count="0" type="stmt"/>
        <line num="232" count="712" type="stmt"/>
        <line num="233" count="712" type="cond" truecount="1" falsecount="1"/>
        <line num="234" count="712" type="stmt"/>
        <line num="237" count="0" type="cond" truecount="1" falsecount="2"/>
        <line num="245" count="0" type="stmt"/>
      </file>
      <file name="ProductsList.js" path="C:\Users\Antonio\Documents\GitHub\se2021-07-SolidarityPurchasingGroup\client\src\Components\ProductsList.js">
        <metrics statements="69" coveredstatements="39" conditionals="39" coveredconditionals="14" methods="43" coveredmethods="21"/>
        <line num="10" count="740" type="stmt"/>
        <line num="11" count="728" type="stmt"/>
        <line num="12" count="728" type="stmt"/>
        <line num="13" count="728" type="stmt"/>
        <line num="14" count="2336" type="stmt"/>
        <line num="15" count="728" type="stmt"/>
        <line num="16" count="728" type="stmt"/>
        <line num="17" count="728" type="stmt"/>
        <line num="18" count="728" type="stmt"/>
        <line num="21" count="728" type="stmt"/>
        <line num="22" count="145" type="cond" truecount="4" falsecount="0"/>
        <line num="23" count="48" type="stmt"/>
        <line num="24" count="48" type="stmt"/>
        <line num="26" count="48" type="stmt"/>
        <line num="27" count="48" type="stmt"/>
        <line num="28" count="48" type="stmt"/>
        <line num="30" count="48" type="stmt"/>
        <line num="32" count="46" type="stmt"/>
        <line num="35" count="48" type="stmt"/>
        <line num="36" count="48" type="stmt"/>
        <line num="37" count="48" type="stmt"/>
        <line num="43" count="728" type="stmt"/>
        <line num="44" count="49" type="stmt"/>
        <line num="45" count="23" type="stmt"/>
        <line num="51" count="728" type="stmt"/>
        <line num="52" count="49" type="cond" truecount="1" falsecount="1"/>
        <line num="53" count="0" type="stmt"/>
        <line num="54" count="0" type="cond" truecount="0" falsecount="2"/>
        <line num="58" count="0" type="stmt"/>
        <line num="59" count="0" type="stmt"/>
        <line num="65" count="0" type="cond" truecount="0" falsecount="2"/>
        <line num="66" count="0" type="stmt"/>
        <line num="70" count="0" type="cond" truecount="0" falsecount="2"/>
        <line num="71" count="0" type="stmt"/>
        <line num="75" count="728" type="stmt"/>
        <line num="79" count="1752" type="stmt"/>
        <line num="83" count="19" type="stmt"/>
        <line num="93" count="10" type="stmt"/>
        <line num="105" count="0" type="stmt"/>
        <line num="137" count="256" type="stmt"/>
        <line num="144" count="0" type="cond" truecount="0" falsecount="2"/>
        <line num="160" count="2336" type="cond" truecount="4" falsecount="1"/>
        <line num="161" count="302" type="stmt"/>
        <line num="165" count="604" type="cond" truecount="2" falsecount="0"/>
        <line num="177" count="314" type="stmt"/>
        <line num="181" count="0" type="stmt"/>
        <line num="184" count="0" type="stmt"/>
        <line num="188" count="0" type="cond" truecount="0" falsecount="2"/>
        <line num="189" count="0" type="stmt"/>
        <line num="190" count="0" type="stmt"/>
        <line num="193" count="0" type="cond" truecount="0" falsecount="2"/>
        <line num="194" count="0" type="stmt"/>
        <line num="197" count="0" type="stmt"/>
        <line num="200" count="0" type="cond" truecount="0" falsecount="2"/>
        <line num="201" count="0" type="stmt"/>
        <line num="204" count="0" type="stmt"/>
        <line num="205" count="0" type="cond" truecount="0" falsecount="2"/>
        <line num="212" count="0" type="stmt"/>
        <line num="215" count="0" type="stmt"/>
        <line num="216" count="0" type="stmt"/>
        <line num="217" count="0" type="stmt"/>
        <line num="221" count="302" type="stmt"/>
        <line num="265" count="0" type="stmt"/>
        <line num="271" count="0" type="stmt"/>
        <line num="274" count="0" type="stmt"/>
        <line num="285" count="604" type="stmt"/>
        <line num="286" count="604" type="stmt"/>
        <line num="287" count="0" type="stmt"/>
        <line num="290" count="604" type="stmt"/>
      </file>
      <file name="Register.js" path="C:\Users\Antonio\Documents\GitHub\se2021-07-SolidarityPurchasingGroup\client\src\Components\Register.js">
        <metrics statements="29" coveredstatements="28" conditionals="4" coveredconditionals="3" methods="12" coveredmethods="11"/>
        <line num="8" count="3620" type="stmt"/>
        <line num="9" count="3604" type="stmt"/>
        <line num="10" count="3604" type="stmt"/>
        <line num="11" count="3604" type="stmt"/>
        <line num="12" count="3604" type="stmt"/>
        <line num="13" count="3604" type="stmt"/>
        <line num="15" count="3604" type="stmt"/>
        <line num="16" count="20" type="stmt"/>
        <line num="17" count="20" type="stmt"/>
        <line num="18" count="20" type="cond" truecount="1" falsecount="1"/>
        <line num="19" count="0" type="stmt"/>
        <line num="21" count="20" type="stmt"/>
        <line num="23" count="20" type="stmt"/>
        <line num="24" count="20" type="stmt"/>
        <line num="25" count="20" type="stmt"/>
        <line num="26" count="20" type="stmt"/>
        <line num="27" count="20" type="stmt"/>
        <line num="28" count="20" type="stmt"/>
        <line num="29" count="20" type="stmt"/>
        <line num="35" count="3604" type="stmt"/>
        <line num="36" count="83" type="stmt"/>
        <line num="37" count="47" type="stmt"/>
        <line num="41" count="3604" type="stmt"/>
        <line num="54" count="20" type="stmt"/>
        <line num="64" count="175" type="stmt"/>
        <line num="81" count="216" type="stmt"/>
        <line num="97" count="828" type="stmt"/>
        <line num="113" count="44" type="stmt"/>
        <line num="129" count="336" type="stmt"/>
      </file>
      <file name="RegisterUser.js" path="C:\Users\Antonio\Documents\GitHub\se2021-07-SolidarityPurchasingGroup\client\src\Components\RegisterUser.js">
        <metrics statements="84" coveredstatements="0" conditionals="52" coveredconditionals="0" methods="22" coveredmethods="0"/>
        <line num="8" count="0" type="stmt"/>
        <line num="10" count="0" type="stmt"/>
        <line num="11" count="0" type="stmt"/>
        <line num="12" count="0" type="cond" truecount="0" falsecount="4"/>
        <line num="13" count="0" type="stmt"/>
        <line num="15" count="0" type="cond" truecount="0" falsecount="6"/>
        <line num="16" count="0" type="stmt"/>
        <line num="19" count="0" type="cond" truecount="0" falsecount="4"/>
        <line num="20" count="0" type="stmt"/>
        <line num="22" count="0" type="stmt"/>
        <line num="27" count="0" type="stmt"/>
        <line num="44" count="0" type="stmt"/>
        <line num="45" count="0" type="stmt"/>
        <line num="46" count="0" type="stmt"/>
        <line num="47" count="0" type="cond" truecount="0" falsecount="2"/>
        <line num="48" count="0" type="stmt"/>
        <line num="51" count="0" type="stmt"/>
        <line num="53" count="0" type="cond" truecount="0" falsecount="2"/>
        <line num="54" count="0" type="stmt"/>
        <line num="55" count="0" type="stmt"/>
        <line num="56" count="0" type="stmt"/>
        <line num="57" count="0" type="stmt"/>
        <line num="58" count="0" type="cond" truecount="0" falsecount="5"/>
        <line num="59" count="0" type="stmt"/>
        <line num="60" count="0" type="stmt"/>
        <line num="61" count="0" type="stmt"/>
        <line num="64" count="0" type="stmt"/>
        <line num="65" count="0" type="cond" truecount="0" falsecount="2"/>
        <line num="66" count="0" type="stmt"/>
        <line num="67" count="0" type="stmt"/>
        <line num="68" count="0" type="stmt"/>
        <line num="72" count="0" type="cond" truecount="0" falsecount="4"/>
        <line num="73" count="0" type="stmt"/>
        <line num="74" count="0" type="stmt"/>
        <line num="75" count="0" type="stmt"/>
        <line num="76" count="0" type="stmt"/>
        <line num="77" count="0" type="stmt"/>
        <line num="81" count="0" type="cond" truecount="0" falsecount="4"/>
        <line num="82" count="0" type="stmt"/>
        <line num="83" count="0" type="stmt"/>
        <line num="84" count="0" type="stmt"/>
        <line num="88" count="0" type="cond" truecount="0" falsecount="4"/>
        <line num="89" count="0" type="stmt"/>
        <line num="90" count="0" type="stmt"/>
        <line num="91" count="0" type="stmt"/>
        <line num="98" count="0" type="stmt"/>
        <line num="99" count="0" type="stmt"/>
        <line num="103" count="0" type="stmt"/>
        <line num="104" count="0" type="stmt"/>
        <line num="105" count="0" type="stmt"/>
        <line num="110" count="0" type="stmt"/>
        <line num="111" count="0" type="stmt"/>
        <line num="112" count="0" type="stmt"/>
        <line num="117" count="0" type="stmt"/>
        <line num="118" count="0" type="stmt"/>
        <line num="122" count="0" type="stmt"/>
        <line num="123" count="0" type="stmt"/>
        <line num="124" count="0" type="cond" truecount="0" falsecount="3"/>
        <line num="126" count="0" type="stmt"/>
        <line num="132" count="0" type="stmt"/>
        <line num="139" count="0" type="stmt"/>
        <line num="156" count="0" type="stmt"/>
        <line num="157" count="0" type="stmt"/>
        <line num="158" count="0" type="stmt"/>
        <line num="161" count="0" type="stmt"/>
        <line num="162" count="0" type="stmt"/>
        <line num="163" count="0" type="stmt"/>
        <line num="168" count="0" type="stmt"/>
        <line num="197" count="0" type="stmt"/>
        <line num="198" count="0" type="stmt"/>
        <line num="199" count="0" type="stmt"/>
        <line num="202" count="0" type="stmt"/>
        <line num="203" count="0" type="stmt"/>
        <line num="204" count="0" type="stmt"/>
        <line num="209" count="0" type="stmt"/>
        <line num="313" count="0" type="stmt"/>
        <line num="314" count="0" type="stmt"/>
        <line num="315" count="0" type="stmt"/>
        <line num="318" count="0" type="stmt"/>
        <line num="319" count="0" type="stmt"/>
        <line num="320" count="0" type="stmt"/>
        <line num="324" count="0" type="stmt"/>
        <line num="326" count="0" type="stmt"/>
        <line num="365" count="0" type="stmt"/>
      </file>
      <file name="ShopEmployeeHome.js" path="C:\Users\Antonio\Documents\GitHub\se2021-07-SolidarityPurchasingGroup\client\src\Components\ShopEmployeeHome.js">
        <metrics statements="1" coveredstatements="1" conditionals="0" coveredconditionals="0" methods="1" coveredmethods="1"/>
        <line num="5" count="570" type="stmt"/>
      </file>
      <file name="Type.js" path="C:\Users\Antonio\Documents\GitHub\se2021-07-SolidarityPurchasingGroup\client\src\Components\Type.js">
        <metrics statements="1" coveredstatements="0" conditionals="0" coveredconditionals="0" methods="1" coveredmethods="0"/>
        <line num="6" count="0" type="stmt"/>
      </file>
      <file name="UpdatePassword.js" path="C:\Users\Antonio\Documents\GitHub\se2021-07-SolidarityPurchasingGroup\client\src\Components\UpdatePassword.js">
        <metrics statements="53" coveredstatements="0" conditionals="35" coveredconditionals="0" methods="13" coveredmethods="0"/>
        <line num="8" count="0" type="stmt"/>
        <line num="10" count="0" type="stmt"/>
        <line num="11" count="0" type="stmt"/>
        <line num="12" count="0" type="cond" truecount="0" falsecount="4"/>
        <line num="13" count="0" type="stmt"/>
        <line num="15" count="0" type="cond" truecount="0" falsecount="6"/>
        <line num="16" count="0" type="stmt"/>
        <line num="19" count="0" type="cond" truecount="0" falsecount="4"/>
        <line num="20" count="0" type="stmt"/>
        <line num="22" count="0" type="stmt"/>
        <line num="26" count="0" type="stmt"/>
        <line num="27" count="0" type="stmt"/>
        <line num="28" count="0" type="stmt"/>
        <line num="29" count="0" type="stmt"/>
        <line num="30" count="0" type="stmt"/>
        <line num="31" count="0" type="stmt"/>
        <line num="32" count="0" type="stmt"/>
        <line num="35" count="0" type="stmt"/>
        <line num="36" count="0" type="stmt"/>
        <line num="37" count="0" type="stmt"/>
        <line num="38" count="0" type="cond" truecount="0" falsecount="2"/>
        <line num="39" count="0" type="stmt"/>
        <line num="41" count="0" type="stmt"/>
        <line num="42" count="0" type="stmt"/>
        <line num="45" count="0" type="stmt"/>
        <line num="46" count="0" type="cond" truecount="0" falsecount="4"/>
        <line num="47" count="0" type="stmt"/>
        <line num="48" count="0" type="stmt"/>
        <line num="52" count="0" type="cond" truecount="0" falsecount="2"/>
        <line num="53" count="0" type="stmt"/>
        <line num="54" count="0" type="stmt"/>
        <line num="55" count="0" type="stmt"/>
        <line num="56" count="0" type="cond" truecount="0" falsecount="5"/>
        <line num="57" count="0" type="stmt"/>
        <line num="58" count="0" type="stmt"/>
        <line num="59" count="0" type="stmt"/>
        <line num="62" count="0" type="cond" truecount="0" falsecount="4"/>
        <line num="63" count="0" type="stmt"/>
        <line num="64" count="0" type="stmt"/>
        <line num="65" count="0" type="stmt"/>
        <line num="68" count="0" type="stmt"/>
        <line num="69" count="0" type="stmt"/>
        <line num="74" count="0" type="stmt"/>
        <line num="75" count="0" type="stmt"/>
        <line num="76" count="0" type="stmt"/>
        <line num="80" count="0" type="stmt"/>
        <line num="81" count="0" type="stmt"/>
        <line num="82" count="0" type="stmt"/>
        <line num="86" count="0" type="stmt"/>
        <line num="106" count="0" type="stmt"/>
        <line num="119" count="0" type="stmt"/>
        <line num="137" count="0" type="stmt"/>
        <line num="155" count="0" type="stmt"/>
      </file>
      <file name="Wallet.js" path="C:\Users\Antonio\Documents\GitHub\se2021-07-SolidarityPurchasingGroup\client\src\Components\Wallet.js">
        <metrics statements="39" coveredstatements="37" conditionals="19" coveredconditionals="15" methods="15" coveredmethods="14"/>
        <line num="10" count="775" type="stmt"/>
        <line num="11" count="762" type="stmt"/>
        <line num="12" count="762" type="stmt"/>
        <line num="13" count="762" type="stmt"/>
        <line num="14" count="762" type="stmt"/>
        <line num="15" count="762" type="stmt"/>
        <line num="17" count="762" type="stmt"/>
        <line num="18" count="161" type="cond" truecount="2" falsecount="0"/>
        <line num="19" count="65" type="stmt"/>
        <line num="21" count="63" type="stmt"/>
        <line num="22" count="63" type="stmt"/>
        <line num="25" count="161" type="cond" truecount="1" falsecount="1"/>
        <line num="26" count="161" type="stmt"/>
        <line num="27" count="3813" type="stmt"/>
        <line num="32" count="762" type="stmt"/>
        <line num="33" count="66" type="cond" truecount="2" falsecount="0"/>
        <line num="34" count="15" type="stmt"/>
        <line num="35" count="13" type="stmt"/>
        <line num="36" count="13" type="stmt"/>
        <line num="37" count="2" type="stmt"/>
        <line num="38" count="2" type="stmt"/>
        <line num="46" count="744" type="stmt"/>
        <line num="47" count="31" type="stmt"/>
        <line num="48" count="31" type="stmt"/>
        <line num="51" count="762" type="stmt"/>
        <line num="52" count="15" type="stmt"/>
        <line num="53" count="15" type="stmt"/>
        <line num="54" count="15" type="cond" truecount="1" falsecount="1"/>
        <line num="55" count="0" type="stmt"/>
        <line num="57" count="15" type="stmt"/>
        <line num="59" count="15" type="stmt"/>
        <line num="60" count="15" type="stmt"/>
        <line num="61" count="15" type="stmt"/>
        <line num="62" count="15" type="stmt"/>
        <line num="64" count="0" type="stmt"/>
        <line num="68" count="762" type="stmt"/>
        <line num="88" count="31" type="stmt"/>
        <line num="98" count="15" type="stmt"/>
        <line num="125" count="30" type="stmt"/>
      </file>
    </package>
  </project>
</coverage>
