{"total": {"lines":{"total":841,"covered":379,"skipped":0,"pct":45.06},"statements":{"total":871,"covered":389,"skipped":0,"pct":44.66},"functions":{"total":283,"covered":132,"skipped":0,"pct":46.64},"branches":{"total":371,"covered":142,"skipped":0,"pct":38.27},"branchesTrue":{"total":0,"covered":0,"skipped":0,"pct":100}}
,"C:\\Users\\Antonio\\Documents\\GitHub\\se2021-07-SolidarityPurchasingGroup\\client\\src\\App.js": {"lines":{"total":63,"covered":44,"skipped":0,"pct":69.84},"functions":{"total":25,"covered":16,"skipped":0,"pct":64},"statements":{"total":64,"covered":44,"skipped":0,"pct":68.75},"branches":{"total":20,"covered":2,"skipped":0,"pct":10}}
,"C:\\Users\\Antonio\\Documents\\GitHub\\se2021-07-SolidarityPurchasingGroup\\client\\src\\index.js": {"lines":{"total":2,"covered":2,"skipped":0,"pct":100},"functions":{"total":0,"covered":0,"skipped":0,"pct":100},"statements":{"total":2,"covered":2,"skipped":0,"pct":100},"branches":{"total":0,"covered":0,"skipped":0,"pct":100}}
,"C:\\Users\\Antonio\\Documents\\GitHub\\se2021-07-SolidarityPurchasingGroup\\client\\src\\reportWebVitals.js": {"lines":{"total":8,"covered":2,"skipped":0,"pct":25},"functions":{"total":2,"covered":1,"skipped":0,"pct":50},"statements":{"total":8,"covered":2,"skipped":0,"pct":25},"branches":{"total":4,"covered":2,"skipped":0,"pct":50}}
,"C:\\Users\\Antonio\\Documents\\GitHub\\se2021-07-SolidarityPurchasingGroup\\client\\src\\API\\API.js": {"lines":{"total":127,"covered":45,"skipped":0,"pct":35.43},"functions":{"total":49,"covered":18,"skipped":0,"pct":36.73},"statements":{"total":127,"covered":45,"skipped":0,"pct":35.43},"branches":{"total":36,"covered":9,"skipped":0,"pct":25}}
,"C:\\Users\\Antonio\\Documents\\GitHub\\se2021-07-SolidarityPurchasingGroup\\client\\src\\Components\\ClientHome.js": {"lines":{"total":1,"covered":1,"skipped":0,"pct":100},"functions":{"total":1,"covered":1,"skipped":0,"pct":100},"statements":{"total":1,"covered":1,"skipped":0,"pct":100},"branches":{"total":0,"covered":0,"skipped":0,"pct":100}}
,"C:\\Users\\Antonio\\Documents\\GitHub\\se2021-07-SolidarityPurchasingGroup\\client\\src\\Components\\Clock.js": {"lines":{"total":101,"covered":1,"skipped":0,"pct":0.99},"functions":{"total":12,"covered":0,"skipped":0,"pct":0},"statements":{"total":102,"covered":1,"skipped":0,"pct":0.98},"branches":{"total":10,"covered":0,"skipped":0,"pct":0}}
,"C:\\Users\\Antonio\\Documents\\GitHub\\se2021-07-SolidarityPurchasingGroup\\client\\src\\Components\\Handout.js": {"lines":{"total":25,"covered":20,"skipped":0,"pct":80},"functions":{"total":10,"covered":7,"skipped":0,"pct":70},"statements":{"total":25,"covered":20,"skipped":0,"pct":80},"branches":{"total":17,"covered":14,"skipped":0,"pct":82.35}}
,"C:\\Users\\Antonio\\Documents\\GitHub\\se2021-07-SolidarityPurchasingGroup\\client\\src\\Components\\Home.js": {"lines":{"total":1,"covered":1,"skipped":0,"pct":100},"functions":{"total":1,"covered":1,"skipped":0,"pct":100},"statements":{"total":1,"covered":1,"skipped":0,"pct":100},"branches":{"total":0,"covered":0,"skipped":0,"pct":100}}
,"C:\\Users\\Antonio\\Documents\\GitHub\\se2021-07-SolidarityPurchasingGroup\\client\\src\\Components\\HomeButton.js": {"lines":{"total":10,"covered":6,"skipped":0,"pct":60},"functions":{"total":3,"covered":3,"skipped":0,"pct":100},"statements":{"total":10,"covered":6,"skipped":0,"pct":60},"branches":{"total":6,"covered":1,"skipped":0,"pct":16.66}}
,"C:\\Users\\Antonio\\Documents\\GitHub\\se2021-07-SolidarityPurchasingGroup\\client\\src\\Components\\Icons.js": {"lines":{"total":19,"covered":19,"skipped":0,"pct":100},"functions":{"total":0,"covered":0,"skipped":0,"pct":100},"statements":{"total":19,"covered":19,"skipped":0,"pct":100},"branches":{"total":0,"covered":0,"skipped":0,"pct":100}}
,"C:\\Users\\Antonio\\Documents\\GitHub\\se2021-07-SolidarityPurchasingGroup\\client\\src\\Components\\LoginForm.js": {"lines":{"total":47,"covered":43,"skipped":0,"pct":91.48},"functions":{"total":9,"covered":8,"skipped":0,"pct":88.88},"statements":{"total":50,"covered":46,"skipped":0,"pct":92},"branches":{"total":32,"covered":28,"skipped":0,"pct":87.5}}
,"C:\\Users\\Antonio\\Documents\\GitHub\\se2021-07-SolidarityPurchasingGroup\\client\\src\\Components\\MyModal.js": {"lines":{"total":1,"covered":1,"skipped":0,"pct":100},"functions":{"total":1,"covered":1,"skipped":0,"pct":100},"statements":{"total":1,"covered":1,"skipped":0,"pct":100},"branches":{"total":0,"covered":0,"skipped":0,"pct":100}}
,"C:\\Users\\Antonio\\Documents\\GitHub\\se2021-07-SolidarityPurchasingGroup\\client\\src\\Components\\MyNav.js": {"lines":{"total":70,"covered":31,"skipped":0,"pct":44.28},"functions":{"total":30,"covered":8,"skipped":0,"pct":26.66},"statements":{"total":75,"covered":32,"skipped":0,"pct":42.66},"branches":{"total":39,"covered":18,"skipped":0,"pct":46.15}}
,"C:\\Users\\Antonio\\Documents\\GitHub\\se2021-07-SolidarityPurchasingGroup\\client\\src\\Components\\MyNotifications.js": {"lines":{"total":3,"covered":0,"skipped":0,"pct":0},"functions":{"total":2,"covered":0,"skipped":0,"pct":0},"statements":{"total":4,"covered":0,"skipped":0,"pct":0},"branches":{"total":0,"covered":0,"skipped":0,"pct":100}}
,"C:\\Users\\Antonio\\Documents\\GitHub\\se2021-07-SolidarityPurchasingGroup\\client\\src\\Components\\OrderToggle.js": {"lines":{"total":12,"covered":7,"skipped":0,"pct":58.33},"functions":{"total":5,"covered":4,"skipped":0,"pct":80},"statements":{"total":12,"covered":7,"skipped":0,"pct":58.33},"branches":{"total":14,"covered":9,"skipped":0,"pct":64.28}}
,"C:\\Users\\Antonio\\Documents\\GitHub\\se2021-07-SolidarityPurchasingGroup\\client\\src\\Components\\ProductRequest.js": {"lines":{"total":75,"covered":51,"skipped":0,"pct":68},"functions":{"total":26,"covered":17,"skipped":0,"pct":65.38},"statements":{"total":79,"covered":53,"skipped":0,"pct":67.08},"branches":{"total":44,"covered":27,"skipped":0,"pct":61.36}}
,"C:\\Users\\Antonio\\Documents\\GitHub\\se2021-07-SolidarityPurchasingGroup\\client\\src\\Components\\ProductsList.js": {"lines":{"total":69,"covered":39,"skipped":0,"pct":56.52},"functions":{"total":43,"covered":21,"skipped":0,"pct":48.83},"statements":{"total":81,"covered":42,"skipped":0,"pct":51.85},"branches":{"total":39,"covered":14,"skipped":0,"pct":35.89}}
,"C:\\Users\\Antonio\\Documents\\GitHub\\se2021-07-SolidarityPurchasingGroup\\client\\src\\Components\\Register.js": {"lines":{"total":29,"covered":28,"skipped":0,"pct":96.55},"functions":{"total":12,"covered":11,"skipped":0,"pct":91.66},"statements":{"total":29,"covered":28,"skipped":0,"pct":96.55},"branches":{"total":4,"covered":3,"skipped":0,"pct":75}}
,"C:\\Users\\Antonio\\Documents\\GitHub\\se2021-07-SolidarityPurchasingGroup\\client\\src\\Components\\RegisterUser.js": {"lines":{"total":84,"covered":0,"skipped":0,"pct":0},"functions":{"total":22,"covered":0,"skipped":0,"pct":0},"statements":{"total":85,"covered":0,"skipped":0,"pct":0},"branches":{"total":52,"covered":0,"skipped":0,"pct":0}}
,"C:\\Users\\Antonio\\Documents\\GitHub\\se2021-07-SolidarityPurchasingGroup\\client\\src\\Components\\ShopEmployeeHome.js": {"lines":{"total":1,"covered":1,"skipped":0,"pct":100},"functions":{"total":1,"covered":1,"skipped":0,"pct":100},"statements":{"total":1,"covered":1,"skipped":0,"pct":100},"branches":{"total":0,"covered":0,"skipped":0,"pct":100}}
,"C:\\Users\\Antonio\\Documents\\GitHub\\se2021-07-SolidarityPurchasingGroup\\client\\src\\Components\\Type.js": {"lines":{"total":1,"covered":0,"skipped":0,"pct":0},"functions":{"total":1,"covered":0,"skipped":0,"pct":0},"statements":{"total":1,"covered":0,"skipped":0,"pct":0},"branches":{"total":0,"covered":0,"skipped":0,"pct":100}}
,"C:\\Users\\Antonio\\Documents\\GitHub\\se2021-07-SolidarityPurchasingGroup\\client\\src\\Components\\UpdatePassword.js": {"lines":{"total":53,"covered":0,"skipped":0,"pct":0},"functions":{"total":13,"covered":0,"skipped":0,"pct":0},"statements":{"total":54,"covered":0,"skipped":0,"pct":0},"branches":{"total":35,"covered":0,"skipped":0,"pct":0}}
,"C:\\Users\\Antonio\\Documents\\GitHub\\se2021-07-SolidarityPurchasingGroup\\client\\src\\Components\\Wallet.js": {"lines":{"total":39,"covered":37,"skipped":0,"pct":94.87},"functions":{"total":15,"covered":14,"skipped":0,"pct":93.33},"statements":{"total":40,"covered":38,"skipped":0,"pct":95},"branches":{"total":19,"covered":15,"skipped":0,"pct":78.94}}
}
