{"C:\\Users\\Antonio\\Documents\\GitHub\\se2021-07-SolidarityPurchasingGroup\\client\\src\\App.js": {"path":"C:\\Users\\Antonio\\Documents\\GitHub\\se2021-07-SolidarityPurchasingGroup\\client\\src\\App.js","statementMap":{"0":{"start":{"line":23,"column":38},"end":{"line":23,"column":95}},"1":{"start":{"line":25,"column":26},"end":{"line":25,"column":46}},"2":{"start":{"line":26,"column":28},"end":{"line":26,"column":43}},"3":{"start":{"line":28,"column":32},"end":{"line":28,"column":44}},"4":{"start":{"line":30,"column":30},"end":{"line":30,"column":42}},"5":{"start":{"line":32,"column":34},"end":{"line":32,"column":46}},"6":{"start":{"line":33,"column":30},"end":{"line":33,"column":42}},"7":{"start":{"line":34,"column":58},"end":{"line":34,"column":73}},"8":{"start":{"line":35,"column":30},"end":{"line":35,"column":45}},"9":{"start":{"line":37,"column":34},"end":{"line":37,"column":46}},"10":{"start":{"line":38,"column":52},"end":{"line":38,"column":66}},"11":{"start":{"line":40,"column":32},"end":{"line":40,"column":44}},"12":{"start":{"line":41,"column":30},"end":{"line":41,"column":42}},"13":{"start":{"line":42,"column":42},"end":{"line":42,"column":56}},"14":{"start":{"line":43,"column":42},"end":{"line":43,"column":54}},"15":{"start":{"line":45,"column":40},"end":{"line":45,"column":50}},"16":{"start":{"line":47,"column":28},"end":{"line":47,"column":40}},"17":{"start":{"line":49,"column":42},"end":{"line":49,"column":52}},"18":{"start":{"line":51,"column":38},"end":{"line":51,"column":53}},"19":{"start":{"line":52,"column":40},"end":{"line":52,"column":54}},"20":{"start":{"line":53,"column":44},"end":{"line":53,"column":56}},"21":{"start":{"line":56,"column":2},"end":{"line":67,"column":9}},"22":{"start":{"line":57,"column":22},"end":{"line":65,"column":5}},"23":{"start":{"line":58,"column":6},"end":{"line":64,"column":7}},"24":{"start":{"line":59,"column":21},"end":{"line":59,"column":40}},"25":{"start":{"line":60,"column":8},"end":{"line":60,"column":31}},"26":{"start":{"line":61,"column":8},"end":{"line":61,"column":29}},"27":{"start":{"line":63,"column":8},"end":{"line":63,"column":33}},"28":{"start":{"line":66,"column":4},"end":{"line":66,"column":16}},"29":{"start":{"line":70,"column":2},"end":{"line":82,"column":23}},"30":{"start":{"line":72,"column":6},"end":{"line":79,"column":7}},"31":{"start":{"line":73,"column":8},"end":{"line":73,"column":60}},"32":{"start":{"line":73,"column":44},"end":{"line":73,"column":58}},"33":{"start":{"line":75,"column":8},"end":{"line":78,"column":32}},"34":{"start":{"line":76,"column":10},"end":{"line":76,"column":40}},"35":{"start":{"line":77,"column":10},"end":{"line":77,"column":26}},"36":{"start":{"line":78,"column":15},"end":{"line":78,"column":32}},"37":{"start":{"line":81,"column":4},"end":{"line":81,"column":16}},"38":{"start":{"line":84,"column":60},"end":{"line":88,"column":4}},"39":{"start":{"line":90,"column":2},"end":{"line":120,"column":21}},"40":{"start":{"line":92,"column":6},"end":{"line":117,"column":7}},"41":{"start":{"line":93,"column":8},"end":{"line":115,"column":30}},"42":{"start":{"line":103,"column":12},"end":{"line":114,"column":16}},"43":{"start":{"line":104,"column":14},"end":{"line":108,"column":16}},"44":{"start":{"line":107,"column":53},"end":{"line":107,"column":65}},"45":{"start":{"line":109,"column":17},"end":{"line":114,"column":16}},"46":{"start":{"line":110,"column":14},"end":{"line":114,"column":16}},"47":{"start":{"line":116,"column":8},"end":{"line":116,"column":24}},"48":{"start":{"line":119,"column":4},"end":{"line":119,"column":16}},"49":{"start":{"line":122,"column":2},"end":{"line":216,"column":4}},"50":{"start":{"line":141,"column":25},"end":{"line":141,"column":55}},"51":{"start":{"line":146,"column":10},"end":{"line":155,"column":12}},"52":{"start":{"line":158,"column":44},"end":{"line":158,"column":52}},"53":{"start":{"line":160,"column":56},"end":{"line":160,"column":76}},"54":{"start":{"line":162,"column":54},"end":{"line":162,"column":68}},"55":{"start":{"line":164,"column":50},"end":{"line":170,"column":24}},"56":{"start":{"line":174,"column":10},"end":{"line":188,"column":26}},"57":{"start":{"line":183,"column":28},"end":{"line":183,"column":42}},"58":{"start":{"line":192,"column":10},"end":{"line":200,"column":26}},"59":{"start":{"line":203,"column":58},"end":{"line":204,"column":10}},"60":{"start":{"line":206,"column":49},"end":{"line":206,"column":142}},"61":{"start":{"line":208,"column":48},"end":{"line":208,"column":56}},"62":{"start":{"line":210,"column":63},"end":{"line":210,"column":189}},"63":{"start":{"line":212,"column":64},"end":{"line":212,"column":82}}},"fnMap":{"0":{"name":"App","decl":{"start":{"line":21,"column":9},"end":{"line":21,"column":12}},"loc":{"start":{"line":21,"column":15},"end":{"line":217,"column":1}},"line":21},"1":{"name":"(anonymous_1)","decl":{"start":{"line":56,"column":12},"end":{"line":56,"column":13}},"loc":{"start":{"line":56,"column":18},"end":{"line":67,"column":3}},"line":56},"2":{"name":"(anonymous_2)","decl":{"start":{"line":57,"column":22},"end":{"line":57,"column":23}},"loc":{"start":{"line":57,"column":34},"end":{"line":65,"column":5}},"line":57},"3":{"name":"(anonymous_3)","decl":{"start":{"line":70,"column":12},"end":{"line":70,"column":13}},"loc":{"start":{"line":70,"column":18},"end":{"line":82,"column":3}},"line":70},"4":{"name":"fetchdata","decl":{"start":{"line":71,"column":19},"end":{"line":71,"column":28}},"loc":{"start":{"line":71,"column":31},"end":{"line":80,"column":5}},"line":71},"5":{"name":"(anonymous_5)","decl":{"start":{"line":73,"column":35},"end":{"line":73,"column":36}},"loc":{"start":{"line":73,"column":44},"end":{"line":73,"column":58}},"line":73},"6":{"name":"(anonymous_6)","decl":{"start":{"line":90,"column":12},"end":{"line":90,"column":13}},"loc":{"start":{"line":90,"column":18},"end":{"line":120,"column":3}},"line":90},"7":{"name":"fetchdata","decl":{"start":{"line":91,"column":19},"end":{"line":91,"column":28}},"loc":{"start":{"line":91,"column":31},"end":{"line":118,"column":5}},"line":91},"8":{"name":"(anonymous_8)","decl":{"start":{"line":100,"column":31},"end":{"line":100,"column":32}},"loc":{"start":{"line":100,"column":41},"end":{"line":115,"column":11}},"line":100},"9":{"name":"(anonymous_9)","decl":{"start":{"line":107,"column":48},"end":{"line":107,"column":49}},"loc":{"start":{"line":107,"column":53},"end":{"line":107,"column":65}},"line":107},"10":{"name":"(anonymous_10)","decl":{"start":{"line":115,"column":19},"end":{"line":115,"column":20}},"loc":{"start":{"line":115,"column":26},"end":{"line":115,"column":29}},"line":115},"11":{"name":"(anonymous_11)","decl":{"start":{"line":141,"column":19},"end":{"line":141,"column":20}},"loc":{"start":{"line":141,"column":25},"end":{"line":141,"column":55}},"line":141},"12":{"name":"(anonymous_12)","decl":{"start":{"line":145,"column":46},"end":{"line":145,"column":47}},"loc":{"start":{"line":146,"column":10},"end":{"line":155,"column":12}},"line":146},"13":{"name":"(anonymous_13)","decl":{"start":{"line":158,"column":38},"end":{"line":158,"column":39}},"loc":{"start":{"line":158,"column":44},"end":{"line":158,"column":52}},"line":158},"14":{"name":"(anonymous_14)","decl":{"start":{"line":160,"column":50},"end":{"line":160,"column":51}},"loc":{"start":{"line":160,"column":56},"end":{"line":160,"column":76}},"line":160},"15":{"name":"(anonymous_15)","decl":{"start":{"line":162,"column":48},"end":{"line":162,"column":49}},"loc":{"start":{"line":162,"column":54},"end":{"line":162,"column":68}},"line":162},"16":{"name":"(anonymous_16)","decl":{"start":{"line":164,"column":44},"end":{"line":164,"column":45}},"loc":{"start":{"line":164,"column":50},"end":{"line":170,"column":24}},"line":164},"17":{"name":"(anonymous_17)","decl":{"start":{"line":173,"column":52},"end":{"line":173,"column":53}},"loc":{"start":{"line":174,"column":10},"end":{"line":188,"column":26}},"line":174},"18":{"name":"(anonymous_18)","decl":{"start":{"line":183,"column":22},"end":{"line":183,"column":23}},"loc":{"start":{"line":183,"column":28},"end":{"line":183,"column":42}},"line":183},"19":{"name":"(anonymous_19)","decl":{"start":{"line":191,"column":45},"end":{"line":191,"column":46}},"loc":{"start":{"line":192,"column":10},"end":{"line":200,"column":26}},"line":192},"20":{"name":"(anonymous_20)","decl":{"start":{"line":203,"column":52},"end":{"line":203,"column":53}},"loc":{"start":{"line":203,"column":58},"end":{"line":204,"column":10}},"line":203},"21":{"name":"(anonymous_21)","decl":{"start":{"line":206,"column":43},"end":{"line":206,"column":44}},"loc":{"start":{"line":206,"column":49},"end":{"line":206,"column":142}},"line":206},"22":{"name":"(anonymous_22)","decl":{"start":{"line":208,"column":42},"end":{"line":208,"column":43}},"loc":{"start":{"line":208,"column":48},"end":{"line":208,"column":56}},"line":208},"23":{"name":"(anonymous_23)","decl":{"start":{"line":210,"column":48},"end":{"line":210,"column":49}},"loc":{"start":{"line":210,"column":63},"end":{"line":210,"column":189}},"line":210},"24":{"name":"(anonymous_24)","decl":{"start":{"line":212,"column":58},"end":{"line":212,"column":59}},"loc":{"start":{"line":212,"column":64},"end":{"line":212,"column":82}},"line":212}},"branchMap":{"0":{"loc":{"start":{"line":72,"column":6},"end":{"line":79,"column":7}},"type":"if","locations":[{"start":{"line":72,"column":6},"end":{"line":79,"column":7}},{"start":{"line":72,"column":6},"end":{"line":79,"column":7}}],"line":72},"1":{"loc":{"start":{"line":75,"column":8},"end":{"line":78,"column":32}},"type":"if","locations":[{"start":{"line":75,"column":8},"end":{"line":78,"column":32}},{"start":{"line":75,"column":8},"end":{"line":78,"column":32}}],"line":75},"2":{"loc":{"start":{"line":75,"column":12},"end":{"line":75,"column":68}},"type":"binary-expr","locations":[{"start":{"line":75,"column":12},"end":{"line":75,"column":36}},{"start":{"line":75,"column":40},"end":{"line":75,"column":68}}],"line":75},"3":{"loc":{"start":{"line":92,"column":6},"end":{"line":117,"column":7}},"type":"if","locations":[{"start":{"line":92,"column":6},"end":{"line":117,"column":7}},{"start":{"line":92,"column":6},"end":{"line":117,"column":7}}],"line":92},"4":{"loc":{"start":{"line":103,"column":12},"end":{"line":114,"column":16}},"type":"if","locations":[{"start":{"line":103,"column":12},"end":{"line":114,"column":16}},{"start":{"line":103,"column":12},"end":{"line":114,"column":16}}],"line":103},"5":{"loc":{"start":{"line":103,"column":16},"end":{"line":103,"column":68}},"type":"binary-expr","locations":[{"start":{"line":103,"column":16},"end":{"line":103,"column":43}},{"start":{"line":103,"column":47},"end":{"line":103,"column":68}}],"line":103},"6":{"loc":{"start":{"line":109,"column":17},"end":{"line":114,"column":16}},"type":"if","locations":[{"start":{"line":109,"column":17},"end":{"line":114,"column":16}},{"start":{"line":109,"column":17},"end":{"line":114,"column":16}}],"line":109},"7":{"loc":{"start":{"line":109,"column":21},"end":{"line":109,"column":73}},"type":"binary-expr","locations":[{"start":{"line":109,"column":21},"end":{"line":109,"column":48}},{"start":{"line":109,"column":52},"end":{"line":109,"column":73}}],"line":109},"8":{"loc":{"start":{"line":210,"column":81},"end":{"line":210,"column":160}},"type":"cond-expr","locations":[{"start":{"line":210,"column":116},"end":{"line":210,"column":117}},{"start":{"line":210,"column":120},"end":{"line":210,"column":160}}],"line":210},"9":{"loc":{"start":{"line":210,"column":120},"end":{"line":210,"column":160}},"type":"cond-expr","locations":[{"start":{"line":210,"column":155},"end":{"line":210,"column":156}},{"start":{"line":210,"column":159},"end":{"line":210,"column":160}}],"line":210}},"s":{"0":1459,"1":1414,"2":1414,"3":1414,"4":1414,"5":1414,"6":1414,"7":1414,"8":1414,"9":1414,"10":1414,"11":1414,"12":1414,"13":1414,"14":1414,"15":1414,"16":1414,"17":1414,"18":1414,"19":1414,"20":1414,"21":1414,"22":55,"23":55,"24":55,"25":0,"26":0,"27":52,"28":55,"29":1414,"30":135,"31":0,"32":0,"33":0,"34":0,"35":0,"36":0,"37":135,"38":1414,"39":1414,"40":55,"41":0,"42":0,"43":0,"44":0,"45":0,"46":0,"47":0,"48":55,"49":1414,"50":0,"51":191,"52":20,"53":285,"54":10,"55":161,"56":180,"57":0,"58":51,"59":83,"60":207,"61":0,"62":0,"63":0},"f":{"0":1459,"1":55,"2":55,"3":135,"4":135,"5":0,"6":55,"7":55,"8":0,"9":0,"10":0,"11":0,"12":191,"13":20,"14":285,"15":10,"16":161,"17":180,"18":0,"19":51,"20":83,"21":207,"22":0,"23":0,"24":0},"b":{"0":[0,135],"1":[0,0],"2":[0,0],"3":[0,55],"4":[0,0],"5":[0,0],"6":[0,0],"7":[0,0],"8":[0,0],"9":[0,0]},"_coverageSchema":"1a1c01bbd47fc00a2c39e90264f33305004495a9","hash":"934ed0b6ac9181805aad215ba58c65d0236d4728"}
,"C:\\Users\\Antonio\\Documents\\GitHub\\se2021-07-SolidarityPurchasingGroup\\client\\src\\index.js": {"path":"C:\\Users\\Antonio\\Documents\\GitHub\\se2021-07-SolidarityPurchasingGroup\\client\\src\\index.js","statementMap":{"0":{"start":{"line":7,"column":0},"end":{"line":12,"column":2}},"1":{"start":{"line":17,"column":0},"end":{"line":17,"column":18}}},"fnMap":{},"branchMap":{},"s":{"0":55,"1":55},"f":{},"b":{},"_coverageSchema":"1a1c01bbd47fc00a2c39e90264f33305004495a9","hash":"96e2244e61ed8be1f2fe267e4416ae528739da4f"}
,"C:\\Users\\Antonio\\Documents\\GitHub\\se2021-07-SolidarityPurchasingGroup\\client\\src\\reportWebVitals.js": {"path":"C:\\Users\\Antonio\\Documents\\GitHub\\se2021-07-SolidarityPurchasingGroup\\client\\src\\reportWebVitals.js","statementMap":{"0":{"start":{"line":1,"column":24},"end":{"line":11,"column":1}},"1":{"start":{"line":2,"column":2},"end":{"line":10,"column":3}},"2":{"start":{"line":3,"column":4},"end":{"line":9,"column":7}},"3":{"start":{"line":4,"column":6},"end":{"line":4,"column":26}},"4":{"start":{"line":5,"column":6},"end":{"line":5,"column":26}},"5":{"start":{"line":6,"column":6},"end":{"line":6,"column":26}},"6":{"start":{"line":7,"column":6},"end":{"line":7,"column":26}},"7":{"start":{"line":8,"column":6},"end":{"line":8,"column":27}}},"fnMap":{"0":{"name":"(anonymous_0)","decl":{"start":{"line":1,"column":24},"end":{"line":1,"column":25}},"loc":{"start":{"line":1,"column":39},"end":{"line":11,"column":1}},"line":1},"1":{"name":"(anonymous_1)","decl":{"start":{"line":3,"column":30},"end":{"line":3,"column":31}},"loc":{"start":{"line":3,"column":79},"end":{"line":9,"column":5}},"line":3}},"branchMap":{"0":{"loc":{"start":{"line":2,"column":2},"end":{"line":10,"column":3}},"type":"if","locations":[{"start":{"line":2,"column":2},"end":{"line":10,"column":3}},{"start":{"line":2,"column":2},"end":{"line":10,"column":3}}],"line":2},"1":{"loc":{"start":{"line":2,"column":6},"end":{"line":2,"column":52}},"type":"binary-expr","locations":[{"start":{"line":2,"column":6},"end":{"line":2,"column":17}},{"start":{"line":2,"column":21},"end":{"line":2,"column":52}}],"line":2}},"s":{"0":55,"1":55,"2":0,"3":0,"4":0,"5":0,"6":0,"7":0},"f":{"0":55,"1":0},"b":{"0":[0,55],"1":[55,0]},"_coverageSchema":"1a1c01bbd47fc00a2c39e90264f33305004495a9","hash":"9ab5793ee10d308e24d27188aa9599ecb500b472"}
,"C:\\Users\\Antonio\\Documents\\GitHub\\se2021-07-SolidarityPurchasingGroup\\client\\src\\API\\API.js": {"path":"C:\\Users\\Antonio\\Documents\\GitHub\\se2021-07-SolidarityPurchasingGroup\\client\\src\\API\\API.js","statementMap":{"0":{"start":{"line":20,"column":20},"end":{"line":56,"column":1}},"1":{"start":{"line":21,"column":2},"end":{"line":55,"column":5}},"2":{"start":{"line":22,"column":4},"end":{"line":54,"column":9}},"3":{"start":{"line":39,"column":8},"end":{"line":50,"column":9}},"4":{"start":{"line":40,"column":10},"end":{"line":40,"column":30}},"5":{"start":{"line":41,"column":13},"end":{"line":50,"column":9}},"6":{"start":{"line":43,"column":10},"end":{"line":43,"column":30}},"7":{"start":{"line":45,"column":13},"end":{"line":50,"column":9}},"8":{"start":{"line":46,"column":24},"end":{"line":46,"column":69}},"9":{"start":{"line":47,"column":10},"end":{"line":47,"column":31}},"10":{"start":{"line":49,"column":10},"end":{"line":49,"column":22}},"11":{"start":{"line":53,"column":8},"end":{"line":53,"column":41}},"12":{"start":{"line":59,"column":19},"end":{"line":78,"column":1}},"13":{"start":{"line":60,"column":2},"end":{"line":77,"column":5}},"14":{"start":{"line":61,"column":4},"end":{"line":76,"column":9}},"15":{"start":{"line":67,"column":6},"end":{"line":71,"column":7}},"16":{"start":{"line":68,"column":22},"end":{"line":68,"column":67}},"17":{"start":{"line":69,"column":8},"end":{"line":69,"column":29}},"18":{"start":{"line":70,"column":8},"end":{"line":70,"column":20}},"19":{"start":{"line":72,"column":6},"end":{"line":72,"column":26}},"20":{"start":{"line":75,"column":8},"end":{"line":75,"column":41}},"21":{"start":{"line":81,"column":22},"end":{"line":101,"column":1}},"22":{"start":{"line":82,"column":2},"end":{"line":82,"column":31}},"23":{"start":{"line":83,"column":2},"end":{"line":100,"column":5}},"24":{"start":{"line":84,"column":4},"end":{"line":99,"column":9}},"25":{"start":{"line":90,"column":6},"end":{"line":94,"column":7}},"26":{"start":{"line":91,"column":22},"end":{"line":91,"column":67}},"27":{"start":{"line":92,"column":8},"end":{"line":92,"column":29}},"28":{"start":{"line":93,"column":8},"end":{"line":93,"column":20}},"29":{"start":{"line":95,"column":6},"end":{"line":95,"column":26}},"30":{"start":{"line":98,"column":8},"end":{"line":98,"column":41}},"31":{"start":{"line":104,"column":18},"end":{"line":133,"column":1}},"32":{"start":{"line":105,"column":2},"end":{"line":132,"column":5}},"33":{"start":{"line":106,"column":4},"end":{"line":131,"column":9}},"34":{"start":{"line":122,"column":8},"end":{"line":126,"column":9}},"35":{"start":{"line":123,"column":24},"end":{"line":123,"column":69}},"36":{"start":{"line":124,"column":10},"end":{"line":124,"column":31}},"37":{"start":{"line":125,"column":10},"end":{"line":125,"column":22}},"38":{"start":{"line":127,"column":8},"end":{"line":127,"column":28}},"39":{"start":{"line":130,"column":8},"end":{"line":130,"column":41}},"40":{"start":{"line":136,"column":29},"end":{"line":156,"column":1}},"41":{"start":{"line":137,"column":2},"end":{"line":137,"column":26}},"42":{"start":{"line":138,"column":2},"end":{"line":155,"column":5}},"43":{"start":{"line":139,"column":4},"end":{"line":154,"column":9}},"44":{"start":{"line":145,"column":6},"end":{"line":149,"column":7}},"45":{"start":{"line":146,"column":22},"end":{"line":146,"column":67}},"46":{"start":{"line":147,"column":8},"end":{"line":147,"column":29}},"47":{"start":{"line":148,"column":8},"end":{"line":148,"column":20}},"48":{"start":{"line":150,"column":6},"end":{"line":150,"column":26}},"49":{"start":{"line":153,"column":8},"end":{"line":153,"column":41}},"50":{"start":{"line":158,"column":19},"end":{"line":177,"column":1}},"51":{"start":{"line":159,"column":2},"end":{"line":176,"column":5}},"52":{"start":{"line":160,"column":4},"end":{"line":175,"column":9}},"53":{"start":{"line":166,"column":6},"end":{"line":170,"column":7}},"54":{"start":{"line":167,"column":22},"end":{"line":167,"column":67}},"55":{"start":{"line":168,"column":8},"end":{"line":168,"column":29}},"56":{"start":{"line":169,"column":8},"end":{"line":169,"column":20}},"57":{"start":{"line":171,"column":6},"end":{"line":171,"column":26}},"58":{"start":{"line":174,"column":8},"end":{"line":174,"column":41}},"59":{"start":{"line":184,"column":19},"end":{"line":190,"column":4}},"60":{"start":{"line":191,"column":2},"end":{"line":193,"column":69}},"61":{"start":{"line":192,"column":6},"end":{"line":192,"column":29}},"62":{"start":{"line":193,"column":9},"end":{"line":193,"column":69}},"63":{"start":{"line":197,"column":24},"end":{"line":216,"column":1}},"64":{"start":{"line":198,"column":2},"end":{"line":215,"column":5}},"65":{"start":{"line":199,"column":4},"end":{"line":214,"column":9}},"66":{"start":{"line":205,"column":6},"end":{"line":209,"column":7}},"67":{"start":{"line":206,"column":22},"end":{"line":206,"column":67}},"68":{"start":{"line":207,"column":8},"end":{"line":207,"column":29}},"69":{"start":{"line":208,"column":8},"end":{"line":208,"column":20}},"70":{"start":{"line":210,"column":6},"end":{"line":210,"column":26}},"71":{"start":{"line":213,"column":8},"end":{"line":213,"column":41}},"72":{"start":{"line":220,"column":19},"end":{"line":226,"column":4}},"73":{"start":{"line":227,"column":2},"end":{"line":229,"column":68}},"74":{"start":{"line":228,"column":6},"end":{"line":228,"column":29}},"75":{"start":{"line":229,"column":9},"end":{"line":229,"column":68}},"76":{"start":{"line":233,"column":24},"end":{"line":258,"column":1}},"77":{"start":{"line":234,"column":2},"end":{"line":257,"column":5}},"78":{"start":{"line":235,"column":4},"end":{"line":256,"column":9}},"79":{"start":{"line":247,"column":8},"end":{"line":251,"column":9}},"80":{"start":{"line":248,"column":24},"end":{"line":248,"column":69}},"81":{"start":{"line":249,"column":10},"end":{"line":249,"column":31}},"82":{"start":{"line":250,"column":10},"end":{"line":250,"column":22}},"83":{"start":{"line":252,"column":8},"end":{"line":252,"column":28}},"84":{"start":{"line":255,"column":8},"end":{"line":255,"column":41}},"85":{"start":{"line":260,"column":18},"end":{"line":289,"column":1}},"86":{"start":{"line":261,"column":2},"end":{"line":288,"column":5}},"87":{"start":{"line":262,"column":4},"end":{"line":287,"column":9}},"88":{"start":{"line":278,"column":8},"end":{"line":282,"column":9}},"89":{"start":{"line":279,"column":24},"end":{"line":279,"column":69}},"90":{"start":{"line":280,"column":10},"end":{"line":280,"column":31}},"91":{"start":{"line":281,"column":10},"end":{"line":281,"column":22}},"92":{"start":{"line":283,"column":8},"end":{"line":283,"column":28}},"93":{"start":{"line":286,"column":8},"end":{"line":286,"column":41}},"94":{"start":{"line":291,"column":23},"end":{"line":315,"column":1}},"95":{"start":{"line":292,"column":2},"end":{"line":314,"column":5}},"96":{"start":{"line":293,"column":4},"end":{"line":313,"column":9}},"97":{"start":{"line":304,"column":8},"end":{"line":308,"column":9}},"98":{"start":{"line":305,"column":24},"end":{"line":305,"column":69}},"99":{"start":{"line":306,"column":10},"end":{"line":306,"column":31}},"100":{"start":{"line":307,"column":10},"end":{"line":307,"column":22}},"101":{"start":{"line":309,"column":8},"end":{"line":309,"column":28}},"102":{"start":{"line":312,"column":8},"end":{"line":312,"column":41}},"103":{"start":{"line":318,"column":21},"end":{"line":337,"column":1}},"104":{"start":{"line":319,"column":2},"end":{"line":336,"column":5}},"105":{"start":{"line":320,"column":4},"end":{"line":335,"column":9}},"106":{"start":{"line":326,"column":6},"end":{"line":330,"column":7}},"107":{"start":{"line":327,"column":22},"end":{"line":327,"column":67}},"108":{"start":{"line":328,"column":8},"end":{"line":328,"column":29}},"109":{"start":{"line":329,"column":8},"end":{"line":329,"column":20}},"110":{"start":{"line":331,"column":6},"end":{"line":331,"column":26}},"111":{"start":{"line":334,"column":8},"end":{"line":334,"column":41}},"112":{"start":{"line":341,"column":17},"end":{"line":347,"column":4}},"113":{"start":{"line":348,"column":2},"end":{"line":354,"column":3}},"114":{"start":{"line":349,"column":17},"end":{"line":349,"column":38}},"115":{"start":{"line":350,"column":4},"end":{"line":350,"column":16}},"116":{"start":{"line":352,"column":23},"end":{"line":352,"column":44}},"117":{"start":{"line":353,"column":4},"end":{"line":353,"column":21}},"118":{"start":{"line":358,"column":19},"end":{"line":360,"column":4}},"119":{"start":{"line":361,"column":2},"end":{"line":363,"column":42}},"120":{"start":{"line":362,"column":4},"end":{"line":362,"column":16}},"121":{"start":{"line":363,"column":9},"end":{"line":363,"column":42}},"122":{"start":{"line":367,"column":19},"end":{"line":367,"column":55}},"123":{"start":{"line":368,"column":19},"end":{"line":368,"column":40}},"124":{"start":{"line":369,"column":2},"end":{"line":373,"column":3}},"125":{"start":{"line":370,"column":4},"end":{"line":370,"column":20}},"126":{"start":{"line":372,"column":4},"end":{"line":372,"column":19}}},"fnMap":{"0":{"name":"(anonymous_0)","decl":{"start":{"line":20,"column":20},"end":{"line":20,"column":21}},"loc":{"start":{"line":20,"column":128},"end":{"line":56,"column":1}},"line":20},"1":{"name":"(anonymous_1)","decl":{"start":{"line":21,"column":21},"end":{"line":21,"column":22}},"loc":{"start":{"line":21,"column":42},"end":{"line":55,"column":3}},"line":21},"2":{"name":"(anonymous_2)","decl":{"start":{"line":38,"column":12},"end":{"line":38,"column":13}},"loc":{"start":{"line":38,"column":21},"end":{"line":51,"column":7}},"line":38},"3":{"name":"(anonymous_3)","decl":{"start":{"line":52,"column":13},"end":{"line":52,"column":14}},"loc":{"start":{"line":52,"column":22},"end":{"line":54,"column":7}},"line":52},"4":{"name":"(anonymous_4)","decl":{"start":{"line":59,"column":19},"end":{"line":59,"column":20}},"loc":{"start":{"line":59,"column":31},"end":{"line":78,"column":1}},"line":59},"5":{"name":"(anonymous_5)","decl":{"start":{"line":60,"column":21},"end":{"line":60,"column":22}},"loc":{"start":{"line":60,"column":42},"end":{"line":77,"column":3}},"line":60},"6":{"name":"(anonymous_6)","decl":{"start":{"line":66,"column":12},"end":{"line":66,"column":13}},"loc":{"start":{"line":66,"column":21},"end":{"line":73,"column":5}},"line":66},"7":{"name":"(anonymous_7)","decl":{"start":{"line":74,"column":13},"end":{"line":74,"column":14}},"loc":{"start":{"line":74,"column":22},"end":{"line":76,"column":7}},"line":74},"8":{"name":"(anonymous_8)","decl":{"start":{"line":81,"column":22},"end":{"line":81,"column":23}},"loc":{"start":{"line":81,"column":42},"end":{"line":101,"column":1}},"line":81},"9":{"name":"(anonymous_9)","decl":{"start":{"line":83,"column":21},"end":{"line":83,"column":22}},"loc":{"start":{"line":83,"column":42},"end":{"line":100,"column":3}},"line":83},"10":{"name":"(anonymous_10)","decl":{"start":{"line":89,"column":12},"end":{"line":89,"column":13}},"loc":{"start":{"line":89,"column":21},"end":{"line":96,"column":5}},"line":89},"11":{"name":"(anonymous_11)","decl":{"start":{"line":97,"column":13},"end":{"line":97,"column":14}},"loc":{"start":{"line":97,"column":22},"end":{"line":99,"column":7}},"line":97},"12":{"name":"(anonymous_12)","decl":{"start":{"line":104,"column":18},"end":{"line":104,"column":19}},"loc":{"start":{"line":104,"column":83},"end":{"line":133,"column":1}},"line":104},"13":{"name":"(anonymous_13)","decl":{"start":{"line":105,"column":21},"end":{"line":105,"column":22}},"loc":{"start":{"line":105,"column":42},"end":{"line":132,"column":3}},"line":105},"14":{"name":"(anonymous_14)","decl":{"start":{"line":121,"column":12},"end":{"line":121,"column":13}},"loc":{"start":{"line":121,"column":21},"end":{"line":128,"column":7}},"line":121},"15":{"name":"(anonymous_15)","decl":{"start":{"line":129,"column":13},"end":{"line":129,"column":14}},"loc":{"start":{"line":129,"column":22},"end":{"line":131,"column":7}},"line":129},"16":{"name":"(anonymous_16)","decl":{"start":{"line":136,"column":29},"end":{"line":136,"column":30}},"loc":{"start":{"line":136,"column":45},"end":{"line":156,"column":1}},"line":136},"17":{"name":"(anonymous_17)","decl":{"start":{"line":138,"column":21},"end":{"line":138,"column":22}},"loc":{"start":{"line":138,"column":42},"end":{"line":155,"column":3}},"line":138},"18":{"name":"(anonymous_18)","decl":{"start":{"line":144,"column":12},"end":{"line":144,"column":13}},"loc":{"start":{"line":144,"column":21},"end":{"line":151,"column":5}},"line":144},"19":{"name":"(anonymous_19)","decl":{"start":{"line":152,"column":13},"end":{"line":152,"column":14}},"loc":{"start":{"line":152,"column":22},"end":{"line":154,"column":7}},"line":152},"20":{"name":"(anonymous_20)","decl":{"start":{"line":158,"column":19},"end":{"line":158,"column":20}},"loc":{"start":{"line":158,"column":31},"end":{"line":177,"column":1}},"line":158},"21":{"name":"(anonymous_21)","decl":{"start":{"line":159,"column":21},"end":{"line":159,"column":22}},"loc":{"start":{"line":159,"column":42},"end":{"line":176,"column":3}},"line":159},"22":{"name":"(anonymous_22)","decl":{"start":{"line":165,"column":12},"end":{"line":165,"column":13}},"loc":{"start":{"line":165,"column":21},"end":{"line":172,"column":5}},"line":165},"23":{"name":"(anonymous_23)","decl":{"start":{"line":173,"column":13},"end":{"line":173,"column":14}},"loc":{"start":{"line":173,"column":22},"end":{"line":175,"column":7}},"line":173},"24":{"name":"handOutProduct","decl":{"start":{"line":183,"column":15},"end":{"line":183,"column":29}},"loc":{"start":{"line":183,"column":39},"end":{"line":194,"column":1}},"line":183},"25":{"name":"(anonymous_25)","decl":{"start":{"line":197,"column":24},"end":{"line":197,"column":25}},"loc":{"start":{"line":197,"column":44},"end":{"line":216,"column":1}},"line":197},"26":{"name":"(anonymous_26)","decl":{"start":{"line":198,"column":21},"end":{"line":198,"column":22}},"loc":{"start":{"line":198,"column":42},"end":{"line":215,"column":3}},"line":198},"27":{"name":"(anonymous_27)","decl":{"start":{"line":204,"column":12},"end":{"line":204,"column":13}},"loc":{"start":{"line":204,"column":21},"end":{"line":211,"column":5}},"line":204},"28":{"name":"(anonymous_28)","decl":{"start":{"line":212,"column":13},"end":{"line":212,"column":14}},"loc":{"start":{"line":212,"column":22},"end":{"line":214,"column":7}},"line":212},"29":{"name":"topUpWallet","decl":{"start":{"line":219,"column":15},"end":{"line":219,"column":26}},"loc":{"start":{"line":219,"column":46},"end":{"line":230,"column":1}},"line":219},"30":{"name":"(anonymous_30)","decl":{"start":{"line":233,"column":24},"end":{"line":233,"column":25}},"loc":{"start":{"line":233,"column":54},"end":{"line":258,"column":1}},"line":233},"31":{"name":"(anonymous_31)","decl":{"start":{"line":234,"column":21},"end":{"line":234,"column":22}},"loc":{"start":{"line":234,"column":42},"end":{"line":257,"column":3}},"line":234},"32":{"name":"(anonymous_32)","decl":{"start":{"line":246,"column":12},"end":{"line":246,"column":13}},"loc":{"start":{"line":246,"column":21},"end":{"line":253,"column":7}},"line":246},"33":{"name":"(anonymous_33)","decl":{"start":{"line":254,"column":13},"end":{"line":254,"column":14}},"loc":{"start":{"line":254,"column":22},"end":{"line":256,"column":7}},"line":254},"34":{"name":"(anonymous_34)","decl":{"start":{"line":260,"column":18},"end":{"line":260,"column":19}},"loc":{"start":{"line":260,"column":79},"end":{"line":289,"column":1}},"line":260},"35":{"name":"(anonymous_35)","decl":{"start":{"line":261,"column":21},"end":{"line":261,"column":22}},"loc":{"start":{"line":261,"column":42},"end":{"line":288,"column":3}},"line":261},"36":{"name":"(anonymous_36)","decl":{"start":{"line":277,"column":12},"end":{"line":277,"column":13}},"loc":{"start":{"line":277,"column":21},"end":{"line":284,"column":7}},"line":277},"37":{"name":"(anonymous_37)","decl":{"start":{"line":285,"column":13},"end":{"line":285,"column":14}},"loc":{"start":{"line":285,"column":22},"end":{"line":287,"column":7}},"line":285},"38":{"name":"(anonymous_38)","decl":{"start":{"line":291,"column":23},"end":{"line":291,"column":24}},"loc":{"start":{"line":291,"column":47},"end":{"line":315,"column":1}},"line":291},"39":{"name":"(anonymous_39)","decl":{"start":{"line":292,"column":21},"end":{"line":292,"column":22}},"loc":{"start":{"line":292,"column":42},"end":{"line":314,"column":3}},"line":292},"40":{"name":"(anonymous_40)","decl":{"start":{"line":303,"column":12},"end":{"line":303,"column":13}},"loc":{"start":{"line":303,"column":21},"end":{"line":310,"column":7}},"line":303},"41":{"name":"(anonymous_41)","decl":{"start":{"line":311,"column":13},"end":{"line":311,"column":14}},"loc":{"start":{"line":311,"column":22},"end":{"line":313,"column":7}},"line":311},"42":{"name":"(anonymous_42)","decl":{"start":{"line":318,"column":21},"end":{"line":318,"column":22}},"loc":{"start":{"line":318,"column":33},"end":{"line":337,"column":1}},"line":318},"43":{"name":"(anonymous_43)","decl":{"start":{"line":319,"column":21},"end":{"line":319,"column":22}},"loc":{"start":{"line":319,"column":42},"end":{"line":336,"column":3}},"line":319},"44":{"name":"(anonymous_44)","decl":{"start":{"line":325,"column":12},"end":{"line":325,"column":13}},"loc":{"start":{"line":325,"column":21},"end":{"line":332,"column":5}},"line":325},"45":{"name":"(anonymous_45)","decl":{"start":{"line":333,"column":13},"end":{"line":333,"column":14}},"loc":{"start":{"line":333,"column":22},"end":{"line":335,"column":7}},"line":333},"46":{"name":"login","decl":{"start":{"line":340,"column":15},"end":{"line":340,"column":20}},"loc":{"start":{"line":340,"column":34},"end":{"line":355,"column":1}},"line":340},"47":{"name":"logout","decl":{"start":{"line":357,"column":15},"end":{"line":357,"column":21}},"loc":{"start":{"line":357,"column":24},"end":{"line":364,"column":1}},"line":357},"48":{"name":"getUserInfo","decl":{"start":{"line":366,"column":15},"end":{"line":366,"column":26}},"loc":{"start":{"line":366,"column":29},"end":{"line":374,"column":1}},"line":366}},"branchMap":{"0":{"loc":{"start":{"line":39,"column":8},"end":{"line":50,"column":9}},"type":"if","locations":[{"start":{"line":39,"column":8},"end":{"line":50,"column":9}},{"start":{"line":39,"column":8},"end":{"line":50,"column":9}}],"line":39},"1":{"loc":{"start":{"line":41,"column":13},"end":{"line":50,"column":9}},"type":"if","locations":[{"start":{"line":41,"column":13},"end":{"line":50,"column":9}},{"start":{"line":41,"column":13},"end":{"line":50,"column":9}}],"line":41},"2":{"loc":{"start":{"line":45,"column":13},"end":{"line":50,"column":9}},"type":"if","locations":[{"start":{"line":45,"column":13},"end":{"line":50,"column":9}},{"start":{"line":45,"column":13},"end":{"line":50,"column":9}}],"line":45},"3":{"loc":{"start":{"line":67,"column":6},"end":{"line":71,"column":7}},"type":"if","locations":[{"start":{"line":67,"column":6},"end":{"line":71,"column":7}},{"start":{"line":67,"column":6},"end":{"line":71,"column":7}}],"line":67},"4":{"loc":{"start":{"line":90,"column":6},"end":{"line":94,"column":7}},"type":"if","locations":[{"start":{"line":90,"column":6},"end":{"line":94,"column":7}},{"start":{"line":90,"column":6},"end":{"line":94,"column":7}}],"line":90},"5":{"loc":{"start":{"line":122,"column":8},"end":{"line":126,"column":9}},"type":"if","locations":[{"start":{"line":122,"column":8},"end":{"line":126,"column":9}},{"start":{"line":122,"column":8},"end":{"line":126,"column":9}}],"line":122},"6":{"loc":{"start":{"line":145,"column":6},"end":{"line":149,"column":7}},"type":"if","locations":[{"start":{"line":145,"column":6},"end":{"line":149,"column":7}},{"start":{"line":145,"column":6},"end":{"line":149,"column":7}}],"line":145},"7":{"loc":{"start":{"line":166,"column":6},"end":{"line":170,"column":7}},"type":"if","locations":[{"start":{"line":166,"column":6},"end":{"line":170,"column":7}},{"start":{"line":166,"column":6},"end":{"line":170,"column":7}}],"line":166},"8":{"loc":{"start":{"line":191,"column":2},"end":{"line":193,"column":69}},"type":"if","locations":[{"start":{"line":191,"column":2},"end":{"line":193,"column":69}},{"start":{"line":191,"column":2},"end":{"line":193,"column":69}}],"line":191},"9":{"loc":{"start":{"line":205,"column":6},"end":{"line":209,"column":7}},"type":"if","locations":[{"start":{"line":205,"column":6},"end":{"line":209,"column":7}},{"start":{"line":205,"column":6},"end":{"line":209,"column":7}}],"line":205},"10":{"loc":{"start":{"line":227,"column":2},"end":{"line":229,"column":68}},"type":"if","locations":[{"start":{"line":227,"column":2},"end":{"line":229,"column":68}},{"start":{"line":227,"column":2},"end":{"line":229,"column":68}}],"line":227},"11":{"loc":{"start":{"line":247,"column":8},"end":{"line":251,"column":9}},"type":"if","locations":[{"start":{"line":247,"column":8},"end":{"line":251,"column":9}},{"start":{"line":247,"column":8},"end":{"line":251,"column":9}}],"line":247},"12":{"loc":{"start":{"line":278,"column":8},"end":{"line":282,"column":9}},"type":"if","locations":[{"start":{"line":278,"column":8},"end":{"line":282,"column":9}},{"start":{"line":278,"column":8},"end":{"line":282,"column":9}}],"line":278},"13":{"loc":{"start":{"line":304,"column":8},"end":{"line":308,"column":9}},"type":"if","locations":[{"start":{"line":304,"column":8},"end":{"line":308,"column":9}},{"start":{"line":304,"column":8},"end":{"line":308,"column":9}}],"line":304},"14":{"loc":{"start":{"line":326,"column":6},"end":{"line":330,"column":7}},"type":"if","locations":[{"start":{"line":326,"column":6},"end":{"line":330,"column":7}},{"start":{"line":326,"column":6},"end":{"line":330,"column":7}}],"line":326},"15":{"loc":{"start":{"line":348,"column":2},"end":{"line":354,"column":3}},"type":"if","locations":[{"start":{"line":348,"column":2},"end":{"line":354,"column":3}},{"start":{"line":348,"column":2},"end":{"line":354,"column":3}}],"line":348},"16":{"loc":{"start":{"line":361,"column":2},"end":{"line":363,"column":42}},"type":"if","locations":[{"start":{"line":361,"column":2},"end":{"line":363,"column":42}},{"start":{"line":361,"column":2},"end":{"line":363,"column":42}}],"line":361},"17":{"loc":{"start":{"line":369,"column":2},"end":{"line":373,"column":3}},"type":"if","locations":[{"start":{"line":369,"column":2},"end":{"line":373,"column":3}},{"start":{"line":369,"column":2},"end":{"line":373,"column":3}}],"line":369}},"s":{"0":55,"1":0,"2":0,"3":0,"4":0,"5":0,"6":0,"7":0,"8":0,"9":0,"10":0,"11":0,"12":55,"13":139,"14":139,"15":139,"16":0,"17":0,"18":0,"19":139,"20":0,"21":55,"22":0,"23":0,"24":0,"25":0,"26":0,"27":0,"28":0,"29":0,"30":0,"31":55,"32":20,"33":20,"34":20,"35":0,"36":0,"37":0,"38":20,"39":0,"40":55,"41":48,"42":48,"43":48,"44":48,"45":0,"46":0,"47":0,"48":48,"49":0,"50":55,"51":48,"52":48,"53":48,"54":0,"55":0,"56":0,"57":48,"58":0,"59":0,"60":0,"61":0,"62":0,"63":55,"64":5,"65":5,"66":5,"67":0,"68":0,"69":0,"70":5,"71":0,"72":15,"73":15,"74":15,"75":0,"76":55,"77":0,"78":0,"79":0,"80":0,"81":0,"82":0,"83":0,"84":0,"85":55,"86":0,"87":0,"88":0,"89":0,"90":0,"91":0,"92":0,"93":0,"94":55,"95":0,"96":0,"97":0,"98":0,"99":0,"100":0,"101":0,"102":0,"103":55,"104":0,"105":0,"106":0,"107":0,"108":0,"109":0,"110":0,"111":0,"112":79,"113":79,"114":40,"115":40,"116":39,"117":39,"118":0,"119":0,"120":0,"121":0,"122":55,"123":55,"124":52,"125":0,"126":52},"f":{"0":0,"1":0,"2":0,"3":0,"4":139,"5":139,"6":139,"7":0,"8":0,"9":0,"10":0,"11":0,"12":20,"13":20,"14":20,"15":0,"16":48,"17":48,"18":48,"19":0,"20":48,"21":48,"22":48,"23":0,"24":0,"25":5,"26":5,"27":5,"28":0,"29":15,"30":0,"31":0,"32":0,"33":0,"34":0,"35":0,"36":0,"37":0,"38":0,"39":0,"40":0,"41":0,"42":0,"43":0,"44":0,"45":0,"46":79,"47":0,"48":55},"b":{"0":[0,0],"1":[0,0],"2":[0,0],"3":[0,139],"4":[0,0],"5":[0,20],"6":[0,48],"7":[0,48],"8":[0,0],"9":[0,5],"10":[15,0],"11":[0,0],"12":[0,0],"13":[0,0],"14":[0,0],"15":[40,39],"16":[0,0],"17":[0,52]},"_coverageSchema":"1a1c01bbd47fc00a2c39e90264f33305004495a9","hash":"5ac43774ba8927fdaccbecd1ed2352dc88b22d65"}
,"C:\\Users\\Antonio\\Documents\\GitHub\\se2021-07-SolidarityPurchasingGroup\\client\\src\\Components\\ClientHome.js": {"path":"C:\\Users\\Antonio\\Documents\\GitHub\\se2021-07-SolidarityPurchasingGroup\\client\\src\\Components\\ClientHome.js","statementMap":{"0":{"start":{"line":5,"column":4},"end":{"line":20,"column":6}}},"fnMap":{"0":{"name":"ClientHome","decl":{"start":{"line":4,"column":24},"end":{"line":4,"column":34}},"loc":{"start":{"line":4,"column":37},"end":{"line":21,"column":1}},"line":4}},"branchMap":{},"s":{"0":20},"f":{"0":20},"b":{},"_coverageSchema":"1a1c01bbd47fc00a2c39e90264f33305004495a9","hash":"4ee497affb06d4e4e1ea00ee0d6fe55b82f0b499"}
,"C:\\Users\\Antonio\\Documents\\GitHub\\se2021-07-SolidarityPurchasingGroup\\client\\src\\Components\\Clock.js": {"path":"C:\\Users\\Antonio\\Documents\\GitHub\\se2021-07-SolidarityPurchasingGroup\\client\\src\\Components\\Clock.js","statementMap":{"0":{"start":{"line":5,"column":6},"end":{"line":5,"column":19}},"1":{"start":{"line":6,"column":6},"end":{"line":6,"column":34}},"2":{"start":{"line":7,"column":6},"end":{"line":7,"column":45}},"3":{"start":{"line":8,"column":6},"end":{"line":8,"column":40}},"4":{"start":{"line":9,"column":6},"end":{"line":9,"column":33}},"5":{"start":{"line":10,"column":6},"end":{"line":10,"column":80}},"6":{"start":{"line":11,"column":6},"end":{"line":11,"column":98}},"7":{"start":{"line":16,"column":6},"end":{"line":16,"column":31}},"8":{"start":{"line":17,"column":6},"end":{"line":17,"column":58}},"9":{"start":{"line":17,"column":39},"end":{"line":17,"column":50}},"10":{"start":{"line":21,"column":6},"end":{"line":21,"column":34}},"11":{"start":{"line":25,"column":6},"end":{"line":25,"column":67}},"12":{"start":{"line":26,"column":6},"end":{"line":26,"column":62}},"13":{"start":{"line":27,"column":6},"end":{"line":27,"column":25}},"14":{"start":{"line":31,"column":6},"end":{"line":31,"column":47}},"15":{"start":{"line":32,"column":21},"end":{"line":32,"column":32}},"16":{"start":{"line":33,"column":16},"end":{"line":33,"column":35}},"17":{"start":{"line":34,"column":6},"end":{"line":34,"column":33}},"18":{"start":{"line":35,"column":6},"end":{"line":35,"column":36}},"19":{"start":{"line":36,"column":6},"end":{"line":36,"column":34}},"20":{"start":{"line":37,"column":6},"end":{"line":37,"column":33}},"21":{"start":{"line":41,"column":6},"end":{"line":41,"column":22}},"22":{"start":{"line":42,"column":6},"end":{"line":42,"column":44}},"23":{"start":{"line":43,"column":6},"end":{"line":43,"column":30}},"24":{"start":{"line":44,"column":6},"end":{"line":44,"column":17}},"25":{"start":{"line":46,"column":19},"end":{"line":46,"column":85}},"26":{"start":{"line":47,"column":6},"end":{"line":47,"column":35}},"27":{"start":{"line":48,"column":6},"end":{"line":48,"column":38}},"28":{"start":{"line":49,"column":6},"end":{"line":49,"column":35}},"29":{"start":{"line":50,"column":6},"end":{"line":50,"column":29}},"30":{"start":{"line":51,"column":6},"end":{"line":51,"column":35}},"31":{"start":{"line":52,"column":6},"end":{"line":52,"column":19}},"32":{"start":{"line":54,"column":6},"end":{"line":54,"column":22}},"33":{"start":{"line":55,"column":6},"end":{"line":55,"column":51}},"34":{"start":{"line":56,"column":6},"end":{"line":56,"column":29}},"35":{"start":{"line":57,"column":6},"end":{"line":57,"column":17}},"36":{"start":{"line":61,"column":21},"end":{"line":61,"column":95}},"37":{"start":{"line":62,"column":22},"end":{"line":62,"column":48}},"38":{"start":{"line":63,"column":24},"end":{"line":63,"column":51}},"39":{"start":{"line":66,"column":6},"end":{"line":66,"column":34}},"40":{"start":{"line":67,"column":6},"end":{"line":67,"column":31}},"41":{"start":{"line":68,"column":6},"end":{"line":92,"column":7}},"42":{"start":{"line":69,"column":9},"end":{"line":69,"column":33}},"43":{"start":{"line":70,"column":9},"end":{"line":70,"column":25}},"44":{"start":{"line":71,"column":9},"end":{"line":71,"column":42}},"45":{"start":{"line":72,"column":9},"end":{"line":72,"column":26}},"46":{"start":{"line":73,"column":9},"end":{"line":73,"column":28}},"47":{"start":{"line":74,"column":9},"end":{"line":74,"column":33}},"48":{"start":{"line":75,"column":9},"end":{"line":75,"column":79}},"49":{"start":{"line":76,"column":9},"end":{"line":76,"column":25}},"50":{"start":{"line":77,"column":9},"end":{"line":77,"column":41}},"51":{"start":{"line":78,"column":9},"end":{"line":78,"column":26}},"52":{"start":{"line":81,"column":9},"end":{"line":91,"column":10}},"53":{"start":{"line":82,"column":12},"end":{"line":82,"column":28}},"54":{"start":{"line":83,"column":12},"end":{"line":83,"column":45}},"55":{"start":{"line":84,"column":12},"end":{"line":84,"column":29}},"56":{"start":{"line":85,"column":12},"end":{"line":85,"column":33}},"57":{"start":{"line":86,"column":12},"end":{"line":86,"column":34}},"58":{"start":{"line":87,"column":12},"end":{"line":87,"column":54}},"59":{"start":{"line":88,"column":12},"end":{"line":88,"column":28}},"60":{"start":{"line":89,"column":12},"end":{"line":89,"column":44}},"61":{"start":{"line":90,"column":12},"end":{"line":90,"column":29}},"62":{"start":{"line":95,"column":6},"end":{"line":95,"column":27}},"63":{"start":{"line":96,"column":6},"end":{"line":96,"column":32}},"64":{"start":{"line":97,"column":6},"end":{"line":97,"column":38}},"65":{"start":{"line":98,"column":6},"end":{"line":98,"column":44}},"66":{"start":{"line":99,"column":6},"end":{"line":99,"column":39}},"67":{"start":{"line":105,"column":6},"end":{"line":120,"column":7}},"68":{"start":{"line":107,"column":9},"end":{"line":107,"column":45}},"69":{"start":{"line":108,"column":9},"end":{"line":108,"column":44}},"70":{"start":{"line":109,"column":9},"end":{"line":109,"column":45}},"71":{"start":{"line":111,"column":9},"end":{"line":111,"column":25}},"72":{"start":{"line":112,"column":9},"end":{"line":112,"column":40}},"73":{"start":{"line":113,"column":9},"end":{"line":113,"column":34}},"74":{"start":{"line":114,"column":9},"end":{"line":118,"column":10}},"75":{"start":{"line":115,"column":12},"end":{"line":115,"column":51}},"76":{"start":{"line":117,"column":12},"end":{"line":117,"column":51}},"77":{"start":{"line":119,"column":9},"end":{"line":119,"column":22}},"78":{"start":{"line":124,"column":18},"end":{"line":124,"column":33}},"79":{"start":{"line":125,"column":17},"end":{"line":125,"column":31}},"80":{"start":{"line":126,"column":19},"end":{"line":126,"column":35}},"81":{"start":{"line":127,"column":19},"end":{"line":127,"column":35}},"82":{"start":{"line":130,"column":6},"end":{"line":130,"column":17}},"83":{"start":{"line":131,"column":6},"end":{"line":131,"column":100}},"84":{"start":{"line":132,"column":6},"end":{"line":132,"column":60}},"85":{"start":{"line":134,"column":6},"end":{"line":134,"column":72}},"86":{"start":{"line":135,"column":6},"end":{"line":135,"column":62}},"87":{"start":{"line":137,"column":6},"end":{"line":137,"column":39}},"88":{"start":{"line":138,"column":6},"end":{"line":138,"column":69}},"89":{"start":{"line":142,"column":6},"end":{"line":142,"column":31}},"90":{"start":{"line":143,"column":6},"end":{"line":143,"column":22}},"91":{"start":{"line":144,"column":6},"end":{"line":144,"column":28}},"92":{"start":{"line":145,"column":6},"end":{"line":145,"column":28}},"93":{"start":{"line":146,"column":6},"end":{"line":146,"column":28}},"94":{"start":{"line":147,"column":6},"end":{"line":147,"column":30}},"95":{"start":{"line":148,"column":6},"end":{"line":148,"column":23}},"96":{"start":{"line":149,"column":6},"end":{"line":149,"column":27}},"97":{"start":{"line":150,"column":6},"end":{"line":150,"column":29}},"98":{"start":{"line":151,"column":6},"end":{"line":151,"column":19}},"99":{"start":{"line":152,"column":6},"end":{"line":152,"column":28}},"100":{"start":{"line":156,"column":6},"end":{"line":162,"column":8}},"101":{"start":{"line":166,"column":0},"end":{"line":170,"column":2}}},"fnMap":{"0":{"name":"(anonymous_0)","decl":{"start":{"line":4,"column":3},"end":{"line":4,"column":4}},"loc":{"start":{"line":4,"column":22},"end":{"line":13,"column":4}},"line":4},"1":{"name":"(anonymous_1)","decl":{"start":{"line":15,"column":3},"end":{"line":15,"column":4}},"loc":{"start":{"line":15,"column":23},"end":{"line":18,"column":4}},"line":15},"2":{"name":"(anonymous_2)","decl":{"start":{"line":17,"column":33},"end":{"line":17,"column":34}},"loc":{"start":{"line":17,"column":39},"end":{"line":17,"column":50}},"line":17},"3":{"name":"(anonymous_3)","decl":{"start":{"line":20,"column":3},"end":{"line":20,"column":4}},"loc":{"start":{"line":20,"column":26},"end":{"line":22,"column":4}},"line":20},"4":{"name":"(anonymous_4)","decl":{"start":{"line":24,"column":3},"end":{"line":24,"column":4}},"loc":{"start":{"line":24,"column":23},"end":{"line":28,"column":4}},"line":24},"5":{"name":"(anonymous_5)","decl":{"start":{"line":30,"column":3},"end":{"line":30,"column":4}},"loc":{"start":{"line":30,"column":10},"end":{"line":38,"column":4}},"line":30},"6":{"name":"(anonymous_6)","decl":{"start":{"line":40,"column":3},"end":{"line":40,"column":4}},"loc":{"start":{"line":40,"column":25},"end":{"line":58,"column":4}},"line":40},"7":{"name":"(anonymous_7)","decl":{"start":{"line":60,"column":3},"end":{"line":60,"column":4}},"loc":{"start":{"line":60,"column":28},"end":{"line":100,"column":4}},"line":60},"8":{"name":"(anonymous_8)","decl":{"start":{"line":102,"column":3},"end":{"line":102,"column":4}},"loc":{"start":{"line":102,"column":26},"end":{"line":121,"column":4}},"line":102},"9":{"name":"(anonymous_9)","decl":{"start":{"line":123,"column":3},"end":{"line":123,"column":4}},"loc":{"start":{"line":123,"column":25},"end":{"line":139,"column":4}},"line":123},"10":{"name":"(anonymous_10)","decl":{"start":{"line":141,"column":3},"end":{"line":141,"column":4}},"loc":{"start":{"line":141,"column":49},"end":{"line":153,"column":4}},"line":141},"11":{"name":"(anonymous_11)","decl":{"start":{"line":155,"column":3},"end":{"line":155,"column":4}},"loc":{"start":{"line":155,"column":12},"end":{"line":163,"column":4}},"line":155}},"branchMap":{"0":{"loc":{"start":{"line":11,"column":23},"end":{"line":11,"column":97}},"type":"binary-expr","locations":[{"start":{"line":11,"column":23},"end":{"line":11,"column":39}},{"start":{"line":11,"column":43},"end":{"line":11,"column":97}}],"line":11},"1":{"loc":{"start":{"line":75,"column":22},"end":{"line":75,"column":71}},"type":"cond-expr","locations":[{"start":{"line":75,"column":39},"end":{"line":75,"column":54}},{"start":{"line":75,"column":57},"end":{"line":75,"column":71}}],"line":75},"2":{"loc":{"start":{"line":81,"column":9},"end":{"line":91,"column":10}},"type":"if","locations":[{"start":{"line":81,"column":9},"end":{"line":91,"column":10}},{"start":{"line":81,"column":9},"end":{"line":91,"column":10}}],"line":81},"3":{"loc":{"start":{"line":114,"column":9},"end":{"line":118,"column":10}},"type":"if","locations":[{"start":{"line":114,"column":9},"end":{"line":118,"column":10}},{"start":{"line":114,"column":9},"end":{"line":118,"column":10}}],"line":114},"4":{"loc":{"start":{"line":142,"column":14},"end":{"line":142,"column":30}},"type":"binary-expr","locations":[{"start":{"line":142,"column":14},"end":{"line":142,"column":19}},{"start":{"line":142,"column":23},"end":{"line":142,"column":30}}],"line":142}},"s":{"0":0,"1":0,"2":0,"3":0,"4":0,"5":0,"6":0,"7":0,"8":0,"9":0,"10":0,"11":0,"12":0,"13":0,"14":0,"15":0,"16":0,"17":0,"18":0,"19":0,"20":0,"21":0,"22":0,"23":0,"24":0,"25":0,"26":0,"27":0,"28":0,"29":0,"30":0,"31":0,"32":0,"33":0,"34":0,"35":0,"36":0,"37":0,"38":0,"39":0,"40":0,"41":0,"42":0,"43":0,"44":0,"45":0,"46":0,"47":0,"48":0,"49":0,"50":0,"51":0,"52":0,"53":0,"54":0,"55":0,"56":0,"57":0,"58":0,"59":0,"60":0,"61":0,"62":0,"63":0,"64":0,"65":0,"66":0,"67":0,"68":0,"69":0,"70":0,"71":0,"72":0,"73":0,"74":0,"75":0,"76":0,"77":0,"78":0,"79":0,"80":0,"81":0,"82":0,"83":0,"84":0,"85":0,"86":0,"87":0,"88":0,"89":0,"90":0,"91":0,"92":0,"93":0,"94":0,"95":0,"96":0,"97":0,"98":0,"99":0,"100":0,"101":55},"f":{"0":0,"1":0,"2":0,"3":0,"4":0,"5":0,"6":0,"7":0,"8":0,"9":0,"10":0,"11":0},"b":{"0":[0,0],"1":[0,0],"2":[0,0],"3":[0,0],"4":[0,0]},"_coverageSchema":"1a1c01bbd47fc00a2c39e90264f33305004495a9","hash":"8e76b2d7962e1e04bad4cd1617555f6a933e6b4b"}
,"C:\\Users\\Antonio\\Documents\\GitHub\\se2021-07-SolidarityPurchasingGroup\\client\\src\\Components\\Handout.js": {"path":"C:\\Users\\Antonio\\Documents\\GitHub\\se2021-07-SolidarityPurchasingGroup\\client\\src\\Components\\Handout.js","statementMap":{"0":{"start":{"line":11,"column":48},"end":{"line":11,"column":60}},"1":{"start":{"line":12,"column":34},"end":{"line":12,"column":46}},"2":{"start":{"line":13,"column":30},"end":{"line":13,"column":42}},"3":{"start":{"line":17,"column":4},"end":{"line":35,"column":16}},"4":{"start":{"line":18,"column":8},"end":{"line":18,"column":21}},"5":{"start":{"line":19,"column":8},"end":{"line":28,"column":9}},"6":{"start":{"line":20,"column":12},"end":{"line":27,"column":18}},"7":{"start":{"line":22,"column":20},"end":{"line":22,"column":41}},"8":{"start":{"line":23,"column":20},"end":{"line":23,"column":48}},"9":{"start":{"line":26,"column":20},"end":{"line":26,"column":42}},"10":{"start":{"line":29,"column":8},"end":{"line":33,"column":9}},"11":{"start":{"line":30,"column":12},"end":{"line":32,"column":15}},"12":{"start":{"line":31,"column":16},"end":{"line":31,"column":95}},"13":{"start":{"line":39,"column":8},"end":{"line":39,"column":39}},"14":{"start":{"line":40,"column":8},"end":{"line":46,"column":14}},"15":{"start":{"line":42,"column":16},"end":{"line":42,"column":36}},"16":{"start":{"line":45,"column":16},"end":{"line":45,"column":38}},"17":{"start":{"line":51,"column":4},"end":{"line":57,"column":5}},"18":{"start":{"line":52,"column":8},"end":{"line":52,"column":138}},"19":{"start":{"line":53,"column":8},"end":{"line":53,"column":133}},"20":{"start":{"line":55,"column":8},"end":{"line":55,"column":158}},"21":{"start":{"line":56,"column":8},"end":{"line":56,"column":153}},"22":{"start":{"line":58,"column":4},"end":{"line":110,"column":5}},"23":{"start":{"line":72,"column":91},"end":{"line":72,"column":110}},"24":{"start":{"line":86,"column":60},"end":{"line":88,"column":61}}},"fnMap":{"0":{"name":"Handout","decl":{"start":{"line":10,"column":24},"end":{"line":10,"column":31}},"loc":{"start":{"line":10,"column":39},"end":{"line":111,"column":1}},"line":10},"1":{"name":"(anonymous_1)","decl":{"start":{"line":17,"column":14},"end":{"line":17,"column":15}},"loc":{"start":{"line":17,"column":20},"end":{"line":35,"column":5}},"line":17},"2":{"name":"(anonymous_2)","decl":{"start":{"line":21,"column":22},"end":{"line":21,"column":23}},"loc":{"start":{"line":21,"column":31},"end":{"line":24,"column":17}},"line":21},"3":{"name":"(anonymous_3)","decl":{"start":{"line":25,"column":23},"end":{"line":25,"column":24}},"loc":{"start":{"line":25,"column":32},"end":{"line":27,"column":17}},"line":25},"4":{"name":"(anonymous_4)","decl":{"start":{"line":30,"column":41},"end":{"line":30,"column":42}},"loc":{"start":{"line":30,"column":48},"end":{"line":32,"column":13}},"line":30},"5":{"name":"handlechange","decl":{"start":{"line":38,"column":13},"end":{"line":38,"column":25}},"loc":{"start":{"line":38,"column":33},"end":{"line":47,"column":5}},"line":38},"6":{"name":"(anonymous_6)","decl":{"start":{"line":41,"column":18},"end":{"line":41,"column":19}},"loc":{"start":{"line":41,"column":27},"end":{"line":43,"column":13}},"line":41},"7":{"name":"(anonymous_7)","decl":{"start":{"line":44,"column":19},"end":{"line":44,"column":20}},"loc":{"start":{"line":44,"column":28},"end":{"line":46,"column":13}},"line":44},"8":{"name":"(anonymous_8)","decl":{"start":{"line":72,"column":80},"end":{"line":72,"column":81}},"loc":{"start":{"line":72,"column":91},"end":{"line":72,"column":110}},"line":72},"9":{"name":"(anonymous_9)","decl":{"start":{"line":85,"column":74},"end":{"line":85,"column":75}},"loc":{"start":{"line":85,"column":84},"end":{"line":89,"column":57}},"line":85}},"branchMap":{"0":{"loc":{"start":{"line":19,"column":8},"end":{"line":28,"column":9}},"type":"if","locations":[{"start":{"line":19,"column":8},"end":{"line":28,"column":9}},{"start":{"line":19,"column":8},"end":{"line":28,"column":9}}],"line":19},"1":{"loc":{"start":{"line":29,"column":8},"end":{"line":33,"column":9}},"type":"if","locations":[{"start":{"line":29,"column":8},"end":{"line":33,"column":9}},{"start":{"line":29,"column":8},"end":{"line":33,"column":9}}],"line":29},"2":{"loc":{"start":{"line":51,"column":4},"end":{"line":57,"column":5}},"type":"if","locations":[{"start":{"line":51,"column":4},"end":{"line":57,"column":5}},{"start":{"line":51,"column":4},"end":{"line":57,"column":5}}],"line":51},"3":{"loc":{"start":{"line":61,"column":16},"end":{"line":107,"column":23}},"type":"cond-expr","locations":[{"start":{"line":62,"column":20},"end":{"line":100,"column":33}},{"start":{"line":102,"column":20},"end":{"line":107,"column":23}}],"line":61},"4":{"loc":{"start":{"line":61,"column":17},"end":{"line":61,"column":92}},"type":"binary-expr","locations":[{"start":{"line":61,"column":17},"end":{"line":61,"column":54}},{"start":{"line":61,"column":58},"end":{"line":61,"column":92}}],"line":61},"5":{"loc":{"start":{"line":76,"column":33},"end":{"line":94,"column":39}},"type":"binary-expr","locations":[{"start":{"line":76,"column":33},"end":{"line":76,"column":47}},{"start":{"line":76,"column":51},"end":{"line":76,"column":57}},{"start":{"line":77,"column":36},"end":{"line":94,"column":39}}],"line":76},"6":{"loc":{"start":{"line":81,"column":49},"end":{"line":90,"column":64}},"type":"cond-expr","locations":[{"start":{"line":82,"column":52},"end":{"line":82,"column":100}},{"start":{"line":84,"column":52},"end":{"line":90,"column":64}}],"line":81},"7":{"loc":{"start":{"line":96,"column":33},"end":{"line":96,"column":103}},"type":"binary-expr","locations":[{"start":{"line":96,"column":33},"end":{"line":96,"column":38}},{"start":{"line":96,"column":42},"end":{"line":96,"column":103}}],"line":96}},"s":{"0":214,"1":214,"2":214,"3":214,"4":51,"5":51,"6":0,"7":0,"8":0,"9":0,"10":51,"11":51,"12":1190,"13":5,"14":5,"15":5,"16":0,"17":214,"18":78,"19":78,"20":136,"21":136,"22":214,"23":5,"24":72},"f":{"0":214,"1":51,"2":0,"3":0,"4":1190,"5":5,"6":5,"7":0,"8":5,"9":72},"b":{"0":[0,51],"1":[51,0],"2":[78,136],"3":[50,164],"4":[214,186],"5":[50,30,30],"6":[22,8],"7":[50,0]},"_coverageSchema":"1a1c01bbd47fc00a2c39e90264f33305004495a9","hash":"08a31f2b5ab5f900317a989ca1a44fe111f5c6b2"}
,"C:\\Users\\Antonio\\Documents\\GitHub\\se2021-07-SolidarityPurchasingGroup\\client\\src\\Components\\Home.js": {"path":"C:\\Users\\Antonio\\Documents\\GitHub\\se2021-07-SolidarityPurchasingGroup\\client\\src\\Components\\Home.js","statementMap":{"0":{"start":{"line":5,"column":4},"end":{"line":76,"column":5}}},"fnMap":{"0":{"name":"Home","decl":{"start":{"line":4,"column":24},"end":{"line":4,"column":28}},"loc":{"start":{"line":4,"column":36},"end":{"line":77,"column":1}},"line":4}},"branchMap":{},"s":{"0":40},"f":{"0":40},"b":{},"_coverageSchema":"1a1c01bbd47fc00a2c39e90264f33305004495a9","hash":"6445549fa264863bac9f5a55f34a34c87fd7c3ec"}
,"C:\\Users\\Antonio\\Documents\\GitHub\\se2021-07-SolidarityPurchasingGroup\\client\\src\\Components\\HomeButton.js": {"path":"C:\\Users\\Antonio\\Documents\\GitHub\\se2021-07-SolidarityPurchasingGroup\\client\\src\\Components\\HomeButton.js","statementMap":{"0":{"start":{"line":8,"column":20},"end":{"line":8,"column":32}},"1":{"start":{"line":10,"column":24},"end":{"line":18,"column":5}},"2":{"start":{"line":11,"column":8},"end":{"line":17,"column":9}},"3":{"start":{"line":12,"column":12},"end":{"line":12,"column":41}},"4":{"start":{"line":13,"column":14},"end":{"line":17,"column":9}},"5":{"start":{"line":14,"column":12},"end":{"line":14,"column":39}},"6":{"start":{"line":15,"column":14},"end":{"line":17,"column":9}},"7":{"start":{"line":16,"column":12},"end":{"line":16,"column":29}},"8":{"start":{"line":21,"column":4},"end":{"line":29,"column":5}},"9":{"start":{"line":25,"column":27},"end":{"line":25,"column":40}}},"fnMap":{"0":{"name":"HomeButton","decl":{"start":{"line":7,"column":24},"end":{"line":7,"column":34}},"loc":{"start":{"line":7,"column":42},"end":{"line":30,"column":1}},"line":7},"1":{"name":"(anonymous_1)","decl":{"start":{"line":10,"column":24},"end":{"line":10,"column":25}},"loc":{"start":{"line":10,"column":28},"end":{"line":18,"column":5}},"line":10},"2":{"name":"(anonymous_2)","decl":{"start":{"line":25,"column":21},"end":{"line":25,"column":22}},"loc":{"start":{"line":25,"column":27},"end":{"line":25,"column":40}},"line":25}},"branchMap":{"0":{"loc":{"start":{"line":11,"column":8},"end":{"line":17,"column":9}},"type":"if","locations":[{"start":{"line":11,"column":8},"end":{"line":17,"column":9}},{"start":{"line":11,"column":8},"end":{"line":17,"column":9}}],"line":11},"1":{"loc":{"start":{"line":13,"column":14},"end":{"line":17,"column":9}},"type":"if","locations":[{"start":{"line":13,"column":14},"end":{"line":17,"column":9}},{"start":{"line":13,"column":14},"end":{"line":17,"column":9}}],"line":13},"2":{"loc":{"start":{"line":15,"column":14},"end":{"line":17,"column":9}},"type":"if","locations":[{"start":{"line":15,"column":14},"end":{"line":17,"column":9}},{"start":{"line":15,"column":14},"end":{"line":17,"column":9}}],"line":15}},"s":{"0":5846,"1":5846,"2":217,"3":217,"4":0,"5":0,"6":0,"7":0,"8":5846,"9":217},"f":{"0":5846,"1":217,"2":217},"b":{"0":[217,0],"1":[0,0],"2":[0,0]},"_coverageSchema":"1a1c01bbd47fc00a2c39e90264f33305004495a9","hash":"e67aa9e07274bb229eb3da38425c630205d10095"}
,"C:\\Users\\Antonio\\Documents\\GitHub\\se2021-07-SolidarityPurchasingGroup\\client\\src\\Components\\Icons.js": {"path":"C:\\Users\\Antonio\\Documents\\GitHub\\se2021-07-SolidarityPurchasingGroup\\client\\src\\Components\\Icons.js","statementMap":{"0":{"start":{"line":2,"column":2},"end":{"line":34,"column":8}},"1":{"start":{"line":38,"column":2},"end":{"line":51,"column":8}},"2":{"start":{"line":55,"column":2},"end":{"line":58,"column":8}},"3":{"start":{"line":63,"column":2},"end":{"line":66,"column":8}},"4":{"start":{"line":70,"column":2},"end":{"line":73,"column":8}},"5":{"start":{"line":77,"column":2},"end":{"line":79,"column":8}},"6":{"start":{"line":82,"column":17},"end":{"line":84,"column":6}},"7":{"start":{"line":86,"column":25},"end":{"line":88,"column":6}},"8":{"start":{"line":90,"column":17},"end":{"line":92,"column":6}},"9":{"start":{"line":94,"column":25},"end":{"line":95,"column":6}},"10":{"start":{"line":97,"column":14},"end":{"line":99,"column":6}},"11":{"start":{"line":101,"column":16},"end":{"line":103,"column":6}},"12":{"start":{"line":105,"column":19},"end":{"line":107,"column":6}},"13":{"start":{"line":109,"column":17},"end":{"line":111,"column":6}},"14":{"start":{"line":113,"column":18},"end":{"line":115,"column":6}},"15":{"start":{"line":117,"column":15},"end":{"line":120,"column":6}},"16":{"start":{"line":122,"column":14},"end":{"line":126,"column":6}},"17":{"start":{"line":129,"column":20},"end":{"line":183,"column":6}},"18":{"start":{"line":185,"column":13},"end":{"line":187,"column":6}}},"fnMap":{},"branchMap":{},"s":{"0":55,"1":55,"2":55,"3":55,"4":55,"5":55,"6":55,"7":55,"8":55,"9":55,"10":55,"11":55,"12":55,"13":55,"14":55,"15":55,"16":55,"17":55,"18":55},"f":{},"b":{},"_coverageSchema":"1a1c01bbd47fc00a2c39e90264f33305004495a9","hash":"b45431494264ebac4711ce0de6a90dc63ae76991"}
,"C:\\Users\\Antonio\\Documents\\GitHub\\se2021-07-SolidarityPurchasingGroup\\client\\src\\Components\\LoginForm.js": {"path":"C:\\Users\\Antonio\\Documents\\GitHub\\se2021-07-SolidarityPurchasingGroup\\client\\src\\Components\\LoginForm.js","statementMap":{"0":{"start":{"line":9,"column":29},"end":{"line":9,"column":30}},"1":{"start":{"line":9,"column":40},"end":{"line":9,"column":41}},"2":{"start":{"line":11,"column":4},"end":{"line":19,"column":5}},"3":{"start":{"line":12,"column":8},"end":{"line":12,"column":33}},"4":{"start":{"line":13,"column":8},"end":{"line":15,"column":9}},"5":{"start":{"line":14,"column":12},"end":{"line":14,"column":19}},"6":{"start":{"line":16,"column":8},"end":{"line":18,"column":9}},"7":{"start":{"line":17,"column":12},"end":{"line":17,"column":20}},"8":{"start":{"line":20,"column":4},"end":{"line":22,"column":5}},"9":{"start":{"line":21,"column":8},"end":{"line":21,"column":21}},"10":{"start":{"line":23,"column":4},"end":{"line":23,"column":16}},"11":{"start":{"line":27,"column":20},"end":{"line":27,"column":32}},"12":{"start":{"line":29,"column":36},"end":{"line":29,"column":46}},"13":{"start":{"line":30,"column":36},"end":{"line":30,"column":46}},"14":{"start":{"line":31,"column":30},"end":{"line":31,"column":42}},"15":{"start":{"line":32,"column":38},"end":{"line":32,"column":53}},"16":{"start":{"line":34,"column":28},"end":{"line":34,"column":43}},"17":{"start":{"line":36,"column":20},"end":{"line":52,"column":5}},"18":{"start":{"line":37,"column":6},"end":{"line":51,"column":10}},"19":{"start":{"line":39,"column":8},"end":{"line":39,"column":35}},"20":{"start":{"line":40,"column":8},"end":{"line":40,"column":37}},"21":{"start":{"line":41,"column":8},"end":{"line":41,"column":33}},"22":{"start":{"line":42,"column":8},"end":{"line":46,"column":9}},"23":{"start":{"line":43,"column":12},"end":{"line":43,"column":41}},"24":{"start":{"line":44,"column":14},"end":{"line":46,"column":9}},"25":{"start":{"line":45,"column":12},"end":{"line":45,"column":39}},"26":{"start":{"line":49,"column":12},"end":{"line":49,"column":59}},"27":{"start":{"line":50,"column":12},"end":{"line":50,"column":26}},"28":{"start":{"line":54,"column":25},"end":{"line":80,"column":5}},"29":{"start":{"line":55,"column":8},"end":{"line":59,"column":9}},"30":{"start":{"line":56,"column":12},"end":{"line":56,"column":35}},"31":{"start":{"line":57,"column":12},"end":{"line":57,"column":36}},"32":{"start":{"line":58,"column":12},"end":{"line":58,"column":31}},"33":{"start":{"line":61,"column":8},"end":{"line":79,"column":9}},"34":{"start":{"line":62,"column":12},"end":{"line":62,"column":35}},"35":{"start":{"line":63,"column":12},"end":{"line":63,"column":36}},"36":{"start":{"line":64,"column":12},"end":{"line":64,"column":32}},"37":{"start":{"line":66,"column":32},"end":{"line":66,"column":74}},"38":{"start":{"line":70,"column":12},"end":{"line":75,"column":13}},"39":{"start":{"line":71,"column":16},"end":{"line":71,"column":30}},"40":{"start":{"line":72,"column":16},"end":{"line":72,"column":30}},"41":{"start":{"line":74,"column":16},"end":{"line":74,"column":29}},"42":{"start":{"line":76,"column":12},"end":{"line":78,"column":13}},"43":{"start":{"line":77,"column":16},"end":{"line":77,"column":37}},"44":{"start":{"line":82,"column":4},"end":{"line":113,"column":5}},"45":{"start":{"line":91,"column":120},"end":{"line":91,"column":149}},"46":{"start":{"line":91,"column":150},"end":{"line":91,"column":164}},"47":{"start":{"line":98,"column":152},"end":{"line":98,"column":181}},"48":{"start":{"line":98,"column":182},"end":{"line":98,"column":196}},"49":{"start":{"line":100,"column":98},"end":{"line":100,"column":112}}},"fnMap":{"0":{"name":"isAlphaNumeric","decl":{"start":{"line":8,"column":9},"end":{"line":8,"column":23}},"loc":{"start":{"line":8,"column":29},"end":{"line":24,"column":1}},"line":8},"1":{"name":"LoginForm","decl":{"start":{"line":26,"column":9},"end":{"line":26,"column":18}},"loc":{"start":{"line":26,"column":26},"end":{"line":114,"column":1}},"line":26},"2":{"name":"(anonymous_2)","decl":{"start":{"line":36,"column":20},"end":{"line":36,"column":21}},"loc":{"start":{"line":36,"column":43},"end":{"line":52,"column":5}},"line":36},"3":{"name":"(anonymous_3)","decl":{"start":{"line":38,"column":12},"end":{"line":38,"column":13}},"loc":{"start":{"line":38,"column":20},"end":{"line":47,"column":7}},"line":38},"4":{"name":"(anonymous_4)","decl":{"start":{"line":48,"column":16},"end":{"line":48,"column":17}},"loc":{"start":{"line":48,"column":21},"end":{"line":51,"column":9}},"line":48},"5":{"name":"(anonymous_5)","decl":{"start":{"line":54,"column":25},"end":{"line":54,"column":26}},"loc":{"start":{"line":54,"column":36},"end":{"line":80,"column":5}},"line":54},"6":{"name":"(anonymous_6)","decl":{"start":{"line":91,"column":112},"end":{"line":91,"column":113}},"loc":{"start":{"line":91,"column":118},"end":{"line":91,"column":166}},"line":91},"7":{"name":"(anonymous_7)","decl":{"start":{"line":98,"column":142},"end":{"line":98,"column":143}},"loc":{"start":{"line":98,"column":150},"end":{"line":98,"column":198}},"line":98},"8":{"name":"(anonymous_8)","decl":{"start":{"line":100,"column":91},"end":{"line":100,"column":92}},"loc":{"start":{"line":100,"column":98},"end":{"line":100,"column":112}},"line":100}},"branchMap":{"0":{"loc":{"start":{"line":13,"column":8},"end":{"line":15,"column":9}},"type":"if","locations":[{"start":{"line":13,"column":8},"end":{"line":15,"column":9}},{"start":{"line":13,"column":8},"end":{"line":15,"column":9}}],"line":13},"1":{"loc":{"start":{"line":13,"column":12},"end":{"line":13,"column":34}},"type":"binary-expr","locations":[{"start":{"line":13,"column":12},"end":{"line":13,"column":21}},{"start":{"line":13,"column":25},"end":{"line":13,"column":34}}],"line":13},"2":{"loc":{"start":{"line":16,"column":8},"end":{"line":18,"column":9}},"type":"if","locations":[{"start":{"line":16,"column":8},"end":{"line":18,"column":9}},{"start":{"line":16,"column":8},"end":{"line":18,"column":9}}],"line":16},"3":{"loc":{"start":{"line":16,"column":12},"end":{"line":16,"column":65}},"type":"binary-expr","locations":[{"start":{"line":16,"column":13},"end":{"line":16,"column":22}},{"start":{"line":16,"column":26},"end":{"line":16,"column":35}},{"start":{"line":16,"column":41},"end":{"line":16,"column":50}},{"start":{"line":16,"column":54},"end":{"line":16,"column":64}}],"line":16},"4":{"loc":{"start":{"line":20,"column":4},"end":{"line":22,"column":5}},"type":"if","locations":[{"start":{"line":20,"column":4},"end":{"line":22,"column":5}},{"start":{"line":20,"column":4},"end":{"line":22,"column":5}}],"line":20},"5":{"loc":{"start":{"line":20,"column":8},"end":{"line":20,"column":33}},"type":"binary-expr","locations":[{"start":{"line":20,"column":8},"end":{"line":20,"column":18}},{"start":{"line":20,"column":22},"end":{"line":20,"column":33}}],"line":20},"6":{"loc":{"start":{"line":42,"column":8},"end":{"line":46,"column":9}},"type":"if","locations":[{"start":{"line":42,"column":8},"end":{"line":46,"column":9}},{"start":{"line":42,"column":8},"end":{"line":46,"column":9}}],"line":42},"7":{"loc":{"start":{"line":44,"column":14},"end":{"line":46,"column":9}},"type":"if","locations":[{"start":{"line":44,"column":14},"end":{"line":46,"column":9}},{"start":{"line":44,"column":14},"end":{"line":46,"column":9}}],"line":44},"8":{"loc":{"start":{"line":55,"column":8},"end":{"line":59,"column":9}},"type":"if","locations":[{"start":{"line":55,"column":8},"end":{"line":59,"column":9}},{"start":{"line":55,"column":8},"end":{"line":59,"column":9}}],"line":55},"9":{"loc":{"start":{"line":61,"column":8},"end":{"line":79,"column":9}},"type":"if","locations":[{"start":{"line":61,"column":8},"end":{"line":79,"column":9}},{"start":{"line":61,"column":8},"end":{"line":79,"column":9}}],"line":61},"10":{"loc":{"start":{"line":70,"column":12},"end":{"line":75,"column":13}},"type":"if","locations":[{"start":{"line":70,"column":12},"end":{"line":75,"column":13}},{"start":{"line":70,"column":12},"end":{"line":75,"column":13}}],"line":70},"11":{"loc":{"start":{"line":70,"column":16},"end":{"line":70,"column":111}},"type":"binary-expr","locations":[{"start":{"line":70,"column":16},"end":{"line":70,"column":31}},{"start":{"line":70,"column":35},"end":{"line":70,"column":50}},{"start":{"line":70,"column":54},"end":{"line":70,"column":73}},{"start":{"line":70,"column":77},"end":{"line":70,"column":111}}],"line":70},"12":{"loc":{"start":{"line":76,"column":12},"end":{"line":78,"column":13}},"type":"if","locations":[{"start":{"line":76,"column":12},"end":{"line":78,"column":13}},{"start":{"line":76,"column":12},"end":{"line":78,"column":13}}],"line":76},"13":{"loc":{"start":{"line":100,"column":29},"end":{"line":104,"column":32}},"type":"cond-expr","locations":[{"start":{"line":100,"column":36},"end":{"line":103,"column":36}},{"start":{"line":104,"column":30},"end":{"line":104,"column":32}}],"line":100}},"s":{"0":79,"1":79,"2":79,"3":633,"4":633,"5":159,"6":633,"7":474,"8":79,"9":0,"10":79,"11":3603,"12":3558,"13":3558,"14":3558,"15":3558,"16":3558,"17":3558,"18":79,"19":40,"20":40,"21":40,"22":40,"23":40,"24":0,"25":0,"26":39,"27":39,"28":3558,"29":160,"30":41,"31":41,"32":41,"33":160,"34":119,"35":119,"36":119,"37":119,"38":119,"39":40,"40":40,"41":79,"42":119,"43":79,"44":3558,"45":504,"46":504,"47":830,"48":830,"49":0},"f":{"0":79,"1":3603,"2":79,"3":40,"4":39,"5":160,"6":504,"7":830,"8":0},"b":{"0":[159,474],"1":[633,633],"2":[474,159],"3":[633,474,633,474],"4":[0,79],"5":[79,79],"6":[40,0],"7":[0,0],"8":[41,119],"9":[119,41],"10":[40,79],"11":[119,119,119,79],"12":[79,40],"13":[158,3400]},"_coverageSchema":"1a1c01bbd47fc00a2c39e90264f33305004495a9","hash":"fc46444f323bf9d7176f100340ae15dd45629ab7"}
,"C:\\Users\\Antonio\\Documents\\GitHub\\se2021-07-SolidarityPurchasingGroup\\client\\src\\Components\\MyModal.js": {"path":"C:\\Users\\Antonio\\Documents\\GitHub\\se2021-07-SolidarityPurchasingGroup\\client\\src\\Components\\MyModal.js","statementMap":{"0":{"start":{"line":6,"column":4},"end":{"line":20,"column":6}}},"fnMap":{"0":{"name":"MyModal","decl":{"start":{"line":4,"column":24},"end":{"line":4,"column":31}},"loc":{"start":{"line":4,"column":39},"end":{"line":21,"column":3}},"line":4}},"branchMap":{},"s":{"0":1254},"f":{"0":1254},"b":{},"_coverageSchema":"1a1c01bbd47fc00a2c39e90264f33305004495a9","hash":"e896a5406a3d2c85f2a22001b7744cc026ea49de"}
,"C:\\Users\\Antonio\\Documents\\GitHub\\se2021-07-SolidarityPurchasingGroup\\client\\src\\Components\\MyNav.js": {"path":"C:\\Users\\Antonio\\Documents\\GitHub\\se2021-07-SolidarityPurchasingGroup\\client\\src\\Components\\MyNav.js","statementMap":{"0":{"start":{"line":19,"column":18},"end":{"line":19,"column":30}},"1":{"start":{"line":20,"column":26},"end":{"line":20,"column":41}},"2":{"start":{"line":21,"column":34},"end":{"line":21,"column":49}},"3":{"start":{"line":22,"column":21},"end":{"line":22,"column":41}},"4":{"start":{"line":22,"column":27},"end":{"line":22,"column":41}},"5":{"start":{"line":23,"column":13},"end":{"line":23,"column":30}},"6":{"start":{"line":24,"column":26},"end":{"line":24,"column":37}},"7":{"start":{"line":25,"column":24},"end":{"line":25,"column":35}},"8":{"start":{"line":26,"column":32},"end":{"line":26,"column":44}},"9":{"start":{"line":29,"column":25},"end":{"line":32,"column":3}},"10":{"start":{"line":30,"column":4},"end":{"line":30,"column":19}},"11":{"start":{"line":31,"column":4},"end":{"line":31,"column":22}},"12":{"start":{"line":34,"column":23},"end":{"line":39,"column":3}},"13":{"start":{"line":35,"column":4},"end":{"line":35,"column":25}},"14":{"start":{"line":36,"column":4},"end":{"line":36,"column":27}},"15":{"start":{"line":37,"column":4},"end":{"line":37,"column":21}},"16":{"start":{"line":41,"column":22},"end":{"line":46,"column":3}},"17":{"start":{"line":42,"column":18},"end":{"line":42,"column":89}},"18":{"start":{"line":43,"column":4},"end":{"line":43,"column":27}},"19":{"start":{"line":44,"column":4},"end":{"line":44,"column":23}},"20":{"start":{"line":45,"column":4},"end":{"line":45,"column":29}},"21":{"start":{"line":48,"column":25},"end":{"line":53,"column":3}},"22":{"start":{"line":49,"column":4},"end":{"line":49,"column":23}},"23":{"start":{"line":50,"column":4},"end":{"line":50,"column":19}},"24":{"start":{"line":51,"column":4},"end":{"line":51,"column":15}},"25":{"start":{"line":52,"column":4},"end":{"line":52,"column":14}},"26":{"start":{"line":56,"column":27},"end":{"line":56,"column":62}},"27":{"start":{"line":56,"column":35},"end":{"line":56,"column":60}},"28":{"start":{"line":59,"column":2},"end":{"line":63,"column":16}},"29":{"start":{"line":60,"column":4},"end":{"line":62,"column":13}},"30":{"start":{"line":61,"column":6},"end":{"line":61,"column":21}},"31":{"start":{"line":65,"column":2},"end":{"line":156,"column":4}},"32":{"start":{"line":88,"column":62},"end":{"line":88,"column":71}},"33":{"start":{"line":99,"column":35},"end":{"line":99,"column":58}},"34":{"start":{"line":112,"column":35},"end":{"line":112,"column":57}},"35":{"start":{"line":119,"column":61},"end":{"line":119,"column":79}},"36":{"start":{"line":134,"column":86},"end":{"line":134,"column":104}},"37":{"start":{"line":161,"column":34},"end":{"line":161,"column":46}},"38":{"start":{"line":164,"column":22},"end":{"line":164,"column":54}},"39":{"start":{"line":164,"column":28},"end":{"line":164,"column":54}},"40":{"start":{"line":167,"column":2},"end":{"line":175,"column":47}},"41":{"start":{"line":168,"column":4},"end":{"line":173,"column":5}},"42":{"start":{"line":169,"column":6},"end":{"line":171,"column":7}},"43":{"start":{"line":170,"column":8},"end":{"line":170,"column":70}},"44":{"start":{"line":172,"column":6},"end":{"line":172,"column":34}},"45":{"start":{"line":178,"column":2},"end":{"line":181,"column":18}},"46":{"start":{"line":179,"column":4},"end":{"line":179,"column":44}},"47":{"start":{"line":180,"column":4},"end":{"line":180,"column":19}},"48":{"start":{"line":185,"column":4},"end":{"line":192,"column":5}},"49":{"start":{"line":186,"column":17},"end":{"line":186,"column":66}},"50":{"start":{"line":187,"column":17},"end":{"line":187,"column":31}},"51":{"start":{"line":188,"column":6},"end":{"line":188,"column":53}},"52":{"start":{"line":188,"column":33},"end":{"line":188,"column":52}},"53":{"start":{"line":189,"column":6},"end":{"line":189,"column":65}},"54":{"start":{"line":190,"column":6},"end":{"line":190,"column":32}},"55":{"start":{"line":191,"column":6},"end":{"line":191,"column":34}},"56":{"start":{"line":196,"column":4},"end":{"line":202,"column":5}},"57":{"start":{"line":197,"column":17},"end":{"line":197,"column":66}},"58":{"start":{"line":198,"column":6},"end":{"line":201,"column":25}},"59":{"start":{"line":200,"column":10},"end":{"line":200,"column":59}},"60":{"start":{"line":206,"column":4},"end":{"line":227,"column":8}},"61":{"start":{"line":215,"column":8},"end":{"line":223,"column":9}},"62":{"start":{"line":216,"column":10},"end":{"line":216,"column":112}},"63":{"start":{"line":216,"column":69},"end":{"line":216,"column":81}},"64":{"start":{"line":218,"column":13},"end":{"line":223,"column":9}},"65":{"start":{"line":219,"column":10},"end":{"line":219,"column":58}},"66":{"start":{"line":220,"column":10},"end":{"line":220,"column":50}},"67":{"start":{"line":221,"column":10},"end":{"line":221,"column":25}},"68":{"start":{"line":222,"column":10},"end":{"line":222,"column":42}},"69":{"start":{"line":224,"column":24},"end":{"line":224,"column":65}},"70":{"start":{"line":226,"column":8},"end":{"line":226,"column":34}},"71":{"start":{"line":231,"column":2},"end":{"line":286,"column":3}},"72":{"start":{"line":249,"column":16},"end":{"line":264,"column":17}},"73":{"start":{"line":256,"column":138},"end":{"line":256,"column":176}},"74":{"start":{"line":280,"column":27},"end":{"line":280,"column":42}}},"fnMap":{"0":{"name":"MyNav","decl":{"start":{"line":17,"column":24},"end":{"line":17,"column":29}},"loc":{"start":{"line":17,"column":37},"end":{"line":157,"column":1}},"line":17},"1":{"name":"(anonymous_1)","decl":{"start":{"line":22,"column":21},"end":{"line":22,"column":22}},"loc":{"start":{"line":22,"column":27},"end":{"line":22,"column":41}},"line":22},"2":{"name":"(anonymous_2)","decl":{"start":{"line":29,"column":25},"end":{"line":29,"column":26}},"loc":{"start":{"line":29,"column":31},"end":{"line":32,"column":3}},"line":29},"3":{"name":"(anonymous_3)","decl":{"start":{"line":34,"column":23},"end":{"line":34,"column":24}},"loc":{"start":{"line":34,"column":35},"end":{"line":39,"column":3}},"line":34},"4":{"name":"(anonymous_4)","decl":{"start":{"line":41,"column":22},"end":{"line":41,"column":23}},"loc":{"start":{"line":41,"column":28},"end":{"line":46,"column":3}},"line":41},"5":{"name":"(anonymous_5)","decl":{"start":{"line":48,"column":25},"end":{"line":48,"column":26}},"loc":{"start":{"line":48,"column":34},"end":{"line":53,"column":3}},"line":48},"6":{"name":"(anonymous_6)","decl":{"start":{"line":56,"column":27},"end":{"line":56,"column":28}},"loc":{"start":{"line":56,"column":33},"end":{"line":56,"column":62}},"line":56},"7":{"name":"(anonymous_7)","decl":{"start":{"line":59,"column":12},"end":{"line":59,"column":13}},"loc":{"start":{"line":59,"column":18},"end":{"line":63,"column":3}},"line":59},"8":{"name":"(ano
[...]
,"C:\\Users\\Antonio\\Documents\\GitHub\\se2021-07-SolidarityPurchasingGroup\\client\\src\\Components\\UpdatePassword.js": {"path":"C:\\Users\\Antonio\\Documents\\GitHub\\se2021-07-SolidarityPurchasingGroup\\client\\src\\Components\\UpdatePassword.js","statementMap":{"0":{"start":{"line":8,"column":29},"end":{"line":8,"column":30}},"1":{"start":{"line":8,"column":40},"end":{"line":8,"column":41}},"2":{"start":{"line":10,"column":4},"end":{"line":18,"column":5}},"3":{"start":{"line":11,"column":6},"end":{"line":11,"column":31}},"4":{"start":{"line":12,"column":6},"end":{"line":14,"column":7}},"5":{"start":{"line":13,"column":8},"end":{"line":13,"column":15}},"6":{"start":{"line":15,"column":6},"end":{"line":17,"column":7}},"7":{"start":{"line":16,"column":8},"end":{"line":16,"column":16}},"8":{"start":{"line":19,"column":4},"end":{"line":21,"column":5}},"9":{"start":{"line":20,"column":6},"end":{"line":20,"column":19}},"10":{"start":{"line":22,"column":4},"end":{"line":22,"column":16}},"11":{"start":{"line":26,"column":34},"end":{"line":26,"column":46}},"12":{"start":{"line":27,"column":34},"end":{"line":27,"column":46}},"13":{"start":{"line":28,"column":36},"end":{"line":28,"column":48}},"14":{"start":{"line":29,"column":36},"end":{"line":29,"column":48}},"15":{"start":{"line":30,"column":34},"end":{"line":30,"column":49}},"16":{"start":{"line":31,"column":28},"end":{"line":31,"column":43}},"17":{"start":{"line":32,"column":42},"end":{"line":32,"column":54}},"18":{"start":{"line":35,"column":17},"end":{"line":72,"column":3}},"19":{"start":{"line":36,"column":4},"end":{"line":36,"column":27}},"20":{"start":{"line":37,"column":17},"end":{"line":37,"column":36}},"21":{"start":{"line":38,"column":4},"end":{"line":71,"column":5}},"22":{"start":{"line":39,"column":6},"end":{"line":39,"column":28}},"23":{"start":{"line":41,"column":18},"end":{"line":41,"column":23}},"24":{"start":{"line":42,"column":23},"end":{"line":42,"column":27}},"25":{"start":{"line":45,"column":8},"end":{"line":50,"column":9}},"26":{"start":{"line":46,"column":10},"end":{"line":49,"column":11}},"27":{"start":{"line":47,"column":12},"end":{"line":47,"column":25}},"28":{"start":{"line":48,"column":12},"end":{"line":48,"column":22}},"29":{"start":{"line":52,"column":8},"end":{"line":60,"column":11}},"30":{"start":{"line":53,"column":12},"end":{"line":53,"column":28}},"31":{"start":{"line":54,"column":12},"end":{"line":54,"column":27}},"32":{"start":{"line":55,"column":12},"end":{"line":55,"column":55}},"33":{"start":{"line":56,"column":17},"end":{"line":60,"column":11}},"34":{"start":{"line":57,"column":12},"end":{"line":57,"column":28}},"35":{"start":{"line":58,"column":12},"end":{"line":58,"column":27}},"36":{"start":{"line":59,"column":12},"end":{"line":59,"column":134}},"37":{"start":{"line":62,"column":8},"end":{"line":70,"column":9}},"38":{"start":{"line":63,"column":12},"end":{"line":66,"column":15}},"39":{"start":{"line":64,"column":16},"end":{"line":64,"column":34}},"40":{"start":{"line":65,"column":16},"end":{"line":65,"column":32}},"41":{"start":{"line":68,"column":12},"end":{"line":68,"column":49}},"42":{"start":{"line":69,"column":12},"end":{"line":69,"column":27}},"43":{"start":{"line":74,"column":2},"end":{"line":78,"column":17}},"44":{"start":{"line":75,"column":4},"end":{"line":77,"column":6}},"45":{"start":{"line":76,"column":8},"end":{"line":76,"column":28}},"46":{"start":{"line":80,"column":2},"end":{"line":84,"column":17}},"47":{"start":{"line":81,"column":4},"end":{"line":83,"column":13}},"48":{"start":{"line":82,"column":6},"end":{"line":82,"column":25}},"49":{"start":{"line":86,"column":2},"end":{"line":172,"column":4}},"50":{"start":{"line":106,"column":57},"end":{"line":106,"column":70}},"51":{"start":{"line":119,"column":40},"end":{"line":119,"column":68}},"52":{"start":{"line":137,"column":40},"end":{"line":137,"column":68}},"53":{"start":{"line":155,"column":40},"end":{"line":155,"column":69}}},"fnMap":{"0":{"name":"isAlphaNumeric","decl":{"start":{"line":7,"column":9},"end":{"line":7,"column":23}},"loc":{"start":{"line":7,"column":29},"end":{"line":23,"column":3}},"line":7},"1":{"name":"UpdatePassword","decl":{"start":{"line":25,"column":24},"end":{"line":25,"column":38}},"loc":{"start":{"line":25,"column":46},"end":{"line":173,"column":1}},"line":25},"2":{"name":"(anonymous_2)","decl":{"start":{"line":35,"column":17},"end":{"line":35,"column":18}},"loc":{"start":{"line":35,"column":34},"end":{"line":72,"column":3}},"line":35},"3":{"name":"(anonymous_3)","decl":{"start":{"line":45,"column":26},"end":{"line":45,"column":27}},"loc":{"start":{"line":45,"column":34},"end":{"line":50,"column":7}},"line":45},"4":{"name":"(anonymous_4)","decl":{"start":{"line":63,"column":53},"end":{"line":63,"column":54}},"loc":{"start":{"line":63,"column":58},"end":{"line":66,"column":13}},"line":63},"5":{"name":"(anonymous_5)","decl":{"start":{"line":74,"column":12},"end":{"line":74,"column":13}},"loc":{"start":{"line":74,"column":18},"end":{"line":78,"column":3}},"line":74},"6":{"name":"(anonymous_6)","decl":{"start":{"line":75,"column":24},"end":{"line":75,"column":25}},"loc":{"start":{"line":75,"column":35},"end":{"line":77,"column":5}},"line":75},"7":{"name":"(anonymous_7)","decl":{"start":{"line":80,"column":12},"end":{"line":80,"column":13}},"loc":{"start":{"line":80,"column":18},"end":{"line":84,"column":3}},"line":80},"8":{"name":"(anonymous_8)","decl":{"start":{"line":81,"column":15},"end":{"line":81,"column":16}},"loc":{"start":{"line":81,"column":21},"end":{"line":83,"column":5}},"line":81},"9":{"name":"(anonymous_9)","decl":{"start":{"line":106,"column":46},"end":{"line":106,"column":47}},"loc":{"start":{"line":106,"column":57},"end":{"line":106,"column":70}},"line":106},"10":{"name":"(anonymous_10)","decl":{"start":{"line":119,"column":32},"end":{"line":119,"column":33}},"loc":{"start":{"line":119,"column":40},"end":{"line":119,"column":68}},"line":119},"11":{"name":"(anonymous_11)","decl":{"start":{"line":137,"column":32},"end":{"line":137,"column":33}},"loc":{"start":{"line":137,"column":40},"end":{"line":137,"column":68}},"line":137},"12":{"name":"(anonymous_12)","decl":{"start":{"line":155,"column":32},"end":{"line":155,"column":33}},"loc":{"start":{"line":155,"column":40},"end":{"line":155,"column":69}},"line":155}},"branchMap":{"0":{"loc":{"start":{"line":12,"column":6},"end":{"line":14,"column":7}},"type":"if","locations":[{"start":{"line":12,"column":6},"end":{"line":14,"column":7}},{"start":{"line":12,"column":6},"end":{"line":14,"column":7}}],"line":12},"1":{"loc":{"start":{"line":12,"column":10},"end":{"line":12,"column":32}},"type":"binary-expr","locations":[{"start":{"line":12,"column":10},"end":{"line":12,"column":19}},{"start":{"line":12,"column":23},"end":{"line":12,"column":32}}],"line":12},"2":{"loc":{"start":{"line":15,"column":6},"end":{"line":17,"column":7}},"type":"if","locations":[{"start":{"line":15,"column":6},"end":{"line":17,"column":7}},{"start":{"line":15,"column":6},"end":{"line":17,"column":7}}],"line":15},"3":{"loc":{"start":{"line":15,"column":10},"end":{"line":15,"column":63}},"type":"binary-expr","locations":[{"start":{"line":15,"column":11},"end":{"line":15,"column":20}},{"start":{"line":15,"column":24},"end":{"line":15,"column":33}},{"start":{"line":15,"column":39},"end":{"line":15,"column":48}},{"start":{"line":15,"column":52},"end":{"line":15,"column":62}}],"line":15},"4":{"loc":{"start":{"line":19,"column":4},"end":{"line":21,"column":5}},"type":"if","locations":[{"start":{"line":19,"column":4},"end":{"line":21,"column":5}},{"start":{"line":19,"column":4},"end":{"line":21,"column":5}}],"line":19},"5":{"loc":{"start":{"line":19,"column":8},"end":{"line":19,"column":33}},"type":"binary-expr","locations":[{"start":{"line":19,"column":8},"end":{"line":19,"column":18}},{"start":{"line":19,"column":22},"end":{"line":19,"column":33}}],"line":19},"6":{"loc":{"start":{"line":38,"column":4},"end":{"line":71,"column":5}},"type":"if","locations":[{"start":{"line":38,"column":4},"end":{"line":71,"column":5}},{"start":{"line":38,"column":4},"end":{"line":71,"column":5}}],"line":38},"7":{"loc":{"start":{"line":46,"column":10},"end":{"line":49,"column":11}},"type":"if","locations":[{"start":{"line":46,"column":10},"end":{"line":49,"column":11}},{"start":{"line":46,"column":10},"end":{"line":49,"column":11}}],"line":46},"8":{"loc":{"start":{"line":46,"column":14},"end":{"line":46,"column":65}},"type":"binary-expr","locations":[{"start":{"line":46,"column":14},"end":{"line":46,"column":38}},{"start":{"line":46,"column":42},"end":{"line":46,"column":65}}],"line":46},"9":{"loc":{"start":{"line":52,"column":8},"end":{"line":60,"column":11}},"type":"if","locations":[{"start":{"line":52,"column":8},"end":{"line":60,"column":11}},{"start":{"line":52,"column":8},"end":{"line":60,"column":11}}],"line":52},"10":{"loc":{"start":{"line":56,"column":17},"end":{"line":60,"column":11}},"type":"if","locations":[{"start":{"line":56,"column":17},"end":{"line":60,"column":11}},{"start":{"line":56,"column":17},"end":{"line":60,"column":11}}],"line":56},"11":{"loc":{"start":{"line":56,"column":21},"end":{"line":56,"column":97}},"type":"binary-expr","locations":[{"start":{"line":56,"column":21},"end":{"line":56,"column":36}},{"start":{"line":56,"column":40},"end":{"line":56,"column":59}},{"start":{"line":56,"column":63},"end":{"line":56,"column":97}}],"line":56},"12":{"loc":{"start":{"line":62,"column":8},"end":{"line":70,"column":9}},"type":"if","locations":[{"start":{"line":62,"column":8},"end":{"line":70,"column":9}},{"start":{"line":62,"column":8},"end":{"line":70,"column":9}}],"line":62},"13":{"loc":{"start":{"line":62,"column":11},"end":{"line":62,"column":43}},"type":"binary-expr","locations":[{"start":{"line":62,"column":11},"end":{"line":62,"column":23}},{"start":{"line":62,"column":27},"end":{"line":62,"column":43}}],"line":62},"14":{"loc":{"start":{"line":91,"column":13},"end":{"line":97,"column":13}},"type":"cond-expr","locations":[{"start":{"line":92,"column":14},"end":{"line":94,"column":22}},{"start":{"line":96,"column":14},"end":{"line":96,"column":16}}],"line":91},"15":{"loc":{"start":{"line":99,"column":13},"end":{"line":105,"column":13}},"type":"cond-expr","locations":[{"start":{"line":100,"column":14},"end":{"line":102,"column":22}},{"start":{"line":104,"column":14},"end":{"line":104,"column":16}}],"line":99}},"s":{"0":0,"1":0,"2":0,"3":0,"4":0,"5":0,"6":0,"7":0,"8":0,"9":0,"10":0,"11":0,"12":0,"13":0,"14":0,"15":0,"16":0,"17":0,"18":0,"19":0,"20":0,"21":0,"22":0,"23":0,"24":0,"25":0,"26":0,"27":0,"28":0,"29":0,"30":0,"31":0,"32":0,"33":0,"34":0,"35":0,"36":0,"37":0,"38":0,"39":0,"40":0,"41":0,"42":0,"43":0,"44":0,"45":0,"46":0,"47":0,"48":0,"49":0,"50":0,"51":0,"52":0,"53":0},"f":{"0":0,"1":0,"2":0,"3":0,"4":0,"5":0,"6":0,"7":0,"8":0,"9":0,"10":0,"11":0,"12":0},"b":{"0":[0,0],"1":[0,0],"2":[0,0],"3":[0,0,0,0],"4":[0,0],"5":[0,0],"6":[0,0],"7":[0,0],"8":[0,0],"9":[0,0],"10":[0,0],"11":[0,0,0],"12":[0,0],"13":[0,0],"14":[0,0],"15":[0,0]},"_coverageSchema":"1a1c01bbd47fc00a2c39e90264f33305004495a9","hash":"b333b2be6046ba9d8ef6cef51af012dbc5115bfe"}
,"C:\\Users\\Antonio\\Documents\\GitHub\\se2021-07-SolidarityPurchasingGroup\\client\\src\\Components\\Wallet.js": {"path":"C:\\Users\\Antonio\\Documents\\GitHub\\se2021-07-SolidarityPurchasingGroup\\client\\src\\Components\\Wallet.js","statementMap":{"0":{"start":{"line":10,"column":48},"end":{"line":10,"column":60}},"1":{"start":{"line":11,"column":34},"end":{"line":11,"column":46}},"2":{"start":{"line":12,"column":30},"end":{"line":12,"column":42}},"3":{"start":{"line":13,"column":32},"end":{"line":13,"column":43}},"4":{"start":{"line":14,"column":38},"end":{"line":14,"column":53}},"5":{"start":{"line":15,"column":34},"end":{"line":15,"column":49}},"6":{"start":{"line":17,"column":4},"end":{"line":30,"column":16}},"7":{"start":{"line":18,"column":8},"end":{"line":24,"column":9}},"8":{"start":{"line":19,"column":12},"end":{"line":23,"column":18}},"9":{"start":{"line":21,"column":20},"end":{"line":21,"column":41}},"10":{"start":{"line":22,"column":20},"end":{"line":22,"column":49}},"11":{"start":{"line":25,"column":8},"end":{"line":29,"column":9}},"12":{"start":{"line":26,"column":12},"end":{"line":28,"column":15}},"13":{"start":{"line":27,"column":16},"end":{"line":27,"column":95}},"14":{"start":{"line":32,"column":4},"end":{"line":42,"column":20}},"15":{"start":{"line":33,"column":8},"end":{"line":41,"column":9}},"16":{"start":{"line":34,"column":12},"end":{"line":40,"column":20}},"17":{"start":{"line":35,"column":16},"end":{"line":35,"column":33}},"18":{"start":{"line":36,"column":16},"end":{"line":39,"column":25}},"19":{"start":{"line":37,"column":20},"end":{"line":37,"column":40}},"20":{"start":{"line":38,"column":20},"end":{"line":38,"column":38}},"21":{"start":{"line":46,"column":21},"end":{"line":46,"column":71}},"22":{"start":{"line":46,"column":47},"end":{"line":46,"column":70}},"23":{"start":{"line":47,"column":8},"end":{"line":47,"column":37}},"24":{"start":{"line":48,"column":8},"end":{"line":48,"column":23}},"25":{"start":{"line":51,"column":19},"end":{"line":66,"column":5}},"26":{"start":{"line":52,"column":8},"end":{"line":52,"column":31}},"27":{"start":{"line":53,"column":21},"end":{"line":53,"column":40}},"28":{"start":{"line":54,"column":8},"end":{"line":65,"column":9}},"29":{"start":{"line":55,"column":12},"end":{"line":55,"column":34}},"30":{"start":{"line":57,"column":12},"end":{"line":64,"column":61}},"31":{"start":{"line":59,"column":20},"end":{"line":59,"column":40}},"32":{"start":{"line":60,"column":20},"end":{"line":60,"column":33}},"33":{"start":{"line":61,"column":20},"end":{"line":61,"column":39}},"34":{"start":{"line":62,"column":20},"end":{"line":62,"column":48}},"35":{"start":{"line":64,"column":39},"end":{"line":64,"column":57}},"36":{"start":{"line":68,"column":4},"end":{"line":148,"column":6}},"37":{"start":{"line":88,"column":83},"end":{"line":88,"column":102}},"38":{"start":{"line":98,"column":84},"end":{"line":98,"column":97}},"39":{"start":{"line":125,"column":75},"end":{"line":125,"column":100}}},"fnMap":{"0":{"name":"Wallet","decl":{"start":{"line":9,"column":24},"end":{"line":9,"column":30}},"loc":{"start":{"line":9,"column":38},"end":{"line":149,"column":1}},"line":9},"1":{"name":"(anonymous_1)","decl":{"start":{"line":17,"column":14},"end":{"line":17,"column":15}},"loc":{"start":{"line":17,"column":20},"end":{"line":30,"column":5}},"line":17},"2":{"name":"(anonymous_2)","decl":{"start":{"line":20,"column":22},"end":{"line":20,"column":23}},"loc":{"start":{"line":20,"column":31},"end":{"line":23,"column":17}},"line":20},"3":{"name":"(anonymous_3)","decl":{"start":{"line":26,"column":41},"end":{"line":26,"column":42}},"loc":{"start":{"line":26,"column":48},"end":{"line":28,"column":13}},"line":26},"4":{"name":"(anonymous_4)","decl":{"start":{"line":32,"column":14},"end":{"line":32,"column":15}},"loc":{"start":{"line":32,"column":20},"end":{"line":42,"column":5}},"line":32},"5":{"name":"(anonymous_5)","decl":{"start":{"line":34,"column":23},"end":{"line":34,"column":24}},"loc":{"start":{"line":34,"column":29},"end":{"line":40,"column":13}},"line":34},"6":{"name":"(anonymous_6)","decl":{"start":{"line":36,"column":27},"end":{"line":36,"column":28}},"loc":{"start":{"line":36,"column":33},"end":{"line":39,"column":17}},"line":36},"7":{"name":"handlechange","decl":{"start":{"line":45,"column":13},"end":{"line":45,"column":25}},"loc":{"start":{"line":45,"column":33},"end":{"line":49,"column":5}},"line":45},"8":{"name":"(anonymous_8)","decl":{"start":{"line":46,"column":42},"end":{"line":46,"column":43}},"loc":{"start":{"line":46,"column":47},"end":{"line":46,"column":70}},"line":46},"9":{"name":"(anonymous_9)","decl":{"start":{"line":51,"column":19},"end":{"line":51,"column":20}},"loc":{"start":{"line":51,"column":36},"end":{"line":66,"column":5}},"line":51},"10":{"name":"(anonymous_10)","decl":{"start":{"line":58,"column":22},"end":{"line":58,"column":23}},"loc":{"start":{"line":58,"column":32},"end":{"line":63,"column":17}},"line":58},"11":{"name":"(anonymous_11)","decl":{"start":{"line":64,"column":23},"end":{"line":64,"column":24}},"loc":{"start":{"line":64,"column":37},"end":{"line":64,"column":59}},"line":64},"12":{"name":"(anonymous_12)","decl":{"start":{"line":88,"column":72},"end":{"line":88,"column":73}},"loc":{"start":{"line":88,"column":83},"end":{"line":88,"column":102}},"line":88},"13":{"name":"(anonymous_13)","decl":{"start":{"line":98,"column":73},"end":{"line":98,"column":74}},"loc":{"start":{"line":98,"column":84},"end":{"line":98,"column":97}},"line":98},"14":{"name":"(anonymous_14)","decl":{"start":{"line":125,"column":70},"end":{"line":125,"column":71}},"loc":{"start":{"line":125,"column":75},"end":{"line":125,"column":100}},"line":125}},"branchMap":{"0":{"loc":{"start":{"line":18,"column":8},"end":{"line":24,"column":9}},"type":"if","locations":[{"start":{"line":18,"column":8},"end":{"line":24,"column":9}},{"start":{"line":18,"column":8},"end":{"line":24,"column":9}}],"line":18},"1":{"loc":{"start":{"line":25,"column":8},"end":{"line":29,"column":9}},"type":"if","locations":[{"start":{"line":25,"column":8},"end":{"line":29,"column":9}},{"start":{"line":25,"column":8},"end":{"line":29,"column":9}}],"line":25},"2":{"loc":{"start":{"line":33,"column":8},"end":{"line":41,"column":9}},"type":"if","locations":[{"start":{"line":33,"column":8},"end":{"line":41,"column":9}},{"start":{"line":33,"column":8},"end":{"line":41,"column":9}}],"line":33},"3":{"loc":{"start":{"line":54,"column":8},"end":{"line":65,"column":9}},"type":"if","locations":[{"start":{"line":54,"column":8},"end":{"line":65,"column":9}},{"start":{"line":54,"column":8},"end":{"line":65,"column":9}}],"line":54},"4":{"loc":{"start":{"line":72,"column":17},"end":{"line":78,"column":22}},"type":"cond-expr","locations":[{"start":{"line":73,"column":20},"end":{"line":75,"column":28}},{"start":{"line":76,"column":20},"end":{"line":78,"column":22}}],"line":72},"5":{"loc":{"start":{"line":72,"column":18},"end":{"line":72,"column":46}},"type":"binary-expr","locations":[{"start":{"line":72,"column":18},"end":{"line":72,"column":36}},{"start":{"line":72,"column":40},"end":{"line":72,"column":46}}],"line":72},"6":{"loc":{"start":{"line":76,"column":20},"end":{"line":78,"column":22}},"type":"cond-expr","locations":[{"start":{"line":77,"column":20},"end":{"line":77,"column":81}},{"start":{"line":78,"column":20},"end":{"line":78,"column":22}}],"line":76},"7":{"loc":{"start":{"line":92,"column":25},"end":{"line":134,"column":31}},"type":"binary-expr","locations":[{"start":{"line":92,"column":25},"end":{"line":92,"column":39}},{"start":{"line":92,"column":43},"end":{"line":92,"column":49}},{"start":{"line":93,"column":28},"end":{"line":134,"column":31}}],"line":92},"8":{"loc":{"start":{"line":138,"column":17},"end":{"line":144,"column":17}},"type":"cond-expr","locations":[{"start":{"line":139,"column":20},"end":{"line":141,"column":26}},{"start":{"line":143,"column":20},"end":{"line":143,"column":22}}],"line":138}},"s":{"0":775,"1":762,"2":762,"3":762,"4":762,"5":762,"6":762,"7":161,"8":65,"9":63,"10":63,"11":161,"12":161,"13":3813,"14":762,"15":66,"16":15,"17":13,"18":13,"19":2,"20":2,"21":31,"22":744,"23":31,"24":31,"25":762,"26":15,"27":15,"28":15,"29":0,"30":15,"31":15,"32":15,"33":15,"34":15,"35":0,"36":762,"37":31,"38":15,"39":30},"f":{"0":775,"1":161,"2":63,"3":3813,"4":66,"5":13,"6":2,"7":31,"8":744,"9":15,"10":15,"11":0,"12":31,"13":15,"14":30},"b":{"0":[65,96],"1":[161,0],"2":[15,51],"3":[0,15],"4":[230,532],"5":[762,230],"6":[0,532],"7":[762,92,92],"8":[0,762]},"_coverageSchema":"1a1c01bbd47fc00a2c39e90264f33305004495a9","hash":"da668d77ad56bd05a8580807d87e80785132ef5f"}
}
