TN:
SF:src\App.js
FN:21,App
FN:56,(anonymous_1)
FN:57,(anonymous_2)
FN:70,(anonymous_3)
FN:71,fetchdata
FN:73,(anonymous_5)
FN:90,(anonymous_6)
FN:91,fetchdata
FN:100,(anonymous_8)
FN:107,(anonymous_9)
FN:115,(anonymous_10)
FN:141,(anonymous_11)
FN:145,(anonymous_12)
FN:158,(anonymous_13)
FN:160,(anonymous_14)
FN:162,(anonymous_15)
FN:164,(anonymous_16)
FN:173,(anonymous_17)
FN:183,(anonymous_18)
FN:191,(anonymous_19)
FN:203,(anonymous_20)
FN:206,(anonymous_21)
FN:208,(anonymous_22)
FN:210,(anonymous_23)
FN:212,(anonymous_24)
FNF:25
FNH:16
FNDA:1459,App
FNDA:55,(anonymous_1)
FNDA:55,(anonymous_2)
FNDA:135,(anonymous_3)
FNDA:135,fetchdata
FNDA:0,(anonymous_5)
FNDA:55,(anonymous_6)
FNDA:55,fetchdata
FNDA:0,(anonymous_8)
FNDA:0,(anonymous_9)
FNDA:0,(anonymous_10)
FNDA:0,(anonymous_11)
FNDA:191,(anonymous_12)
FNDA:20,(anonymous_13)
FNDA:285,(anonymous_14)
FNDA:10,(anonymous_15)
FNDA:161,(anonymous_16)
FNDA:180,(anonymous_17)
FNDA:0,(anonymous_18)
FNDA:51,(anonymous_19)
FNDA:83,(anonymous_20)
FNDA:207,(anonymous_21)
FNDA:0,(anonymous_22)
FNDA:0,(anonymous_23)
FNDA:0,(anonymous_24)
DA:23,1459
DA:25,1414
DA:26,1414
DA:28,1414
DA:30,1414
DA:32,1414
DA:33,1414
DA:34,1414
DA:35,1414
DA:37,1414
DA:38,1414
DA:40,1414
DA:41,1414
DA:42,1414
DA:43,1414
DA:45,1414
DA:47,1414
DA:49,1414
DA:51,1414
DA:52,1414
DA:53,1414
DA:56,1414
DA:57,55
DA:58,55
DA:59,55
DA:60,0
DA:61,0
DA:63,52
DA:66,55
DA:70,1414
DA:72,135
DA:73,0
DA:75,0
DA:76,0
DA:77,0
DA:78,0
DA:81,135
DA:84,1414
DA:90,1414
DA:92,55
DA:93,0
DA:103,0
DA:104,0
DA:107,0
DA:109,0
DA:110,0
DA:116,0
DA:119,55
DA:122,1414
DA:141,0
DA:146,191
DA:158,20
DA:160,285
DA:162,10
DA:164,161
DA:174,180
DA:183,0
DA:192,51
DA:203,83
DA:206,207
DA:208,0
DA:210,0
DA:212,0
LF:63
LH:44
BRDA:72,0,0,0
BRDA:72,0,1,135
BRDA:75,1,0,0
BRDA:75,1,1,0
BRDA:75,2,0,0
BRDA:75,2,1,0
BRDA:92,3,0,0
BRDA:92,3,1,55
BRDA:103,4,0,0
BRDA:103,4,1,0
BRDA:103,5,0,0
BRDA:103,5,1,0
BRDA:109,6,0,0
BRDA:109,6,1,0
BRDA:109,7,0,0
BRDA:109,7,1,0
BRDA:210,8,0,0
BRDA:210,8,1,0
BRDA:210,9,0,0
BRDA:210,9,1,0
BRF:20
BRH:2
end_of_record
TN:
SF:src\index.js
FNF:0
FNH:0
DA:7,55
DA:17,55
LF:2
LH:2
BRF:0
BRH:0
end_of_record
TN:
SF:src\reportWebVitals.js
FN:1,(anonymous_0)
FN:3,(anonymous_1)
FNF:2
FNH:1
FNDA:55,(anonymous_0)
FNDA:0,(anonymous_1)
DA:1,55
DA:2,55
DA:3,0
DA:4,0
DA:5,0
DA:6,0
DA:7,0
DA:8,0
LF:8
LH:2
BRDA:2,0,0,0
BRDA:2,0,1,55
BRDA:2,1,0,55
BRDA:2,1,1,0
BRF:4
BRH:2
end_of_record
TN:
SF:src\API\API.js
FN:20,(anonymous_0)
FN:21,(anonymous_1)
FN:38,(anonymous_2)
FN:52,(anonymous_3)
FN:59,(anonymous_4)
FN:60,(anonymous_5)
FN:66,(anonymous_6)
FN:74,(anonymous_7)
FN:81,(anonymous_8)
FN:83,(anonymous_9)
FN:89,(anonymous_10)
FN:97,(anonymous_11)
FN:104,(anonymous_12)
FN:105,(anonymous_13)
FN:121,(anonymous_14)
FN:129,(anonymous_15)
FN:136,(anonymous_16)
FN:138,(anonymous_17)
FN:144,(anonymous_18)
FN:152,(anonymous_19)
FN:158,(anonymous_20)
FN:159,(anonymous_21)
FN:165,(anonymous_22)
FN:173,(anonymous_23)
FN:183,handOutProduct
FN:197,(anonymous_25)
FN:198,(anonymous_26)
FN:204,(anonymous_27)
FN:212,(anonymous_28)
FN:219,topUpWallet
FN:233,(anonymous_30)
FN:234,(anonymous_31)
FN:246,(anonymous_32)
FN:254,(anonymous_33)
FN:260,(anonymous_34)
FN:261,(anonymous_35)
FN:277,(anonymous_36)
FN:285,(anonymous_37)
FN:291,(anonymous_38)
FN:292,(anonymous_39)
FN:303,(anonymous_40)
FN:311,(anonymous_41)
FN:318,(anonymous_42)
FN:319,(anonymous_43)
FN:325,(anonymous_44)
FN:333,(anonymous_45)
FN:340,login
FN:357,logout
FN:366,getUserInfo
FNF:49
FNH:18
FNDA:0,(anonymous_0)
FNDA:0,(anonymous_1)
FNDA:0,(anonymous_2)
FNDA:0,(anonymous_3)
FNDA:139,(anonymous_4)
FNDA:139,(anonymous_5)
FNDA:139,(anonymous_6)
FNDA:0,(anonymous_7)
FNDA:0,(anonymous_8)
FNDA:0,(anonymous_9)
FNDA:0,(anonymous_10)
FNDA:0,(anonymous_11)
FNDA:20,(anonymous_12)
FNDA:20,(anonymous_13)
FNDA:20,(anonymous_14)
FNDA:0,(anonymous_15)
FNDA:48,(anonymous_16)
FNDA:48,(anonymous_17)
FNDA:48,(anonymous_18)
FNDA:0,(anonymous_19)
FNDA:48,(anonymous_20)
FNDA:48,(anonymous_21)
FNDA:48,(anonymous_22)
FNDA:0,(anonymous_23)
FNDA:0,handOutProduct
FNDA:5,(anonymous_25)
FNDA:5,(anonymous_26)
FNDA:5,(anonymous_27)
FNDA:0,(anonymous_28)
FNDA:15,topUpWallet
FNDA:0,(anonymous_30)
FNDA:0,(anonymous_31)
FNDA:0,(anonymous_32)
FNDA:0,(anonymous_33)
FNDA:0,(anonymous_34)
FNDA:0,(anonymous_35)
FNDA:0,(anonymous_36)
FNDA:0,(anonymous_37)
FNDA:0,(anonymous_38)
FNDA:0,(anonymous_39)
FNDA:0,(anonymous_40)
FNDA:0,(anonymous_41)
FNDA:0,(anonymous_42)
FNDA:0,(anonymous_43)
FNDA:0,(anonymous_44)
FNDA:0,(anonymous_45)
FNDA:79,login
FNDA:0,logout
FNDA:55,getUserInfo
DA:20,55
DA:21,0
DA:22,0
DA:39,0
DA:40,0
DA:41,0
DA:43,0
DA:45,0
DA:46,0
DA:47,0
DA:49,0
DA:53,0
DA:59,55
DA:60,139
DA:61,139
DA:67,139
DA:68,0
DA:69,0
DA:70,0
DA:72,139
DA:75,0
DA:81,55
DA:82,0
DA:83,0
DA:84,0
DA:90,0
DA:91,0
DA:92,0
DA:93,0
DA:95,0
DA:98,0
DA:104,55
DA:105,20
DA:106,20
DA:122,20
DA:123,0
DA:124,0
DA:125,0
DA:127,20
DA:130,0
DA:136,55
DA:137,48
DA:138,48
DA:139,48
DA:145,48
DA:146,0
DA:147,0
DA:148,0
DA:150,48
DA:153,0
DA:158,55
DA:159,48
DA:160,48
DA:166,48
DA:167,0
DA:168,0
DA:169,0
DA:171,48
DA:174,0
DA:184,0
DA:191,0
DA:192,0
DA:193,0
DA:197,55
DA:198,5
DA:199,5
DA:205,5
DA:206,0
DA:207,0
DA:208,0
DA:210,5
DA:213,0
DA:220,15
DA:227,15
DA:228,15
DA:229,0
DA:233,55
DA:234,0
DA:235,0
DA:247,0
DA:248,0
DA:249,0
DA:250,0
DA:252,0
DA:255,0
DA:260,55
DA:261,0
DA:262,0
DA:278,0
DA:279,0
DA:280,0
DA:281,0
DA:283,0
DA:286,0
DA:291,55
DA:292,0
DA:293,0
DA:304,0
DA:305,0
DA:306,0
DA:307,0
DA:309,0
DA:312,0
DA:318,55
DA:319,0
DA:320,0
DA:326,0
DA:327,0
DA:328,0
DA:329,0
DA:331,0
DA:334,0
DA:341,79
DA:348,79
DA:349,40
DA:350,40
DA:352,39
DA:353,39
DA:358,0
DA:361,0
DA:362,0
DA:363,0
DA:367,55
DA:368,55
DA:369,52
DA:370,0
DA:372,52
LF:127
LH:45
BRDA:39,0,0,0
BRDA:39,0,1,0
BRDA:41,1,0,0
BRDA:41,1,1,0
BRDA:45,2,0,0
BRDA:45,2,1,0
BRDA:67,3,0,0
BRDA:67,3,1,139
BRDA:90,4,0,0
BRDA:90,4,1,0
BRDA:122,5,0,0
BRDA:122,5,1,20
BRDA:145,6,0,0
BRDA:145,6,1,48
BRDA:166,7,0,0
BRDA:166,7,1,48
BRDA:191,8,0,0
BRDA:191,8,1,0
BRDA:205,9,0,0
BRDA:205,9,1,5
BRDA:227,10,0,15
BRDA:227,10,1,0
BRDA:247,11,0,0
BRDA:247,11,1,0
BRDA:278,12,0,0
BRDA:278,12,1,0
BRDA:304,13,0,0
BRDA:304,13,1,0
BRDA:326,14,0,0
BRDA:326,14,1,0
BRDA:348,15,0,40
BRDA:348,15,1,39
BRDA:361,16,0,0
BRDA:361,16,1,0
BRDA:369,17,0,0
BRDA:369,17,1,52
BRF:36
BRH:9
end_of_record
TN:
SF:src\Components\ClientHome.js
FN:4,ClientHome
FNF:1
FNH:1
FNDA:20,ClientHome
DA:5,20
LF:1
LH:1
BRF:0
BRH:0
end_of_record
TN:
SF:src\Components\Clock.js
FN:4,(anonymous_0)
FN:15,(anonymous_1)
FN:17,(anonymous_2)
FN:20,(anonymous_3)
FN:24,(anonymous_4)
FN:30,(anonymous_5)
FN:40,(anonymous_6)
FN:60,(anonymous_7)
FN:102,(anonymous_8)
FN:123,(anonymous_9)
FN:141,(anonymous_10)
FN:155,(anonymous_11)
FNF:12
FNH:0
FNDA:0,(anonymous_0)
FNDA:0,(anonymous_1)
FNDA:0,(anonymous_2)
FNDA:0,(anonymous_3)
FNDA:0,(anonymous_4)
FNDA:0,(anonymous_5)
FNDA:0,(anonymous_6)
FNDA:0,(anonymous_7)
FNDA:0,(anonymous_8)
FNDA:0,(anonymous_9)
FNDA:0,(anonymous_10)
FNDA:0,(anonymous_11)
DA:5,0
DA:6,0
DA:7,0
DA:8,0
DA:9,0
DA:10,0
DA:11,0
DA:16,0
DA:17,0
DA:21,0
DA:25,0
DA:26,0
DA:27,0
DA:31,0
DA:32,0
DA:33,0
DA:34,0
DA:35,0
DA:36,0
DA:37,0
DA:41,0
DA:42,0
DA:43,0
DA:44,0
DA:46,0
DA:47,0
DA:48,0
DA:49,0
DA:50,0
DA:51,0
DA:52,0
DA:54,0
DA:55,0
DA:56,0
DA:57,0
DA:61,0
DA:62,0
DA:63,0
DA:66,0
DA:67,0
DA:68,0
DA:69,0
DA:70,0
DA:71,0
DA:72,0
DA:73,0
DA:74,0
DA:75,0
DA:76,0
DA:77,0
DA:78,0
DA:81,0
DA:82,0
DA:83,0
DA:84,0
DA:85,0
DA:86,0
DA:87,0
DA:88,0
DA:89,0
DA:90,0
DA:95,0
DA:96,0
DA:97,0
DA:98,0
DA:99,0
DA:105,0
DA:107,0
DA:108,0
DA:109,0
DA:111,0
DA:112,0
DA:113,0
DA:114,0
DA:115,0
DA:117,0
DA:119,0
DA:124,0
DA:125,0
DA:126,0
DA:127,0
DA:130,0
DA:131,0
DA:132,0
DA:134,0
DA:135,0
DA:137,0
DA:138,0
DA:142,0
DA:143,0
DA:144,0
DA:145,0
DA:146,0
DA:147,0
DA:148,0
DA:149,0
DA:150,0
DA:151,0
DA:152,0
DA:156,0
DA:166,55
LF:101
LH:1
BRDA:11,0,0,0
BRDA:11,0,1,0
BRDA:75,1,0,0
BRDA:75,1,1,0
BRDA:81,2,0,0
BRDA:81,2,1,0
BRDA:114,3,0,0
BRDA:114,3,1,0
BRDA:142,4,0,0
BRDA:142,4,1,0
BRF:10
BRH:0
end_of_record
TN:
SF:src\Components\Handout.js
FN:10,Handout
FN:17,(anonymous_1)
FN:21,(anonymous_2)
FN:25,(anonymous_3)
FN:30,(anonymous_4)
FN:38,handlechange
FN:41,(anonymous_6)
FN:44,(anonymous_7)
FN:72,(anonymous_8)
FN:85,(anonymous_9)
FNF:10
FNH:7
FNDA:214,Handout
FNDA:51,(anonymous_1)
FNDA:0,(anonymous_2)
FNDA:0,(anonymous_3)
FNDA:1190,(anonymous_4)
FNDA:5,handlechange
FNDA:5,(anonymous_6)
FNDA:0,(anonymous_7)
FNDA:5,(anonymous_8)
FNDA:72,(anonymous_9)
DA:11,214
DA:12,214
DA:13,214
DA:17,214
DA:18,51
DA:19,51
DA:20,0
DA:22,0
DA:23,0
DA:26,0
DA:29,51
DA:30,51
DA:31,1190
DA:39,5
DA:40,5
DA:42,5
DA:45,0
DA:51,214
DA:52,78
DA:53,78
DA:55,136
DA:56,136
DA:58,214
DA:72,5
DA:86,72
LF:25
LH:20
BRDA:19,0,0,0
BRDA:19,0,1,51
BRDA:29,1,0,51
BRDA:29,1,1,0
BRDA:51,2,0,78
BRDA:51,2,1,136
BRDA:61,3,0,50
BRDA:61,3,1,164
BRDA:61,4,0,214
BRDA:61,4,1,186
BRDA:76,5,0,50
BRDA:76,5,1,30
BRDA:76,5,2,30
BRDA:81,6,0,22
BRDA:81,6,1,8
BRDA:96,7,0,50
BRDA:96,7,1,0
BRF:17
BRH:14
end_of_record
TN:
SF:src\Components\Home.js
FN:4,Home
FNF:1
FNH:1
FNDA:40,Home
DA:5,40
LF:1
LH:1
BRF:0
BRH:0
end_of_record
TN:
SF:src\Components\HomeButton.js
FN:7,HomeButton
FN:10,(anonymous_1)
FN:25,(anonymous_2)
FNF:3
FNH:3
FNDA:5846,HomeButton
FNDA:217,(anonymous_1)
FNDA:217,(anonymous_2)
DA:8,5846
DA:10,5846
DA:11,217
DA:12,217
DA:13,0
DA:14,0
DA:15,0
DA:16,0
DA:21,5846
DA:25,217
LF:10
LH:6
BRDA:11,0,0,217
BRDA:11,0,1,0
BRDA:13,1,0,0
BRDA:13,1,1,0
BRDA:15,2,0,0
BRDA:15,2,1,0
BRF:6
BRH:1
end_of_record
TN:
SF:src\Components\Icons.js
FNF:0
FNH:0
DA:2,55
DA:38,55
DA:55,55
DA:63,55
DA:70,55
DA:77,55
DA:82,55
DA:86,55
DA:90,55
DA:94,55
DA:97,55
DA:101,55
DA:105,55
DA:109,55
DA:113,55
DA:117,55
DA:122,55
DA:129,55
DA:185,55
LF:19
LH:19
BRF:0
BRH:0
end_of_record
TN:
SF:src\Components\LoginForm.js
FN:8,isAlphaNumeric
FN:26,LoginForm
FN:36,(anonymous_2)
FN:38,(anonymous_3)
FN:48,(anonymous_4)
FN:54,(anonymous_5)
FN:91,(anonymous_6)
FN:98,(anonymous_7)
FN:100,(anonymous_8)
FNF:9
FNH:8
FNDA:79,isAlphaNumeric
FNDA:3603,LoginForm
FNDA:79,(anonymous_2)
FNDA:40,(anonymous_3)
FNDA:39,(anonymous_4)
FNDA:160,(anonymous_5)
FNDA:504,(anonymous_6)
FNDA:830,(anonymous_7)
FNDA:0,(anonymous_8)
DA:9,79
DA:11,79
DA:12,633
DA:13,633
DA:14,159
DA:16,633
DA:17,474
DA:20,79
DA:21,0
DA:23,79
DA:27,3603
DA:29,3558
DA:30,3558
DA:31,3558
DA:32,3558
DA:34,3558
DA:36,3558
DA:37,79
DA:39,40
DA:40,40
DA:41,40
DA:42,40
DA:43,40
DA:44,0
DA:45,0
DA:49,39
DA:50,39
DA:54,3558
DA:55,160
DA:56,41
DA:57,41
DA:58,41
DA:61,160
DA:62,119
DA:63,119
DA:64,119
DA:66,119
DA:70,119
DA:71,40
DA:72,40
DA:74,79
DA:76,119
DA:77,79
DA:82,3558
DA:91,504
DA:98,830
DA:100,0
LF:47
LH:43
BRDA:13,0,0,159
BRDA:13,0,1,474
BRDA:13,1,0,633
BRDA:13,1,1,633
BRDA:16,2,0,474
BRDA:16,2,1,159
BRDA:16,3,0,633
BRDA:16,3,1,474
BRDA:16,3,2,633
BRDA:16,3,3,474
BRDA:20,4,0,0
BRDA:20,4,1,79
BRDA:20,5,0,79
BRDA:20,5,1,79
BRDA:42,6,0,40
BRDA:42,6,1,0
BRDA:44,7,0,0
BRDA:44,7,1,0
BRDA:55,8,0,41
BRDA:55,8,1,119
BRDA:61,9,0,119
BRDA:61,9,1,41
BRDA:70,10,0,40
BRDA:70,10,1,79
BRDA:70,11,0,119
BRDA:70,11,1,119
BRDA:70,11,2,119
BRDA:70,11,3,79
BRDA:76,12,0,79
BRDA:76,12,1,40
BRDA:100,13,0,158
BRDA:100,13,1,3400
BRF:32
BRH:28
end_of_record
TN:
SF:src\Components\MyModal.js
FN:4,MyModal
FNF:1
FNH:1
FNDA:1254,MyModal
DA:6,1254
LF:1
LH:1
BRF:0
BRH:0
end_of_record
TN:
SF:src\Components\MyNav.js
FN:17,MyNav
FN:22,(anonymous_1)
FN:29,(anonymous_2)
FN:34,(anonymous_3)
FN:41,(anonymous_4)
FN:48,(anonymous_5)
FN:56,(anonymous_6)
FN:59,(anonymous_7)
FN:60,(anonymous_8)
FN:88,(anonymous_9)
FN:99,(anonymous_10)
FN:112,(anonymous_11)
FN:119,(anonymous_12)
FN:134,(anonymous_13)
FN:159,BasketOffCanvas
FN:164,(anonymous_15)
FN:167,(anonymous_16)
FN:178,(anonymous_17)
FN:184,handleClick
FN:188,(anonymous_19)
FN:195,getTotal
FN:199,(anonymous_21)
FN:205,checkAndOrder
FN:214,(anonymous_23)
FN:216,(anonymous_24)
FN:224,(anonymous_25)
FN:225,(anonymous_26)
FN:248,(anonymous_27)
FN:256,(anonymous_28)
FN:280,(anonymous_29)
FNF:30
FNH:8
FNDA:1424,MyNav
FNDA:21,(anonymous_1)
FNDA:0,(anonymous_2)
FNDA:0,(anonymous_3)
FNDA:0,(anonymous_4)
FNDA:21,(anonymous_5)
FNDA:0,(anonymous_6)
FNDA:119,(anonymous_7)
FNDA:64,(anonymous_8)
FNDA:0,(anonymous_9)
FNDA:0,(anonymous_10)
FNDA:0,(anonymous_11)
FNDA:0,(anonymous_12)
FNDA:0,(anonymous_13)
FNDA:1466,BasketOffCanvas
FNDA:0,(anonymous_15)
FNDA:110,(anonymous_16)
FNDA:76,(anonymous_17)
FNDA:0,handleClick
FNDA:0,(anonymous_19)
FNDA:0,getTotal
FNDA:0,(anonymous_21)
FNDA:0,checkAndOrder
FNDA:0,(anonymous_23)
FNDA:0,(anonymous_24)
FNDA:0,(anonymous_25)
FNDA:0,(anonymous_26)
FNDA:0,(anonymous_27)
FNDA:0,(anonymous_28)
FNDA:0,(anonymous_29)
DA:19,1424
DA:20,1424
DA:21,1424
DA:22,1424
DA:23,1424
DA:24,1424
DA:25,1424
DA:26,1424
DA:29,1424
DA:30,0
DA:31,0
DA:34,1424
DA:35,0
DA:36,0
DA:37,0
DA:41,1424
DA:42,0
DA:43,0
DA:44,0
DA:45,0
DA:48,1424
DA:49,21
DA:50,21
DA:51,21
DA:52,21
DA:56,1424
DA:59,1424
DA:60,119
DA:61,64
DA:65,1424
DA:88,0
DA:99,0
DA:112,0
DA:119,0
DA:134,0
DA:161,1466
DA:164,1466
DA:167,1466
DA:168,110
DA:169,55
DA:170,0
DA:172,55
DA:178,1466
DA:179,76
DA:180,76
DA:185,0
DA:186,0
DA:187,0
DA:188,0
DA:189,0
DA:190,0
DA:191,0
DA:196,0
DA:197,0
DA:198,0
DA:200,0
DA:206,0
DA:215,0
DA:216,0
DA:218,0
DA:219,0
DA:220,0
DA:221,0
DA:222,0
DA:224,0
DA:226,0
DA:231,1466
DA:249,0
DA:256,0
DA:280,0
LF:70
LH:31
BRDA:83,0,0,42
BRDA:83,0,1,1382
BRDA:129,1,0,1184
BRDA:129,1,1,240
BRDA:132,2,0,0
BRDA:132,2,1,1184
BRDA:132,3,0,1184
BRDA:132,3,1,0
BRDA:134,4,0,1184
BRDA:134,4,1,0
BRDA:150,5,0,1424
BRDA:150,5,1,0
BRDA:168,6,0,55
BRDA:168,6,1,55
BRDA:169,7,0,0
BRDA:169,7,1,55
BRDA:185,8,0,0
BRDA:185,8,1,0
BRDA:196,9,0,0
BRDA:196,9,1,0
BRDA:215,10,0,0
BRDA:215,10,1,0
BRDA:215,11,0,0
BRDA:215,11,1,0
BRDA:218,12,0,0
BRDA:218,12,1,0
BRDA:218,13,0,0
BRDA:218,13,1,0
BRDA:239,14,0,0
BRDA:239,14,1,1466
BRDA:239,15,0,1466
BRDA:239,15,1,1466
BRDA:251,16,0,0
BRDA:251,16,1,0
BRDA:273,17,0,1466
BRDA:273,17,1,1466
BRDA:273,17,2,0
BRDA:279,18,0,1466
BRDA:279,18,1,1466
BRF:39
BRH:18
end_of_record
TN:
SF:src\Components\MyNotifications.js
FN:5,MyNotifications
FN:7,(anonymous_1)
FNF:2
FNH:0
FNDA:0,MyNotifications
FNDA:0,(anonymous_1)
DA:6,0
DA:7,0
DA:9,0
LF:3
LH:0
BRF:0
BRH:0
end_of_record
TN:
SF:src\Components\OrderToggle.js
FN:5,OrderToggle
FN:11,totalprice
FN:14,(anonymous_2)
FN:21,handleConfirm
FN:44,(anonymous_4)
FNF:5
FNH:4
FNDA:72,OrderToggle
FNDA:72,totalprice
FNDA:112,(anonymous_2)
FNDA:0,handleConfirm
FNDA:112,(anonymous_4)
DA:7,72
DA:8,72
DA:12,72
DA:13,72
DA:15,112
DA:22,0
DA:23,0
DA:24,0
DA:25,0
DA:27,0
DA:31,72
DA:45,112
LF:12
LH:7
BRDA:12,0,0,72
BRDA:12,0,1,0
BRDA:12,1,0,72
BRDA:12,1,1,72
BRDA:24,2,0,0
BRDA:24,2,1,0
BRDA:44,3,0,72
BRDA:44,3,1,72
BRDA:55,4,0,0
BRDA:55,4,1,72
BRDA:56,5,0,72
BRDA:56,5,1,0
BRDA:58,6,0,72
BRDA:58,6,1,56
BRF:14
BRH:9
end_of_record
TN:
SF:src\Components\ProductRequest.js
FN:10,ModalEnd
FN:21,(anonymous_1)
FN:27,(anonymous_2)
FN:37,ProductLine
FN:44,(anonymous_4)
FN:49,(anonymous_5)
FN:56,(anonymous_6)
FN:63,(anonymous_7)
FN:98,ProductRequest
FN:107,(anonymous_9)
FN:108,(anonymous_10)
FN:111,(anonymous_11)
FN:114,(anonymous_12)
FN:121,(anonymous_13)
FN:125,(anonymous_14)
FN:134,(anonymous_15)
FN:186,(anonymous_16)
FN:191,(anonymous_17)
FN:200,(anonymous_18)
FN:201,(anonymous_19)
FN:217,(anonymous_20)
FN:232,(anonymous_21)
FN:233,(anonymous_22)
FN:234,(anonymous_23)
FN:237,(anonymous_24)
FN:245,(anonymous_25)
FNF:26
FNH:17
FNDA:178,ModalEnd
FNDA:0,(anonymous_1)
FNDA:0,(anonymous_2)
FNDA:712,ProductLine
FNDA:30,(anonymous_4)
FNDA:29,(anonymous_5)
FNDA:59,(anonymous_6)
FNDA:29,(anonymous_7)
FNDA:538,ProductRequest
FNDA:0,(anonymous_9)
FNDA:0,(anonymous_10)
FNDA:180,(anonymous_11)
FNDA:74,(anonymous_12)
FNDA:69,(anonymous_13)
FNDA:238,(anonymous_14)
FNDA:0,(anonymous_15)
FNDA:10672,(anonymous_16)
FNDA:30,(anonymous_17)
FNDA:712,(anonymous_18)
FNDA:0,(anonymous_19)
FNDA:0,(anonymous_20)
FNDA:712,(anonymous_21)
FNDA:712,(anonymous_22)
FNDA:712,(anonymous_23)
FNDA:0,(anonymous_24)
FNDA:0,(anonymous_25)
DA:11,178
DA:21,0
DA:28,0
DA:29,0
DA:38,712
DA:40,712
DA:42,712
DA:44,712
DA:45,30
DA:46,30
DA:49,712
DA:50,29
DA:51,29
DA:52,29
DA:56,712
DA:57,59
DA:58,59
DA:59,30
DA:60,30
DA:61,30
DA:63,29
DA:64,29
DA:65,29
DA:67,0
DA:68,0
DA:69,0
DA:70,0
DA:76,712
DA:99,538
DA:100,538
DA:101,538
DA:102,538
DA:103,538
DA:106,538
DA:107,538
DA:108,538
DA:111,538
DA:112,180
DA:113,74
DA:115,74
DA:116,74
DA:121,538
DA:125,538
DA:126,238
DA:128,238
DA:129,60
DA:131,238
DA:134,538
DA:135,0
DA:146,0
DA:148,0
DA:149,0
DA:150,0
DA:157,0
DA:158,0
DA:159,0
DA:160,0
DA:161,0
DA:162,0
DA:167,538
DA:168,0
DA:169,0
DA:171,538
DA:172,538
DA:174,538
DA:187,10672
DA:191,30
DA:200,712
DA:202,0
DA:217,0
DA:232,712
DA:233,712
DA:234,712
DA:237,0
DA:245,0
LF:75
LH:51
BRDA:42,0,0,712
BRDA:42,0,1,60
BRDA:42,0,2,0
BRDA:50,1,0,29
BRDA:50,1,1,0
BRDA:58,2,0,30
BRDA:58,2,1,29
BRDA:64,3,0,29
BRDA:64,3,1,0
BRDA:77,4,0,60
BRDA:77,4,1,652
BRDA:87,5,0,60
BRDA:87,5,1,652
BRDA:88,6,0,712
BRDA:88,6,1,0
BRDA:90,7,0,60
BRDA:90,7,1,652
BRDA:112,8,0,74
BRDA:112,8,1,106
BRDA:148,9,0,0
BRDA:148,9,1,0
BRDA:157,10,0,0
BRDA:157,10,1,0
BRDA:167,11,0,0
BRDA:167,11,1,538
BRDA:175,12,0,538
BRDA:175,12,1,0
BRDA:175,13,0,538
BRDA:175,13,1,538
BRDA:198,14,0,538
BRDA:198,14,1,178
BRDA:200,15,0,178
BRDA:200,15,1,0
BRDA:201,16,0,178
BRDA:201,16,1,0
BRDA:233,17,0,712
BRDA:233,17,1,0
BRDA:237,18,0,178
BRDA:237,18,1,0
BRDA:237,18,2,0
BRDA:242,19,0,178
BRDA:242,19,1,60
BRDA:258,20,0,0
BRDA:258,20,1,0
BRF:44
BRH:27
end_of_record
TN:
SF:src\Components\ProductsList.js
FN:9,ProductsList
FN:12,(anonymous_1)
FN:13,(anonymous_2)
FN:14,(anonymous_3)
FN:21,(anonymous_4)
FN:25,(anonymous_5)
FN:29,(anonymous_6)
FN:31,(anonymous_7)
FN:34,(anonymous_8)
FN:35,(anonymous_9)
FN:36,(anonymous_10)
FN:43,(anonymous_11)
FN:44,(anonymous_12)
FN:51,(anonymous_13)
FN:53,(anonymous_14)
FN:64,showFarmer
FN:66,(anonymous_16)
FN:69,hideFarmer
FN:71,(anonymous_18)
FN:71,(anonymous_19)
FN:78,(anonymous_20)
FN:82,(anonymous_21)
FN:92,(anonymous_22)
FN:105,(anonymous_23)
FN:136,(anonymous_24)
FN:144,(anonymous_25)
FN:160,(anonymous_26)
FN:160,(anonymous_27)
FN:165,(anonymous_28)
FN:175,Product
FN:180,add
FN:181,(anonymous_31)
FN:183,sub
FN:184,(anonymous_33)
FN:187,addToBasket
FN:200,(anonymous_35)
FN:204,(anonymous_36)
FN:265,(anonymous_37)
FN:271,(anonymous_38)
FN:274,(anonymous_39)
FN:284,CustomToggle
FN:286,(anonymous_41)
FN:287,(anonymous_42)
FNF:43
FNH:21
FNDA:740,ProductsList
FNDA:0,(anonymous_1)
FNDA:0,(anonymous_2)
FNDA:2336,(anonymous_3)
FNDA:145,(anonymous_4)
FNDA:48,(anonymous_5)
FNDA:48,(anonymous_6)
FNDA:46,(anonymous_7)
FNDA:48,(anonymous_8)
FNDA:48,(anonymous_9)
FNDA:24,(anonymous_10)
FNDA:49,(anonymous_11)
FNDA:23,(anonymous_12)
FNDA:49,(anonymous_13)
FNDA:0,(anonymous_14)
FNDA:0,showFarmer
FNDA:0,(anonymous_16)
FNDA:0,hideFarmer
FNDA:0,(anonymous_18)
FNDA:0,(anonymous_19)
FNDA:1752,(anonymous_20)
FNDA:19,(anonymous_21)
FNDA:10,(anonymous_22)
FNDA:0,(anonymous_23)
FNDA:256,(anonymous_24)
FNDA:0,(anonymous_25)
FNDA:2336,(anonymous_26)
FNDA:302,(anonymous_27)
FNDA:604,(anonymous_28)
FNDA:314,Product
FNDA:0,add
FNDA:0,(anonymous_31)
FNDA:0,sub
FNDA:0,(anonymous_33)
FNDA:0,addToBasket
FNDA:0,(anonymous_35)
FNDA:0,(anonymous_36)
FNDA:0,(anonymous_37)
FNDA:0,(anonymous_38)
FNDA:0,(anonymous_39)
FNDA:604,CustomToggle
FNDA:0,(anonymous_41)
FNDA:0,(anonymous_42)
DA:10,740
DA:11,728
DA:12,728
DA:13,728
DA:14,2336
DA:15,728
DA:16,728
DA:17,728
DA:18,728
DA:21,728
DA:22,145
DA:23,48
DA:24,48
DA:26,48
DA:27,48
DA:28,48
DA:30,48
DA:32,46
DA:35,48
DA:36,48
DA:37,48
DA:43,728
DA:44,49
DA:45,23
DA:51,728
DA:52,49
DA:53,0
DA:54,0
DA:58,0
DA:59,0
DA:65,0
DA:66,0
DA:70,0
DA:71,0
DA:75,728
DA:79,1752
DA:83,19
DA:93,10
DA:105,0
DA:137,256
DA:144,0
DA:160,2336
DA:161,302
DA:165,604
DA:177,314
DA:181,0
DA:184,0
DA:188,0
DA:189,0
DA:190,0
DA:193,0
DA:194,0
DA:197,0
DA:200,0
DA:201,0
DA:204,0
DA:205,0
DA:212,0
DA:215,0
DA:216,0
DA:217,0
DA:221,302
DA:265,0
DA:271,0
DA:274,0
DA:285,604
DA:286,604
DA:287,0
DA:290,604
LF:69
LH:39
BRDA:22,0,0,48
BRDA:22,0,1,97
BRDA:22,1,0,145
BRDA:22,1,1,109
BRDA:52,2,0,0
BRDA:52,2,1,49
BRDA:54,3,0,0
BRDA:54,3,1,0
BRDA:65,4,0,0
BRDA:65,4,1,0
BRDA:70,5,0,0
BRDA:70,5,1,0
BRDA:117,6,0,728
BRDA:117,6,1,0
BRDA:144,7,0,0
BRDA:144,7,1,0
BRDA:160,8,0,2336
BRDA:160,8,1,0
BRDA:160,9,0,2336
BRDA:160,9,1,2298
BRDA:160,9,2,2222
BRDA:165,10,0,302
BRDA:165,10,1,302
BRDA:188,11,0,0
BRDA:188,11,1,0
BRDA:193,12,0,0
BRDA:193,12,1,0
BRDA:200,13,0,0
BRDA:200,13,1,0
BRDA:205,14,0,0
BRDA:205,14,1,0
BRDA:258,15,0,302
BRDA:258,15,1,0
BRDA:262,16,0,0
BRDA:262,16,1,0
BRDA:268,17,0,0
BRDA:268,17,1,0
BRDA:291,18,0,604
BRDA:291,18,1,0
BRF:39
BRH:14
end_of_record
TN:
SF:src\Components\Register.js
FN:7,Register
FN:15,(anonymous_1)
FN:22,(anonymous_2)
FN:31,(anonymous_3)
FN:35,(anonymous_4)
FN:36,(anonymous_5)
FN:54,(anonymous_6)
FN:64,(anonymous_7)
FN:81,(anonymous_8)
FN:97,(anonymous_9)
FN:113,(anonymous_10)
FN:129,(anonymous_11)
FNF:12
FNH:11
FNDA:3620,Register
FNDA:20,(anonymous_1)
FNDA:20,(anonymous_2)
FNDA:0,(anonymous_3)
FNDA:83,(anonymous_4)
FNDA:47,(anonymous_5)
FNDA:20,(anonymous_6)
FNDA:175,(anonymous_7)
FNDA:216,(anonymous_8)
FNDA:828,(anonymous_9)
FNDA:44,(anonymous_10)
FNDA:336,(anonymous_11)
DA:8,3620
DA:9,3604
DA:10,3604
DA:11,3604
DA:12,3604
DA:13,3604
DA:15,3604
DA:16,20
DA:17,20
DA:18,20
DA:19,0
DA:21,20
DA:23,20
DA:24,20
DA:25,20
DA:26,20
DA:27,20
DA:28,20
DA:29,20
DA:35,3604
DA:36,83
DA:37,47
DA:41,3604
DA:54,20
DA:64,175
DA:81,216
DA:97,828
DA:113,44
DA:129,336
LF:29
LH:28
BRDA:18,0,0,0
BRDA:18,0,1,20
BRDA:46,1,0,280
BRDA:46,1,1,3324
BRF:4
BRH:3
end_of_record
TN:
SF:src\Components\RegisterUser.js
FN:7,isAlphaNumeric
FN:44,(anonymous_1)
FN:64,(anonymous_2)
FN:75,(anonymous_3)
FN:82,(anonymous_4)
FN:89,(anonymous_5)
FN:97,(anonymous_6)
FN:98,(anonymous_7)
FN:103,(anonymous_8)
FN:110,(anonymous_9)
FN:117,(anonymous_10)
FN:121,(anonymous_11)
FN:156,(anonymous_12)
FN:161,(anonymous_13)
FN:167,(anonymous_14)
FN:197,(anonymous_15)
FN:202,(anonymous_16)
FN:208,(anonymous_17)
FN:313,(anonymous_18)
FN:318,(anonymous_19)
FN:323,(anonymous_20)
FN:365,(anonymous_21)
FNF:22
FNH:0
FNDA:0,isAlphaNumeric
FNDA:0,(anonymous_1)
FNDA:0,(anonymous_2)
FNDA:0,(anonymous_3)
FNDA:0,(anonymous_4)
FNDA:0,(anonymous_5)
FNDA:0,(anonymous_6)
FNDA:0,(anonymous_7)
FNDA:0,(anonymous_8)
FNDA:0,(anonymous_9)
FNDA:0,(anonymous_10)
FNDA:0,(anonymous_11)
FNDA:0,(anonymous_12)
FNDA:0,(anonymous_13)
FNDA:0,(anonymous_14)
FNDA:0,(anonymous_15)
FNDA:0,(anonymous_16)
FNDA:0,(anonymous_17)
FNDA:0,(anonymous_18)
FNDA:0,(anonymous_19)
FNDA:0,(anonymous_20)
FNDA:0,(anonymous_21)
DA:8,0
DA:10,0
DA:11,0
DA:12,0
DA:13,0
DA:15,0
DA:16,0
DA:19,0
DA:20,0
DA:22,0
DA:27,0
DA:44,0
DA:45,0
DA:46,0
DA:47,0
DA:48,0
DA:51,0
DA:53,0
DA:54,0
DA:55,0
DA:56,0
DA:57,0
DA:58,0
DA:59,0
DA:60,0
DA:61,0
DA:64,0
DA:65,0
DA:66,0
DA:67,0
DA:68,0
DA:72,0
DA:73,0
DA:74,0
DA:75,0
DA:76,0
DA:77,0
DA:81,0
DA:82,0
DA:83,0
DA:84,0
DA:88,0
DA:89,0
DA:90,0
DA:91,0
DA:98,0
DA:99,0
DA:103,0
DA:104,0
DA:105,0
DA:110,0
DA:111,0
DA:112,0
DA:117,0
DA:118,0
DA:122,0
DA:123,0
DA:124,0
DA:126,0
DA:132,0
DA:139,0
DA:156,0
DA:157,0
DA:158,0
DA:161,0
DA:162,0
DA:163,0
DA:168,0
DA:197,0
DA:198,0
DA:199,0
DA:202,0
DA:203,0
DA:204,0
DA:209,0
DA:313,0
DA:314,0
DA:315,0
DA:318,0
DA:319,0
DA:320,0
DA:324,0
DA:326,0
DA:365,0
LF:84
LH:0
BRDA:12,0,0,0
BRDA:12,0,1,0
BRDA:12,1,0,0
BRDA:12,1,1,0
BRDA:15,2,0,0
BRDA:15,2,1,0
BRDA:15,3,0,0
BRDA:15,3,1,0
BRDA:15,3,2,0
BRDA:15,3,3,0
BRDA:19,4,0,0
BRDA:19,4,1,0
BRDA:19,5,0,0
BRDA:19,5,1,0
BRDA:47,6,0,0
BRDA:47,6,1,0
BRDA:53,7,0,0
BRDA:53,7,1,0
BRDA:58,8,0,0
BRDA:58,8,1,0
BRDA:58,9,0,0
BRDA:58,9,1,0
BRDA:58,9,2,0
BRDA:65,10,0,0
BRDA:65,10,1,0
BRDA:72,11,0,0
BRDA:72,11,1,0
BRDA:72,12,0,0
BRDA:72,12,1,0
BRDA:81,13,0,0
BRDA:81,13,1,0
BRDA:81,14,0,0
BRDA:81,14,1,0
BRDA:88,15,0,0
BRDA:88,15,1,0
BRDA:88,16,0,0
BRDA:88,16,1,0
BRDA:124,17,0,0
BRDA:124,17,1,0
BRDA:124,17,2,0
BRDA:251,18,0,0
BRDA:251,18,1,0
BRDA:290,19,0,0
BRDA:290,19,1,0
BRDA:331,20,0,0
BRDA:331,20,1,0
BRDA:339,21,0,0
BRDA:339,21,1,0
BRDA:420,22,0,0
BRDA:420,22,1,0
BRDA:420,23,0,0
BRDA:420,23,1,0
BRF:52
BRH:0
end_of_record
TN:
SF:src\Components\ShopEmployeeHome.js
FN:4,ShopEmployeeHome
FNF:1
FNH:1
FNDA:570,ShopEmployeeHome
DA:5,570
LF:1
LH:1
BRF:0
BRH:0
end_of_record
TN:
SF:src\Components\Type.js
FN:5,Type
FNF:1
FNH:0
FNDA:0,Type
DA:6,0
LF:1
LH:0
BRF:0
BRH:0
end_of_record
TN:
SF:src\Components\UpdatePassword.js
FN:7,isAlphaNumeric
FN:25,UpdatePassword
FN:35,(anonymous_2)
FN:45,(anonymous_3)
FN:63,(anonymous_4)
FN:74,(anonymous_5)
FN:75,(anonymous_6)
FN:80,(anonymous_7)
FN:81,(anonymous_8)
FN:106,(anonymous_9)
FN:119,(anonymous_10)
FN:137,(anonymous_11)
FN:155,(anonymous_12)
FNF:13
FNH:0
FNDA:0,isAlphaNumeric
FNDA:0,UpdatePassword
FNDA:0,(anonymous_2)
FNDA:0,(anonymous_3)
FNDA:0,(anonymous_4)
FNDA:0,(anonymous_5)
FNDA:0,(anonymous_6)
FNDA:0,(anonymous_7)
FNDA:0,(anonymous_8)
FNDA:0,(anonymous_9)
FNDA:0,(anonymous_10)
FNDA:0,(anonymous_11)
FNDA:0,(anonymous_12)
DA:8,0
DA:10,0
DA:11,0
DA:12,0
DA:13,0
DA:15,0
DA:16,0
DA:19,0
DA:20,0
DA:22,0
DA:26,0
DA:27,0
DA:28,0
DA:29,0
DA:30,0
DA:31,0
DA:32,0
DA:35,0
DA:36,0
DA:37,0
DA:38,0
DA:39,0
DA:41,0
DA:42,0
DA:45,0
DA:46,0
DA:47,0
DA:48,0
DA:52,0
DA:53,0
DA:54,0
DA:55,0
DA:56,0
DA:57,0
DA:58,0
DA:59,0
DA:62,0
DA:63,0
DA:64,0
DA:65,0
DA:68,0
DA:69,0
DA:74,0
DA:75,0
DA:76,0
DA:80,0
DA:81,0
DA:82,0
DA:86,0
DA:106,0
DA:119,0
DA:137,0
DA:155,0
LF:53
LH:0
BRDA:12,0,0,0
BRDA:12,0,1,0
BRDA:12,1,0,0
BRDA:12,1,1,0
BRDA:15,2,0,0
BRDA:15,2,1,0
BRDA:15,3,0,0
BRDA:15,3,1,0
BRDA:15,3,2,0
BRDA:15,3,3,0
BRDA:19,4,0,0
BRDA:19,4,1,0
BRDA:19,5,0,0
BRDA:19,5,1,0
BRDA:38,6,0,0
BRDA:38,6,1,0
BRDA:46,7,0,0
BRDA:46,7,1,0
BRDA:46,8,0,0
BRDA:46,8,1,0
BRDA:52,9,0,0
BRDA:52,9,1,0
BRDA:56,10,0,0
BRDA:56,10,1,0
BRDA:56,11,0,0
BRDA:56,11,1,0
BRDA:56,11,2,0
BRDA:62,12,0,0
BRDA:62,12,1,0
BRDA:62,13,0,0
BRDA:62,13,1,0
BRDA:91,14,0,0
BRDA:91,14,1,0
BRDA:99,15,0,0
BRDA:99,15,1,0
BRF:35
BRH:0
end_of_record
TN:
SF:src\Components\Wallet.js
FN:9,Wallet
FN:17,(anonymous_1)
FN:20,(anonymous_2)
FN:26,(anonymous_3)
FN:32,(anonymous_4)
FN:34,(anonymous_5)
FN:36,(anonymous_6)
FN:45,handlechange
FN:46,(anonymous_8)
FN:51,(anonymous_9)
FN:58,(anonymous_10)
FN:64,(anonymous_11)
FN:88,(anonymous_12)
FN:98,(anonymous_13)
FN:125,(anonymous_14)
FNF:15
FNH:14
FNDA:775,Wallet
FNDA:161,(anonymous_1)
FNDA:63,(anonymous_2)
FNDA:3813,(anonymous_3)
FNDA:66,(anonymous_4)
FNDA:13,(anonymous_5)
FNDA:2,(anonymous_6)
FNDA:31,handlechange
FNDA:744,(anonymous_8)
FNDA:15,(anonymous_9)
FNDA:15,(anonymous_10)
FNDA:0,(anonymous_11)
FNDA:31,(anonymous_12)
FNDA:15,(anonymous_13)
FNDA:30,(anonymous_14)
DA:10,775
DA:11,762
DA:12,762
DA:13,762
DA:14,762
DA:15,762
DA:17,762
DA:18,161
DA:19,65
DA:21,63
DA:22,63
DA:25,161
DA:26,161
DA:27,3813
DA:32,762
DA:33,66
DA:34,15
DA:35,13
DA:36,13
DA:37,2
DA:38,2
DA:46,744
DA:47,31
DA:48,31
DA:51,762
DA:52,15
DA:53,15
DA:54,15
DA:55,0
DA:57,15
DA:59,15
DA:60,15
DA:61,15
DA:62,15
DA:64,0
DA:68,762
DA:88,31
DA:98,15
DA:125,30
LF:39
LH:37
BRDA:18,0,0,65
BRDA:18,0,1,96
BRDA:25,1,0,161
BRDA:25,1,1,0
BRDA:33,2,0,15
BRDA:33,2,1,51
BRDA:54,3,0,0
BRDA:54,3,1,15
BRDA:72,4,0,230
BRDA:72,4,1,532
BRDA:72,5,0,762
BRDA:72,5,1,230
BRDA:76,6,0,0
BRDA:76,6,1,532
BRDA:92,7,0,762
BRDA:92,7,1,92
BRDA:92,7,2,92
BRDA:138,8,0,0
BRDA:138,8,1,762
BRF:19
BRH:15
end_of_record
