{"/Users/francescociarla/Documents/Polito/SoftEngII/se2021-07-SolidarityPurchasingGroup/server/client-dao.js": {"path":"/Users/francescociarla/Documents/Polito/SoftEngII/se2021-07-SolidarityPurchasingGroup/server/client-dao.js","statementMap":{"0":{"start":{"line":3,"column":11},"end":{"line":3,"column":32}},"1":{"start":{"line":6,"column":0},"end":{"line":16,"column":2}},"2":{"start":{"line":7,"column":4},"end":{"line":15,"column":7}},"3":{"start":{"line":8,"column":20},"end":{"line":8,"column":42}},"4":{"start":{"line":9,"column":8},"end":{"line":14,"column":11}},"5":{"start":{"line":10,"column":12},"end":{"line":12,"column":13}},"6":{"start":{"line":11,"column":16},"end":{"line":11,"column":28}},"7":{"start":{"line":13,"column":12},"end":{"line":13,"column":26}},"8":{"start":{"line":19,"column":0},"end":{"line":29,"column":2}},"9":{"start":{"line":20,"column":4},"end":{"line":28,"column":7}},"10":{"start":{"line":21,"column":20},"end":{"line":21,"column":40}},"11":{"start":{"line":22,"column":8},"end":{"line":27,"column":11}},"12":{"start":{"line":23,"column":12},"end":{"line":26,"column":27}},"13":{"start":{"line":24,"column":16},"end":{"line":24,"column":28}},"14":{"start":{"line":26,"column":17},"end":{"line":26,"column":27}},"15":{"start":{"line":32,"column":0},"end":{"line":42,"column":2}},"16":{"start":{"line":33,"column":4},"end":{"line":41,"column":7}},"17":{"start":{"line":34,"column":20},"end":{"line":34,"column":98}},"18":{"start":{"line":35,"column":8},"end":{"line":40,"column":11}},"19":{"start":{"line":36,"column":12},"end":{"line":38,"column":13}},"20":{"start":{"line":37,"column":16},"end":{"line":37,"column":28}},"21":{"start":{"line":39,"column":12},"end":{"line":39,"column":33}},"22":{"start":{"line":45,"column":0},"end":{"line":56,"column":2}},"23":{"start":{"line":46,"column":4},"end":{"line":55,"column":7}},"24":{"start":{"line":47,"column":20},"end":{"line":47,"column":77}},"25":{"start":{"line":48,"column":8},"end":{"line":54,"column":11}},"26":{"start":{"line":49,"column":12},"end":{"line":51,"column":13}},"27":{"start":{"line":50,"column":16},"end":{"line":50,"column":28}},"28":{"start":{"line":52,"column":12},"end":{"line":53,"column":31}},"29":{"start":{"line":52,"column":36},"end":{"line":52,"column":51}},"30":{"start":{"line":53,"column":17},"end":{"line":53,"column":31}},"31":{"start":{"line":59,"column":0},"end":{"line":69,"column":2}},"32":{"start":{"line":60,"column":4},"end":{"line":68,"column":7}},"33":{"start":{"line":61,"column":20},"end":{"line":61,"column":57}},"34":{"start":{"line":62,"column":8},"end":{"line":67,"column":11}},"35":{"start":{"line":63,"column":12},"end":{"line":65,"column":13}},"36":{"start":{"line":64,"column":16},"end":{"line":64,"column":28}},"37":{"start":{"line":66,"column":12},"end":{"line":66,"column":25}},"38":{"start":{"line":73,"column":0},"end":{"line":84,"column":2}},"39":{"start":{"line":74,"column":4},"end":{"line":83,"column":7}},"40":{"start":{"line":75,"column":20},"end":{"line":75,"column":77}},"41":{"start":{"line":76,"column":8},"end":{"line":82,"column":11}},"42":{"start":{"line":77,"column":12},"end":{"line":79,"column":13}},"43":{"start":{"line":78,"column":16},"end":{"line":78,"column":28}},"44":{"start":{"line":80,"column":12},"end":{"line":81,"column":31}},"45":{"start":{"line":80,"column":36},"end":{"line":80,"column":51}},"46":{"start":{"line":81,"column":17},"end":{"line":81,"column":31}}},"fnMap":{"0":{"name":"(anonymous_0)","decl":{"start":{"line":6,"column":21},"end":{"line":6,"column":22}},"loc":{"start":{"line":6,"column":27},"end":{"line":16,"column":1}},"line":6},"1":{"name":"(anonymous_1)","decl":{"start":{"line":7,"column":23},"end":{"line":7,"column":24}},"loc":{"start":{"line":7,"column":44},"end":{"line":15,"column":5}},"line":7},"2":{"name":"(anonymous_2)","decl":{"start":{"line":9,"column":24},"end":{"line":9,"column":25}},"loc":{"start":{"line":9,"column":39},"end":{"line":14,"column":9}},"line":9},"3":{"name":"(anonymous_3)","decl":{"start":{"line":19,"column":27},"end":{"line":19,"column":28}},"loc":{"start":{"line":19,"column":33},"end":{"line":29,"column":1}},"line":19},"4":{"name":"(anonymous_4)","decl":{"start":{"line":20,"column":23},"end":{"line":20,"column":24}},"loc":{"start":{"line":20,"column":44},"end":{"line":28,"column":5}},"line":20},"5":{"name":"(anonymous_5)","decl":{"start":{"line":22,"column":24},"end":{"line":22,"column":25}},"loc":{"start":{"line":22,"column":39},"end":{"line":27,"column":9}},"line":22},"6":{"name":"(anonymous_6)","decl":{"start":{"line":32,"column":23},"end":{"line":32,"column":24}},"loc":{"start":{"line":32,"column":35},"end":{"line":42,"column":1}},"line":32},"7":{"name":"(anonymous_7)","decl":{"start":{"line":33,"column":23},"end":{"line":33,"column":24}},"loc":{"start":{"line":33,"column":44},"end":{"line":41,"column":5}},"line":33},"8":{"name":"(anonymous_8)","decl":{"start":{"line":35,"column":97},"end":{"line":35,"column":98}},"loc":{"start":{"line":35,"column":112},"end":{"line":40,"column":9}},"line":35},"9":{"name":"(anonymous_9)","decl":{"start":{"line":45,"column":16},"end":{"line":45,"column":17}},"loc":{"start":{"line":45,"column":39},"end":{"line":56,"column":1}},"line":45},"10":{"name":"(anonymous_10)","decl":{"start":{"line":46,"column":23},"end":{"line":46,"column":24}},"loc":{"start":{"line":46,"column":44},"end":{"line":55,"column":5}},"line":46},"11":{"name":"(anonymous_11)","decl":{"start":{"line":48,"column":41},"end":{"line":48,"column":42}},"loc":{"start":{"line":48,"column":56},"end":{"line":54,"column":9}},"line":48},"12":{"name":"(anonymous_12)","decl":{"start":{"line":59,"column":24},"end":{"line":59,"column":25}},"loc":{"start":{"line":59,"column":38},"end":{"line":69,"column":1}},"line":59},"13":{"name":"(anonymous_13)","decl":{"start":{"line":60,"column":23},"end":{"line":60,"column":24}},"loc":{"start":{"line":60,"column":44},"end":{"line":68,"column":5}},"line":60},"14":{"name":"(anonymous_14)","decl":{"start":{"line":62,"column":32},"end":{"line":62,"column":33}},"loc":{"start":{"line":62,"column":46},"end":{"line":67,"column":9}},"line":62},"15":{"name":"(anonymous_15)","decl":{"start":{"line":73,"column":29},"end":{"line":73,"column":30}},"loc":{"start":{"line":73,"column":51},"end":{"line":84,"column":1}},"line":73},"16":{"name":"(anonymous_16)","decl":{"start":{"line":74,"column":23},"end":{"line":74,"column":24}},"loc":{"start":{"line":74,"column":44},"end":{"line":83,"column":5}},"line":74},"17":{"name":"(anonymous_17)","decl":{"start":{"line":76,"column":40},"end":{"line":76,"column":41}},"loc":{"start":{"line":76,"column":55},"end":{"line":82,"column":9}},"line":76}},"branchMap":{"0":{"loc":{"start":{"line":10,"column":12},"end":{"line":12,"column":13}},"type":"if","locations":[{"start":{"line":10,"column":12},"end":{"line":12,"column":13}},{"start":{},"end":{}}],"line":10},"1":{"loc":{"start":{"line":23,"column":12},"end":{"line":26,"column":27}},"type":"if","locations":[{"start":{"line":23,"column":12},"end":{"line":26,"column":27}},{"start":{"line":26,"column":17},"end":{"line":26,"column":27}}],"line":23},"2":{"loc":{"start":{"line":36,"column":12},"end":{"line":38,"column":13}},"type":"if","locations":[{"start":{"line":36,"column":12},"end":{"line":38,"column":13}},{"start":{},"end":{}}],"line":36},"3":{"loc":{"start":{"line":49,"column":12},"end":{"line":51,"column":13}},"type":"if","locations":[{"start":{"line":49,"column":12},"end":{"line":51,"column":13}},{"start":{},"end":{}}],"line":49},"4":{"loc":{"start":{"line":52,"column":12},"end":{"line":53,"column":31}},"type":"if","locations":[{"start":{"line":52,"column":12},"end":{"line":53,"column":31}},{"start":{"line":53,"column":17},"end":{"line":53,"column":31}}],"line":52},"5":{"loc":{"start":{"line":63,"column":12},"end":{"line":65,"column":13}},"type":"if","locations":[{"start":{"line":63,"column":12},"end":{"line":65,"column":13}},{"start":{},"end":{}}],"line":63},"6":{"loc":{"start":{"line":77,"column":12},"end":{"line":79,"column":13}},"type":"if","locations":[{"start":{"line":77,"column":12},"end":{"line":79,"column":13}},{"start":{},"end":{}}],"line":77},"7":{"loc":{"start":{"line":80,"column":12},"end":{"line":81,"column":31}},"type":"if","locations":[{"start":{"line":80,"column":12},"end":{"line":81,"column":31}},{"start":{"line":81,"column":17},"end":{"line":81,"column":31}}],"line":80}},"s":{"0":12,"1":12,"2":1,"3":1,"4":1,"5":1,"6":0,"7":1,"8":12,"9":29,"10":29,"11":29,"12":29,"13":0,"14":29,"15":12,"16":16,"17":16,"18":16,"19":16,"20":0,"21":16,"22":12,"23":1,"24":1,"25":1,"26":1,"27":0,"28":1,"29":0,"30":1,"31":12,"32":3,"33":3,"34":3,"35":3,"36":0,"37":3,"38":12,"39":0,"40":0,"41":0,"42":0,"43":0,"44":0,"45":0,"46":0},"f":{"0":1,"1":1,"2":1,"3":29,"4":29,"5":29,"6":16,"7":16,"8":16,"9":1,"10":1,"11":1,"12":3,"13":3,"14":3,"15":0,"16":0,"17":0},"b":{"0":[0,1],"1":[0,29],"2":[0,16],"3":[0,1],"4":[0,1],"5":[0,3],"6":[0,0],"7":[0,0]},"_coverageSchema":"1a1c01bbd47fc00a2c39e90264f33305004495a9","hash":"39059eb7be1cf4ad8c6a95e68384fadc015e5ccb"}
,"/Users/francescociarla/Documents/Polito/SoftEngII/se2021-07-SolidarityPurchasingGroup/server/database.js": {"path":"/Users/francescociarla/Documents/Polito/SoftEngII/se2021-07-SolidarityPurchasingGroup/server/database.js","statementMap":{"0":{"start":{"line":3,"column":15},"end":{"line":3,"column":33}},"1":{"start":{"line":12,"column":17},"end":{"line":14,"column":2}},"2":{"start":{"line":13,"column":4},"end":{"line":13,"column":23}},"3":{"start":{"line":13,"column":13},"end":{"line":13,"column":23}},"4":{"start":{"line":16,"column":0},"end":{"line":16,"column":26}}},"fnMap":{"0":{"name":"(anonymous_0)","decl":{"start":{"line":12,"column":57},"end":{"line":12,"column":58}},"loc":{"start":{"line":12,"column":66},"end":{"line":14,"column":1}},"line":12}},"branchMap":{"0":{"loc":{"start":{"line":13,"column":4},"end":{"line":13,"column":23}},"type":"if","locations":[{"start":{"line":13,"column":4},"end":{"line":13,"column":23}},{"start":{},"end":{}}],"line":13}},"s":{"0":12,"1":12,"2":12,"3":0,"4":12},"f":{"0":12},"b":{"0":[0,12]},"_coverageSchema":"1a1c01bbd47fc00a2c39e90264f33305004495a9","hash":"0396fed45cfaebc84703323ea8ae818380e5b56c"}
,"/Users/francescociarla/Documents/Polito/SoftEngII/se2021-07-SolidarityPurchasingGroup/server/farmer-dao.js": {"path":"/Users/francescociarla/Documents/Polito/SoftEngII/se2021-07-SolidarityPurchasingGroup/server/farmer-dao.js","statementMap":{"0":{"start":{"line":3,"column":11},"end":{"line":3,"column":32}},"1":{"start":{"line":6,"column":0},"end":{"line":16,"column":2}},"2":{"start":{"line":7,"column":4},"end":{"line":15,"column":7}},"3":{"start":{"line":8,"column":20},"end":{"line":8,"column":54}},"4":{"start":{"line":9,"column":8},"end":{"line":14,"column":11}},"5":{"start":{"line":10,"column":12},"end":{"line":12,"column":13}},"6":{"start":{"line":11,"column":16},"end":{"line":11,"column":28}},"7":{"start":{"line":13,"column":12},"end":{"line":13,"column":26}},"8":{"start":{"line":21,"column":0},"end":{"line":31,"column":2}},"9":{"start":{"line":22,"column":4},"end":{"line":30,"column":7}},"10":{"start":{"line":23,"column":20},"end":{"line":23,"column":40}},"11":{"start":{"line":24,"column":8},"end":{"line":29,"column":11}},"12":{"start":{"line":25,"column":12},"end":{"line":28,"column":27}},"13":{"start":{"line":26,"column":16},"end":{"line":26,"column":28}},"14":{"start":{"line":28,"column":17},"end":{"line":28,"column":27}},"15":{"start":{"line":34,"column":0},"end":{"line":44,"column":2}},"16":{"start":{"line":35,"column":4},"end":{"line":43,"column":7}},"17":{"start":{"line":36,"column":20},"end":{"line":36,"column":97}},"18":{"start":{"line":37,"column":8},"end":{"line":42,"column":11}},"19":{"start":{"line":38,"column":12},"end":{"line":40,"column":13}},"20":{"start":{"line":39,"column":16},"end":{"line":39,"column":28}},"21":{"start":{"line":41,"column":12},"end":{"line":41,"column":33}}},"fnMap":{"0":{"name":"(anonymous_0)","decl":{"start":{"line":6,"column":21},"end":{"line":6,"column":22}},"loc":{"start":{"line":6,"column":27},"end":{"line":16,"column":1}},"line":6},"1":{"name":"(anonymous_1)","decl":{"start":{"line":7,"column":23},"end":{"line":7,"column":24}},"loc":{"start":{"line":7,"column":44},"end":{"line":15,"column":5}},"line":7},"2":{"name":"(anonymous_2)","decl":{"start":{"line":9,"column":24},"end":{"line":9,"column":25}},"loc":{"start":{"line":9,"column":39},"end":{"line":14,"column":9}},"line":9},"3":{"name":"(anonymous_3)","decl":{"start":{"line":21,"column":27},"end":{"line":21,"column":28}},"loc":{"start":{"line":21,"column":33},"end":{"line":31,"column":1}},"line":21},"4":{"name":"(anonymous_4)","decl":{"start":{"line":22,"column":23},"end":{"line":22,"column":24}},"loc":{"start":{"line":22,"column":44},"end":{"line":30,"column":5}},"line":22},"5":{"name":"(anonymous_5)","decl":{"start":{"line":24,"column":24},"end":{"line":24,"column":25}},"loc":{"start":{"line":24,"column":39},"end":{"line":29,"column":9}},"line":24},"6":{"name":"(anonymous_6)","decl":{"start":{"line":34,"column":23},"end":{"line":34,"column":24}},"loc":{"start":{"line":34,"column":35},"end":{"line":44,"column":1}},"line":34},"7":{"name":"(anonymous_7)","decl":{"start":{"line":35,"column":23},"end":{"line":35,"column":24}},"loc":{"start":{"line":35,"column":44},"end":{"line":43,"column":5}},"line":35},"8":{"name":"(anonymous_8)","decl":{"start":{"line":37,"column":96},"end":{"line":37,"column":97}},"loc":{"start":{"line":37,"column":111},"end":{"line":42,"column":9}},"line":37}},"branchMap":{"0":{"loc":{"start":{"line":10,"column":12},"end":{"line":12,"column":13}},"type":"if","locations":[{"start":{"line":10,"column":12},"end":{"line":12,"column":13}},{"start":{},"end":{}}],"line":10},"1":{"loc":{"start":{"line":25,"column":12},"end":{"line":28,"column":27}},"type":"if","locations":[{"start":{"line":25,"column":12},"end":{"line":28,"column":27}},{"start":{"line":28,"column":17},"end":{"line":28,"column":27}}],"line":25},"2":{"loc":{"start":{"line":38,"column":12},"end":{"line":40,"column":13}},"type":"if","locations":[{"start":{"line":38,"column":12},"end":{"line":40,"column":13}},{"start":{},"end":{}}],"line":38}},"s":{"0":12,"1":12,"2":2,"3":2,"4":2,"5":2,"6":0,"7":2,"8":12,"9":4,"10":4,"11":4,"12":4,"13":0,"14":4,"15":12,"16":6,"17":6,"18":6,"19":6,"20":0,"21":6},"f":{"0":2,"1":2,"2":2,"3":4,"4":4,"5":4,"6":6,"7":6,"8":6},"b":{"0":[0,2],"1":[0,4],"2":[0,6]},"_coverageSchema":"1a1c01bbd47fc00a2c39e90264f33305004495a9","hash":"9f86c452e9761a481d47514f9b99a64a73a9bdaf"}
,"/Users/francescociarla/Documents/Polito/SoftEngII/se2021-07-SolidarityPurchasingGroup/server/order-dao.js": {"path":"/Users/francescociarla/Documents/Polito/SoftEngII/se2021-07-SolidarityPurchasingGroup/server/order-dao.js","statementMap":{"0":{"start":{"line":3,"column":11},"end":{"line":3,"column":32}},"1":{"start":{"line":6,"column":0},"end":{"line":21,"column":2}},"2":{"start":{"line":7,"column":4},"end":{"line":20,"column":7}},"3":{"start":{"line":8,"column":20},"end":{"line":8,"column":58}},"4":{"start":{"line":9,"column":8},"end":{"line":19,"column":11}},"5":{"start":{"line":10,"column":12},"end":{"line":12,"column":13}},"6":{"start":{"line":11,"column":16},"end":{"line":11,"column":28}},"7":{"start":{"line":13,"column":12},"end":{"line":18,"column":13}},"8":{"start":{"line":14,"column":16},"end":{"line":14,"column":77}},"9":{"start":{"line":17,"column":16},"end":{"line":17,"column":30}},"10":{"start":{"line":27,"column":0},"end":{"line":29,"column":2}},"11":{"start":{"line":28,"column":4},"end":{"line":28,"column":52}},"12":{"start":{"line":31,"column":32},"end":{"line":41,"column":1}},"13":{"start":{"line":32,"column":4},"end":{"line":40,"column":7}},"14":{"start":{"line":33,"column":20},"end":{"line":33,"column":60}},"15":{"start":{"line":34,"column":8},"end":{"line":39,"column":11}},"16":{"start":{"line":35,"column":12},"end":{"line":37,"column":13}},"17":{"start":{"line":36,"column":16},"end":{"line":36,"column":28}},"18":{"start":{"line":38,"column":12},"end":{"line":38,"column":26}},"19":{"start":{"line":44,"column":0},"end":{"line":54,"column":1}},"20":{"start":{"line":45,"column":4},"end":{"line":53,"column":6}},"21":{"start":{"line":46,"column":20},"end":{"line":46,"column":55}},"22":{"start":{"line":47,"column":8},"end":{"line":52,"column":10}},"23":{"start":{"line":48,"column":12},"end":{"line":50,"column":13}},"24":{"start":{"line":49,"column":16},"end":{"line":49,"column":27}},"25":{"start":{"line":51,"column":12},"end":{"line":51,"column":21}},"26":{"start":{"line":57,"column":0},"end":{"line":67,"column":2}},"27":{"start":{"line":58,"column":4},"end":{"line":66,"column":7}},"28":{"start":{"line":59,"column":20},"end":{"line":59,"column":41}},"29":{"start":{"line":60,"column":8},"end":{"line":65,"column":11}},"30":{"start":{"line":61,"column":12},"end":{"line":64,"column":27}},"31":{"start":{"line":62,"column":16},"end":{"line":62,"column":28}},"32":{"start":{"line":64,"column":17},"end":{"line":64,"column":27}},"33":{"start":{"line":70,"column":0},"end":{"line":80,"column":2}},"34":{"start":{"line":71,"column":4},"end":{"line":79,"column":7}},"35":{"start":{"line":72,"column":20},"end":{"line":72,"column":137}},"36":{"start":{"line":73,"column":8},"end":{"line":78,"column":11}},"37":{"start":{"line":74,"column":12},"end":{"line":76,"column":13}},"38":{"start":{"line":75,"column":16},"end":{"line":75,"column":28}},"39":{"start":{"line":77,"column":12},"end":{"line":77,"column":33}},"40":{"start":{"line":83,"column":0},"end":{"line":93,"column":2}},"41":{"start":{"line":84,"column":4},"end":{"line":92,"column":7}},"42":{"start":{"line":85,"column":20},"end":{"line":85,"column":54}},"43":{"start":{"line":86,"column":8},"end":{"line":91,"column":11}},"44":{"start":{"line":87,"column":12},"end":{"line":89,"column":13}},"45":{"start":{"line":88,"column":16},"end":{"line":88,"column":28}},"46":{"start":{"line":90,"column":12},"end":{"line":90,"column":25}},"47":{"start":{"line":96,"column":0},"end":{"line":106,"column":2}},"48":{"start":{"line":97,"column":4},"end":{"line":105,"column":7}},"49":{"start":{"line":98,"column":20},"end":{"line":98,"column":58}},"50":{"start":{"line":99,"column":8},"end":{"line":104,"column":11}},"51":{"start":{"line":100,"column":12},"end":{"line":102,"column":13}},"52":{"start":{"line":101,"column":16},"end":{"line":101,"column":28}},"53":{"start":{"line":103,"column":12},"end":{"line":103,"column":26}},"54":{"start":{"line":114,"column":0},"end":{"line":138,"column":2}},"55":{"start":{"line":116,"column":4},"end":{"line":137,"column":5}},"56":{"start":{"line":119,"column":12},"end":{"line":121,"column":13}},"57":{"start":{"line":120,"column":16},"end":{"line":120,"column":67}},"58":{"start":{"line":122,"column":10},"end":{"line":122,"column":16}},"59":{"start":{"line":145,"column":32},"end":{"line":147,"column":1}},"60":{"start":{"line":146,"column":4},"end":{"line":146,"column":94}},"61":{"start":{"line":155,"column":24},"end":{"line":165,"column":1}},"62":{"start":{"line":156,"column":4},"end":{"line":164,"column":7}},"63":{"start":{"line":157,"column":20},"end":{"line":157,"column":68}},"64":{"start":{"line":158,"column":8},"end":{"line":163,"column":11}},"65":{"start":{"line":159,"column":12},"end":{"line":161,"column":13}},"66":{"start":{"line":160,"column":16},"end":{"line":160,"column":28}},"67":{"start":{"line":162,"column":12},"end":{"line":162,"column":37}},"68":{"start":{"line":173,"column":34},"end":{"line":183,"column":1}},"69":{"start":{"line":174,"column":4},"end":{"line":182,"column":7}},"70":{"start":{"line":175,"column":20},"end":{"line":175,"column":81}},"71":{"start":{"line":176,"column":8},"end":{"line":181,"column":11}},"72":{"start":{"line":177,"column":12},"end":{"line":179,"column":13}},"73":{"start":{"line":178,"column":16},"end":{"line":178,"column":28}},"74":{"start":{"line":180,"column":12},"end":{"line":180,"column":37}}},"fnMap":{"0":{"name":"(anonymous_0)","decl":{"start":{"line":6,"column":20},"end":{"line":6,"column":21}},"loc":{"start":{"line":6,"column":34},"end":{"line":21,"column":1}},"line":6},"1":{"name":"(anonymous_1)","decl":{"start":{"line":7,"column":23},"end":{"line":7,"column":24}},"loc":{"start":{"line":7,"column":44},"end":{"line":20,"column":5}},"line":7},"2":{"name":"(anonymous_2)","decl":{"start":{"line":9,"column":32},"end":{"line":9,"column":33}},"loc":{"start":{"line":9,"column":47},"end":{"line":19,"column":9}},"line":9},"3":{"name":"(anonymous_3)","decl":{"start":{"line":27,"column":28},"end":{"line":27,"column":29}},"loc":{"start":{"line":27,"column":49},"end":{"line":29,"column":1}},"line":27},"4":{"name":"(anonymous_4)","decl":{"start":{"line":31,"column":32},"end":{"line":31,"column":33}},"loc":{"start":{"line":31,"column":53},"end":{"line":41,"column":1}},"line":31},"5":{"name":"(anonymous_5)","decl":{"start":{"line":32,"column":23},"end":{"line":32,"column":24}},"loc":{"start":{"line":32,"column":44},"end":{"line":40,"column":5}},"line":32},"6":{"name":"(anonymous_6)","decl":{"start":{"line":34,"column":39},"end":{"line":34,"column":40}},"loc":{"start":{"line":34,"column":48},"end":{"line":39,"column":9}},"line":34},"7":{"name":"(anonymous_7)","decl":{"start":{"line":44,"column":22},"end":{"line":44,"column":23}},"loc":{"start":{"line":44,"column":35},"end":{"line":54,"column":1}},"line":44},"8":{"name":"(anonymous_8)","decl":{"start":{"line":45,"column":23},"end":{"line":45,"column":24}},"loc":{"start":{"line":45,"column":44},"end":{"line":53,"column":5}},"line":45},"9":{"name":"(anonymous_9)","decl":{"start":{"line":47,"column":31},"end":{"line":47,"column":32}},"loc":{"start":{"line":47,"column":46},"end":{"line":52,"column":9}},"line":47},"10":{"name":"(anonymous_10)","decl":{"start":{"line":57,"column":26},"end":{"line":57,"column":27}},"loc":{"start":{"line":57,"column":32},"end":{"line":67,"column":1}},"line":57},"11":{"name":"(anonymous_11)","decl":{"start":{"line":58,"column":23},"end":{"line":58,"column":24}},"loc":{"start":{"line":58,"column":44},"end":{"line":66,"column":5}},"line":58},"12":{"name":"(anonymous_12)","decl":{"start":{"line":60,"column":24},"end":{"line":60,"column":25}},"loc":{"start":{"line":60,"column":39},"end":{"line":65,"column":9}},"line":60},"13":{"name":"(anonymous_13)","decl":{"start":{"line":70,"column":22},"end":{"line":70,"column":23}},"loc":{"start":{"line":70,"column":33},"end":{"line":80,"column":1}},"line":70},"14":{"name":"(anonymous_14)","decl":{"start":{"line":71,"column":23},"end":{"line":71,"column":24}},"loc":{"start":{"line":71,"column":44},"end":{"line":79,"column":5}},"line":71},"15":{"name":"(anonymous_15)","decl":{"start":{"line":73,"column":134},"end":{"line":73,"column":135}},"loc":{"start":{"line":73,"column":149},"end":{"line":78,"column":9}},"line":73},"16":{"name":"(anonymous_16)","decl":{"start":{"line":83,"column":19},"end":{"line":83,"column":20}},"loc":{"start":{"line":83,"column":32},"end":{"line":93,"column":1}},"line":83},"17":{"name":"(anonymous_17)","decl":{"start":{"line":84,"column":23},"end":{"line":84,"column":24}},"loc":{"start":{"line":84,"column":44},"end":{"line":92,"column":5}},"line":84},"18":{"name":"(anonymous_18)","decl":{"start":{"line":86,"column":31},"end":{"line":86,"column":32}},"loc":{"start":{"line":86,"column":45},"end":{"line":91,"column":9}},"line":86},"19":{"name":"(anonymous_19)","decl":{"start":{"line":96,"column":28},"end":{"line":96,"column":29}},"loc":{"start":{"line":96,"column":40},"end":{"line":106,"column":1}},"line":96},"20":{"name":"(anonymous_20)","decl":{"start":{"line":97,"column":23},"end":{"line":97,"column":24}},"loc":{"start":{"line":97,"column":44},"end":{"line":105,"column":5}},"line":97},"21":{"name":"(anonymous_21)","decl":{"start":{"line":99,"column":30},"end":{"line":99,"column":31}},"loc":{"start":{"line":99,"column":45},"end":{"line":104,"column":9}},"line":99},"22":{"name":"(anonymous_22)","decl":{"start":{"line":114,"column":31},"end":{"line":114,"column":32}},"loc":{"start":{"line":114,"column":57},"end":{"line":138,"column":1}},"line":114},"23":{"name":"(anonymous_23)","decl":{"start":{"line":145,"column":32},"end":{"line":145,"column":33}},"loc":{"start":{"line":145,"column":58},"end":{"line":147,"column":1}},"line":145},"24":{"name":"(anonymous_24)","decl":{"start":{"line":155,"column":24},"end":{"line":155,"column":25}},"loc":{"start":{"line":155,"column":37},"end":{"line":165,"column":1}},"line":155},"25":{"name":"(anonymous_25)","decl":{"start":{"line":156,"column":23},"end":{"line":156,"column":24}},"loc":{"start":{"line":156,"column":44},"end":{"line":164,"column":5}},"line":156},"26":{"name":"(anonymous_26)","decl":{"start":{"line":158,"column":31},"end":{"line":158,"column":32}},"loc":{"start":{"line":158,"column":50},"end":{"line":163,"column":9}},"line":158},"27":{"name":"(anonymous_27)","decl":{"start":{"line":173,"column":34},"end":{"line":173,"column":35}},"loc":{"start":{"line":173,"column":54},"end":{"line":183,"column":1}},"line":173},"28":{"name":"(anonymous_28)","decl":{"start":{"line":174,"column":23},"end":{"line":174,"column":24}},"loc":{"start":{"line":174,"column":44},"end":{"line":182,"column":5}},"line":174},"29":{"name":"(anonymous_29)","decl":{"start":{"line":176,"column":38},"end":{"line":176,"column":39}},"loc":{"start":{"line":176,"column":57},"end":{"line":181,"column":9}},"line":176}},"branchMap":{"0":{"loc":{"start":{"line":10,"column":12},"end":{"line":12,"column":13}},"type":"if","locations":[{"start":{"line":10,"column":12},"end":{"line":12,"column":13}},{"start":{},"end":{}}],"line":10},"1":{"loc":{"start":{"line":13,"column":12},"end":{"line":18,"column":13}},"type":"if","locations":[{"start":{"line":13,"column":12},"end":{"line":18,"column":13}},{"start":{"line":16,"column":17},"end":{"line":18,"column":13}}],"line":13},"2":{"loc":{"start":{"line":35,"column":12},"end":{"line":37,"column":13}},"type":"if","locations":[{"start":{"line":35,"column":12},"end":{"line":37,"column":13}},{"start":{},"end":{}}],"line":35},"3":{"loc":{"start":{"line":48,"column":12},"end":{"line":50,"column":13}},"type":"if","locations":[{"start":{"line":48,"column":12},"end":{"line":50,"column":13}},{"start":{},"end":{}}],"line":48},"4":{"loc":{"start":{"line":61,"column":12},"end":{"line":64,"column":27}},"type":"if","locations":[{"start":{"line":61,"column":12},"end":{"line":64,"column":27}},{"start":{"line":64,"column":17},"end":{"line":64,"column":27}}],"line":61},"5":{"loc":{"start":{"line":74,"column":12},"end":{"line":76,"column":13}},"type":"if","locations":[{"start":{"line":74,"column":12},"end":{"line":76,"column":13}},{"start":{},"end":{}}],"line":74},"6":{"loc":{"start":{"line":87,"column":12},"end":{"line":89,"column":13}},"type":"if","locations":[{"start":{"line":87,"column":12},"end":{"line":89,"column":13}},{"start":{},"end":{}}],"line":87},"7":{"loc":{"start":{"line":100,"column":12},"end":{"line":102,"column":13}},"type":"if","locations":[{"start":{"line":100,"column":12},"end":{"line":102,"column":13}},{"start":{},"end":{}}],"line":100},"8":{"loc":{"start":{"line":116,"column":4},"end":{"line":137,"column":5}},"type":"switch","locations":[{"start":{"line":117,"column":8},"end":{"line":122,"column":16}},{"start":{"line":134,"column":8},"end":{"line":136,"column":10}}],"line":116},"9":{"loc":{"start":{"line":119,"column":12},"end":{"line":121,"column":13}},"type":"if","locations":[{"start":{"line":119,"column":12},"end":{"line":121,"column":13}},{"start":{},"end":{}}],"line":119},"10":{"loc":{"start":{"line":159,"column":12},"end":{"line":161,"column":13}},"type":"if","locations":[{"start":{"line":159,"column":12},"end":{"line":161,"column":13}},{"start":{},"end":{}}],"line":159},"11":{"loc":{"start":{"line":177,"column":12},"end":{"line":179,"column":13}},"type":"if","locations":[{"start":{"line":177,"column":12},"end":{"line":179,"column":13}},{"start":{},"end":{}}],"line":177}},"s":{"0":12,"1":12,"2":2,"3":2,"4":2,"5":2,"6":0,"7":2,"8":0,"9":2,"10":12,"11":1,"12":12,"13":4,"14":4,"15":4,"16":4,"17":0,"18":4,"19":12,"20":1,"21":1,"22":1,"23":1,"24":0,"25":1,"26":12,"27":21,"28":21,"29":21,"30":21,"31":0,"32":21,"33":12,"34":19,"35":19,"36":19,"37":19,"38":0,"39":19,"40":12,"41":4,"42":4,"43":4,"44":4,"45":0,"46":4,"47":12,"48":2,"49":2,"50":2,"51":2,"52":0,"53":2,"54":12,"55":5,"56":5,"57":3,"58":5,"59":12,"60":5,"61":12,"62":5,"63":5,"64":5,"65":5,"66":0,"67":5,"68":12,"69":5,"70":5,"71":5,"72":5,"73":0,"74":5},"f":{"0":2,"1":2,"2":2,"3":1,"4":4,"5":4,"6":4,"7":1,"8":1,"9":1,"10":21,"11":21,"12":21,"13":19,"14":19,"15":19,"16":4,"17":4,"18":4,"19":2,"20":2,"21":2,"22":5,"23":5,"24":5,"25":5,"26":5,"27":5,"28":5,"29":5},"b":{"0":[0,2],"1":[0,2],"2":[0,4],"3":[0,1],"4":[0,21],"5":[0,19],"6":[0,4],"7":[0,2],"8":[5,0],"9":[3,2],"10":[0,5],"11":[0,5]},"_coverageSchema":"1a1c01bbd47fc00a2c39e90264f33305004495a9","hash":"c4c9ef864142650f4e7c95b52b9440dbb74dfc46"}
,"/Users/francescociarla/Documents/Polito/SoftEngII/se2021-07-SolidarityPurchasingGroup/server/orderline-dao.js": {"path":"/Users/francescociarla/Documents/Polito/SoftEngII/se2021-07-SolidarityPurchasingGroup/server/orderline-dao.js","statementMap":{"0":{"start":{"line":3,"column":14},"end":{"line":3,"column":30}},"1":{"start":{"line":4,"column":11},"end":{"line":4,"column":32}},"2":{"start":{"line":7,"column":0},"end":{"line":22,"column":2}},"3":{"start":{"line":8,"column":4},"end":{"line":21,"column":7}},"4":{"start":{"line":9,"column":20},"end":{"line":9,"column":61}},"5":{"start":{"line":10,"column":8},"end":{"line":20,"column":11}},"6":{"start":{"line":11,"column":12},"end":{"line":13,"column":13}},"7":{"start":{"line":12,"column":16},"end":{"line":12,"column":28}},"8":{"start":{"line":14,"column":12},"end":{"line":19,"column":13}},"9":{"start":{"line":15,"column":16},"end":{"line":15,"column":59}},"10":{"start":{"line":18,"column":16},"end":{"line":18,"column":30}},"11":{"start":{"line":25,"column":0},"end":{"line":35,"column":2}},"12":{"start":{"line":26,"column":4},"end":{"line":34,"column":7}},"13":{"start":{"line":27,"column":20},"end":{"line":27,"column":98}},"14":{"start":{"line":28,"column":8},"end":{"line":33,"column":11}},"15":{"start":{"line":29,"column":12},"end":{"line":31,"column":13}},"16":{"start":{"line":30,"column":16},"end":{"line":30,"column":28}},"17":{"start":{"line":32,"column":12},"end":{"line":32,"column":33}},"18":{"start":{"line":38,"column":0},"end":{"line":53,"column":2}},"19":{"start":{"line":39,"column":4},"end":{"line":52,"column":7}},"20":{"start":{"line":40,"column":20},"end":{"line":40,"column":140}},"21":{"start":{"line":41,"column":8},"end":{"line":51,"column":11}},"22":{"start":{"line":42,"column":12},"end":{"line":44,"column":13}},"23":{"start":{"line":43,"column":16},"end":{"line":43,"column":28}},"24":{"start":{"line":45,"column":12},"end":{"line":50,"column":13}},"25":{"start":{"line":46,"column":16},"end":{"line":46,"column":59}},"26":{"start":{"line":49,"column":16},"end":{"line":49,"column":30}},"27":{"start":{"line":56,"column":0},"end":{"line":66,"column":2}},"28":{"start":{"line":57,"column":4},"end":{"line":65,"column":7}},"29":{"start":{"line":58,"column":20},"end":{"line":58,"column":43}},"30":{"start":{"line":59,"column":8},"end":{"line":64,"column":11}},"31":{"start":{"line":60,"column":12},"end":{"line":63,"column":27}},"32":{"start":{"line":61,"column":16},"end":{"line":61,"column":28}},"33":{"start":{"line":63,"column":17},"end":{"line":63,"column":27}},"34":{"start":{"line":72,"column":0},"end":{"line":101,"column":2}},"35":{"start":{"line":73,"column":4},"end":{"line":100,"column":7}},"36":{"start":{"line":83,"column":8},"end":{"line":92,"column":9}},"37":{"start":{"line":85,"column":12},"end":{"line":85,"column":91}},"38":{"start":{"line":86,"column":12},"end":{"line":86,"column":73}},"39":{"start":{"line":90,"column":12},"end":{"line":90,"column":107}},"40":{"start":{"line":91,"column":12},"end":{"line":91,"column":89}},"41":{"start":{"line":93,"column":20},"end":{"line":93,"column":249}},"42":{"start":{"line":94,"column":8},"end":{"line":99,"column":11}},"43":{"start":{"line":95,"column":12},"end":{"line":97,"column":13}},"44":{"start":{"line":96,"column":16},"end":{"line":96,"column":28}},"45":{"start":{"line":98,"column":12},"end":{"line":98,"column":26}},"46":{"start":{"line":106,"column":0},"end":{"line":116,"column":2}},"47":{"start":{"line":107,"column":4},"end":{"line":115,"column":7}},"48":{"start":{"line":108,"column":20},"end":{"line":108,"column":91}},"49":{"start":{"line":109,"column":8},"end":{"line":114,"column":11}},"50":{"start":{"line":110,"column":12},"end":{"line":112,"column":13}},"51":{"start":{"line":111,"column":16},"end":{"line":111,"column":28}},"52":{"start":{"line":113,"column":12},"end":{"line":113,"column":26}},"53":{"start":{"line":119,"column":0},"end":{"line":129,"column":2}},"54":{"start":{"line":120,"column":4},"end":{"line":128,"column":7}},"55":{"start":{"line":121,"column":20},"end":{"line":121,"column":77}},"56":{"start":{"line":122,"column":8},"end":{"line":127,"column":11}},"57":{"start":{"line":123,"column":12},"end":{"line":125,"column":13}},"58":{"start":{"line":124,"column":16},"end":{"line":124,"column":28}},"59":{"start":{"line":126,"column":12},"end":{"line":126,"column":25}}},"fnMap":{"0":{"name":"(anonymous_0)","decl":{"start":{"line":7,"column":24},"end":{"line":7,"column":25}},"loc":{"start":{"line":7,"column":37},"end":{"line":22,"column":1}},"line":7},"1":{"name":"(anonymous_1)","decl":{"start":{"line":8,"column":23},"end":{"line":8,"column":24}},"loc":{"start":{"line":8,"column":44},"end":{"line":21,"column":5}},"line":8},"2":{"name":"(anonymous_2)","decl":{"start":{"line":10,"column":31},"end":{"line":10,"column":32}},"loc":{"start":{"line":10,"column":46},"end":{"line":20,"column":9}},"line":10},"3":{"name":"(anonymous_3)","decl":{"start":{"line":25,"column":26},"end":{"line":25,"column":27}},"loc":{"start":{"line":25,"column":36},"end":{"line":35,"column":1}},"line":25},"4":{"name":"(anonymous_4)","decl":{"start":{"line":26,"column":23},"end":{"line":26,"column":24}},"loc":{"start":{"line":26,"column":44},"end":{"line":34,"column":5}},"line":26},"5":{"name":"(anonymous_5)","decl":{"start":{"line":28,"column":79},"end":{"line":28,"column":80}},"loc":{"start":{"line":28,"column":93},"end":{"line":33,"column":9}},"line":28},"6":{"name":"(anonymous_6)","decl":{"start":{"line":38,"column":36},"end":{"line":38,"column":37}},"loc":{"start":{"line":38,"column":49},"end":{"line":53,"column":1}},"line":38},"7":{"name":"(anonymous_7)","decl":{"start":{"line":39,"column":23},"end":{"line":39,"column":24}},"loc":{"start":{"line":39,"column":44},"end":{"line":52,"column":5}},"line":39},"8":{"name":"(anonymous_8)","decl":{"start":{"line":41,"column":31},"end":{"line":41,"column":32}},"loc":{"start":{"line":41,"column":46},"end":{"line":51,"column":9}},"line":41},"9":{"name":"(anonymous_9)","decl":{"start":{"line":56,"column":30},"end":{"line":56,"column":31}},"loc":{"start":{"line":56,"column":36},"end":{"line":66,"column":1}},"line":56},"10":{"name":"(anonymous_10)","decl":{"start":{"line":57,"column":23},"end":{"line":57,"column":24}},"loc":{"start":{"line":57,"column":44},"end":{"line":65,"column":5}},"line":57},"11":{"name":"(anonymous_11)","decl":{"start":{"line":59,"column":24},"end":{"line":59,"column":25}},"loc":{"start":{"line":59,"column":39},"end":{"line":64,"column":9}},"line":59},"12":{"name":"(anonymous_12)","decl":{"start":{"line":72,"column":54},"end":{"line":72,"column":55}},"loc":{"start":{"line":72,"column":74},"end":{"line":101,"column":1}},"line":72},"13":{"name":"(anonymous_13)","decl":{"start":{"line":73,"column":23},"end":{"line":73,"column":24}},"loc":{"start":{"line":73,"column":44},"end":{"line":100,"column":5}},"line":73},"14":{"name":"(anonymous_14)","decl":{"start":{"line":94,"column":59},"end":{"line":94,"column":60}},"loc":{"start":{"line":94,"column":74},"end":{"line":99,"column":9}},"line":94},"15":{"name":"(anonymous_15)","decl":{"start":{"line":106,"column":32},"end":{"line":106,"column":33}},"loc":{"start":{"line":106,"column":64},"end":{"line":116,"column":1}},"line":106},"16":{"name":"(anonymous_16)","decl":{"start":{"line":107,"column":23},"end":{"line":107,"column":24}},"loc":{"start":{"line":107,"column":44},"end":{"line":115,"column":5}},"line":107},"17":{"name":"(anonymous_17)","decl":{"start":{"line":109,"column":50},"end":{"line":109,"column":51}},"loc":{"start":{"line":109,"column":65},"end":{"line":114,"column":9}},"line":109},"18":{"name":"(anonymous_18)","decl":{"start":{"line":119,"column":23},"end":{"line":119,"column":24}},"loc":{"start":{"line":119,"column":46},"end":{"line":129,"column":1}},"line":119},"19":{"name":"(anonymous_19)","decl":{"start":{"line":120,"column":23},"end":{"line":120,"column":24}},"loc":{"start":{"line":120,"column":44},"end":{"line":128,"column":5}},"line":120},"20":{"name":"(anonymous_20)","decl":{"start":{"line":122,"column":41},"end":{"line":122,"column":42}},"loc":{"start":{"line":122,"column":55},"end":{"line":127,"column":9}},"line":122}},"branchMap":{"0":{"loc":{"start":{"line":11,"column":12},"end":{"line":13,"column":13}},"type":"if","locations":[{"start":{"line":11,"column":12},"end":{"line":13,"column":13}},{"start":{},"end":{}}],"line":11},"1":{"loc":{"start":{"line":14,"column":12},"end":{"line":19,"column":13}},"type":"if","locations":[{"start":{"line":14,"column":12},"end":{"line":19,"column":13}},{"start":{"line":17,"column":17},"end":{"line":19,"column":13}}],"line":14},"2":{"loc":{"start":{"line":29,"column":12},"end":{"line":31,"column":13}},"type":"if","locations":[{"start":{"line":29,"column":12},"end":{"line":31,"column":13}},{"start":{},"end":{}}],"line":29},"3":{"loc":{"start":{"line":42,"column":12},"end":{"line":44,"column":13}},"type":"if","locations":[{"start":{"line":42,"column":12},"end":{"line":44,"column":13}},{"start":{},"end":{}}],"line":42},"4":{"loc":{"start":{"line":45,"column":12},"end":{"line":50,"column":13}},"type":"if","locations":[{"start":{"line":45,"column":12},"end":{"line":50,"column":13}},{"start":{"line":48,"column":17},"end":{"line":50,"column":13}}],"line":45},"5":{"loc":{"start":{"line":60,"column":12},"end":{"line":63,"column":27}},"type":"if","locations":[{"start":{"line":60,"column":12},"end":{"line":63,"column":27}},{"start":{"line":63,"column":17},"end":{"line":63,"column":27}}],"line":60},"6":{"loc":{"start":{"line":83,"column":8},"end":{"line":92,"column":9}},"type":"if","locations":[{"start":{"line":83,"column":8},"end":{"line":92,"column":9}},{"start":{"line":88,"column":12},"end":{"line":92,"column":9}}],"line":83},"7":{"loc":{"start":{"line":95,"column":12},"end":{"line":97,"column":13}},"type":"if","locations":[{"start":{"line":95,"column":12},"end":{"line":97,"column":13}},{"start":{},"end":{}}],"line":95},"8":{"loc":{"start":{"line":110,"column":12},"end":{"line":112,"column":13}},"type":"if","locations":[{"start":{"line":110,"column":12},"end":{"line":112,"column":13}},{"start":{},"end":{}}],"line":110},"9":{"loc":{"start":{"line":123,"column":12},"end":{"line":125,"column":13}},"type":"if","locations":[{"start":{"line":123,"column":12},"end":{"line":125,"column":13}},{"start":{},"end":{}}],"line":123}},"s":{"0":12,"1":12,"2":12,"3":1,"4":1,"5":1,"6":1,"7":0,"8":1,"9":0,"10":1,"11":12,"12":15,"13":15,"14":15,"15":15,"16":0,"17":15,"18":12,"19":2,"20":2,"21":2,"22":2,"23":0,"24":2,"25":0,"26":2,"27":12,"28":13,"29":13,"30":13,"31":13,"32":0,"33":13,"34":12,"35":4,"36":4,"37":1,"38":1,"39":3,"40":3,"41":4,"42":4,"43":4,"44":0,"45":4,"46":12,"47":5,"48":5,"49":5,"50":5,"51":0,"52":5,"53":12,"54":1,"55":1,"56":1,"57":1,"58":0,"59":1},"f":{"0":1,"1":1,"2":1,"3":15,"4":15,"5":15,"6":2,"7":2,"8":2,"9":13,"10":13,"11":13,"12":4,"13":4,"14":4,"15":5,"16":5,"17":5,"18":1,"19":1,"20":1},"b":{"0":[0,1],"1":[0,1],"2":[0,15],"3":[0,2],"4":[0,2],"5":[0,13],"6":[1,3],"7":[0,4],"8":[0,5],"9":[0,1]},"_coverageSchema":"1a1c01bbd47fc00a2c39e90264f33305004495a9","hash":"c4188c58f6ef1b9226c1aca86133ffc4ad143401"}
,"/Users/francescociarla/Documents/Polito/SoftEngII/se2021-07-SolidarityPurchasingGroup/server/product-dao.js": {"path":"/Users/francescociarla/Documents/Polito/SoftEngII/se2021-07-SolidarityPurchasingGroup/server/product-dao.js","statementMap":{"0":{"start":{"line":3,"column":14},"end":{"line":3,"column":30}},"1":{"start":{"line":4,"column":11},"end":{"line":4,"column":32}},"2":{"start":{"line":7,"column":0},"end":{"line":28,"column":2}},"3":{"start":{"line":10,"column":4},"end":{"line":16,"column":5}},"4":{"start":{"line":11,"column":8},"end":{"line":11,"column":118}},"5":{"start":{"line":12,"column":8},"end":{"line":12,"column":68}},"6":{"start":{"line":14,"column":8},"end":{"line":14,"column":138}},"7":{"start":{"line":15,"column":8},"end":{"line":15,"column":68}},"8":{"start":{"line":17,"column":4},"end":{"line":27,"column":7}},"9":{"start":{"line":18,"column":20},"end":{"line":18,"column":251}},"10":{"start":{"line":19,"column":8},"end":{"line":26,"column":11}},"11":{"start":{"line":20,"column":12},"end":{"line":22,"column":13}},"12":{"start":{"line":21,"column":16},"end":{"line":21,"column":28}},"13":{"start":{"line":23,"column":29},"end":{"line":24,"column":164}},"14":{"start":{"line":23,"column":46},"end":{"line":23,"column":296}},"15":{"start":{"line":24,"column":44},"end":{"line":24,"column":162}},"16":{"start":{"line":25,"column":12},"end":{"line":25,"column":30}},"17":{"start":{"line":31,"column":0},"end":{"line":41,"column":2}},"18":{"start":{"line":32,"column":4},"end":{"line":40,"column":7}},"19":{"start":{"line":33,"column":20},"end":{"line":33,"column":91}},"20":{"start":{"line":34,"column":8},"end":{"line":39,"column":11}},"21":{"start":{"line":35,"column":12},"end":{"line":37,"column":13}},"22":{"start":{"line":36,"column":16},"end":{"line":36,"column":28}},"23":{"start":{"line":38,"column":12},"end":{"line":38,"column":25}},"24":{"start":{"line":44,"column":0},"end":{"line":57,"column":2}},"25":{"start":{"line":45,"column":4},"end":{"line":56,"column":7}},"26":{"start":{"line":46,"column":20},"end":{"line":46,"column":54}},"27":{"start":{"line":47,"column":8},"end":{"line":55,"column":11}},"28":{"start":{"line":48,"column":12},"end":{"line":50,"column":13}},"29":{"start":{"line":49,"column":16},"end":{"line":49,"column":28}},"30":{"start":{"line":51,"column":12},"end":{"line":53,"column":13}},"31":{"start":{"line":52,"column":16},"end":{"line":52,"column":68}},"32":{"start":{"line":54,"column":12},"end":{"line":54,"column":25}},"33":{"start":{"line":62,"column":0},"end":{"line":72,"column":2}},"34":{"start":{"line":63,"column":4},"end":{"line":71,"column":7}},"35":{"start":{"line":64,"column":20},"end":{"line":64,"column":41}},"36":{"start":{"line":65,"column":8},"end":{"line":70,"column":11}},"37":{"start":{"line":66,"column":12},"end":{"line":69,"column":27}},"38":{"start":{"line":67,"column":16},"end":{"line":67,"column":28}},"39":{"start":{"line":69,"column":17},"end":{"line":69,"column":27}},"40":{"start":{"line":75,"column":0},"end":{"line":85,"column":2}},"41":{"start":{"line":76,"column":4},"end":{"line":84,"column":7}},"42":{"start":{"line":77,"column":20},"end":{"line":77,"column":153}},"43":{"start":{"line":78,"column":8},"end":{"line":83,"column":11}},"44":{"start":{"line":79,"column":12},"end":{"line":81,"column":13}},"45":{"start":{"line":80,"column":16},"end":{"line":80,"column":28}},"46":{"start":{"line":82,"column":12},"end":{"line":82,"column":33}},"47":{"start":{"line":88,"column":0},"end":{"line":98,"column":2}},"48":{"start":{"line":89,"column":4},"end":{"line":97,"column":7}},"49":{"start":{"line":90,"column":20},"end":{"line":90,"column":46}},"50":{"start":{"line":91,"column":8},"end":{"line":96,"column":11}},"51":{"start":{"line":92,"column":12},"end":{"line":95,"column":27}},"52":{"start":{"line":93,"column":16},"end":{"line":93,"column":28}},"53":{"start":{"line":95,"column":17},"end":{"line":95,"column":27}},"54":{"start":{"line":101,"column":0},"end":{"line":111,"column":2}},"55":{"start":{"line":102,"column":4},"end":{"line":110,"column":7}},"56":{"start":{"line":103,"column":20},"end":{"line":103,"column":109}},"57":{"start":{"line":104,"column":8},"end":{"line":109,"column":11}},"58":{"start":{"line":105,"column":12},"end":{"line":107,"column":13}},"59":{"start":{"line":106,"column":16},"end":{"line":106,"column":28}},"60":{"start":{"line":108,"column":12},"end":{"line":108,"column":33}}},"fnMap":{"0":{"name":"(anonymous_0)","decl":{"start":{"line":7,"column":31},"end":{"line":7,"column":32}},"loc":{"start":{"line":7,"column":41},"end":{"line":28,"column":1}},"line":7},"1":{"name":"(anonymous_1)","decl":{"start":{"line":17,"column":23},"end":{"line":17,"column":24}},"loc":{"start":{"line":17,"column":44},"end":{"line":27,"column":5}},"line":17},"2":{"name":"(anonymous_2)","decl":{"start":{"line":19,"column":24},"end":{"line":19,"column":25}},"loc":{"start":{"line":19,"column":39},"end":{"line":26,"column":9}},"line":19},"3":{"name":"(anonymous_3)","decl":{"start":{"line":23,"column":38},"end":{"line":23,"column":39}},"loc":{"start":{"line":23,"column":46},"end":{"line":23,"column":296}},"line":23},"4":{"name":"(anonymous_4)","decl":{"start":{"line":24,"column":36},"end":{"line":24,"column":37}},"loc":{"start":{"line":24,"column":43},"end":{"line":24,"column":163}},"line":24},"5":{"name":"(anonymous_5)","decl":{"start":{"line":31,"column":33},"end":{"line":31,"column":34}},"loc":{"start":{"line":31,"column":58},"end":{"line":41,"column":1}},"line":31},"6":{"name":"(anonymous_6)","decl":{"start":{"line":32,"column":23},"end":{"line":32,"column":24}},"loc":{"start":{"line":32,"column":45},"end":{"line":40,"column":5}},"line":32},"7":{"name":"(anonymous_7)","decl":{"start":{"line":34,"column":43},"end":{"line":34,"column":44}},"loc":{"start":{"line":34,"column":57},"end":{"line":39,"column":9}},"line":34},"8":{"name":"(anonymous_8)","decl":{"start":{"line":44,"column":25},"end":{"line":44,"column":26}},"loc":{"start":{"line":44,"column":33},"end":{"line":57,"column":1}},"line":44},"9":{"name":"(anonymous_9)","decl":{"start":{"line":45,"column":23},"end":{"line":45,"column":24}},"loc":{"start":{"line":45,"column":44},"end":{"line":56,"column":5}},"line":45},"10":{"name":"(anonymous_10)","decl":{"start":{"line":47,"column":26},"end":{"line":47,"column":27}},"loc":{"start":{"line":47,"column":40},"end":{"line":55,"column":9}},"line":47},"11":{"name":"(anonymous_11)","decl":{"start":{"line":62,"column":28},"end":{"line":62,"column":29}},"loc":{"start":{"line":62,"column":34},"end":{"line":72,"column":1}},"line":62},"12":{"name":"(anonymous_12)","decl":{"start":{"line":63,"column":23},"end":{"line":63,"column":24}},"loc":{"start":{"line":63,"column":44},"end":{"line":71,"column":5}},"line":63},"13":{"name":"(anonymous_13)","decl":{"start":{"line":65,"column":24},"end":{"line":65,"column":25}},"loc":{"start":{"line":65,"column":39},"end":{"line":70,"column":9}},"line":65},"14":{"name":"(anonymous_14)","decl":{"start":{"line":75,"column":24},"end":{"line":75,"column":25}},"loc":{"start":{"line":75,"column":37},"end":{"line":85,"column":1}},"line":75},"15":{"name":"(anonymous_15)","decl":{"start":{"line":76,"column":23},"end":{"line":76,"column":24}},"loc":{"start":{"line":76,"column":44},"end":{"line":84,"column":5}},"line":76},"16":{"name":"(anonymous_16)","decl":{"start":{"line":78,"column":180},"end":{"line":78,"column":181}},"loc":{"start":{"line":78,"column":195},"end":{"line":83,"column":9}},"line":78},"17":{"name":"(anonymous_17)","decl":{"start":{"line":88,"column":29},"end":{"line":88,"column":30}},"loc":{"start":{"line":88,"column":35},"end":{"line":98,"column":1}},"line":88},"18":{"name":"(anonymous_18)","decl":{"start":{"line":89,"column":23},"end":{"line":89,"column":24}},"loc":{"start":{"line":89,"column":44},"end":{"line":97,"column":5}},"line":89},"19":{"name":"(anonymous_19)","decl":{"start":{"line":91,"column":24},"end":{"line":91,"column":25}},"loc":{"start":{"line":91,"column":39},"end":{"line":96,"column":9}},"line":91},"20":{"name":"(anonymous_20)","decl":{"start":{"line":101,"column":29},"end":{"line":101,"column":30}},"loc":{"start":{"line":101,"column":47},"end":{"line":111,"column":1}},"line":101},"21":{"name":"(anonymous_21)","decl":{"start":{"line":102,"column":23},"end":{"line":102,"column":24}},"loc":{"start":{"line":102,"column":44},"end":{"line":110,"column":5}},"line":102},"22":{"name":"(anonymous_22)","decl":{"start":{"line":104,"column":121},"end":{"line":104,"column":122}},"loc":{"start":{"line":104,"column":136},"end":{"line":109,"column":9}},"line":104}},"branchMap":{"0":{"loc":{"start":{"line":10,"column":4},"end":{"line":16,"column":5}},"type":"if","locations":[{"start":{"line":10,"column":4},"end":{"line":16,"column":5}},{"start":{"line":13,"column":11},"end":{"line":16,"column":5}}],"line":10},"1":{"loc":{"start":{"line":20,"column":12},"end":{"line":22,"column":13}},"type":"if","locations":[{"start":{"line":20,"column":12},"end":{"line":22,"column":13}},{"start":{},"end":{}}],"line":20},"2":{"loc":{"start":{"line":24,"column":52},"end":{"line":24,"column":161}},"type":"binary-expr","locations":[{"start":{"line":24,"column":52},"end":{"line":24,"column":105}},{"start":{"line":24,"column":110},"end":{"line":24,"column":160}}],"line":24},"3":{"loc":{"start":{"line":35,"column":12},"end":{"line":37,"column":13}},"type":"if","locations":[{"start":{"line":35,"column":12},"end":{"line":37,"column":13}},{"start":{},"end":{}}],"line":35},"4":{"loc":{"start":{"line":48,"column":12},"end":{"line":50,"column":13}},"type":"if","locations":[{"start":{"line":48,"column":12},"end":{"line":50,"column":13}},{"start":{},"end":{}}],"line":48},"5":{"loc":{"start":{"line":51,"column":12},"end":{"line":53,"column":13}},"type":"if","locations":[{"start":{"line":51,"column":12},"end":{"line":53,"column":13}},{"start":{},"end":{}}],"line":51},"6":{"loc":{"start":{"line":66,"column":12},"end":{"line":69,"column":27}},"type":"if","locations":[{"start":{"line":66,"column":12},"end":{"line":69,"column":27}},{"start":{"line":69,"column":17},"end":{"line":69,"column":27}}],"line":66},"7":{"loc":{"start":{"line":79,"column":12},"end":{"line":81,"column":13}},"type":"if","locations":[{"start":{"line":79,"column":12},"end":{"line":81,"column":13}},{"start":{},"end":{}}],"line":79},"8":{"loc":{"start":{"line":92,"column":12},"end":{"line":95,"column":27}},"type":"if","locations":[{"start":{"line":92,"column":12},"end":{"line":95,"column":27}},{"start":{"line":95,"column":17},"end":{"line":95,"column":27}}],"line":92},"9":{"loc":{"start":{"line":105,"column":12},"end":{"line":107,"column":13}},"type":"if","locations":[{"start":{"line":105,"column":12},"end":{"line":107,"column":13}},{"start":{},"end":{}}],"line":105}},"s":{"0":12,"1":12,"2":12,"3":3,"4":3,"5":3,"6":0,"7":0,"8":3,"9":3,"10":3,"11":3,"12":0,"13":3,"14":9,"15":9,"16":3,"17":12,"18":0,"19":0,"20":0,"21":0,"22":0,"23":0,"24":12,"25":1,"26":1,"27":1,"28":1,"29":0,"30":1,"31":0,"32":1,"33":12,"34":13,"35":13,"36":13,"37":13,"38":0,"39":13,"40":12,"41":17,"42":17,"43":17,"44":17,"45":0,"46":17,"47":12,"48":4,"49":4,"50":4,"51":4,"52":0,"53":4,"54":12,"55":6,"56":6,"57":6,"58":6,"59":0,"60":6},"f":{"0":3,"1":3,"2":3,"3":9,"4":9,"5":0,"6":0,"7":0,"8":1,"9":1,"10":1,"11":13,"12":13,"13":13,"14":17,"15":17,"16":17,"17":4,"18":4,"19":4,"20":6,"21":6,"22":6},"b":{"0":[3,0],"1":[0,3],"2":[9,4],"3":[0,0],"4":[0,1],"5":[0,1],"6":[0,13],"7":[0,17],"8":[0,4],"9":[0,6]},"_coverageSchema":"1a1c01bbd47fc00a2c39e90264f33305004495a9","hash":"579962854161cb093733f7ea7b2183fc1a4f0f72"}
,"/Users/francescociarla/Documents/Polito/SoftEngII/se2021-07-SolidarityPurchasingGroup/server/server.js": {"path":"/Users/francescociarla/Documents/Polito/SoftEngII/se2021-07-SolidarityPurchasingGroup/server/server.js","statementMap":{"0":{"start":{"line":3,"column":16},"end":{"line":3,"column":34}},"1":{"start":{"line":4,"column":15},"end":{"line":4,"column":32}},"2":{"start":{"line":5,"column":36},"end":{"line":5,"column":64}},"3":{"start":{"line":6,"column":18},"end":{"line":6,"column":41}},"4":{"start":{"line":7,"column":17},"end":{"line":7,"column":39}},"5":{"start":{"line":8,"column":21},"end":{"line":8,"column":47}},"6":{"start":{"line":9,"column":19},"end":{"line":9,"column":43}},"7":{"start":{"line":10,"column":18},"end":{"line":10,"column":41}},"8":{"start":{"line":12,"column":17},"end":{"line":12,"column":36}},"9":{"start":{"line":13,"column":22},"end":{"line":13,"column":56}},"10":{"start":{"line":14,"column":16},"end":{"line":14,"column":42}},"11":{"start":{"line":15,"column":16},"end":{"line":15,"column":37}},"12":{"start":{"line":16,"column":11},"end":{"line":16,"column":26}},"13":{"start":{"line":19,"column":13},"end":{"line":19,"column":30}},"14":{"start":{"line":25,"column":0},"end":{"line":35,"column":2}},"15":{"start":{"line":27,"column":4},"end":{"line":33,"column":7}},"16":{"start":{"line":28,"column":6},"end":{"line":31,"column":11}},"17":{"start":{"line":29,"column":8},"end":{"line":31,"column":11}},"18":{"start":{"line":32,"column":6},"end":{"line":32,"column":30}},"19":{"start":{"line":38,"column":0},"end":{"line":40,"column":3}},"20":{"start":{"line":39,"column":2},"end":{"line":39,"column":22}},"21":{"start":{"line":43,"column":0},"end":{"line":52,"column":3}},"22":{"start":{"line":44,"column":2},"end":{"line":51,"column":7}},"23":{"start":{"line":47,"column":6},"end":{"line":47,"column":23}},"24":{"start":{"line":50,"column":6},"end":{"line":50,"column":22}},"25":{"start":{"line":55,"column":12},"end":{"line":55,"column":25}},"26":{"start":{"line":56,"column":13},"end":{"line":56,"column":17}},"27":{"start":{"line":58,"column":0},"end":{"line":58,"column":23}},"28":{"start":{"line":59,"column":0},"end":{"line":59,"column":24}},"29":{"start":{"line":61,"column":0},"end":{"line":61,"column":56}},"30":{"start":{"line":64,"column":19},"end":{"line":68,"column":1}},"31":{"start":{"line":65,"column":2},"end":{"line":65,"column":43}},"32":{"start":{"line":65,"column":29},"end":{"line":65,"column":43}},"33":{"start":{"line":67,"column":2},"end":{"line":67,"column":62}},"34":{"start":{"line":71,"column":0},"end":{"line":79,"column":2}},"35":{"start":{"line":82,"column":0},"end":{"line":82,"column":31}},"36":{"start":{"line":83,"column":0},"end":{"line":83,"column":28}},"37":{"start":{"line":86,"column":0},"end":{"line":94,"column":2}},"38":{"start":{"line":87,"column":2},"end":{"line":87,"column":52}},"39":{"start":{"line":88,"column":2},"end":{"line":91,"column":3}},"40":{"start":{"line":92,"column":2},"end":{"line":92,"column":76}},"41":{"start":{"line":93,"column":2},"end":{"line":93,"column":8}},"42":{"start":{"line":97,"column":0},"end":{"line":99,"column":3}},"43":{"start":{"line":98,"column":2},"end":{"line":98,"column":40}},"44":{"start":{"line":102,"column":0},"end":{"line":104,"column":3}},"45":{"start":{"line":103,"column":2},"end":{"line":103,"column":62}},"46":{"start":{"line":107,"column":0},"end":{"line":112,"column":3}},"47":{"start":{"line":108,"column":2},"end":{"line":111,"column":40}},"48":{"start":{"line":110,"column":22},"end":{"line":110,"column":38}},"49":{"start":{"line":111,"column":17},"end":{"line":111,"column":38}},"50":{"start":{"line":115,"column":0},"end":{"line":123,"column":3}},"51":{"start":{"line":116,"column":2},"end":{"line":122,"column":40}},"52":{"start":{"line":119,"column":6},"end":{"line":120,"column":40}},"53":{"start":{"line":119,"column":32},"end":{"line":119,"column":54}},"54":{"start":{"line":120,"column":11},"end":{"line":120,"column":40}},"55":{"start":{"line":122,"column":17},"end":{"line":122,"column":38}},"56":{"start":{"line":126,"column":0},"end":{"line":168,"column":2}},"57":{"start":{"line":138,"column":19},"end":{"line":138,"column":40}},"58":{"start":{"line":139,"column":4},"end":{"line":143,"column":5}},"59":{"start":{"line":140,"column":6},"end":{"line":142,"column":42}},"60":{"start":{"line":144,"column":17},"end":{"line":148,"column":5}},"61":{"start":{"line":149,"column":19},"end":{"line":149,"column":49}},"62":{"start":{"line":151,"column":19},"end":{"line":157,"column":5}},"63":{"start":{"line":159,"column":4},"end":{"line":166,"column":5}},"64":{"start":{"line":160,"column":21},"end":{"line":160,"column":57}},"65":{"start":{"line":161,"column":6},"end":{"line":161,"column":35}},"66":{"start":{"line":163,"column":6},"end":{"line":165,"column":9}},"67":{"start":{"line":171,"column":0},"end":{"line":176,"column":3}},"68":{"start":{"line":172,"column":2},"end":{"line":175,"column":40}},"69":{"start":{"line":174,"column":22},"end":{"line":174,"column":50}},"70":{"start":{"line":175,"column":17},"end":{"line":175,"column":38}},"71":{"start":{"line":179,"column":0},"end":{"line":190,"column":3}},"72":{"start":{"line":180,"column":2},"end":{"line":189,"column":3}},"73":{"start":{"line":181,"column":19},"end":{"line":184,"column":5}},"74":{"start":{"line":185,"column":4},"end":{"line":186,"column":31}},"75":{"start":{"line":185,"column":24},"end":{"line":185,"column":46}},"76":{"start":{"line":186,"column":9},"end":{"line":186,"column":31}},"77":{"start":{"line":188,"column":4},"end":{"line":188,"column":62}},"78":{"start":{"line":193,"column":0},"end":{"line":195,"column":2}},"79":{"start":{"line":194,"column":2},"end":{"line":194,"column":28}},"80":{"start":{"line":199,"column":0},"end":{"line":204,"column":3}},"81":{"start":{"line":200,"column":2},"end":{"line":203,"column":40}},"82":{"start":{"line":202,"column":24},"end":{"line":202,"column":54}},"83":{"start":{"line":203,"column":17},"end":{"line":203,"column":38}},"84":{"start":{"line":207,"column":0},"end":{"line":212,"column":3}},"85":{"start":{"line":208,"column":2},"end":{"line":211,"column":39}},"86":{"start":{"line":210,"column":23},"end":{"line":210,"column":52}},"87":{"start":{"line":211,"column":17},"end":{"line":211,"column":37}},"88":{"start":{"line":215,"column":0},"end":{"line":228,"column":2}},"89":{"start":{"line":216,"column":2},"end":{"line":227,"column":1}},"90":{"start":{"line":217,"column":17},"end":{"line":217,"column":57}},"91":{"start":{"line":219,"column":2},"end":{"line":221,"column":4}},"92":{"start":{"line":223,"column":2},"end":{"line":226,"column":4}},"93":{"start":{"line":231,"column":0},"end":{"line":300,"column":3}},"94":{"start":{"line":232,"column":2},"end":{"line":299,"column":3}},"95":{"start":{"line":234,"column":31},"end":{"line":234,"column":91}},"96":{"start":{"line":237,"column":19},"end":{"line":237,"column":36}},"97":{"start":{"line":239,"column":38},"end":{"line":239,"column":40}},"98":{"start":{"line":240,"column":4},"end":{"line":247,"column":7}},"99":{"start":{"line":241,"column":26},"end":{"line":243,"column":7}},"100":{"start":{"line":242,"column":15},"end":{"line":242,"column":41}},"101":{"start":{"line":244,"column":6},"end":{"line":246,"column":7}},"102":{"start":{"line":245,"column":8},"end":{"line":245,"column":50}},"103":{"start":{"line":249,"column":4},"end":{"line":296,"column":9}},"104":{"start":{"line":251,"column":18},"end":{"line":258,"column":7}},"105":{"start":{"line":259,"column":21},"end":{"line":259,"column":54}},"106":{"start":{"line":261,"column":6},"end":{"line":287,"column":9}},"107":{"start":{"line":263,"column":19},"end":{"line":268,"column":9}},"108":{"start":{"line":270,"column":8},"end":{"line":275,"column":13}},"109":{"start":{"line":274,"column":12},"end":{"line":274,"column":43}},"110":{"start":{"line":277,"column":16},"end":{"line":286,"column":12}},"111":{"start":{"line":281,"column":12},"end":{"line":285,"column":15}},"112":{"start":{"line":288,"column":6},"end":{"line":290,"column":8}},"113":{"start":{"line":292,"column":6},"end":{"line":296,"column":9}},"114":{"start":{"line":298,"column":4},"end":{"line":298,"column":62}},"115":{"start":{"line":305,"column":0},"end":{"line":309,"column":3}},"116":{"start":{"line":308,"column":2},"end":{"line":308,"column":21}},"117":{"start":{"line":313,"column":0},"end":{"line":316,"column":3}},"118":{"start":{"line":314,"column":2},"end":{"line":314,"column":15}},"119":{"start":{"line":315,"column":2},"end":{"line":315,"column":12}},"120":{"start":{"line":319,"column":0},"end":{"line":323,"column":3}},"121":{"start":{"line":320,"column":2},"end":{"line":322,"column":66}},"122":{"start":{"line":321,"column":4},"end":{"line":321,"column":35}},"123":{"start":{"line":322,"column":9},"end":{"line":322,"column":66}},"124":{"start":{"line":328,"column":0},"end":{"line":339,"column":3}},"125":{"start":{"line":329,"column":2},"end":{"line":338,"column":3}},"126":{"start":{"line":330,"column":19},"end":{"line":330,"column":63}},"127":{"start":{"line":331,"column":4},"end":{"line":334,"column":5}},"128":{"start":{"line":332,"column":23},"end":{"line":332,"column":77}},"129":{"start":{"line":333,"column":6},"end":{"line":333,"column":32}},"130":{"start":{"line":335,"column":4},"end":{"line":335,"column":33}},"131":{"start":{"line":337,"column":4},"end":{"line":337,"column":26}},"132":{"start":{"line":342,"column":0},"end":{"line":350,"column":3}},"133":{"start":{"line":343,"column":2},"end":{"line":349,"column":3}},"134":{"start":{"line":344,"column":19},"end":{"line":344,"column":80}},"135":{"start":{"line":345,"column":4},"end":{"line":346,"column":31}},"136":{"start":{"line":345,"column":24},"end":{"line":345,"column":46}},"137":{"start":{"line":346,"column":9},"end":{"line":346,"column":31}},"138":{"start":{"line":348,"column":4},"end":{"line":348,"column":62}},"139":{"start":{"line":353,"column":0},"end":{"line":381,"column":2}},"140":{"start":{"line":360,"column":19},"end":{"line":360,"column":40}},"141":{"start":{"line":361,"column":4},"end":{"line":365,"column":5}},"142":{"start":{"line":362,"column":6},"end":{"line":364,"column":42}},"143":{"start":{"line":366,"column":17},"end":{"line":370,"column":5}},"144":{"start":{"line":372,"column":4},"end":{"line":379,"column":5}},"145":{"start":{"line":373,"column":21},"end":{"line":373,"column":51}},"146":{"start":{"line":374,"column":6},"end":{"line":374,"column":23}},"147":{"start":{"line":376,"column":6},"end":{"line":378,"column":9}},"148":{"start":{"line":384,"column":0},"end":{"line":391,"column":3}},"149":{"start":{"line":385,"column":2},"end":{"line":390,"column":3}},"150":{"start":{"line":386,"column":22},"end":{"line":386,"column":46}},"151":{"start":{"line":387,"column":4},"end":{"line":387,"column":36}},"152":{"start":{"line":389,"column":4},"end":{"line":389,"column":26}},"153":{"start":{"line":394,"column":0},"end":{"line":436,"column":2}},"154":{"start":{"line":406,"column":19},"end":{"line":406,"column":40}},"155":{"start":{"line":407,"column":4},"end":{"line":411,"column":5}},"156":{"start":{"line":408,"column":6},"end":{"line":410,"column":72}},"157":{"start":{"line":412,"column":17},"end":{"line":416,"column":5}},"158":{"start":{"line":417,"column":19},"end":{"line":417,"column":49}},"159":{"start":{"line":419,"column":19},"end":{"line":425,"column":5}},"160":{"start":{"line":427,"column":4},"end":{"line":434,"column":5}},"161":{"start":{"line":428,"column":21},"end":{"line":428,"column":57}},"162":{"start":{"line":429,"column":6},"end":{"line":429,"column":23}},"163":{"start":{"line":431,"column":6},"end":{"line":433,"column":9}},"164":{"start":{"line":439,"column":0},"end":{"line":462,"column":2}},"165":{"start":{"line":446,"column":19},"end":{"line":446,"column":40}},"166":{"start":{"line":447,"column":4},"end":{"line":451,"column":5}},"167":{"start":{"line":448,"column":6},"end":{"line":450,"column":72}},"168":{"start":{"line":452,"column":4},"end":{"line":460,"column":5}},"169":{"start":{"line":453,"column":21},"end":{"line":453,"column":81}},"170":{"start":{"line":454,"column":22},"end":{"line":454,"column":59}},"171":{"start":{"line":455,"column":6},"end":{"line":455,"column":24}},"172":{"start":{"line":457,"column":6},"end":{"line":459,"column":9}},"173":{"start":{"line":465,"column":0},"end":{"line":472,"column":3}},"174":{"start":{"line":466,"column":2},"end":{"line":471,"column":3}},"175":{"start":{"line":467,"column":19},"end":{"line":467,"column":70}},"176":{"start":{"line":468,"column":4},"end":{"line":468,"column":33}},"177":{"start":{"line":470,"column":4},"end":{"line":470,"column":26}},"178":{"start":{"line":475,"column":11},"end":{"line":475,"column":24}},"179":{"start":{"line":477,"column":14},"end":{"line":484,"column":2}},"180":{"start":{"line":477,"column":30},"end":{"line":484,"column":2}},"181":{"start":{"line":479,"column":4},"end":{"line":479,"column":38}},"182":{"start":{"line":482,"column":4},"end":{"line":482,"column":31}},"183":{"start":{"line":486,"column":17},"end":{"line":486,"column":68}},"184":{"start":{"line":488,"column":0},"end":{"line":495,"column":3}},"185":{"start":{"line":489,"column":2},"end":{"line":494,"column":5}},"186":{"start":{"line":490,"column":4},"end":{"line":492,"column":5}},"187":{"start":{"line":491,"column":6},"end":{"line":491,"column":39}},"188":{"start":{"line":493,"column":4},"end":{"line":493,"column":42}},"189":{"start":{"line":499,"column":0},"end":{"line":519,"column":3}},"190":{"start":{"line":500,"column":2},"end":{"line":517,"column":3}},"191":{"start":{"line":501,"column":4},"end":{"line":501,"column":36}},"192":{"start":{"line":502,"column":18},"end":{"line":502,"column":43}},"193":{"start":{"line":503,"column":4},"end":{"line":503,"column":51}},"194":{"start":{"line":506,"column":4},"end":{"line":506,"column":33}},"195":{"start":{"line":507,"column":4},"end":{"line":507,"column":36}},"196":{"start":{"line":508,"column":4},"end":{"line":515,"column":5}},"197":{"start":{"line":509,"column":6},"end":{"line":509,"column":56}},"198":{"start":{"line":510,"column":6},"end":{"line":510,"column":42}},"199":{"start":{"line":511,"column":6},"end":{"line":511,"column":74}},"200":{"start":{"line":514,"column":6},"end":{"line":514,"column":39}},"201":{"start":{"line":523,"column":0},"end":{"line":534,"column":3}},"202":{"start":{"line":528,"column":2},"end":{"line":533,"column":3}},"203":{"start":{"line":529,"column":23},"end":{"line":529,"column":121}},"204":{"start":{"line":530,"column":4},"end":{"line":530,"column":37}},"205":{"start":{"line":532,"column":4},"end":{"line":532,"column":26}},"206":{"start":{"line":538,"column":0},"end":{"line":547,"column":3}},"207":{"start":{"line":539,"column":2},"end":{"line":546,"column":3}},"208":{"start":{"line":540,"column":4},"end":{"line":540,"column":100}},"209":{"start":{"line":542,"column":4},"end":{"line":542,"column":75}},"210":{"start":{"line":543,"column":4},"end":{"line":543,"column":26}},"211":{"start":{"line":545,"column":4},"end":{"line":545,"column":26}}},"fnMap":{"0":{"name":"(anonymous_0)","decl":{"start":{"line":26,"column":20},"end":{"line":26,"column":21}},"loc":{"start":{"line":26,"column":56},"end":{"line":34,"column":3}},"line":26},"1":{"name":"(anonymous_1)","decl":{"start":{"line":27,"column":45},"end":{"line":27,"column":46}},"loc":{"start":{"line":27,"column":55},"end":{"line":33,"column":5}},"line":27},"2":{"name":"(anonymous_2)","decl":{"start":{"line":38,"column":23},"end":{"line":38,"column":24}},"loc":{"start":{"line":38,"column":39},"end":{"line":40,"column":1}},"line":38},"3":{"name":"(anonymous_3)","decl":{"start":{"line":43,"column":25},"end":{"line":43,"column":26}},"loc":{"start":{"line":43,"column":39},"end":{"line":52,"column":1}},"line":43},"4":{"name":"(anonymous_4)","decl":{"start":{"line":46,"column":10},"end":{"line":46,"column":11}},"loc":{"start":{"line":46,"column":20},"end":{"line":48,"column":5}},"line":46},"5":{"name":"(anonymous_5)","decl":{"start":{"line":49,"column":11},"end":{"line":49,"column":12}},"loc":{"start":{"line":49,"column":20},"end":{"line":51,"column":5}},"line":49},"6":{"name":"(anonymous_6)","decl":{"start":{"line":64,"column":19},"end":{"line":64,"column":20}},"loc":{"start":{"line":64,"column":39},"end":{"line":68,"column":1}},"line":64},"7":{"name":"(anonymous_7)","decl":{"start":{"line":86,"column":8},"end":{"line":86,"column":9}},"loc":{"start":{"line":86,"column":28},"end":{"line":94,"column":1}},"line":86},"8":{"name":"(anonymous_8)","decl":{"start":{"line":97,"column":21},"end":{"line":97,"column":22}},"loc":{"start":{"line":97,"column":35},"end":{"line":99,"column":1}},"line":97},"9":{"name":"(anonymous_9)","decl":{"start":{"line":102,"column":34},"end":{"line":102,"column":35}},"loc":{"start":{"line":102,"column":40},"end":{"line":104,"column":1}},"line":102},"10":{"name":"(anonymous_10)","decl":{"start":{"line":107,"column":24},"end":{"line":107,"column":25}},"loc":{"start":{"line":107,"column":44},"end":{"line":112,"column":1}},"line":107},"11":{"name":"(anonymous_11)","decl":{"start":{"line":110,"column":10},"end":{"line":110,"column":11}},"loc":{"start":{"line":110,"column":22},"end":{"line":110,"column":38}},"line":110},"12":{"name":"(anonymous_12)","decl":{"start":{"line":111,"column":11},"end":{"line":111,"column":12}},"loc":{"start":{"line":111,"column":17},"end":{"line":111,"column":38}},"line":111},"13":{"name":"(anonymous_13)","decl":{"start":{"line":115,"column":33},"end":{"line":115,"column":34}},"loc":{"start":{"line":115,"column":53},"end":{"line":123,"column":1}},"line":115},"14":{"name":"(anonymous_14)","decl":{"start":{"line":118,"column":10},"end":{"line":118,"column":11}},"loc":{"start":{"line":118,"column":22},"end":{"line":121,"column":5}},"line":118},"15":{"name":"(anonymous_15)","decl":{"start":{"line":122,"column":11},"end":{"line":122,"column":12}},"loc":{"start":{"line":122,"column":17},"end":{"line":122,"column":38}},"line":122},"16":{"name":"(anonymous_16)","decl":{"start":{"line":137,"column":2},"end":{"line":137,"column":3}},"loc":{"start":{"line":137,"column":22},"end":{"line":167,"column":3}},"line":137},"17":{"name":"(anonymous_17)","decl":{"start":{"line":171,"column":23},"end":{"line":171,"column":24}},"loc":{"start":{"line":171,"column":43},"end":{"line":176,"column":1}},"line":171},"18":{"name":"(anonymous_18)","decl":{"start":{"line":174,"column":10},"end":{"line":174,"column":11}},"loc":{"start":{"line":174,"column":22},"end":{"line":174,"column":50}},"line":174},"19":{"name":"(anonymous_19)","decl":{"start":{"line":175,"column":11},"end":{"line":175,"column":12}},"loc":{"start":{"line":175,"column":17},"end":{"line":175,"column":38}},"line":175},"20":{"name":"(anonymous_20)","decl":{"start":{"line":179,"column":32},"end":{"line":179,"column":33}},"loc":{"start":{"line":179,"column":52},"end":{"line":190,"column":1}},"line":179},"21":{"name":"(anonymous_21)","decl":{"start":{"line":193,"column":25},"end":{"line":193,"column":26}},"loc":{"start":{"line":193,"column":45},"end":{"line":195,"column":1}},"line":193},"22":{"name":"(anonymous_22)","decl":{"start":{"line":199,"column":31},"end":{"line":199,"column":32}},"loc":{"start":{"line":199,"column":51},"end":{"line":204,"column":1}},"line":199},"23":{"name":"(anonymous_23)","decl":{"start":{"line":202,"column":10},"end":{"line":202,"column":11}},"loc":{"start":{"line":202,"column":24},"end":{"line":202,"column":54}},"line":202},"24":{"name":"(anonymous_24)","decl":{"start":{"line":203,"column":11},"end":{"line":203,"column":12}},"loc":{"start":{"line":203,"column":17},"end":{"line":203,"column":38}},"line":203},"25":{"name":"(anonymous_25)","decl":{"start":{"line":207,"column":24},"end":{"line":207,"column":25}},"loc":{"start":{"line":207,"column":44},"end":{"line":212,"column":1}},"line":207},"26":{"name":"(anonymous_26)","decl":{"start":{"line":210,"column":10},"end":{"line":210,"column":11}},"loc":{"start":{"line":210,"column":23},"end":{"line":210,"column":52}},"line":210},"27":{"name":"(anonymous_27)","decl":{"start":{"line":211,"column":11},"end":{"line":211,"column":12}},"loc":{"start":{"line":211,"column":17},"end":{"line":211,"column":37}},"line":211},"28":{"name":"(anonymous_28)","decl":{"start":{"line":215,"column":25},"end":{"line":215,"column":26}},"loc":{"start":{"line":215,"column":45},"end":{"line":228,"column":1}},"line":215},"29":{"name":"(anonymous_29)","decl":{"start":{"line":231,"column":26},"end":{"line":231,"column":27}},"loc":{"start":{"line":231,"column":46},"end":{"line":300,"column":1}},"line":231},"30":{"name":"(anonymous_30)","decl":{"start":{"line":240,"column":17},"end":{"line":240,"column":18}},"loc":{"start":{"line":240,"column":30},"end":{"line":247,"column":5}},"line":240},"31":{"name":"(anonymous_31)","decl":{"start":{"line":242,"column":8},"end":{"line":242,"column":9}},"loc":{"start":{"line":242,"column":15},"end":{"line":242,"column":41}},"line":242},"32":{"name":"(anonymous_32)","decl":{"start":{"line":261,"column":23},"end":{"line":261,"column":24}},"loc":{"start":{"line":261,"column":36},"end":{"line":287,"column":7}},"line":261},"33":{"name":"(anonymous_33)","decl":{"start":{"line":273,"column":17},"end":{"line":273,"column":18}},"loc":{"start":{"line":273,"column":26},"end":{"line":275,"column":11}},"line":273},"34":{"name":"(anonymous_34)","decl":{"start":{"line":280,"column":17},"end":{"line":280,"column":18}},"loc":{"start":{"line":280,"column":23},"end":{"line":286,"column":11}},"line":280},"35":{"name":"(anonymous_35)","decl":{"start":{"line":305,"column":51},"end":{"line":305,"column":52}},"loc":{"start":{"line":305,"column":65},"end":{"line":309,"column":1}},"line":305},"36":{"name":"(anonymous_36)","decl":{"start":{"line":313,"column":22},"end":{"line":313,"column":23}},"loc":{"start":{"line":313,"column":36},"end":{"line":316,"column":1}},"line":313},"37":{"name":"(anonymous_37)","decl":{"start":{"line":319,"column":33},"end":{"line":319,"column":34}},"loc":{"start":{"line":319,"column":47},"end":{"line":323,"column":1}},"line":319},"38":{"name":"(anonymous_38)","decl":{"start":{"line":328,"column":31},"end":{"line":328,"column":32}},"loc":{"start":{"line":328,"column":51},"end":{"line":339,"column":1}},"line":328},"39":{"name":"(anonymous_39)","decl":{"start":{"line":342,"column":34},"end":{"line":342,"column":35}},"loc":{"start":{"line":342,"column":54},"end":{"line":350,"column":1}},"line":342},"40":{"name":"(anonymous_40)","decl":{"start":{"line":359,"column":2},"end":{"line":359,"column":3}},"loc":{"start":{"line":359,"column":22},"end":{"line":380,"column":3}},"line":359},"41":{"name":"(anonymous_41)","decl":{"start":{"line":384,"column":26},"end":{"line":384,"column":27}},"loc":{"start":{"line":384,"column":46},"end":{"line":391,"column":1}},"line":384},"42":{"name":"(anonymous_42)","decl":{"start":{"line":405,"column":2},"end":{"line":405,"column":3}},"loc":{"start":{"line":405,"column":22},"end":{"line":435,"column":3}},"line":405},"43":{"name":"(anonymous_43)","decl":{"start":{"line":445,"column":2},"end":{"line":445,"column":3}},"loc":{"start":{"line":445,"column":22},"end":{"line":461,"column":3}},"line":445},"44":{"name":"(anonymous_44)","decl":{"start":{"line":465,"column":38},"end":{"line":465,"column":39}},"loc":{"start":{"line":465,"column":58},"end":{"line":472,"column":1}},"line":465},"45":{"name":"(anonymous_45)","decl":{"start":{"line":477,"column":14},"end":{"line":477,"column":15}},"loc":{"start":{"line":477,"column":30},"end":{"line":484,"column":2}},"line":477},"46":{"name":"(anonymous_46)","decl":{"start":{"line":478,"column":15},"end":{"line":478,"column":16}},"loc":{"start":{"line":478,"column":40},"end":{"line":480,"column":3}},"line":478},"47":{"name":"(anonymous_47)","decl":{"start":{"line":481,"column":12},"end":{"line":481,"column":13}},"loc":{"start":{"line":481,"column":37},"end":{"line":483,"column":3}},"line":481},"48":{"name":"(anonymous_48)","decl":{"start":{"line":488,"column":21},"end":{"line":488,"column":22}},"loc":{"start":{"line":488,"column":41},"end":{"line":495,"column":1}},"line":488},"49":{"name":"(anonymous_49)","decl":{"start":{"line":489,"column":23},"end":{"line":489,"column":24}},"loc":{"start":{"line":489,"column":30},"end":{"line":494,"column":3}},"line":489},"50":{"name":"(anonymous_50)","decl":{"start":{"line":499,"column":32},"end":{"line":499,"column":33}},"loc":{"start":{"line":499,"column":52},"end":{"line":519,"column":1}},"line":499},"51":{"name":"(anonymous_51)","decl":{"start":{"line":523,"column":31},"end":{"line":523,"column":32}},"loc":{"start":{"line":523,"column":51},"end":{"line":534,"column":1}},"line":523},"52":{"name":"(anonymous_52)","decl":{"start":{"line":538,"column":27},"end":{"line":538,"column":28}},"loc":{"start":{"line":538,"column":47},"end":{"line":547,"column":1}},"line":538}},"branchMap":{"0":{"loc":{"start":{"line":28,"column":6},"end":{"line":31,"column":11}},"type":"if","locations":[{"start":{"line":28,"column":6},"end":{"line":31,"column":11}},{"start":{},"end":{}}],"line":28},"1":{"loc":{"start":{"line":65,"column":2},"end":{"line":65,"column":43}},"type":"if","locations":[{"start":{"line":65,"column":2},"end":{"line":65,"column":43}},{"start":{},"end":{}}],"line":65},"2":{"loc":{"start":{"line":119,"column":6},"end":{"line":120,"column":40}},"type":"if","locations":[{"start":{"line":119,"column":6},"end":{"line":120,"column":40}},{"start":{"line":120,"column":11},"end":{"line":120,"column":40}}],"line":119},"3":{"loc":{"start":{"line":139,"column":4},"end":{"line":143,"column":5}},"type":"if","locations":[{"start":{"line":139,"column":4},"end":{"line":143,"column":5}},{"start":{},"end":{}}],"line":139},"4":{"loc":{"start":{"line":185,"column":4},"end":{"line":186,"column":31}},"type":"if","locations":[{"start":{"line":185,"column":4},"end":{"line":186,"column":31}},{"start":{"line":186,"column":9},"end":{"line":186,"column":31}}],"line":185},"5":{"loc":{"start":{"line":244,"column":6},"end":{"line":246,"column":7}},"type":"if","locations":[{"start":{"line":244,"column":6},"end":{"line":246,"column":7}},{"start":{},"end":{}}],"line":244},"6":{"loc":{"start":{"line":244,"column":10},"end":{"line":244,"column":79}},"type":"binary-expr","locations":[{"start":{"line":244,"column":10},"end":{"line":244,"column":31}},{"start":{"line":244,"column":35},"end":{"line":244,"column":79}}],"line":244},"7":{"loc":{"start":{"line":249,"column":4},"end":{"line":296,"column":9}},"type":"if","locations":[{"start":{"line":249,"column":4},"end":{"line":296,"column":9}},{"start":{"line":292,"column":6},"end":{"line":296,"column":9}}],"line":249},"8":{"loc":{"start":{"line":320,"column":2},"end":{"line":322,"column":66}},"type":"if","locations":[{"start":{"line":320,"column":2},"end":{"line":322,"column":66}},{"start":{"line":322,"column":9},"end":{"line":322,"column":66}}],"line":320},"9":{"loc":{"start":{"line":345,"column":4},"end":{"line":346,"column":31}},"type":"if","locations":[{"start":{"line":345,"column":4},"end":{"line":346,"column":31}},{"start":{"line":346,"column":9},"end":{"line":346,"column":31}}],"line":345},"10":{"loc":{"start":{"line":361,"column":4},"end":{"line":365,"column":5}},"type":"if","locations":[{"start":{"line":361,"column":4},"end":{"line":365,"column":5}},{"start":{},"end":{}}],"line":361},"11":{"loc":{"start":{"line":407,"column":4},"end":{"line":411,"column":5}},"type":"if","locations":[{"start":{"line":407,"column":4},"end":{"line":411,"column":5}},{"start":{},"end":{}}],"line":407},"12":{"loc":{"start":{"line":447,"column":4},"end":{"line":451,"column":5}},"type":"if","locations":[{"start":{"line":447,"column":4},"end":{"line":451,"column":5}},{"start":{},"end":{}}],"line":447},"13":{"loc":{"start":{"line":490,"column":4},"end":{"line":492,"column":5}},"type":"if","locations":[{"start":{"line":490,"column":4},"end":{"line":492,"column":5}},{"start":{},"end":{}}],"line":490},"14":{"loc":{"start":{"line":500,"column":2},"end":{"line":517,"column":3}},"type":"if","locations":[{"start":{"line":500,"column":2},"end":{"line":517,"column":3}},{"start":{"line":505,"column":9},"end":{"line":517,"column":3}}],"line":500}},"s":{"0":12,"1":12,"2":12,"3":12,"4":12,"5":12,"6":12,"7":12,"8":12,"9":12,"10":12,"11":12,"12":12,"13":12,"14":12,"15":4,"16":4,"17":2,"18":2,"19":12,"20":2,"21":12,"22":0,"23":0,"24":0,"25":12,"26":12,"27":12,"28":12,"29":12,"30":12,"31":0,"32":0,"33":0,"34":12,"35":12,"36":12,"37":12,"38":66,"39":66,"40":66,"41":66,"42":12,"43":0,"44":12,"45":12,"46":12,"47":1,"48":1,"49":0,"50":12,"51":3,"52":3,"53":1,"54":2,"55":0,"56":12,"57":9,"58":9,"59":8,"60":1,"61":1,"62":1,"63":1,"64":1,"65":1,"66":0,"67":12,"68":1,"69":1,"70":0,"71":12,"72":1,"73":1,"74":1,"75":1,"76":0,"77":0,"78":12,"79":0,"80":12,"81":2,"82":2,"83":0,"84":12,"85":2,"86":2,"87":0,"88":12,"89":0,"90":0,"91":0,"92":0,"93":12,"94":1,"95":1,"96":1,"97":1,"98":1,"99":2,"100":0,"101":2,"102":2,"103":1,"104":0,"105":0,"106":0,"107":0,"108":0,"109":0,"110":0,"111":0,"112":0,"113":1,"114":0,"115":12,"116":2,"117":12,"118":1,"119":1,"120":12,"121":0,"122":0,"123":0,"124":12,"125":1,"126":1,"127":1,"128":2,"129":2,"130":1,"131":0,"132":12,"133":1,"134":1,"135":1,"136":1,"137":0,"138":0,"139":12,"140":6,"141":6,"142":5,"143":1,"144":1,"145":1,"146":1,"147":0,"148":12,"149":2,"150":2,"151":2,"152":0,"153":12,"154":17,"155":17,"156":16,"157":1,"158":1,"159":1,"160":1,"161":1,"162":1,"163":0,"164":12,"165":1,"166":1,"167":0,"168":1,"169":1,"170":1,"171":1,"172":0,"173":12,"174":2,"175":2,"176":2,"177":0,"178":12,"179":12,"180":12,"181":0,"182":0,"183":12,"184":12,"185":0,"186":0,"187":0,"188":0,"189":12,"190":0,"191":0,"192":0,"193":0,"194":0,"195":0,"196":0,"197":0,"198":0,"199":0,"200":0,"201":12,"202":4,"203":4,"204":4,"205":0,"206":12,"207":5,"208":5,"209":5,"210":5,"211":0},"f":{"0":4,"1":4,"2":2,"3":0,"4":0,"5":0,"6":0,"7":66,"8":0,"9":12,"10":1,"11":1,"12":0,"13":3,"14":3,"15":0,"16":9,"17":1,"18":1,"19":0,"20":1,"21":0,"22":2,"23":2,"24":0,"25":2,"26":2,"27":0,"28":0,"29":1,"30":2,"31":0,"32":0,"33":0,"34":0,"35":2,"36":1,"37":0,"38":1,"39":1,"40":6,"41":2,"42":17,"43":1,"44":2,"45":12,"46":0,"47":0,"48":0,"49":0,"50":0,"51":4,"52":5},"b":{"0":[2,2],"1":[0,0],"2":[1,2],"3":[8,1],"4":[1,0],"5":[2,0],"6":[2,0],"7":[0,1],"8":[0,0],"9":[1,0],"10":[5,1],"11":[16,1],"12":[0,1],"13":[0,0],"14":[0,0]},"_coverageSchema":"1a1c01bbd47fc00a2c39e90264f33305004495a9","hash":"f9fb09ff33ef9f6ea81ed113b89c0c49137bf6dd"}
,"/Users/francescociarla/Documents/Polito/SoftEngII/se2021-07-SolidarityPurchasingGroup/server/user-dao.js": {"path":"/Users/francescociarla/Documents/Polito/SoftEngII/se2021-07-SolidarityPurchasingGroup/server/user-dao.js","statementMap":{"0":{"start":{"line":3,"column":11},"end":{"line":3,"column":32}},"1":{"start":{"line":5,"column":15},"end":{"line":5,"column":32}},"2":{"start":{"line":6,"column":19},"end":{"line":6,"column":21}},"3":{"start":{"line":9,"column":0},"end":{"line":24,"column":2}},"4":{"start":{"line":10,"column":4},"end":{"line":23,"column":7}},"5":{"start":{"line":11,"column":20},"end":{"line":11,"column":53}},"6":{"start":{"line":12,"column":8},"end":{"line":22,"column":11}},"7":{"start":{"line":13,"column":12},"end":{"line":21,"column":13}},"8":{"start":{"line":14,"column":16},"end":{"line":14,"column":28}},"9":{"start":{"line":16,"column":17},"end":{"line":21,"column":13}},"10":{"start":{"line":17,"column":16},"end":{"line":17,"column":52}},"11":{"start":{"line":19,"column":27},"end":{"line":19,"column":117}},"12":{"start":{"line":20,"column":16},"end":{"line":20,"column":30}},"13":{"start":{"line":27,"column":0},"end":{"line":49,"column":2}},"14":{"start":{"line":28,"column":4},"end":{"line":48,"column":7}},"15":{"start":{"line":30,"column":20},"end":{"line":30,"column":58}},"16":{"start":{"line":31,"column":8},"end":{"line":47,"column":11}},"17":{"start":{"line":32,"column":12},"end":{"line":46,"column":13}},"18":{"start":{"line":33,"column":16},"end":{"line":33,"column":28}},"19":{"start":{"line":34,"column":17},"end":{"line":46,"column":13}},"20":{"start":{"line":35,"column":16},"end":{"line":35,"column":31}},"21":{"start":{"line":38,"column":27},"end":{"line":38,"column":78}},"22":{"start":{"line":40,"column":16},"end":{"line":45,"column":19}},"23":{"start":{"line":41,"column":20},"end":{"line":44,"column":39}},"24":{"start":{"line":42,"column":24},"end":{"line":42,"column":38}},"25":{"start":{"line":44,"column":24},"end":{"line":44,"column":39}},"26":{"start":{"line":52,"column":0},"end":{"line":68,"column":2}},"27":{"start":{"line":53,"column":4},"end":{"line":67,"column":7}},"28":{"start":{"line":54,"column":20},"end":{"line":54,"column":40}},"29":{"start":{"line":55,"column":8},"end":{"line":66,"column":11}},"30":{"start":{"line":56,"column":12},"end":{"line":58,"column":13}},"31":{"start":{"line":57,"column":16},"end":{"line":57,"column":28}},"32":{"start":{"line":59,"column":12},"end":{"line":65,"column":13}},"33":{"start":{"line":60,"column":16},"end":{"line":60,"column":53}},"34":{"start":{"line":63,"column":34},"end":{"line":63,"column":98}},"35":{"start":{"line":63,"column":51},"end":{"line":63,"column":96}},"36":{"start":{"line":64,"column":16},"end":{"line":64,"column":34}},"37":{"start":{"line":73,"column":0},"end":{"line":83,"column":2}},"38":{"start":{"line":74,"column":4},"end":{"line":82,"column":7}},"39":{"start":{"line":75,"column":20},"end":{"line":75,"column":38}},"40":{"start":{"line":76,"column":8},"end":{"line":81,"column":11}},"41":{"start":{"line":77,"column":12},"end":{"line":80,"column":27}},"42":{"start":{"line":78,"column":16},"end":{"line":78,"column":28}},"43":{"start":{"line":80,"column":17},"end":{"line":80,"column":27}},"44":{"start":{"line":88,"column":0},"end":{"line":99,"column":2}},"45":{"start":{"line":89,"column":4},"end":{"line":98,"column":7}},"46":{"start":{"line":90,"column":20},"end":{"line":90,"column":77}},"47":{"start":{"line":91,"column":21},"end":{"line":91,"column":63}},"48":{"start":{"line":92,"column":8},"end":{"line":97,"column":11}},"49":{"start":{"line":93,"column":12},"end":{"line":95,"column":13}},"50":{"start":{"line":94,"column":16},"end":{"line":94,"column":28}},"51":{"start":{"line":96,"column":12},"end":{"line":96,"column":33}},"52":{"start":{"line":102,"column":0},"end":{"line":114,"column":2}},"53":{"start":{"line":103,"column":4},"end":{"line":113,"column":7}},"54":{"start":{"line":104,"column":20},"end":{"line":104,"column":62}},"55":{"start":{"line":105,"column":21},"end":{"line":105,"column":58}},"56":{"start":{"line":106,"column":8},"end":{"line":112,"column":11}},"57":{"start":{"line":107,"column":12},"end":{"line":109,"column":13}},"58":{"start":{"line":108,"column":16},"end":{"line":108,"column":28}},"59":{"start":{"line":110,"column":12},"end":{"line":111,"column":31}},"60":{"start":{"line":110,"column":36},"end":{"line":110,"column":51}},"61":{"start":{"line":111,"column":17},"end":{"line":111,"column":31}},"62":{"start":{"line":117,"column":0},"end":{"line":128,"column":2}},"63":{"start":{"line":118,"column":4},"end":{"line":127,"column":7}},"64":{"start":{"line":119,"column":20},"end":{"line":119,"column":58}},"65":{"start":{"line":120,"column":8},"end":{"line":126,"column":11}},"66":{"start":{"line":121,"column":12},"end":{"line":123,"column":13}},"67":{"start":{"line":122,"column":16},"end":{"line":122,"column":28}},"68":{"start":{"line":124,"column":12},"end":{"line":125,"column":31}},"69":{"start":{"line":124,"column":36},"end":{"line":124,"column":51}},"70":{"start":{"line":125,"column":17},"end":{"line":125,"column":31}}},"fnMap":{"0":{"name":"(anonymous_0)","decl":{"start":{"line":9,"column":22},"end":{"line":9,"column":23}},"loc":{"start":{"line":9,"column":30},"end":{"line":24,"column":1}},"line":9},"1":{"name":"(anonymous_1)","decl":{"start":{"line":10,"column":23},"end":{"line":10,"column":24}},"loc":{"start":{"line":10,"column":44},"end":{"line":23,"column":5}},"line":10},"2":{"name":"(anonymous_2)","decl":{"start":{"line":12,"column":26},"end":{"line":12,"column":27}},"loc":{"start":{"line":12,"column":39},"end":{"line":22,"column":9}},"line":12},"3":{"name":"(anonymous_3)","decl":{"start":{"line":27,"column":18},"end":{"line":27,"column":19}},"loc":{"start":{"line":27,"column":42},"end":{"line":49,"column":1}},"line":27},"4":{"name":"(anonymous_4)","decl":{"start":{"line":28,"column":23},"end":{"line":28,"column":24}},"loc":{"start":{"line":28,"column":44},"end":{"line":48,"column":5}},"line":28},"5":{"name":"(anonymous_5)","decl":{"start":{"line":31,"column":32},"end":{"line":31,"column":33}},"loc":{"start":{"line":31,"column":45},"end":{"line":47,"column":9}},"line":31},"6":{"name":"(anonymous_6)","decl":{"start":{"line":40,"column":60},"end":{"line":40,"column":61}},"loc":{"start":{"line":40,"column":70},"end":{"line":45,"column":17}},"line":40},"7":{"name":"(anonymous_7)","decl":{"start":{"line":52,"column":19},"end":{"line":52,"column":20}},"loc":{"start":{"line":52,"column":25},"end":{"line":68,"column":1}},"line":52},"8":{"name":"(anonymous_8)","decl":{"start":{"line":53,"column":23},"end":{"line":53,"column":24}},"loc":{"start":{"line":53,"column":44},"end":{"line":67,"column":5}},"line":53},"9":{"name":"(anonymous_9)","decl":{"start":{"line":55,"column":24},"end":{"line":55,"column":25}},"loc":{"start":{"line":55,"column":39},"end":{"line":66,"column":9}},"line":55},"10":{"name":"(anonymous_10)","decl":{"start":{"line":63,"column":43},"end":{"line":63,"column":44}},"loc":{"start":{"line":63,"column":51},"end":{"line":63,"column":96}},"line":63},"11":{"name":"(anonymous_11)","decl":{"start":{"line":73,"column":25},"end":{"line":73,"column":26}},"loc":{"start":{"line":73,"column":31},"end":{"line":83,"column":1}},"line":73},"12":{"name":"(anonymous_12)","decl":{"start":{"line":74,"column":23},"end":{"line":74,"column":24}},"loc":{"start":{"line":74,"column":44},"end":{"line":82,"column":5}},"line":74},"13":{"name":"(anonymous_13)","decl":{"start":{"line":76,"column":24},"end":{"line":76,"column":25}},"loc":{"start":{"line":76,"column":39},"end":{"line":81,"column":9}},"line":76},"14":{"name":"(anonymous_14)","decl":{"start":{"line":88,"column":22},"end":{"line":88,"column":23}},"loc":{"start":{"line":88,"column":32},"end":{"line":99,"column":1}},"line":88},"15":{"name":"(anonymous_15)","decl":{"start":{"line":89,"column":23},"end":{"line":89,"column":24}},"loc":{"start":{"line":89,"column":44},"end":{"line":98,"column":5}},"line":89},"16":{"name":"(anonymous_16)","decl":{"start":{"line":92,"column":55},"end":{"line":92,"column":56}},"loc":{"start":{"line":92,"column":70},"end":{"line":97,"column":9}},"line":92},"17":{"name":"(anonymous_17)","decl":{"start":{"line":102,"column":25},"end":{"line":102,"column":26}},"loc":{"start":{"line":102,"column":43},"end":{"line":114,"column":1}},"line":102},"18":{"name":"(anonymous_18)","decl":{"start":{"line":103,"column":23},"end":{"line":103,"column":24}},"loc":{"start":{"line":103,"column":44},"end":{"line":113,"column":5}},"line":103},"19":{"name":"(anonymous_19)","decl":{"start":{"line":106,"column":32},"end":{"line":106,"column":33}},"loc":{"start":{"line":106,"column":47},"end":{"line":112,"column":9}},"line":106},"20":{"name":"(anonymous_20)","decl":{"start":{"line":117,"column":20},"end":{"line":117,"column":21}},"loc":{"start":{"line":117,"column":28},"end":{"line":128,"column":1}},"line":117},"21":{"name":"(anonymous_21)","decl":{"start":{"line":118,"column":23},"end":{"line":118,"column":24}},"loc":{"start":{"line":118,"column":44},"end":{"line":127,"column":5}},"line":118},"22":{"name":"(anonymous_22)","decl":{"start":{"line":120,"column":36},"end":{"line":120,"column":37}},"loc":{"start":{"line":120,"column":51},"end":{"line":126,"column":9}},"line":120}},"branchMap":{"0":{"loc":{"start":{"line":13,"column":12},"end":{"line":21,"column":13}},"type":"if","locations":[{"start":{"line":13,"column":12},"end":{"line":21,"column":13}},{"start":{"line":16,"column":17},"end":{"line":21,"column":13}}],"line":13},"1":{"loc":{"start":{"line":16,"column":17},"end":{"line":21,"column":13}},"type":"if","locations":[{"start":{"line":16,"column":17},"end":{"line":21,"column":13}},{"start":{"line":18,"column":16},"end":{"line":21,"column":13}}],"line":16},"2":{"loc":{"start":{"line":32,"column":12},"end":{"line":46,"column":13}},"type":"if","locations":[{"start":{"line":32,"column":12},"end":{"line":46,"column":13}},{"start":{"line":34,"column":17},"end":{"line":46,"column":13}}],"line":32},"3":{"loc":{"start":{"line":34,"column":17},"end":{"line":46,"column":13}},"type":"if","locations":[{"start":{"line":34,"column":17},"end":{"line":46,"column":13}},{"start":{"line":37,"column":17},"end":{"line":46,"column":13}}],"line":34},"4":{"loc":{"start":{"line":41,"column":20},"end":{"line":44,"column":39}},"type":"if","locations":[{"start":{"line":41,"column":20},"end":{"line":44,"column":39}},{"start":{"line":44,"column":24},"end":{"line":44,"column":39}}],"line":41},"5":{"loc":{"start":{"line":56,"column":12},"end":{"line":58,"column":13}},"type":"if","locations":[{"start":{"line":56,"column":12},"end":{"line":58,"column":13}},{"start":{},"end":{}}],"line":56},"6":{"loc":{"start":{"line":59,"column":12},"end":{"line":65,"column":13}},"type":"if","locations":[{"start":{"line":59,"column":12},"end":{"line":65,"column":13}},{"start":{"line":62,"column":17},"end":{"line":65,"column":13}}],"line":59},"7":{"loc":{"start":{"line":77,"column":12},"end":{"line":80,"column":27}},"type":"if","locations":[{"start":{"line":77,"column":12},"end":{"line":80,"column":27}},{"start":{"line":80,"column":17},"end":{"line":80,"column":27}}],"line":77},"8":{"loc":{"start":{"line":93,"column":12},"end":{"line":95,"column":13}},"type":"if","locations":[{"start":{"line":93,"column":12},"end":{"line":95,"column":13}},{"start":{},"end":{}}],"line":93},"9":{"loc":{"start":{"line":107,"column":12},"end":{"line":109,"column":13}},"type":"if","locations":[{"start":{"line":107,"column":12},"end":{"line":109,"column":13}},{"start":{},"end":{}}],"line":107},"10":{"loc":{"start":{"line":110,"column":12},"end":{"line":111,"column":31}},"type":"if","locations":[{"start":{"line":110,"column":12},"end":{"line":111,"column":31}},{"start":{"line":111,"column":17},"end":{"line":111,"column":31}}],"line":110},"11":{"loc":{"start":{"line":121,"column":12},"end":{"line":123,"column":13}},"type":"if","locations":[{"start":{"line":121,"column":12},"end":{"line":123,"column":13}},{"start":{},"end":{}}],"line":121},"12":{"loc":{"start":{"line":124,"column":12},"end":{"line":125,"column":31}},"type":"if","locations":[{"start":{"line":124,"column":12},"end":{"line":125,"column":31}},{"start":{"line":125,"column":17},"end":{"line":125,"column":31}}],"line":124}},"s":{"0":12,"1":12,"2":12,"3":12,"4":1,"5":1,"6":1,"7":1,"8":0,"9":1,"10":0,"11":1,"12":1,"13":12,"14":4,"15":4,"16":4,"17":4,"18":0,"19":4,"20":1,"21":3,"22":3,"23":3,"24":2,"25":1,"26":12,"27":2,"28":2,"29":2,"30":2,"31":0,"32":2,"33":0,"34":2,"35":6,"36":2,"37":12,"38":40,"39":40,"40":40,"41":39,"42":0,"43":39,"44":12,"45":17,"46":17,"47":17,"48":17,"49":17,"50":0,"51":17,"52":12,"53":1,"54":1,"55":1,"56":1,"57":1,"58":0,"59":1,"60":0,"61":1,"62":12,"63":1,"64":1,"65":1,"66":1,"67":0,"68":1,"69":0,"70":1},"f":{"0":1,"1":1,"2":1,"3":4,"4":4,"5":4,"6":3,"7":2,"8":2,"9":2,"10":6,"11":40,"12":40,"13":39,"14":17,"15":17,"16":17,"17":1,"18":1,"19":1,"20":1,"21":1,"22":1},"b":{"0":[0,1],"1":[0,1],"2":[0,4],"3":[1,3],"4":[2,1],"5":[0,2],"6":[0,2],"7":[0,39],"8":[0,17],"9":[0,1],"10":[0,1],"11":[0,1],"12":[0,1]},"_coverageSchema":"1a1c01bbd47fc00a2c39e90264f33305004495a9","hash":"52bbedbb19c04bfa9eab5a8a15666bd503493015"}
}
