{"/Users/francescociarla/Documents/Polito/SoftEngII/se2021-07-SolidarityPurchasingGroup/server/client-dao.js": {"path":"/Users/francescociarla/Documents/Polito/SoftEngII/se2021-07-SolidarityPurchasingGroup/server/client-dao.js","statementMap":{"0":{"start":{"line":3,"column":14},"end":{"line":3,"column":30}},"1":{"start":{"line":4,"column":11},"end":{"line":4,"column":32}},"2":{"start":{"line":7,"column":0},"end":{"line":17,"column":2}},"3":{"start":{"line":8,"column":4},"end":{"line":16,"column":7}},"4":{"start":{"line":9,"column":20},"end":{"line":9,"column":42}},"5":{"start":{"line":10,"column":8},"end":{"line":15,"column":11}},"6":{"start":{"line":11,"column":12},"end":{"line":13,"column":13}},"7":{"start":{"line":12,"column":16},"end":{"line":12,"column":28}},"8":{"start":{"line":14,"column":12},"end":{"line":14,"column":26}},"9":{"start":{"line":20,"column":0},"end":{"line":30,"column":2}},"10":{"start":{"line":21,"column":4},"end":{"line":29,"column":7}},"11":{"start":{"line":22,"column":20},"end":{"line":22,"column":40}},"12":{"start":{"line":23,"column":8},"end":{"line":28,"column":11}},"13":{"start":{"line":24,"column":12},"end":{"line":27,"column":27}},"14":{"start":{"line":25,"column":16},"end":{"line":25,"column":28}},"15":{"start":{"line":27,"column":17},"end":{"line":27,"column":27}},"16":{"start":{"line":33,"column":0},"end":{"line":43,"column":2}},"17":{"start":{"line":34,"column":4},"end":{"line":42,"column":7}},"18":{"start":{"line":35,"column":20},"end":{"line":35,"column":129}},"19":{"start":{"line":36,"column":8},"end":{"line":41,"column":11}},"20":{"start":{"line":37,"column":12},"end":{"line":39,"column":13}},"21":{"start":{"line":38,"column":16},"end":{"line":38,"column":28}},"22":{"start":{"line":40,"column":12},"end":{"line":40,"column":33}},"23":{"start":{"line":46,"column":0},"end":{"line":57,"column":2}},"24":{"start":{"line":47,"column":4},"end":{"line":56,"column":7}},"25":{"start":{"line":48,"column":20},"end":{"line":48,"column":77}},"26":{"start":{"line":49,"column":8},"end":{"line":55,"column":11}},"27":{"start":{"line":50,"column":12},"end":{"line":52,"column":13}},"28":{"start":{"line":51,"column":16},"end":{"line":51,"column":28}},"29":{"start":{"line":53,"column":12},"end":{"line":54,"column":31}},"30":{"start":{"line":53,"column":36},"end":{"line":53,"column":51}},"31":{"start":{"line":54,"column":17},"end":{"line":54,"column":31}},"32":{"start":{"line":60,"column":0},"end":{"line":70,"column":2}},"33":{"start":{"line":61,"column":4},"end":{"line":69,"column":7}},"34":{"start":{"line":62,"column":20},"end":{"line":62,"column":93}},"35":{"start":{"line":63,"column":8},"end":{"line":68,"column":11}},"36":{"start":{"line":64,"column":12},"end":{"line":66,"column":13}},"37":{"start":{"line":65,"column":16},"end":{"line":65,"column":28}},"38":{"start":{"line":67,"column":12},"end":{"line":67,"column":22}},"39":{"start":{"line":73,"column":0},"end":{"line":83,"column":2}},"40":{"start":{"line":74,"column":4},"end":{"line":82,"column":7}},"41":{"start":{"line":75,"column":20},"end":{"line":75,"column":57}},"42":{"start":{"line":76,"column":8},"end":{"line":81,"column":11}},"43":{"start":{"line":77,"column":12},"end":{"line":79,"column":13}},"44":{"start":{"line":78,"column":16},"end":{"line":78,"column":28}},"45":{"start":{"line":80,"column":12},"end":{"line":80,"column":25}},"46":{"start":{"line":86,"column":0},"end":{"line":96,"column":2}},"47":{"start":{"line":87,"column":4},"end":{"line":95,"column":7}},"48":{"start":{"line":88,"column":20},"end":{"line":88,"column":70}},"49":{"start":{"line":89,"column":8},"end":{"line":94,"column":11}},"50":{"start":{"line":90,"column":12},"end":{"line":92,"column":13}},"51":{"start":{"line":91,"column":16},"end":{"line":91,"column":28}},"52":{"start":{"line":93,"column":12},"end":{"line":93,"column":25}},"53":{"start":{"line":116,"column":0},"end":{"line":128,"column":2}},"54":{"start":{"line":117,"column":4},"end":{"line":127,"column":7}},"55":{"start":{"line":118,"column":21},"end":{"line":118,"column":65}},"56":{"start":{"line":119,"column":20},"end":{"line":119,"column":71}},"57":{"start":{"line":120,"column":8},"end":{"line":126,"column":11}},"58":{"start":{"line":121,"column":12},"end":{"line":123,"column":13}},"59":{"start":{"line":122,"column":16},"end":{"line":122,"column":28}},"60":{"start":{"line":124,"column":12},"end":{"line":125,"column":31}},"61":{"start":{"line":124,"column":36},"end":{"line":124,"column":51}},"62":{"start":{"line":125,"column":17},"end":{"line":125,"column":31}},"63":{"start":{"line":131,"column":0},"end":{"line":141,"column":2}},"64":{"start":{"line":132,"column":4},"end":{"line":140,"column":7}},"65":{"start":{"line":133,"column":20},"end":{"line":133,"column":76}},"66":{"start":{"line":134,"column":8},"end":{"line":139,"column":11}},"67":{"start":{"line":135,"column":12},"end":{"line":137,"column":13}},"68":{"start":{"line":136,"column":16},"end":{"line":136,"column":28}},"69":{"start":{"line":138,"column":12},"end":{"line":138,"column":22}},"70":{"start":{"line":144,"column":0},"end":{"line":154,"column":2}},"71":{"start":{"line":145,"column":4},"end":{"line":153,"column":7}},"72":{"start":{"line":146,"column":20},"end":{"line":146,"column":98}},"73":{"start":{"line":147,"column":8},"end":{"line":152,"column":11}},"74":{"start":{"line":148,"column":12},"end":{"line":150,"column":13}},"75":{"start":{"line":149,"column":16},"end":{"line":149,"column":28}},"76":{"start":{"line":151,"column":12},"end":{"line":151,"column":25}}},"fnMap":{"0":{"name":"(anonymous_0)","decl":{"start":{"line":7,"column":21},"end":{"line":7,"column":22}},"loc":{"start":{"line":7,"column":27},"end":{"line":17,"column":1}},"line":7},"1":{"name":"(anonymous_1)","decl":{"start":{"line":8,"column":23},"end":{"line":8,"column":24}},"loc":{"start":{"line":8,"column":44},"end":{"line":16,"column":5}},"line":8},"2":{"name":"(anonymous_2)","decl":{"start":{"line":10,"column":24},"end":{"line":10,"column":25}},"loc":{"start":{"line":10,"column":39},"end":{"line":15,"column":9}},"line":10},"3":{"name":"(anonymous_3)","decl":{"start":{"line":20,"column":27},"end":{"line":20,"column":28}},"loc":{"start":{"line":20,"column":33},"end":{"line":30,"column":1}},"line":20},"4":{"name":"(anonymous_4)","decl":{"start":{"line":21,"column":23},"end":{"line":21,"column":24}},"loc":{"start":{"line":21,"column":44},"end":{"line":29,"column":5}},"line":21},"5":{"name":"(anonymous_5)","decl":{"start":{"line":23,"column":24},"end":{"line":23,"column":25}},"loc":{"start":{"line":23,"column":39},"end":{"line":28,"column":9}},"line":23},"6":{"name":"(anonymous_6)","decl":{"start":{"line":33,"column":23},"end":{"line":33,"column":24}},"loc":{"start":{"line":33,"column":35},"end":{"line":43,"column":1}},"line":33},"7":{"name":"(anonymous_7)","decl":{"start":{"line":34,"column":23},"end":{"line":34,"column":24}},"loc":{"start":{"line":34,"column":44},"end":{"line":42,"column":5}},"line":34},"8":{"name":"(anonymous_8)","decl":{"start":{"line":36,"column":115},"end":{"line":36,"column":116}},"loc":{"start":{"line":36,"column":130},"end":{"line":41,"column":9}},"line":36},"9":{"name":"(anonymous_9)","decl":{"start":{"line":46,"column":16},"end":{"line":46,"column":17}},"loc":{"start":{"line":46,"column":39},"end":{"line":57,"column":1}},"line":46},"10":{"name":"(anonymous_10)","decl":{"start":{"line":47,"column":23},"end":{"line":47,"column":24}},"loc":{"start":{"line":47,"column":44},"end":{"line":56,"column":5}},"line":47},"11":{"name":"(anonymous_11)","decl":{"start":{"line":49,"column":41},"end":{"line":49,"column":42}},"loc":{"start":{"line":49,"column":56},"end":{"line":55,"column":9}},"line":49},"12":{"name":"(anonymous_12)","decl":{"start":{"line":60,"column":33},"end":{"line":60,"column":34}},"loc":{"start":{"line":60,"column":56},"end":{"line":70,"column":1}},"line":60},"13":{"name":"(anonymous_13)","decl":{"start":{"line":61,"column":23},"end":{"line":61,"column":24}},"loc":{"start":{"line":61,"column":44},"end":{"line":69,"column":5}},"line":61},"14":{"name":"(anonymous_14)","decl":{"start":{"line":63,"column":41},"end":{"line":63,"column":42}},"loc":{"start":{"line":63,"column":56},"end":{"line":68,"column":9}},"line":63},"15":{"name":"(anonymous_15)","decl":{"start":{"line":73,"column":24},"end":{"line":73,"column":25}},"loc":{"start":{"line":73,"column":38},"end":{"line":83,"column":1}},"line":73},"16":{"name":"(anonymous_16)","decl":{"start":{"line":74,"column":23},"end":{"line":74,"column":24}},"loc":{"start":{"line":74,"column":44},"end":{"line":82,"column":5}},"line":74},"17":{"name":"(anonymous_17)","decl":{"start":{"line":76,"column":32},"end":{"line":76,"column":33}},"loc":{"start":{"line":76,"column":46},"end":{"line":81,"column":9}},"line":76},"18":{"name":"(anonymous_18)","decl":{"start":{"line":86,"column":33},"end":{"line":86,"column":34}},"loc":{"start":{"line":86,"column":47},"end":{"line":96,"column":1}},"line":86},"19":{"name":"(anonymous_19)","decl":{"start":{"line":87,"column":23},"end":{"line":87,"column":24}},"loc":{"start":{"line":87,"column":44},"end":{"line":95,"column":5}},"line":87},"20":{"name":"(anonymous_20)","decl":{"start":{"line":89,"column":32},"end":{"line":89,"column":33}},"loc":{"start":{"line":89,"column":46},"end":{"line":94,"column":9}},"line":89},"21":{"name":"(anonymous_21)","decl":{"start":{"line":116,"column":24},"end":{"line":116,"column":25}},"loc":{"start":{"line":116,"column":38},"end":{"line":128,"column":1}},"line":116},"22":{"name":"(anonymous_22)","decl":{"start":{"line":117,"column":23},"end":{"line":117,"column":24}},"loc":{"start":{"line":117,"column":44},"end":{"line":127,"column":5}},"line":117},"23":{"name":"(anonymous_23)","decl":{"start":{"line":120,"column":38},"end":{"line":120,"column":39}},"loc":{"start":{"line":120,"column":53},"end":{"line":126,"column":9}},"line":120},"24":{"name":"(anonymous_24)","decl":{"start":{"line":131,"column":29},"end":{"line":131,"column":30}},"loc":{"start":{"line":131,"column":43},"end":{"line":141,"column":1}},"line":131},"25":{"name":"(anonymous_25)","decl":{"start":{"line":132,"column":23},"end":{"line":132,"column":24}},"loc":{"start":{"line":132,"column":44},"end":{"line":140,"column":5}},"line":132},"26":{"name":"(anonymous_26)","decl":{"start":{"line":134,"column":32},"end":{"line":134,"column":33}},"loc":{"start":{"line":134,"column":47},"end":{"line":139,"column":9}},"line":134},"27":{"name":"(anonymous_27)","decl":{"start":{"line":144,"column":33},"end":{"line":144,"column":34}},"loc":{"start":{"line":144,"column":47},"end":{"line":154,"column":1}},"line":144},"28":{"name":"(anonymous_28)","decl":{"start":{"line":145,"column":23},"end":{"line":145,"column":24}},"loc":{"start":{"line":145,"column":44},"end":{"line":153,"column":5}},"line":145},"29":{"name":"(anonymous_29)","decl":{"start":{"line":147,"column":32},"end":{"line":147,"column":33}},"loc":{"start":{"line":147,"column":46},"end":{"line":152,"column":9}},"line":147}},"branchMap":{"0":{"loc":{"start":{"line":11,"column":12},"end":{"line":13,"column":13}},"type":"if","locations":[{"start":{"line":11,"column":12},"end":{"line":13,"column":13}},{"start":{},"end":{}}],"line":11},"1":{"loc":{"start":{"line":24,"column":12},"end":{"line":27,"column":27}},"type":"if","locations":[{"start":{"line":24,"column":12},"end":{"line":27,"column":27}},{"start":{"line":27,"column":17},"end":{"line":27,"column":27}}],"line":24},"2":{"loc":{"start":{"line":37,"column":12},"end":{"line":39,"column":13}},"type":"if","locations":[{"start":{"line":37,"column":12},"end":{"line":39,"column":13}},{"start":{},"end":{}}],"line":37},"3":{"loc":{"start":{"line":50,"column":12},"end":{"line":52,"column":13}},"type":"if","locations":[{"start":{"line":50,"column":12},"end":{"line":52,"column":13}},{"start":{},"end":{}}],"line":50},"4":{"loc":{"start":{"line":53,"column":12},"end":{"line":54,"column":31}},"type":"if","locations":[{"start":{"line":53,"column":12},"end":{"line":54,"column":31}},{"start":{"line":54,"column":17},"end":{"line":54,"column":31}}],"line":53},"5":{"loc":{"start":{"line":64,"column":12},"end":{"line":66,"column":13}},"type":"if","locations":[{"start":{"line":64,"column":12},"end":{"line":66,"column":13}},{"start":{},"end":{}}],"line":64},"6":{"loc":{"start":{"line":77,"column":12},"end":{"line":79,"column":13}},"type":"if","locations":[{"start":{"line":77,"column":12},"end":{"line":79,"column":13}},{"start":{},"end":{}}],"line":77},"7":{"loc":{"start":{"line":90,"column":12},"end":{"line":92,"column":13}},"type":"if","locations":[{"start":{"line":90,"column":12},"end":{"line":92,"column":13}},{"start":{},"end":{}}],"line":90},"8":{"loc":{"start":{"line":121,"column":12},"end":{"line":123,"column":13}},"type":"if","locations":[{"start":{"line":121,"column":12},"end":{"line":123,"column":13}},{"start":{},"end":{}}],"line":121},"9":{"loc":{"start":{"line":124,"column":12},"end":{"line":125,"column":31}},"type":"if","locations":[{"start":{"line":124,"column":12},"end":{"line":125,"column":31}},{"start":{"line":125,"column":17},"end":{"line":125,"column":31}}],"line":124},"10":{"loc":{"start":{"line":135,"column":12},"end":{"line":137,"column":13}},"type":"if","locations":[{"start":{"line":135,"column":12},"end":{"line":137,"column":13}},{"start":{},"end":{}}],"line":135},"11":{"loc":{"start":{"line":148,"column":12},"end":{"line":150,"column":13}},"type":"if","locations":[{"start":{"line":148,"column":12},"end":{"line":150,"column":13}},{"start":{},"end":{}}],"line":148}},"s":{"0":14,"1":14,"2":14,"3":1,"4":1,"5":1,"6":1,"7":0,"8":1,"9":14,"10":41,"11":41,"12":41,"13":41,"14":0,"15":41,"16":14,"17":26,"18":26,"19":26,"20":26,"21":0,"22":26,"23":14,"24":2,"25":2,"26":2,"27":2,"28":0,"29":2,"30":1,"31":1,"32":14,"33":8,"34":8,"35":8,"36":8,"37":0,"38":8,"39":14,"40":3,"41":3,"42":3,"43":3,"44":0,"45":3,"46":14,"47":11,"48":11,"49":11,"50":11,"51":0,"52":11,"53":14,"54":0,"55":0,"56":0,"57":0,"58":0,"59":0,"60":0,"61":0,"62":0,"63":14,"64":0,"65":0,"66":0,"67":0,"68":0,"69":0,"70":14,"71":2,"72":2,"73":2,"74":2,"75":0,"76":2},"f":{"0":1,"1":1,"2":1,"3":41,"4":41,"5":41,"6":26,"7":26,"8":26,"9":2,"10":2,"11":2,"12":8,"13":8,"14":8,"15":3,"16":3,"17":3,"18":11,"19":11,"20":11,"21":0,"22":0,"23":0,"24":0,"25":0,"26":0,"27":2,"28":2,"29":2},"b":{"0":[0,1],"1":[0,41],"2":[0,26],"3":[0,2],"4":[1,1],"5":[0,8],"6":[0,3],"7":[0,11],"8":[0,0],"9":[0,0],"10":[0,0],"11":[0,2]},"_coverageSchema":"1a1c01bbd47fc00a2c39e90264f33305004495a9","hash":"53d41b74acc442f4faae2e16e2fbdab9b64f6821"}
,"/Users/francescociarla/Documents/Polito/SoftEngII/se2021-07-SolidarityPurchasingGroup/server/database.js": {"path":"/Users/francescociarla/Documents/Polito/SoftEngII/se2021-07-SolidarityPurchasingGroup/server/database.js","statementMap":{"0":{"start":{"line":3,"column":15},"end":{"line":3,"column":33}},"1":{"start":{"line":12,"column":17},"end":{"line":14,"column":2}},"2":{"start":{"line":13,"column":4},"end":{"line":13,"column":23}},"3":{"start":{"line":13,"column":13},"end":{"line":13,"column":23}},"4":{"start":{"line":16,"column":0},"end":{"line":16,"column":26}}},"fnMap":{"0":{"name":"(anonymous_0)","decl":{"start":{"line":12,"column":57},"end":{"line":12,"column":58}},"loc":{"start":{"line":12,"column":66},"end":{"line":14,"column":1}},"line":12}},"branchMap":{"0":{"loc":{"start":{"line":13,"column":4},"end":{"line":13,"column":23}},"type":"if","locations":[{"start":{"line":13,"column":4},"end":{"line":13,"column":23}},{"start":{},"end":{}}],"line":13}},"s":{"0":14,"1":14,"2":14,"3":0,"4":14},"f":{"0":14},"b":{"0":[0,14]},"_coverageSchema":"1a1c01bbd47fc00a2c39e90264f33305004495a9","hash":"0396fed45cfaebc84703323ea8ae818380e5b56c"}
,"/Users/francescociarla/Documents/Polito/SoftEngII/se2021-07-SolidarityPurchasingGroup/server/farmer-dao.js": {"path":"/Users/francescociarla/Documents/Polito/SoftEngII/se2021-07-SolidarityPurchasingGroup/server/farmer-dao.js","statementMap":{"0":{"start":{"line":3,"column":11},"end":{"line":3,"column":32}},"1":{"start":{"line":6,"column":0},"end":{"line":16,"column":2}},"2":{"start":{"line":7,"column":4},"end":{"line":15,"column":7}},"3":{"start":{"line":8,"column":20},"end":{"line":8,"column":54}},"4":{"start":{"line":9,"column":8},"end":{"line":14,"column":11}},"5":{"start":{"line":10,"column":12},"end":{"line":12,"column":13}},"6":{"start":{"line":11,"column":16},"end":{"line":11,"column":28}},"7":{"start":{"line":13,"column":12},"end":{"line":13,"column":26}},"8":{"start":{"line":21,"column":0},"end":{"line":31,"column":2}},"9":{"start":{"line":22,"column":4},"end":{"line":30,"column":7}},"10":{"start":{"line":23,"column":20},"end":{"line":23,"column":40}},"11":{"start":{"line":24,"column":8},"end":{"line":29,"column":11}},"12":{"start":{"line":25,"column":12},"end":{"line":28,"column":27}},"13":{"start":{"line":26,"column":16},"end":{"line":26,"column":28}},"14":{"start":{"line":28,"column":17},"end":{"line":28,"column":27}},"15":{"start":{"line":34,"column":0},"end":{"line":44,"column":2}},"16":{"start":{"line":35,"column":4},"end":{"line":43,"column":7}},"17":{"start":{"line":36,"column":20},"end":{"line":36,"column":97}},"18":{"start":{"line":37,"column":8},"end":{"line":42,"column":11}},"19":{"start":{"line":38,"column":12},"end":{"line":40,"column":13}},"20":{"start":{"line":39,"column":16},"end":{"line":39,"column":28}},"21":{"start":{"line":41,"column":12},"end":{"line":41,"column":33}}},"fnMap":{"0":{"name":"(anonymous_0)","decl":{"start":{"line":6,"column":21},"end":{"line":6,"column":22}},"loc":{"start":{"line":6,"column":27},"end":{"line":16,"column":1}},"line":6},"1":{"name":"(anonymous_1)","decl":{"start":{"line":7,"column":23},"end":{"line":7,"column":24}},"loc":{"start":{"line":7,"column":44},"end":{"line":15,"column":5}},"line":7},"2":{"name":"(anonymous_2)","decl":{"start":{"line":9,"column":24},"end":{"line":9,"column":25}},"loc":{"start":{"line":9,"column":39},"end":{"line":14,"column":9}},"line":9},"3":{"name":"(anonymous_3)","decl":{"start":{"line":21,"column":27},"end":{"line":21,"column":28}},"loc":{"start":{"line":21,"column":33},"end":{"line":31,"column":1}},"line":21},"4":{"name":"(anonymous_4)","decl":{"start":{"line":22,"column":23},"end":{"line":22,"column":24}},"loc":{"start":{"line":22,"column":44},"end":{"line":30,"column":5}},"line":22},"5":{"name":"(anonymous_5)","decl":{"start":{"line":24,"column":24},"end":{"line":24,"column":25}},"loc":{"start":{"line":24,"column":39},"end":{"line":29,"column":9}},"line":24},"6":{"name":"(anonymous_6)","decl":{"start":{"line":34,"column":23},"end":{"line":34,"column":24}},"loc":{"start":{"line":34,"column":35},"end":{"line":44,"column":1}},"line":34},"7":{"name":"(anonymous_7)","decl":{"start":{"line":35,"column":23},"end":{"line":35,"column":24}},"loc":{"start":{"line":35,"column":44},"end":{"line":43,"column":5}},"line":35},"8":{"name":"(anonymous_8)","decl":{"start":{"line":37,"column":96},"end":{"line":37,"column":97}},"loc":{"start":{"line":37,"column":111},"end":{"line":42,"column":9}},"line":37}},"branchMap":{"0":{"loc":{"start":{"line":10,"column":12},"end":{"line":12,"column":13}},"type":"if","locations":[{"start":{"line":10,"column":12},"end":{"line":12,"column":13}},{"start":{},"end":{}}],"line":10},"1":{"loc":{"start":{"line":25,"column":12},"end":{"line":28,"column":27}},"type":"if","locations":[{"start":{"line":25,"column":12},"end":{"line":28,"column":27}},{"start":{"line":28,"column":17},"end":{"line":28,"column":27}}],"line":25},"2":{"loc":{"start":{"line":38,"column":12},"end":{"line":40,"column":13}},"type":"if","locations":[{"start":{"line":38,"column":12},"end":{"line":40,"column":13}},{"start":{},"end":{}}],"line":38}},"s":{"0":14,"1":14,"2":2,"3":2,"4":2,"5":2,"6":0,"7":2,"8":14,"9":10,"10":10,"11":10,"12":10,"13":0,"14":10,"15":14,"16":13,"17":13,"18":13,"19":13,"20":0,"21":13},"f":{"0":2,"1":2,"2":2,"3":10,"4":10,"5":10,"6":13,"7":13,"8":13},"b":{"0":[0,2],"1":[0,10],"2":[0,13]},"_coverageSchema":"1a1c01bbd47fc00a2c39e90264f33305004495a9","hash":"9f86c452e9761a481d47514f9b99a64a73a9bdaf"}
,"/Users/francescociarla/Documents/Polito/SoftEngII/se2021-07-SolidarityPurchasingGroup/server/order-dao.js": {"path":"/Users/francescociarla/Documents/Polito/SoftEngII/se2021-07-SolidarityPurchasingGroup/server/order-dao.js","statementMap":{"0":{"start":{"line":3,"column":11},"end":{"line":3,"column":32}},"1":{"start":{"line":6,"column":0},"end":{"line":21,"column":2}},"2":{"start":{"line":7,"column":4},"end":{"line":20,"column":7}},"3":{"start":{"line":8,"column":20},"end":{"line":8,"column":58}},"4":{"start":{"line":9,"column":8},"end":{"line":19,"column":11}},"5":{"start":{"line":10,"column":12},"end":{"line":12,"column":13}},"6":{"start":{"line":11,"column":16},"end":{"line":11,"column":28}},"7":{"start":{"line":13,"column":12},"end":{"line":18,"column":13}},"8":{"start":{"line":14,"column":16},"end":{"line":14,"column":77}},"9":{"start":{"line":17,"column":16},"end":{"line":17,"column":30}},"10":{"start":{"line":27,"column":0},"end":{"line":29,"column":2}},"11":{"start":{"line":28,"column":4},"end":{"line":28,"column":52}},"12":{"start":{"line":31,"column":32},"end":{"line":41,"column":1}},"13":{"start":{"line":32,"column":4},"end":{"line":40,"column":7}},"14":{"start":{"line":33,"column":20},"end":{"line":33,"column":60}},"15":{"start":{"line":34,"column":8},"end":{"line":39,"column":11}},"16":{"start":{"line":35,"column":12},"end":{"line":37,"column":13}},"17":{"start":{"line":36,"column":16},"end":{"line":36,"column":28}},"18":{"start":{"line":38,"column":12},"end":{"line":38,"column":26}},"19":{"start":{"line":44,"column":0},"end":{"line":54,"column":1}},"20":{"start":{"line":45,"column":4},"end":{"line":53,"column":6}},"21":{"start":{"line":46,"column":20},"end":{"line":46,"column":55}},"22":{"start":{"line":47,"column":8},"end":{"line":52,"column":10}},"23":{"start":{"line":48,"column":12},"end":{"line":50,"column":13}},"24":{"start":{"line":49,"column":16},"end":{"line":49,"column":27}},"25":{"start":{"line":51,"column":12},"end":{"line":51,"column":21}},"26":{"start":{"line":57,"column":0},"end":{"line":67,"column":2}},"27":{"start":{"line":58,"column":4},"end":{"line":66,"column":7}},"28":{"start":{"line":59,"column":20},"end":{"line":59,"column":41}},"29":{"start":{"line":60,"column":8},"end":{"line":65,"column":11}},"30":{"start":{"line":61,"column":12},"end":{"line":64,"column":27}},"31":{"start":{"line":62,"column":16},"end":{"line":62,"column":28}},"32":{"start":{"line":64,"column":17},"end":{"line":64,"column":27}},"33":{"start":{"line":70,"column":0},"end":{"line":80,"column":2}},"34":{"start":{"line":71,"column":4},"end":{"line":79,"column":7}},"35":{"start":{"line":72,"column":20},"end":{"line":72,"column":137}},"36":{"start":{"line":73,"column":8},"end":{"line":78,"column":11}},"37":{"start":{"line":74,"column":12},"end":{"line":76,"column":13}},"38":{"start":{"line":75,"column":16},"end":{"line":75,"column":28}},"39":{"start":{"line":77,"column":12},"end":{"line":77,"column":33}},"40":{"start":{"line":83,"column":0},"end":{"line":93,"column":2}},"41":{"start":{"line":84,"column":4},"end":{"line":92,"column":7}},"42":{"start":{"line":85,"column":20},"end":{"line":85,"column":54}},"43":{"start":{"line":86,"column":8},"end":{"line":91,"column":11}},"44":{"start":{"line":87,"column":12},"end":{"line":89,"column":13}},"45":{"start":{"line":88,"column":16},"end":{"line":88,"column":28}},"46":{"start":{"line":90,"column":12},"end":{"line":90,"column":25}},"47":{"start":{"line":96,"column":0},"end":{"line":106,"column":2}},"48":{"start":{"line":97,"column":4},"end":{"line":105,"column":7}},"49":{"start":{"line":98,"column":20},"end":{"line":98,"column":58}},"50":{"start":{"line":99,"column":8},"end":{"line":104,"column":11}},"51":{"start":{"line":100,"column":12},"end":{"line":102,"column":13}},"52":{"start":{"line":101,"column":16},"end":{"line":101,"column":28}},"53":{"start":{"line":103,"column":12},"end":{"line":103,"column":26}},"54":{"start":{"line":114,"column":0},"end":{"line":138,"column":2}},"55":{"start":{"line":116,"column":4},"end":{"line":137,"column":5}},"56":{"start":{"line":119,"column":12},"end":{"line":121,"column":13}},"57":{"start":{"line":120,"column":16},"end":{"line":120,"column":67}},"58":{"start":{"line":122,"column":9},"end":{"line":122,"column":15}},"59":{"start":{"line":145,"column":32},"end":{"line":147,"column":1}},"60":{"start":{"line":146,"column":4},"end":{"line":146,"column":94}},"61":{"start":{"line":155,"column":24},"end":{"line":165,"column":1}},"62":{"start":{"line":156,"column":4},"end":{"line":164,"column":7}},"63":{"start":{"line":157,"column":20},"end":{"line":157,"column":68}},"64":{"start":{"line":158,"column":8},"end":{"line":163,"column":11}},"65":{"start":{"line":159,"column":12},"end":{"line":161,"column":13}},"66":{"start":{"line":160,"column":16},"end":{"line":160,"column":28}},"67":{"start":{"line":162,"column":12},"end":{"line":162,"column":37}},"68":{"start":{"line":173,"column":34},"end":{"line":183,"column":1}},"69":{"start":{"line":174,"column":4},"end":{"line":182,"column":7}},"70":{"start":{"line":175,"column":20},"end":{"line":175,"column":81}},"71":{"start":{"line":176,"column":8},"end":{"line":181,"column":11}},"72":{"start":{"line":177,"column":12},"end":{"line":179,"column":13}},"73":{"start":{"line":178,"column":16},"end":{"line":178,"column":28}},"74":{"start":{"line":180,"column":12},"end":{"line":180,"column":37}}},"fnMap":{"0":{"name":"(anonymous_0)","decl":{"start":{"line":6,"column":20},"end":{"line":6,"column":21}},"loc":{"start":{"line":6,"column":34},"end":{"line":21,"column":1}},"line":6},"1":{"name":"(anonymous_1)","decl":{"start":{"line":7,"column":23},"end":{"line":7,"column":24}},"loc":{"start":{"line":7,"column":44},"end":{"line":20,"column":5}},"line":7},"2":{"name":"(anonymous_2)","decl":{"start":{"line":9,"column":32},"end":{"line":9,"column":33}},"loc":{"start":{"line":9,"column":47},"end":{"line":19,"column":9}},"line":9},"3":{"name":"(anonymous_3)","decl":{"start":{"line":27,"column":28},"end":{"line":27,"column":29}},"loc":{"start":{"line":27,"column":49},"end":{"line":29,"column":1}},"line":27},"4":{"name":"(anonymous_4)","decl":{"start":{"line":31,"column":32},"end":{"line":31,"column":33}},"loc":{"start":{"line":31,"column":53},"end":{"line":41,"column":1}},"line":31},"5":{"name":"(anonymous_5)","decl":{"start":{"line":32,"column":23},"end":{"line":32,"column":24}},"loc":{"start":{"line":32,"column":44},"end":{"line":40,"column":5}},"line":32},"6":{"name":"(anonymous_6)","decl":{"start":{"line":34,"column":39},"end":{"line":34,"column":40}},"loc":{"start":{"line":34,"column":48},"end":{"line":39,"column":9}},"line":34},"7":{"name":"(anonymous_7)","decl":{"start":{"line":44,"column":22},"end":{"line":44,"column":23}},"loc":{"start":{"line":44,"column":35},"end":{"line":54,"column":1}},"line":44},"8":{"name":"(anonymous_8)","decl":{"start":{"line":45,"column":23},"end":{"line":45,"column":24}},"loc":{"start":{"line":45,"column":44},"end":{"line":53,"column":5}},"line":45},"9":{"name":"(anonymous_9)","decl":{"start":{"line":47,"column":31},"end":{"line":47,"column":32}},"loc":{"start":{"line":47,"column":46},"end":{"line":52,"column":9}},"line":47},"10":{"name":"(anonymous_10)","decl":{"start":{"line":57,"column":26},"end":{"line":57,"column":27}},"loc":{"start":{"line":57,"column":32},"end":{"line":67,"column":1}},"line":57},"11":{"name":"(anonymous_11)","decl":{"start":{"line":58,"column":23},"end":{"line":58,"column":24}},"loc":{"start":{"line":58,"column":44},"end":{"line":66,"column":5}},"line":58},"12":{"name":"(anonymous_12)","decl":{"start":{"line":60,"column":24},"end":{"line":60,"column":25}},"loc":{"start":{"line":60,"column":39},"end":{"line":65,"column":9}},"line":60},"13":{"name":"(anonymous_13)","decl":{"start":{"line":70,"column":22},"end":{"line":70,"column":23}},"loc":{"start":{"line":70,"column":33},"end":{"line":80,"column":1}},"line":70},"14":{"name":"(anonymous_14)","decl":{"start":{"line":71,"column":23},"end":{"line":71,"column":24}},"loc":{"start":{"line":71,"column":44},"end":{"line":79,"column":5}},"line":71},"15":{"name":"(anonymous_15)","decl":{"start":{"line":73,"column":134},"end":{"line":73,"column":135}},"loc":{"start":{"line":73,"column":149},"end":{"line":78,"column":9}},"line":73},"16":{"name":"(anonymous_16)","decl":{"start":{"line":83,"column":19},"end":{"line":83,"column":20}},"loc":{"start":{"line":83,"column":32},"end":{"line":93,"column":1}},"line":83},"17":{"name":"(anonymous_17)","decl":{"start":{"line":84,"column":23},"end":{"line":84,"column":24}},"loc":{"start":{"line":84,"column":44},"end":{"line":92,"column":5}},"line":84},"18":{"name":"(anonymous_18)","decl":{"start":{"line":86,"column":31},"end":{"line":86,"column":32}},"loc":{"start":{"line":86,"column":45},"end":{"line":91,"column":9}},"line":86},"19":{"name":"(anonymous_19)","decl":{"start":{"line":96,"column":28},"end":{"line":96,"column":29}},"loc":{"start":{"line":96,"column":40},"end":{"line":106,"column":1}},"line":96},"20":{"name":"(anonymous_20)","decl":{"start":{"line":97,"column":23},"end":{"line":97,"column":24}},"loc":{"start":{"line":97,"column":44},"end":{"line":105,"column":5}},"line":97},"21":{"name":"(anonymous_21)","decl":{"start":{"line":99,"column":30},"end":{"line":99,"column":31}},"loc":{"start":{"line":99,"column":45},"end":{"line":104,"column":9}},"line":99},"22":{"name":"(anonymous_22)","decl":{"start":{"line":114,"column":31},"end":{"line":114,"column":32}},"loc":{"start":{"line":114,"column":57},"end":{"line":138,"column":1}},"line":114},"23":{"name":"(anonymous_23)","decl":{"start":{"line":145,"column":32},"end":{"line":145,"column":33}},"loc":{"start":{"line":145,"column":58},"end":{"line":147,"column":1}},"line":145},"24":{"name":"(anonymous_24)","decl":{"start":{"line":155,"column":24},"end":{"line":155,"column":25}},"loc":{"start":{"line":155,"column":37},"end":{"line":165,"column":1}},"line":155},"25":{"name":"(anonymous_25)","decl":{"start":{"line":156,"column":23},"end":{"line":156,"column":24}},"loc":{"start":{"line":156,"column":44},"end":{"line":164,"column":5}},"line":156},"26":{"name":"(anonymous_26)","decl":{"start":{"line":158,"column":31},"end":{"line":158,"column":32}},"loc":{"start":{"line":158,"column":50},"end":{"line":163,"column":9}},"line":158},"27":{"name":"(anonymous_27)","decl":{"start":{"line":173,"column":34},"end":{"line":173,"column":35}},"loc":{"start":{"line":173,"column":54},"end":{"line":183,"column":1}},"line":173},"28":{"name":"(anonymous_28)","decl":{"start":{"line":174,"column":23},"end":{"line":174,"column":24}},"loc":{"start":{"line":174,"column":44},"end":{"line":182,"column":5}},"line":174},"29":{"name":"(anonymous_29)","decl":{"start":{"line":176,"column":38},"end":{"line":176,"column":39}},"loc":{"start":{"line":176,"column":57},"end":{"line":181,"column":9}},"line":176}},"branchMap":{"0":{"loc":{"start":{"line":10,"column":12},"end":{"line":12,"column":13}},"type":"if","locations":[{"start":{"line":10,"column":12},"end":{"line":12,"column":13}},{"start":{},"end":{}}],"line":10},"1":{"loc":{"start":{"line":13,"column":12},"end":{"line":18,"column":13}},"type":"if","locations":[{"start":{"line":13,"column":12},"end":{"line":18,"column":13}},{"start":{"line":16,"column":17},"end":{"line":18,"column":13}}],"line":13},"2":{"loc":{"start":{"line":35,"column":12},"end":{"line":37,"column":13}},"type":"if","locations":[{"start":{"line":35,"column":12},"end":{"line":37,"column":13}},{"start":{},"end":{}}],"line":35},"3":{"loc":{"start":{"line":48,"column":12},"end":{"line":50,"column":13}},"type":"if","locations":[{"start":{"line":48,"column":12},"end":{"line":50,"column":13}},{"start":{},"end":{}}],"line":48},"4":{"loc":{"start":{"line":61,"column":12},"end":{"line":64,"column":27}},"type":"if","locations":[{"start":{"line":61,"column":12},"end":{"line":64,"column":27}},{"start":{"line":64,"column":17},"end":{"line":64,"column":27}}],"line":61},"5":{"loc":{"start":{"line":74,"column":12},"end":{"line":76,"column":13}},"type":"if","locations":[{"start":{"line":74,"column":12},"end":{"line":76,"column":13}},{"start":{},"end":{}}],"line":74},"6":{"loc":{"start":{"line":87,"column":12},"end":{"line":89,"column":13}},"type":"if","locations":[{"start":{"line":87,"column":12},"end":{"line":89,"column":13}},{"start":{},"end":{}}],"line":87},"7":{"loc":{"start":{"line":100,"column":12},"end":{"line":102,"column":13}},"type":"if","locations":[{"start":{"line":100,"column":12},"end":{"line":102,"column":13}},{"start":{},"end":{}}],"line":100},"8":{"loc":{"start":{"line":116,"column":4},"end":{"line":137,"column":5}},"type":"switch","locations":[{"start":{"line":117,"column":8},"end":{"line":122,"column":15}},{"start":{"line":134,"column":8},"end":{"line":136,"column":9}}],"line":116},"9":{"loc":{"start":{"line":119,"column":12},"end":{"line":121,"column":13}},"type":"if","locations":[{"start":{"line":119,"column":12},"end":{"line":121,"column":13}},{"start":{},"end":{}}],"line":119},"10":{"loc":{"start":{"line":159,"column":12},"end":{"line":161,"column":13}},"type":"if","locations":[{"start":{"line":159,"column":12},"end":{"line":161,"column":13}},{"start":{},"end":{}}],"line":159},"11":{"loc":{"start":{"line":177,"column":12},"end":{"line":179,"column":13}},"type":"if","locations":[{"start":{"line":177,"column":12},"end":{"line":179,"column":13}},{"start":{},"end":{}}],"line":177}},"s":{"0":14,"1":14,"2":2,"3":2,"4":2,"5":2,"6":0,"7":2,"8":0,"9":2,"10":14,"11":1,"12":14,"13":4,"14":4,"15":4,"16":4,"17":0,"18":4,"19":14,"20":1,"21":1,"22":1,"23":1,"24":0,"25":1,"26":14,"27":25,"28":25,"29":25,"30":25,"31":0,"32":25,"33":14,"34":27,"35":27,"36":27,"37":27,"38":0,"39":27,"40":14,"41":4,"42":4,"43":4,"44":4,"45":0,"46":4,"47":14,"48":2,"49":2,"50":2,"51":2,"52":0,"53":2,"54":14,"55":5,"56":5,"57":3,"58":5,"59":14,"60":5,"61":14,"62":5,"63":5,"64":5,"65":5,"66":0,"67":5,"68":14,"69":5,"70":5,"71":5,"72":5,"73":0,"74":5},"f":{"0":2,"1":2,"2":2,"3":1,"4":4,"5":4,"6":4,"7":1,"8":1,"9":1,"10":25,"11":25,"12":25,"13":27,"14":27,"15":27,"16":4,"17":4,"18":4,"19":2,"20":2,"21":2,"22":5,"23":5,"24":5,"25":5,"26":5,"27":5,"28":5,"29":5},"b":{"0":[0,2],"1":[0,2],"2":[0,4],"3":[0,1],"4":[0,25],"5":[0,27],"6":[0,4],"7":[0,2],"8":[5,0],"9":[3,2],"10":[0,5],"11":[0,5]},"_coverageSchema":"1a1c01bbd47fc00a2c39e90264f33305004495a9","hash":"8c65ab53fcb452bd65e535d2dd2ede56afd233b6"}
,"/Users/francescociarla/Documents/Polito/SoftEngII/se2021-07-SolidarityPurchasingGroup/server/orderline-dao.js": {"path":"/Users/francescociarla/Documents/Polito/SoftEngII/se2021-07-SolidarityPurchasingGroup/server/orderline-dao.js","statementMap":{"0":{"start":{"line":3,"column":14},"end":{"line":3,"column":30}},"1":{"start":{"line":4,"column":11},"end":{"line":4,"column":32}},"2":{"start":{"line":7,"column":0},"end":{"line":19,"column":2}},"3":{"start":{"line":8,"column":4},"end":{"line":18,"column":7}},"4":{"start":{"line":9,"column":20},"end":{"line":9,"column":61}},"5":{"start":{"line":10,"column":8},"end":{"line":17,"column":11}},"6":{"start":{"line":11,"column":12},"end":{"line":16,"column":13}},"7":{"start":{"line":12,"column":16},"end":{"line":12,"column":28}},"8":{"start":{"line":15,"column":16},"end":{"line":15,"column":30}},"9":{"start":{"line":22,"column":0},"end":{"line":32,"column":2}},"10":{"start":{"line":23,"column":4},"end":{"line":31,"column":7}},"11":{"start":{"line":24,"column":20},"end":{"line":24,"column":98}},"12":{"start":{"line":25,"column":8},"end":{"line":30,"column":11}},"13":{"start":{"line":26,"column":12},"end":{"line":28,"column":13}},"14":{"start":{"line":27,"column":16},"end":{"line":27,"column":28}},"15":{"start":{"line":29,"column":12},"end":{"line":29,"column":33}},"16":{"start":{"line":35,"column":0},"end":{"line":50,"column":2}},"17":{"start":{"line":36,"column":4},"end":{"line":49,"column":7}},"18":{"start":{"line":37,"column":20},"end":{"line":37,"column":140}},"19":{"start":{"line":38,"column":8},"end":{"line":48,"column":11}},"20":{"start":{"line":39,"column":12},"end":{"line":41,"column":13}},"21":{"start":{"line":40,"column":16},"end":{"line":40,"column":28}},"22":{"start":{"line":42,"column":12},"end":{"line":47,"column":13}},"23":{"start":{"line":43,"column":16},"end":{"line":43,"column":59}},"24":{"start":{"line":46,"column":16},"end":{"line":46,"column":30}},"25":{"start":{"line":53,"column":0},"end":{"line":63,"column":2}},"26":{"start":{"line":54,"column":4},"end":{"line":62,"column":7}},"27":{"start":{"line":55,"column":20},"end":{"line":55,"column":43}},"28":{"start":{"line":56,"column":8},"end":{"line":61,"column":11}},"29":{"start":{"line":57,"column":12},"end":{"line":60,"column":27}},"30":{"start":{"line":58,"column":16},"end":{"line":58,"column":28}},"31":{"start":{"line":60,"column":17},"end":{"line":60,"column":27}},"32":{"start":{"line":69,"column":0},"end":{"line":110,"column":2}},"33":{"start":{"line":70,"column":4},"end":{"line":109,"column":7}},"34":{"start":{"line":80,"column":8},"end":{"line":89,"column":9}},"35":{"start":{"line":82,"column":12},"end":{"line":82,"column":91}},"36":{"start":{"line":83,"column":12},"end":{"line":83,"column":73}},"37":{"start":{"line":87,"column":12},"end":{"line":87,"column":107}},"38":{"start":{"line":88,"column":12},"end":{"line":88,"column":89}},"39":{"start":{"line":91,"column":8},"end":{"line":108,"column":9}},"40":{"start":{"line":92,"column":12},"end":{"line":92,"column":270}},"41":{"start":{"line":93,"column":12},"end":{"line":98,"column":15}},"42":{"start":{"line":94,"column":16},"end":{"line":96,"column":17}},"43":{"start":{"line":95,"column":20},"end":{"line":95,"column":32}},"44":{"start":{"line":97,"column":16},"end":{"line":97,"column":30}},"45":{"start":{"line":101,"column":12},"end":{"line":101,"column":264}},"46":{"start":{"line":102,"column":12},"end":{"line":107,"column":15}},"47":{"start":{"line":103,"column":16},"end":{"line":105,"column":17}},"48":{"start":{"line":104,"column":20},"end":{"line":104,"column":32}},"49":{"start":{"line":106,"column":16},"end":{"line":106,"column":30}},"50":{"start":{"line":115,"column":0},"end":{"line":125,"column":2}},"51":{"start":{"line":116,"column":4},"end":{"line":124,"column":7}},"52":{"start":{"line":117,"column":20},"end":{"line":117,"column":91}},"53":{"start":{"line":118,"column":8},"end":{"line":123,"column":11}},"54":{"start":{"line":119,"column":12},"end":{"line":121,"column":13}},"55":{"start":{"line":120,"column":16},"end":{"line":120,"column":28}},"56":{"start":{"line":122,"column":12},"end":{"line":122,"column":26}},"57":{"start":{"line":128,"column":0},"end":{"line":138,"column":2}},"58":{"start":{"line":129,"column":4},"end":{"line":137,"column":7}},"59":{"start":{"line":130,"column":20},"end":{"line":130,"column":77}},"60":{"start":{"line":131,"column":8},"end":{"line":136,"column":11}},"61":{"start":{"line":132,"column":12},"end":{"line":134,"column":13}},"62":{"start":{"line":133,"column":16},"end":{"line":133,"column":28}},"63":{"start":{"line":135,"column":12},"end":{"line":135,"column":25}}},"fnMap":{"0":{"name":"(anonymous_0)","decl":{"start":{"line":7,"column":24},"end":{"line":7,"column":25}},"loc":{"start":{"line":7,"column":37},"end":{"line":19,"column":1}},"line":7},"1":{"name":"(anonymous_1)","decl":{"start":{"line":8,"column":23},"end":{"line":8,"column":24}},"loc":{"start":{"line":8,"column":44},"end":{"line":18,"column":5}},"line":8},"2":{"name":"(anonymous_2)","decl":{"start":{"line":10,"column":31},"end":{"line":10,"column":32}},"loc":{"start":{"line":10,"column":46},"end":{"line":17,"column":9}},"line":10},"3":{"name":"(anonymous_3)","decl":{"start":{"line":22,"column":26},"end":{"line":22,"column":27}},"loc":{"start":{"line":22,"column":36},"end":{"line":32,"column":1}},"line":22},"4":{"name":"(anonymous_4)","decl":{"start":{"line":23,"column":23},"end":{"line":23,"column":24}},"loc":{"start":{"line":23,"column":44},"end":{"line":31,"column":5}},"line":23},"5":{"name":"(anonymous_5)","decl":{"start":{"line":25,"column":79},"end":{"line":25,"column":80}},"loc":{"start":{"line":25,"column":93},"end":{"line":30,"column":9}},"line":25},"6":{"name":"(anonymous_6)","decl":{"start":{"line":35,"column":36},"end":{"line":35,"column":37}},"loc":{"start":{"line":35,"column":49},"end":{"line":50,"column":1}},"line":35},"7":{"name":"(anonymous_7)","decl":{"start":{"line":36,"column":23},"end":{"line":36,"column":24}},"loc":{"start":{"line":36,"column":44},"end":{"line":49,"column":5}},"line":36},"8":{"name":"(anonymous_8)","decl":{"start":{"line":38,"column":31},"end":{"line":38,"column":32}},"loc":{"start":{"line":38,"column":46},"end":{"line":48,"column":9}},"line":38},"9":{"name":"(anonymous_9)","decl":{"start":{"line":53,"column":30},"end":{"line":53,"column":31}},"loc":{"start":{"line":53,"column":36},"end":{"line":63,"column":1}},"line":53},"10":{"name":"(anonymous_10)","decl":{"start":{"line":54,"column":23},"end":{"line":54,"column":24}},"loc":{"start":{"line":54,"column":44},"end":{"line":62,"column":5}},"line":54},"11":{"name":"(anonymous_11)","decl":{"start":{"line":56,"column":24},"end":{"line":56,"column":25}},"loc":{"start":{"line":56,"column":39},"end":{"line":61,"column":9}},"line":56},"12":{"name":"(anonymous_12)","decl":{"start":{"line":69,"column":57},"end":{"line":69,"column":58}},"loc":{"start":{"line":69,"column":83},"end":{"line":110,"column":1}},"line":69},"13":{"name":"(anonymous_13)","decl":{"start":{"line":70,"column":23},"end":{"line":70,"column":24}},"loc":{"start":{"line":70,"column":44},"end":{"line":109,"column":5}},"line":70},"14":{"name":"(anonymous_14)","decl":{"start":{"line":93,"column":63},"end":{"line":93,"column":64}},"loc":{"start":{"line":93,"column":78},"end":{"line":98,"column":13}},"line":93},"15":{"name":"(anonymous_15)","decl":{"start":{"line":102,"column":70},"end":{"line":102,"column":71}},"loc":{"start":{"line":102,"column":85},"end":{"line":107,"column":13}},"line":102},"16":{"name":"(anonymous_16)","decl":{"start":{"line":115,"column":32},"end":{"line":115,"column":33}},"loc":{"start":{"line":115,"column":64},"end":{"line":125,"column":1}},"line":115},"17":{"name":"(anonymous_17)","decl":{"start":{"line":116,"column":23},"end":{"line":116,"column":24}},"loc":{"start":{"line":116,"column":44},"end":{"line":124,"column":5}},"line":116},"18":{"name":"(anonymous_18)","decl":{"start":{"line":118,"column":50},"end":{"line":118,"column":51}},"loc":{"start":{"line":118,"column":65},"end":{"line":123,"column":9}},"line":118},"19":{"name":"(anonymous_19)","decl":{"start":{"line":128,"column":23},"end":{"line":128,"column":24}},"loc":{"start":{"line":128,"column":46},"end":{"line":138,"column":1}},"line":128},"20":{"name":"(anonymous_20)","decl":{"start":{"line":129,"column":23},"end":{"line":129,"column":24}},"loc":{"start":{"line":129,"column":44},"end":{"line":137,"column":5}},"line":129},"21":{"name":"(anonymous_21)","decl":{"start":{"line":131,"column":41},"end":{"line":131,"column":42}},"loc":{"start":{"line":131,"column":55},"end":{"line":136,"column":9}},"line":131}},"branchMap":{"0":{"loc":{"start":{"line":11,"column":12},"end":{"line":16,"column":13}},"type":"if","locations":[{"start":{"line":11,"column":12},"end":{"line":16,"column":13}},{"start":{"line":14,"column":17},"end":{"line":16,"column":13}}],"line":11},"1":{"loc":{"start":{"line":26,"column":12},"end":{"line":28,"column":13}},"type":"if","locations":[{"start":{"line":26,"column":12},"end":{"line":28,"column":13}},{"start":{},"end":{}}],"line":26},"2":{"loc":{"start":{"line":39,"column":12},"end":{"line":41,"column":13}},"type":"if","locations":[{"start":{"line":39,"column":12},"end":{"line":41,"column":13}},{"start":{},"end":{}}],"line":39},"3":{"loc":{"start":{"line":42,"column":12},"end":{"line":47,"column":13}},"type":"if","locations":[{"start":{"line":42,"column":12},"end":{"line":47,"column":13}},{"start":{"line":45,"column":17},"end":{"line":47,"column":13}}],"line":42},"4":{"loc":{"start":{"line":57,"column":12},"end":{"line":60,"column":27}},"type":"if","locations":[{"start":{"line":57,"column":12},"end":{"line":60,"column":27}},{"start":{"line":60,"column":17},"end":{"line":60,"column":27}}],"line":57},"5":{"loc":{"start":{"line":80,"column":8},"end":{"line":89,"column":9}},"type":"if","locations":[{"start":{"line":80,"column":8},"end":{"line":89,"column":9}},{"start":{"line":85,"column":12},"end":{"line":89,"column":9}}],"line":80},"6":{"loc":{"start":{"line":91,"column":8},"end":{"line":108,"column":9}},"type":"if","locations":[{"start":{"line":91,"column":8},"end":{"line":108,"column":9}},{"start":{"line":100,"column":12},"end":{"line":108,"column":9}}],"line":91},"7":{"loc":{"start":{"line":94,"column":16},"end":{"line":96,"column":17}},"type":"if","locations":[{"start":{"line":94,"column":16},"end":{"line":96,"column":17}},{"start":{},"end":{}}],"line":94},"8":{"loc":{"start":{"line":103,"column":16},"end":{"line":105,"column":17}},"type":"if","locations":[{"start":{"line":103,"column":16},"end":{"line":105,"column":17}},{"start":{},"end":{}}],"line":103},"9":{"loc":{"start":{"line":119,"column":12},"end":{"line":121,"column":13}},"type":"if","locations":[{"start":{"line":119,"column":12},"end":{"line":121,"column":13}},{"start":{},"end":{}}],"line":119},"10":{"loc":{"start":{"line":132,"column":12},"end":{"line":134,"column":13}},"type":"if","locations":[{"start":{"line":132,"column":12},"end":{"line":134,"column":13}},{"start":{},"end":{}}],"line":132}},"s":{"0":14,"1":14,"2":14,"3":2,"4":2,"5":2,"6":2,"7":0,"8":2,"9":14,"10":48,"11":48,"12":48,"13":48,"14":0,"15":48,"16":14,"17":2,"18":2,"19":2,"20":2,"21":0,"22":2,"23":0,"24":2,"25":14,"26":22,"27":22,"28":22,"29":22,"30":0,"31":22,"32":14,"33":5,"34":5,"35":1,"36":1,"37":4,"38":4,"39":5,"40":1,"41":1,"42":1,"43":0,"44":1,"45":4,"46":4,"47":4,"48":0,"49":4,"50":14,"51":25,"52":25,"53":25,"54":25,"55":0,"56":25,"57":14,"58":1,"59":1,"60":1,"61":1,"62":0,"63":1},"f":{"0":2,"1":2,"2":2,"3":48,"4":48,"5":48,"6":2,"7":2,"8":2,"9":22,"10":22,"11":22,"12":5,"13":5,"14":1,"15":4,"16":25,"17":25,"18":25,"19":1,"20":1,"21":1},"b":{"0":[0,2],"1":[0,48],"2":[0,2],"3":[0,2],"4":[0,22],"5":[1,4],"6":[1,4],"7":[0,1],"8":[0,4],"9":[0,25],"10":[0,1]},"_coverageSchema":"1a1c01bbd47fc00a2c39e90264f33305004495a9","hash":"69cf28cf14459f8c10a4df1fb30fe187fc2b4044"}
,"/Users/francescociarla/Documents/Polito/SoftEngII/se2021-07-SolidarityPurchasingGroup/server/product-dao.js": {"path":"/Users/francescociarla/Documents/Polito/SoftEngII/se2021-07-SolidarityPurchasingGroup/server/product-dao.js","statementMap":{"0":{"start":{"line":3,"column":14},"end":{"line":3,"column":30}},"1":{"start":{"line":4,"column":11},"end":{"line":4,"column":32}},"2":{"start":{"line":7,"column":0},"end":{"line":28,"column":2}},"3":{"start":{"line":10,"column":4},"end":{"line":16,"column":5}},"4":{"start":{"line":11,"column":8},"end":{"line":11,"column":118}},"5":{"start":{"line":12,"column":8},"end":{"line":12,"column":68}},"6":{"start":{"line":14,"column":8},"end":{"line":14,"column":138}},"7":{"start":{"line":15,"column":8},"end":{"line":15,"column":68}},"8":{"start":{"line":17,"column":4},"end":{"line":27,"column":7}},"9":{"start":{"line":18,"column":20},"end":{"line":18,"column":251}},"10":{"start":{"line":19,"column":8},"end":{"line":26,"column":11}},"11":{"start":{"line":20,"column":12},"end":{"line":22,"column":13}},"12":{"start":{"line":21,"column":16},"end":{"line":21,"column":28}},"13":{"start":{"line":23,"column":29},"end":{"line":24,"column":154}},"14":{"start":{"line":23,"column":46},"end":{"line":23,"column":298}},"15":{"start":{"line":24,"column":33},"end":{"line":24,"column":151}},"16":{"start":{"line":25,"column":12},"end":{"line":25,"column":30}},"17":{"start":{"line":31,"column":0},"end":{"line":41,"column":2}},"18":{"start":{"line":32,"column":4},"end":{"line":40,"column":7}},"19":{"start":{"line":33,"column":20},"end":{"line":33,"column":69}},"20":{"start":{"line":34,"column":8},"end":{"line":39,"column":11}},"21":{"start":{"line":35,"column":12},"end":{"line":37,"column":13}},"22":{"start":{"line":36,"column":16},"end":{"line":36,"column":28}},"23":{"start":{"line":38,"column":12},"end":{"line":38,"column":26}},"24":{"start":{"line":44,"column":0},"end":{"line":54,"column":2}},"25":{"start":{"line":45,"column":4},"end":{"line":53,"column":7}},"26":{"start":{"line":46,"column":20},"end":{"line":46,"column":91}},"27":{"start":{"line":47,"column":8},"end":{"line":52,"column":11}},"28":{"start":{"line":48,"column":12},"end":{"line":50,"column":13}},"29":{"start":{"line":49,"column":16},"end":{"line":49,"column":28}},"30":{"start":{"line":51,"column":12},"end":{"line":51,"column":25}},"31":{"start":{"line":58,"column":0},"end":{"line":68,"column":2}},"32":{"start":{"line":59,"column":4},"end":{"line":67,"column":7}},"33":{"start":{"line":60,"column":20},"end":{"line":60,"column":54}},"34":{"start":{"line":61,"column":8},"end":{"line":66,"column":11}},"35":{"start":{"line":62,"column":12},"end":{"line":64,"column":13}},"36":{"start":{"line":63,"column":16},"end":{"line":63,"column":28}},"37":{"start":{"line":65,"column":12},"end":{"line":65,"column":25}},"38":{"start":{"line":73,"column":0},"end":{"line":83,"column":2}},"39":{"start":{"line":74,"column":4},"end":{"line":82,"column":7}},"40":{"start":{"line":75,"column":20},"end":{"line":75,"column":41}},"41":{"start":{"line":76,"column":8},"end":{"line":81,"column":11}},"42":{"start":{"line":77,"column":12},"end":{"line":80,"column":27}},"43":{"start":{"line":78,"column":16},"end":{"line":78,"column":28}},"44":{"start":{"line":80,"column":17},"end":{"line":80,"column":27}},"45":{"start":{"line":86,"column":0},"end":{"line":96,"column":2}},"46":{"start":{"line":87,"column":4},"end":{"line":95,"column":7}},"47":{"start":{"line":88,"column":20},"end":{"line":88,"column":147}},"48":{"start":{"line":89,"column":8},"end":{"line":94,"column":11}},"49":{"start":{"line":90,"column":12},"end":{"line":92,"column":13}},"50":{"start":{"line":91,"column":16},"end":{"line":91,"column":28}},"51":{"start":{"line":93,"column":12},"end":{"line":93,"column":33}},"52":{"start":{"line":99,"column":0},"end":{"line":109,"column":2}},"53":{"start":{"line":100,"column":4},"end":{"line":108,"column":7}},"54":{"start":{"line":101,"column":20},"end":{"line":101,"column":157}},"55":{"start":{"line":102,"column":8},"end":{"line":107,"column":11}},"56":{"start":{"line":103,"column":12},"end":{"line":105,"column":13}},"57":{"start":{"line":104,"column":16},"end":{"line":104,"column":28}},"58":{"start":{"line":106,"column":12},"end":{"line":106,"column":22}},"59":{"start":{"line":112,"column":0},"end":{"line":122,"column":2}},"60":{"start":{"line":113,"column":4},"end":{"line":121,"column":7}},"61":{"start":{"line":114,"column":20},"end":{"line":114,"column":54}},"62":{"start":{"line":115,"column":8},"end":{"line":120,"column":11}},"63":{"start":{"line":116,"column":12},"end":{"line":118,"column":13}},"64":{"start":{"line":117,"column":16},"end":{"line":117,"column":28}},"65":{"start":{"line":119,"column":12},"end":{"line":119,"column":22}},"66":{"start":{"line":126,"column":0},"end":{"line":136,"column":2}},"67":{"start":{"line":127,"column":4},"end":{"line":135,"column":7}},"68":{"start":{"line":128,"column":20},"end":{"line":128,"column":46}},"69":{"start":{"line":129,"column":8},"end":{"line":134,"column":11}},"70":{"start":{"line":130,"column":12},"end":{"line":133,"column":27}},"71":{"start":{"line":131,"column":16},"end":{"line":131,"column":28}},"72":{"start":{"line":133,"column":17},"end":{"line":133,"column":27}},"73":{"start":{"line":139,"column":0},"end":{"line":149,"column":2}},"74":{"start":{"line":140,"column":4},"end":{"line":148,"column":7}},"75":{"start":{"line":141,"column":20},"end":{"line":141,"column":118}},"76":{"start":{"line":142,"column":8},"end":{"line":147,"column":11}},"77":{"start":{"line":143,"column":12},"end":{"line":145,"column":13}},"78":{"start":{"line":144,"column":16},"end":{"line":144,"column":28}},"79":{"start":{"line":146,"column":12},"end":{"line":146,"column":22}},"80":{"start":{"line":152,"column":0},"end":{"line":165,"column":2}},"81":{"start":{"line":153,"column":4},"end":{"line":164,"column":7}},"82":{"start":{"line":154,"column":20},"end":{"line":154,"column":322}},"83":{"start":{"line":155,"column":8},"end":{"line":163,"column":11}},"84":{"start":{"line":156,"column":12},"end":{"line":159,"column":13}},"85":{"start":{"line":157,"column":16},"end":{"line":157,"column":32}},"86":{"start":{"line":158,"column":16},"end":{"line":158,"column":28}},"87":{"start":{"line":161,"column":24},"end":{"line":161,"column":56}},"88":{"start":{"line":162,"column":12},"end":{"line":162,"column":25}},"89":{"start":{"line":167,"column":35},"end":{"line":188,"column":1}},"90":{"start":{"line":168,"column":16},"end":{"line":168,"column":18}},"91":{"start":{"line":169,"column":4},"end":{"line":186,"column":5}},"92":{"start":{"line":169,"column":14},"end":{"line":169,"column":15}},"93":{"start":{"line":170,"column":8},"end":{"line":185,"column":9}},"94":{"start":{"line":171,"column":22},"end":{"line":171,"column":23}},"95":{"start":{"line":172,"column":12},"end":{"line":176,"column":13}},"96":{"start":{"line":172,"column":23},"end":{"line":172,"column":24}},"97":{"start":{"line":173,"column":16},"end":{"line":175,"column":17}},"98":{"start":{"line":174,"column":20},"end":{"line":174,"column":48}},"99":{"start":{"line":177,"column":12},"end":{"line":184,"column":14}},"100":{"start":{"line":187,"column":4},"end":{"line":187,"column":15}},"101":{"start":{"line":190,"column":20},"end":{"line":194,"column":1}},"102":{"start":{"line":191,"column":4},"end":{"line":192,"column":56}},"103":{"start":{"line":192,"column":8},"end":{"line":192,"column":56}},"104":{"start":{"line":192,"column":44},"end":{"line":192,"column":56}},"105":{"start":{"line":193,"column":4},"end":{"line":193,"column":17}}},"fnMap":{"0":{"name":"(anonymous_0)","decl":{"start":{"line":7,"column":31},"end":{"line":7,"column":32}},"loc":{"start":{"line":7,"column":41},"end":{"line":28,"column":1}},"line":7},"1":{"name":"(anonymous_1)","decl":{"start":{"line":17,"column":23},"end":{"line":17,"column":24}},"loc":{"start":{"line":17,"column":44},"end":{"line":27,"column":5}},"line":17},"2":{"name":"(anonymous_2)","decl":{"start":{"line":19,"column":24},"end":{"line":19,"column":25}},"loc":{"start":{"line":19,"column":39},"end":{"line":26,"column":9}},"line":19},"3":{"name":"(anonymous_3)","decl":{"start":{"line":23,"column":38},"end":{"line":23,"column":39}},"loc":{"start":{"line":23,"column":46},"end":{"line":23,"column":298}},"line":23},"4":{"name":"(anonymous_4)","decl":{"start":{"line":24,"column":24},"end":{"line":24,"column":25}},"loc":{"start":{"line":24,"column":31},"end":{"line":24,"column":153}},"line":24},"5":{"name":"(anonymous_5)","decl":{"start":{"line":31,"column":30},"end":{"line":31,"column":31}},"loc":{"start":{"line":31,"column":44},"end":{"line":41,"column":1}},"line":31},"6":{"name":"(anonymous_6)","decl":{"start":{"line":32,"column":23},"end":{"line":32,"column":24}},"loc":{"start":{"line":32,"column":44},"end":{"line":40,"column":5}},"line":32},"7":{"name":"(anonymous_7)","decl":{"start":{"line":34,"column":32},"end":{"line":34,"column":33}},"loc":{"start":{"line":34,"column":47},"end":{"line":39,"column":9}},"line":34},"8":{"name":"(anonymous_8)","decl":{"start":{"line":44,"column":33},"end":{"line":44,"column":34}},"loc":{"start":{"line":44,"column":58},"end":{"line":54,"column":1}},"line":44},"9":{"name":"(anonymous_9)","decl":{"start":{"line":45,"column":23},"end":{"line":45,"column":24}},"loc":{"start":{"line":45,"column":44},"end":{"line":53,"column":5}},"line":45},"10":{"name":"(anonymous_10)","decl":{"start":{"line":47,"column":43},"end":{"line":47,"column":44}},"loc":{"start":{"line":47,"column":57},"end":{"line":52,"column":9}},"line":47},"11":{"name":"(anonymous_11)","decl":{"start":{"line":58,"column":25},"end":{"line":58,"column":26}},"loc":{"start":{"line":58,"column":33},"end":{"line":68,"column":1}},"line":58},"12":{"name":"(anonymous_12)","decl":{"start":{"line":59,"column":23},"end":{"line":59,"column":24}},"loc":{"start":{"line":59,"column":44},"end":{"line":67,"column":5}},"line":59},"13":{"name":"(anonymous_13)","decl":{"start":{"line":61,"column":26},"end":{"line":61,"column":27}},"loc":{"start":{"line":61,"column":40},"end":{"line":66,"column":9}},"line":61},"14":{"name":"(anonymous_14)","decl":{"start":{"line":73,"column":28},"end":{"line":73,"column":29}},"loc":{"start":{"line":73,"column":34},"end":{"line":83,"column":1}},"line":73},"15":{"name":"(anonymous_15)","decl":{"start":{"line":74,"column":23},"end":{"line":74,"column":24}},"loc":{"start":{"line":74,"column":44},"end":{"line":82,"column":5}},"line":74},"16":{"name":"(anonymous_16)","decl":{"start":{"line":76,"column":24},"end":{"line":76,"column":25}},"loc":{"start":{"line":76,"column":39},"end":{"line":81,"column":9}},"line":76},"17":{"name":"(anonymous_17)","decl":{"start":{"line":86,"column":24},"end":{"line":86,"column":25}},"loc":{"start":{"line":86,"column":37},"end":{"line":96,"column":1}},"line":86},"18":{"name":"(anonymous_18)","decl":{"start":{"line":87,"column":23},"end":{"line":87,"column":24}},"loc":{"start":{"line":87,"column":44},"end":{"line":95,"column":5}},"line":87},"19":{"name":"(anonymous_19)","decl":{"start":{"line":89,"column":168},"end":{"line":89,"column":169}},"loc":{"start":{"line":89,"column":183},"end":{"line":94,"column":9}},"line":89},"20":{"name":"(anonymous_20)","decl":{"start":{"line":99,"column":24},"end":{"line":99,"column":25}},"loc":{"start":{"line":99,"column":37},"end":{"line":109,"column":1}},"line":99},"21":{"name":"(anonymous_21)","decl":{"start":{"line":100,"column":23},"end":{"line":100,"column":24}},"loc":{"start":{"line":100,"column":44},"end":{"line":108,"column":5}},"line":100},"22":{"name":"(anonymous_22)","decl":{"start":{"line":102,"column":165},"end":{"line":102,"column":166}},"loc":{"start":{"line":102,"column":180},"end":{"line":107,"column":9}},"line":102},"23":{"name":"(anonymous_23)","decl":{"start":{"line":112,"column":24},"end":{"line":112,"column":25}},"loc":{"start":{"line":112,"column":39},"end":{"line":122,"column":1}},"line":112},"24":{"name":"(anonymous_24)","decl":{"start":{"line":113,"column":23},"end":{"line":113,"column":24}},"loc":{"start":{"line":113,"column":44},"end":{"line":121,"column":5}},"line":113},"25":{"name":"(anonymous_25)","decl":{"start":{"line":115,"column":33},"end":{"line":115,"column":34}},"loc":{"start":{"line":115,"column":48},"end":{"line":120,"column":9}},"line":115},"26":{"name":"(anonymous_26)","decl":{"start":{"line":126,"column":29},"end":{"line":126,"column":30}},"loc":{"start":{"line":126,"column":35},"end":{"line":136,"column":1}},"line":126},"27":{"name":"(anonymous_27)","decl":{"start":{"line":127,"column":23},"end":{"line":127,"column":24}},"loc":{"start":{"line":127,"column":44},"end":{"line":135,"column":5}},"line":127},"28":{"name":"(anonymous_28)","decl":{"start":{"line":129,"column":24},"end":{"line":129,"column":25}},"loc":{"start":{"line":129,"column":39},"end":{"line":134,"column":9}},"line":129},"29":{"name":"(anonymous_29)","decl":{"start":{"line":139,"column":29},"end":{"line":139,"column":30}},"loc":{"start":{"line":139,"column":47},"end":{"line":149,"column":1}},"line":139},"30":{"name":"(anonymous_30)","decl":{"start":{"line":140,"column":23},"end":{"line":140,"column":24}},"loc":{"start":{"line":140,"column":44},"end":{"line":148,"column":5}},"line":140},"31":{"name":"(anonymous_31)","decl":{"start":{"line":142,"column":141},"end":{"line":142,"column":142}},"loc":{"start":{"line":142,"column":156},"end":{"line":147,"column":9}},"line":142},"32":{"name":"(anonymous_32)","decl":{"start":{"line":152,"column":33},"end":{"line":152,"column":34}},"loc":{"start":{"line":152,"column":57},"end":{"line":165,"column":1}},"line":152},"33":{"name":"(anonymous_33)","decl":{"start":{"line":153,"column":23},"end":{"line":153,"column":24}},"loc":{"start":{"line":153,"column":44},"end":{"line":164,"column":5}},"line":153},"34":{"name":"(anonymous_34)","decl":{"start":{"line":155,"column":42},"end":{"line":155,"column":43}},"loc":{"start":{"line":155,"column":57},"end":{"line":163,"column":9}},"line":155},"35":{"name":"(anonymous_35)","decl":{"start":{"line":167,"column":35},"end":{"line":167,"column":36}},"loc":{"start":{"line":167,"column":49},"end":{"line":188,"column":1}},"line":167},"36":{"name":"(anonymous_36)","decl":{"start":{"line":190,"column":20},"end":{"line":190,"column":21}},"loc":{"start":{"line":190,"column":45},"end":{"line":194,"column":1}},"line":190}},"branchMap":{"0":{"loc":{"start":{"line":10,"column":4},"end":{"line":16,"column":5}},"type":"if","locations":[{"start":{"line":10,"column":4},"end":{"line":16,"column":5}},{"start":{"line":13,"column":11},"end":{"line":16,"column":5}}],"line":10},"1":{"loc":{"start":{"line":20,"column":12},"end":{"line":22,"column":13}},"type":"if","locations":[{"start":{"line":20,"column":12},"end":{"line":22,"column":13}},{"start":{},"end":{}}],"line":20},"2":{"loc":{"start":{"line":24,"column":41},"end":{"line":24,"column":150}},"type":"binary-expr","locations":[{"start":{"line":24,"column":41},"end":{"line":24,"column":94}},{"start":{"line":24,"column":99},"end":{"line":24,"column":149}}],"line":24},"3":{"loc":{"start":{"line":35,"column":12},"end":{"line":37,"column":13}},"type":"if","locations":[{"start":{"line":35,"column":12},"end":{"line":37,"column":13}},{"start":{},"end":{}}],"line":35},"4":{"loc":{"start":{"line":48,"column":12},"end":{"line":50,"column":13}},"type":"if","locations":[{"start":{"line":48,"column":12},"end":{"line":50,"column":13}},{"start":{},"end":{}}],"line":48},"5":{"loc":{"start":{"line":62,"column":12},"end":{"line":64,"column":13}},"type":"if","locations":[{"start":{"line":62,"column":12},"end":{"line":64,"column":13}},{"start":{},"end":{}}],"line":62},"6":{"loc":{"start":{"line":77,"column":12},"end":{"line":80,"column":27}},"type":"if","locations":[{"start":{"line":77,"column":12},"end":{"line":80,"column":27}},{"start":{"line":80,"column":17},"end":{"line":80,"column":27}}],"line":77},"7":{"loc":{"start":{"line":90,"column":12},"end":{"line":92,"column":13}},"type":"if","locations":[{"start":{"line":90,"column":12},"end":{"line":92,"column":13}},{"start":{},"end":{}}],"line":90},"8":{"loc":{"start":{"line":103,"column":12},"end":{"line":105,"column":13}},"type":"if","locations":[{"start":{"line":103,"column":12},"end":{"line":105,"column":13}},{"start":{},"end":{}}],"line":103},"9":{"loc":{"start":{"line":116,"column":12},"end":{"line":118,"column":13}},"type":"if","locations":[{"start":{"line":116,"column":12},"end":{"line":118,"column":13}},{"start":{},"end":{}}],"line":116},"10":{"loc":{"start":{"line":130,"column":12},"end":{"line":133,"column":27}},"type":"if","locations":[{"start":{"line":130,"column":12},"end":{"line":133,"column":27}},{"start":{"line":133,"column":17},"end":{"line":133,"column":27}}],"line":130},"11":{"loc":{"start":{"line":143,"column":12},"end":{"line":145,"column":13}},"type":"if","locations":[{"start":{"line":143,"column":12},"end":{"line":145,"column":13}},{"start":{},"end":{}}],"line":143},"12":{"loc":{"start":{"line":156,"column":12},"end":{"line":159,"column":13}},"type":"if","locations":[{"start":{"line":156,"column":12},"end":{"line":159,"column":13}},{"start":{},"end":{}}],"line":156},"13":{"loc":{"start":{"line":170,"column":8},"end":{"line":185,"column":9}},"type":"if","locations":[{"start":{"line":170,"column":8},"end":{"line":185,"column":9}},{"start":{},"end":{}}],"line":170},"14":{"loc":{"start":{"line":173,"column":16},"end":{"line":175,"column":17}},"type":"if","locations":[{"start":{"line":173,"column":16},"end":{"line":175,"column":17}},{"start":{},"end":{}}],"line":173},"15":{"loc":{"start":{"line":192,"column":8},"end":{"line":192,"column":56}},"type":"if","locations":[{"start":{"line":192,"column":8},"end":{"line":192,"column":56}},{"start":{},"end":{}}],"line":192}},"s":{"0":14,"1":14,"2":14,"3":3,"4":3,"5":3,"6":0,"7":0,"8":3,"9":3,"10":3,"11":3,"12":0,"13":3,"14":6,"15":6,"16":3,"17":14,"18":2,"19":2,"20":2,"21":2,"22":0,"23":2,"24":14,"25":0,"26":0,"27":0,"28":0,"29":0,"30":0,"31":14,"32":3,"33":3,"34":3,"35":3,"36":0,"37":3,"38":14,"39":27,"40":27,"41":27,"42":27,"43":0,"44":27,"45":14,"46":31,"47":31,"48":31,"49":31,"50":0,"51":31,"52":14,"53":2,"54":2,"55":2,"56":2,"57":0,"58":2,"59":14,"60":2,"61":2,"62":2,"63":2,"64":0,"65":2,"66":14,"67":13,"68":13,"69":13,"70":13,"71":0,"72":13,"73":14,"74":10,"75":10,"76":10,"77":10,"78":0,"79":10,"80":14,"81":5,"82":5,"83":5,"84":5,"85":0,"86":0,"87":5,"88":5,"89":14,"90":5,"91":5,"92":5,"93":15,"94":10,"95":10,"96":10,"97":25,"98":15,"99":10,"100":5,"101":14,"102":15,"103":15,"104":5,"105":10},"f":{"0":3,"1":3,"2":3,"3":6,"4":6,"5":2,"6":2,"7":2,"8":0,"9":0,"10":0,"11":3,"12":3,"13":3,"14":27,"15":27,"16":27,"17":31,"18":31,"19":31,"20":2,"21":2,"22":2,"23":2,"24":2,"25":2,"26":13,"27":13,"28":13,"29":10,"30":10,"31":10,"32":5,"33":5,"34":5,"35":5,"36":15},"b":{"0":[3,0],"1":[0,3],"2":[6,2],"3":[0,2],"4":[0,0],"5":[0,3],"6":[0,27],"7":[0,31],"8":[0,2],"9":[0,2],"10":[0,13],"11":[0,10],"12":[0,5],"13":[10,5],"14":[15,10],"15":[5,10]},"_coverageSchema":"1a1c01bbd47fc00a2c39e90264f33305004495a9","hash":"3b3842e5edd33dbca7031d8de4786edc74ed5bad"}
,"/Users/francescociarla/Documents/Polito/SoftEngII/se2021-07-SolidarityPurchasingGroup/server/server.js": {"path":"/Users/francescociarla/Documents/Polito/SoftEngII/se2021-07-SolidarityPurchasingGroup/server/server.js","statementMap":{"0":{"start":{"line":3,"column":16},"end":{"line":3,"column":34}},"1":{"start":{"line":4,"column":15},"end":{"line":4,"column":32}},"2":{"start":{"line":5,"column":36},"end":{"line":5,"column":64}},"3":{"start":{"line":6,"column":18},"end":{"line":6,"column":41}},"4":{"start":{"line":7,"column":17},"end":{"line":7,"column":39}},"5":{"start":{"line":8,"column":21},"end":{"line":8,"column":47}},"6":{"start":{"line":9,"column":19},"end":{"line":9,"column":43}},"7":{"start":{"line":10,"column":18},"end":{"line":10,"column":41}},"8":{"start":{"line":11,"column":17},"end":{"line":11,"column":36}},"9":{"start":{"line":12,"column":22},"end":{"line":12,"column":56}},"10":{"start":{"line":13,"column":16},"end":{"line":13,"column":42}},"11":{"start":{"line":14,"column":16},"end":{"line":14,"column":37}},"12":{"start":{"line":15,"column":11},"end":{"line":15,"column":26}},"13":{"start":{"line":16,"column":13},"end":{"line":16,"column":30}},"14":{"start":{"line":22,"column":0},"end":{"line":32,"column":2}},"15":{"start":{"line":24,"column":4},"end":{"line":30,"column":7}},"16":{"start":{"line":25,"column":6},"end":{"line":28,"column":11}},"17":{"start":{"line":26,"column":8},"end":{"line":28,"column":11}},"18":{"start":{"line":29,"column":6},"end":{"line":29,"column":30}},"19":{"start":{"line":35,"column":0},"end":{"line":37,"column":3}},"20":{"start":{"line":36,"column":2},"end":{"line":36,"column":22}},"21":{"start":{"line":40,"column":0},"end":{"line":49,"column":3}},"22":{"start":{"line":41,"column":2},"end":{"line":48,"column":7}},"23":{"start":{"line":44,"column":6},"end":{"line":44,"column":23}},"24":{"start":{"line":47,"column":6},"end":{"line":47,"column":22}},"25":{"start":{"line":52,"column":12},"end":{"line":52,"column":25}},"26":{"start":{"line":53,"column":13},"end":{"line":53,"column":17}},"27":{"start":{"line":55,"column":0},"end":{"line":55,"column":23}},"28":{"start":{"line":56,"column":0},"end":{"line":56,"column":24}},"29":{"start":{"line":58,"column":0},"end":{"line":58,"column":56}},"30":{"start":{"line":61,"column":19},"end":{"line":65,"column":1}},"31":{"start":{"line":62,"column":2},"end":{"line":62,"column":43}},"32":{"start":{"line":62,"column":29},"end":{"line":62,"column":43}},"33":{"start":{"line":64,"column":2},"end":{"line":64,"column":62}},"34":{"start":{"line":68,"column":0},"end":{"line":76,"column":2}},"35":{"start":{"line":79,"column":0},"end":{"line":79,"column":31}},"36":{"start":{"line":80,"column":0},"end":{"line":80,"column":28}},"37":{"start":{"line":83,"column":0},"end":{"line":91,"column":2}},"38":{"start":{"line":84,"column":2},"end":{"line":84,"column":52}},"39":{"start":{"line":85,"column":2},"end":{"line":88,"column":3}},"40":{"start":{"line":89,"column":2},"end":{"line":89,"column":76}},"41":{"start":{"line":90,"column":2},"end":{"line":90,"column":8}},"42":{"start":{"line":94,"column":0},"end":{"line":96,"column":3}},"43":{"start":{"line":95,"column":2},"end":{"line":95,"column":40}},"44":{"start":{"line":99,"column":0},"end":{"line":101,"column":3}},"45":{"start":{"line":100,"column":2},"end":{"line":100,"column":62}},"46":{"start":{"line":104,"column":0},"end":{"line":109,"column":3}},"47":{"start":{"line":105,"column":2},"end":{"line":108,"column":40}},"48":{"start":{"line":107,"column":22},"end":{"line":107,"column":38}},"49":{"start":{"line":108,"column":17},"end":{"line":108,"column":38}},"50":{"start":{"line":112,"column":0},"end":{"line":120,"column":3}},"51":{"start":{"line":113,"column":2},"end":{"line":119,"column":40}},"52":{"start":{"line":116,"column":6},"end":{"line":117,"column":40}},"53":{"start":{"line":116,"column":32},"end":{"line":116,"column":54}},"54":{"start":{"line":117,"column":11},"end":{"line":117,"column":40}},"55":{"start":{"line":119,"column":17},"end":{"line":119,"column":38}},"56":{"start":{"line":123,"column":0},"end":{"line":165,"column":2}},"57":{"start":{"line":135,"column":19},"end":{"line":135,"column":40}},"58":{"start":{"line":136,"column":4},"end":{"line":140,"column":5}},"59":{"start":{"line":137,"column":6},"end":{"line":139,"column":42}},"60":{"start":{"line":141,"column":17},"end":{"line":145,"column":5}},"61":{"start":{"line":146,"column":19},"end":{"line":146,"column":49}},"62":{"start":{"line":148,"column":19},"end":{"line":154,"column":5}},"63":{"start":{"line":156,"column":4},"end":{"line":163,"column":5}},"64":{"start":{"line":157,"column":21},"end":{"line":157,"column":57}},"65":{"start":{"line":158,"column":6},"end":{"line":158,"column":35}},"66":{"start":{"line":160,"column":6},"end":{"line":162,"column":9}},"67":{"start":{"line":168,"column":0},"end":{"line":173,"column":3}},"68":{"start":{"line":169,"column":2},"end":{"line":172,"column":40}},"69":{"start":{"line":171,"column":22},"end":{"line":171,"column":50}},"70":{"start":{"line":172,"column":17},"end":{"line":172,"column":38}},"71":{"start":{"line":176,"column":0},"end":{"line":187,"column":3}},"72":{"start":{"line":177,"column":2},"end":{"line":186,"column":3}},"73":{"start":{"line":178,"column":19},"end":{"line":181,"column":5}},"74":{"start":{"line":182,"column":4},"end":{"line":183,"column":31}},"75":{"start":{"line":182,"column":24},"end":{"line":182,"column":46}},"76":{"start":{"line":183,"column":9},"end":{"line":183,"column":31}},"77":{"start":{"line":185,"column":4},"end":{"line":185,"column":62}},"78":{"start":{"line":191,"column":0},"end":{"line":196,"column":3}},"79":{"start":{"line":192,"column":2},"end":{"line":195,"column":40}},"80":{"start":{"line":194,"column":24},"end":{"line":194,"column":54}},"81":{"start":{"line":195,"column":17},"end":{"line":195,"column":38}},"82":{"start":{"line":199,"column":0},"end":{"line":204,"column":3}},"83":{"start":{"line":200,"column":2},"end":{"line":203,"column":40}},"84":{"start":{"line":202,"column":24},"end":{"line":202,"column":54}},"85":{"start":{"line":203,"column":17},"end":{"line":203,"column":38}},"86":{"start":{"line":208,"column":0},"end":{"line":213,"column":3}},"87":{"start":{"line":209,"column":2},"end":{"line":212,"column":39}},"88":{"start":{"line":211,"column":23},"end":{"line":211,"column":52}},"89":{"start":{"line":212,"column":17},"end":{"line":212,"column":37}},"90":{"start":{"line":216,"column":0},"end":{"line":223,"column":2}},"91":{"start":{"line":217,"column":2},"end":{"line":222,"column":3}},"92":{"start":{"line":218,"column":4},"end":{"line":218,"column":45}},"93":{"start":{"line":219,"column":4},"end":{"line":219,"column":26}},"94":{"start":{"line":221,"column":4},"end":{"line":221,"column":26}},"95":{"start":{"line":226,"column":0},"end":{"line":233,"column":2}},"96":{"start":{"line":227,"column":2},"end":{"line":232,"column":3}},"97":{"start":{"line":228,"column":4},"end":{"line":228,"column":45}},"98":{"start":{"line":229,"column":4},"end":{"line":229,"column":26}},"99":{"start":{"line":231,"column":4},"end":{"line":231,"column":26}},"100":{"start":{"line":236,"column":0},"end":{"line":243,"column":2}},"101":{"start":{"line":237,"column":2},"end":{"line":242,"column":3}},"102":{"start":{"line":238,"column":4},"end":{"line":238,"column":57}},"103":{"start":{"line":239,"column":4},"end":{"line":239,"column":26}},"104":{"start":{"line":241,"column":4},"end":{"line":241,"column":26}},"105":{"start":{"line":247,"column":0},"end":{"line":254,"column":2}},"106":{"start":{"line":248,"column":2},"end":{"line":253,"column":3}},"107":{"start":{"line":249,"column":4},"end":{"line":249,"column":44}},"108":{"start":{"line":250,"column":4},"end":{"line":250,"column":26}},"109":{"start":{"line":252,"column":4},"end":{"line":252,"column":26}},"110":{"start":{"line":258,"column":0},"end":{"line":327,"column":3}},"111":{"start":{"line":259,"column":2},"end":{"line":326,"column":3}},"112":{"start":{"line":261,"column":31},"end":{"line":261,"column":91}},"113":{"start":{"line":264,"column":19},"end":{"line":264,"column":36}},"114":{"start":{"line":266,"column":38},"end":{"line":266,"column":40}},"115":{"start":{"line":267,"column":4},"end":{"line":274,"column":7}},"116":{"start":{"line":268,"column":26},"end":{"line":270,"column":7}},"117":{"start":{"line":269,"column":15},"end":{"line":269,"column":41}},"118":{"start":{"line":271,"column":6},"end":{"line":273,"column":7}},"119":{"start":{"line":272,"column":8},"end":{"line":272,"column":50}},"120":{"start":{"line":276,"column":4},"end":{"line":323,"column":9}},"121":{"start":{"line":278,"column":18},"end":{"line":285,"column":7}},"122":{"start":{"line":286,"column":21},"end":{"line":286,"column":54}},"123":{"start":{"line":288,"column":6},"end":{"line":314,"column":9}},"124":{"start":{"line":290,"column":19},"end":{"line":295,"column":9}},"125":{"start":{"line":297,"column":8},"end":{"line":302,"column":13}},"126":{"start":{"line":301,"column":12},"end":{"line":301,"column":43}},"127":{"start":{"line":304,"column":16},"end":{"line":313,"column":12}},"128":{"start":{"line":308,"column":12},"end":{"line":312,"column":15}},"129":{"start":{"line":315,"column":6},"end":{"line":317,"column":8}},"130":{"start":{"line":319,"column":6},"end":{"line":323,"column":9}},"131":{"start":{"line":325,"column":4},"end":{"line":325,"column":62}},"132":{"start":{"line":332,"column":0},"end":{"line":336,"column":3}},"133":{"start":{"line":335,"column":2},"end":{"line":335,"column":21}},"134":{"start":{"line":340,"column":0},"end":{"line":343,"column":3}},"135":{"start":{"line":341,"column":2},"end":{"line":341,"column":15}},"136":{"start":{"line":342,"column":2},"end":{"line":342,"column":12}},"137":{"start":{"line":346,"column":0},"end":{"line":350,"column":3}},"138":{"start":{"line":347,"column":2},"end":{"line":349,"column":66}},"139":{"start":{"line":348,"column":4},"end":{"line":348,"column":35}},"140":{"start":{"line":349,"column":9},"end":{"line":349,"column":66}},"141":{"start":{"line":355,"column":0},"end":{"line":366,"column":3}},"142":{"start":{"line":356,"column":2},"end":{"line":365,"column":3}},"143":{"start":{"line":357,"column":19},"end":{"line":357,"column":63}},"144":{"start":{"line":358,"column":4},"end":{"line":361,"column":5}},"145":{"start":{"line":359,"column":23},"end":{"line":359,"column":77}},"146":{"start":{"line":360,"column":6},"end":{"line":360,"column":32}},"147":{"start":{"line":362,"column":4},"end":{"line":362,"column":33}},"148":{"start":{"line":364,"column":4},"end":{"line":364,"column":26}},"149":{"start":{"line":369,"column":0},"end":{"line":377,"column":3}},"150":{"start":{"line":370,"column":2},"end":{"line":376,"column":3}},"151":{"start":{"line":371,"column":19},"end":{"line":371,"column":80}},"152":{"start":{"line":372,"column":4},"end":{"line":373,"column":31}},"153":{"start":{"line":372,"column":24},"end":{"line":372,"column":46}},"154":{"start":{"line":373,"column":9},"end":{"line":373,"column":31}},"155":{"start":{"line":375,"column":4},"end":{"line":375,"column":62}},"156":{"start":{"line":380,"column":0},"end":{"line":408,"column":2}},"157":{"start":{"line":387,"column":19},"end":{"line":387,"column":40}},"158":{"start":{"line":388,"column":4},"end":{"line":392,"column":5}},"159":{"start":{"line":389,"column":6},"end":{"line":391,"column":42}},"160":{"start":{"line":393,"column":17},"end":{"line":397,"column":5}},"161":{"start":{"line":399,"column":4},"end":{"line":406,"column":5}},"162":{"start":{"line":400,"column":21},"end":{"line":400,"column":51}},"163":{"start":{"line":401,"column":6},"end":{"line":401,"column":23}},"164":{"start":{"line":403,"column":6},"end":{"line":405,"column":9}},"165":{"start":{"line":411,"column":0},"end":{"line":418,"column":3}},"166":{"start":{"line":412,"column":2},"end":{"line":417,"column":3}},"167":{"start":{"line":413,"column":22},"end":{"line":413,"column":46}},"168":{"start":{"line":414,"column":4},"end":{"line":414,"column":36}},"169":{"start":{"line":416,"column":4},"end":{"line":416,"column":26}},"170":{"start":{"line":421,"column":0},"end":{"line":463,"column":2}},"171":{"start":{"line":433,"column":19},"end":{"line":433,"column":40}},"172":{"start":{"line":434,"column":4},"end":{"line":438,"column":5}},"173":{"start":{"line":435,"column":6},"end":{"line":437,"column":72}},"174":{"start":{"line":439,"column":17},"end":{"line":443,"column":5}},"175":{"start":{"line":444,"column":19},"end":{"line":444,"column":49}},"176":{"start":{"line":446,"column":19},"end":{"line":452,"column":5}},"177":{"start":{"line":454,"column":4},"end":{"line":461,"column":5}},"178":{"start":{"line":455,"column":21},"end":{"line":455,"column":57}},"179":{"start":{"line":456,"column":6},"end":{"line":456,"column":35}},"180":{"start":{"line":458,"column":6},"end":{"line":460,"column":9}},"181":{"start":{"line":466,"column":0},"end":{"line":489,"column":2}},"182":{"start":{"line":473,"column":19},"end":{"line":473,"column":40}},"183":{"start":{"line":474,"column":4},"end":{"line":478,"column":5}},"184":{"start":{"line":475,"column":6},"end":{"line":477,"column":72}},"185":{"start":{"line":479,"column":4},"end":{"line":487,"column":5}},"186":{"start":{"line":480,"column":21},"end":{"line":480,"column":81}},"187":{"start":{"line":481,"column":22},"end":{"line":481,"column":59}},"188":{"start":{"line":482,"column":6},"end":{"line":482,"column":24}},"189":{"start":{"line":484,"column":6},"end":{"line":486,"column":9}},"190":{"start":{"line":492,"column":0},"end":{"line":499,"column":3}},"191":{"start":{"line":493,"column":2},"end":{"line":498,"column":3}},"192":{"start":{"line":494,"column":19},"end":{"line":494,"column":70}},"193":{"start":{"line":495,"column":4},"end":{"line":495,"column":33}},"194":{"start":{"line":497,"column":4},"end":{"line":497,"column":26}},"195":{"start":{"line":502,"column":11},"end":{"line":502,"column":24}},"196":{"start":{"line":503,"column":14},"end":{"line":503,"column":30}},"197":{"start":{"line":505,"column":14},"end":{"line":512,"column":2}},"198":{"start":{"line":505,"column":30},"end":{"line":512,"column":2}},"199":{"start":{"line":507,"column":4},"end":{"line":507,"column":38}},"200":{"start":{"line":510,"column":4},"end":{"line":510,"column":31}},"201":{"start":{"line":514,"column":17},"end":{"line":514,"column":68}},"202":{"start":{"line":516,"column":0},"end":{"line":523,"column":3}},"203":{"start":{"line":517,"colum
[...]
start":{},"end":{}}],"line":136},"4":{"loc":{"start":{"line":182,"column":4},"end":{"line":183,"column":31}},"type":"if","locations":[{"start":{"line":182,"column":4},"end":{"line":183,"column":31}},{"start":{"line":183,"column":9},"end":{"line":183,"column":31}}],"line":182},"5":{"loc":{"start":{"line":271,"column":6},"end":{"line":273,"column":7}},"type":"if","locations":[{"start":{"line":271,"column":6},"end":{"line":273,"column":7}},{"start":{},"end":{}}],"line":271},"6":{"loc":{"start":{"line":271,"column":10},"end":{"line":271,"column":79}},"type":"binary-expr","locations":[{"start":{"line":271,"column":10},"end":{"line":271,"column":31}},{"start":{"line":271,"column":35},"end":{"line":271,"column":79}}],"line":271},"7":{"loc":{"start":{"line":276,"column":4},"end":{"line":323,"column":9}},"type":"if","locations":[{"start":{"line":276,"column":4},"end":{"line":323,"column":9}},{"start":{"line":319,"column":6},"end":{"line":323,"column":9}}],"line":276},"8":{"loc":{"start":{"line":347,"column":2},"end":{"line":349,"column":66}},"type":"if","locations":[{"start":{"line":347,"column":2},"end":{"line":349,"column":66}},{"start":{"line":349,"column":9},"end":{"line":349,"column":66}}],"line":347},"9":{"loc":{"start":{"line":372,"column":4},"end":{"line":373,"column":31}},"type":"if","locations":[{"start":{"line":372,"column":4},"end":{"line":373,"column":31}},{"start":{"line":373,"column":9},"end":{"line":373,"column":31}}],"line":372},"10":{"loc":{"start":{"line":388,"column":4},"end":{"line":392,"column":5}},"type":"if","locations":[{"start":{"line":388,"column":4},"end":{"line":392,"column":5}},{"start":{},"end":{}}],"line":388},"11":{"loc":{"start":{"line":434,"column":4},"end":{"line":438,"column":5}},"type":"if","locations":[{"start":{"line":434,"column":4},"end":{"line":438,"column":5}},{"start":{},"end":{}}],"line":434},"12":{"loc":{"start":{"line":474,"column":4},"end":{"line":478,"column":5}},"type":"if","locations":[{"start":{"line":474,"column":4},"end":{"line":478,"column":5}},{"start":{},"end":{}}],"line":474},"13":{"loc":{"start":{"line":518,"column":4},"end":{"line":520,"column":5}},"type":"if","locations":[{"start":{"line":518,"column":4},"end":{"line":520,"column":5}},{"start":{},"end":{}}],"line":518},"14":{"loc":{"start":{"line":528,"column":2},"end":{"line":545,"column":3}},"type":"if","locations":[{"start":{"line":528,"column":2},"end":{"line":545,"column":3}},{"start":{"line":533,"column":9},"end":{"line":545,"column":3}}],"line":528},"15":{"loc":{"start":{"line":607,"column":2},"end":{"line":618,"column":3}},"type":"if","locations":[{"start":{"line":607,"column":2},"end":{"line":618,"column":3}},{"start":{"line":613,"column":7},"end":{"line":618,"column":3}}],"line":607},"16":{"loc":{"start":{"line":639,"column":2},"end":{"line":647,"column":3}},"type":"if","locations":[{"start":{"line":639,"column":2},"end":{"line":647,"column":3}},{"start":{"line":642,"column":7},"end":{"line":647,"column":3}}],"line":639},"17":{"loc":{"start":{"line":639,"column":6},"end":{"line":639,"column":197}},"type":"binary-expr","locations":[{"start":{"line":639,"column":6},"end":{"line":639,"column":68}},{"start":{"line":639,"column":72},"end":{"line":639,"column":110}},{"start":{"line":639,"column":114},"end":{"line":639,"column":151}},{"start":{"line":639,"column":155},"end":{"line":639,"column":197}}],"line":639},"18":{"loc":{"start":{"line":642,"column":7},"end":{"line":647,"column":3}},"type":"if","locations":[{"start":{"line":642,"column":7},"end":{"line":647,"column":3}},{"start":{"line":645,"column":7},"end":{"line":647,"column":3}}],"line":642},"19":{"loc":{"start":{"line":656,"column":4},"end":{"line":661,"column":5}},"type":"if","locations":[{"start":{"line":656,"column":4},"end":{"line":661,"column":5}},{"start":{},"end":{}}],"line":656}},"s":{"0":14,"1":14,"2":14,"3":14,"4":14,"5":14,"6":14,"7":14,"8":14,"9":14,"10":14,"11":14,"12":14,"13":14,"14":14,"15":4,"16":4,"17":2,"18":2,"19":14,"20":2,"21":14,"22":0,"23":0,"24":0,"25":14,"26":14,"27":14,"28":14,"29":14,"30":14,"31":0,"32":0,"33":0,"34":14,"35":14,"36":14,"37":14,"38":94,"39":94,"40":94,"41":94,"42":14,"43":0,"44":14,"45":14,"46":14,"47":1,"48":1,"49":0,"50":14,"51":3,"52":3,"53":1,"54":2,"55":0,"56":14,"57":9,"58":9,"59":8,"60":1,"61":1,"62":1,"63":1,"64":1,"65":1,"66":0,"67":14,"68":1,"69":1,"70":0,"71":14,"72":1,"73":1,"74":1,"75":1,"76":0,"77":0,"78":14,"79":2,"80":2,"81":0,"82":14,"83":2,"84":2,"85":0,"86":14,"87":2,"88":2,"89":0,"90":14,"91":1,"92":1,"93":1,"94":0,"95":14,"96":2,"97":2,"98":2,"99":0,"100":14,"101":2,"102":2,"103":2,"104":0,"105":14,"106":1,"107":1,"108":1,"109":0,"110":14,"111":1,"112":1,"113":1,"114":1,"115":1,"116":2,"117":0,"118":2,"119":2,"120":1,"121":0,"122":0,"123":0,"124":0,"125":0,"126":0,"127":0,"128":0,"129":0,"130":1,"131":0,"132":14,"133":2,"134":14,"135":1,"136":1,"137":14,"138":0,"139":0,"140":0,"141":14,"142":1,"143":1,"144":1,"145":2,"146":2,"147":1,"148":0,"149":14,"150":2,"151":2,"152":2,"153":1,"154":1,"155":0,"156":14,"157":6,"158":6,"159":5,"160":1,"161":1,"162":1,"163":1,"164":0,"165":14,"166":2,"167":2,"168":2,"169":0,"170":14,"171":17,"172":17,"173":16,"174":1,"175":1,"176":1,"177":1,"178":1,"179":1,"180":0,"181":14,"182":1,"183":1,"184":0,"185":1,"186":1,"187":1,"188":1,"189":0,"190":14,"191":2,"192":2,"193":2,"194":0,"195":14,"196":14,"197":14,"198":14,"199":0,"200":0,"201":14,"202":14,"203":0,"204":0,"205":0,"206":0,"207":14,"208":0,"209":0,"210":0,"211":0,"212":0,"213":0,"214":14,"215":5,"216":5,"217":5,"218":0,"219":14,"220":5,"221":5,"222":5,"223":5,"224":0,"225":14,"226":3,"227":3,"228":3,"229":3,"230":3,"231":0,"232":0,"233":14,"234":3,"235":2,"236":2,"237":1,"238":1,"239":3,"240":14,"241":2,"242":2,"243":2,"244":2,"245":0,"246":14,"247":2,"248":2,"249":0,"250":2,"251":0,"252":2,"253":2,"254":14,"255":8,"256":8,"257":8,"258":8,"259":0,"260":0,"261":8,"262":0,"263":14,"264":3,"265":3,"266":3,"267":0,"268":14,"269":2,"270":2,"271":2,"272":0},"f":{"0":4,"1":4,"2":2,"3":0,"4":0,"5":0,"6":0,"7":94,"8":0,"9":14,"10":1,"11":1,"12":0,"13":3,"14":3,"15":0,"16":9,"17":1,"18":1,"19":0,"20":1,"21":2,"22":2,"23":0,"24":2,"25":2,"26":0,"27":2,"28":2,"29":0,"30":1,"31":2,"32":2,"33":1,"34":1,"35":2,"36":0,"37":0,"38":0,"39":0,"40":2,"41":1,"42":0,"43":1,"44":2,"45":6,"46":2,"47":17,"48":1,"49":2,"50":14,"51":0,"52":0,"53":0,"54":0,"55":0,"56":5,"57":5,"58":3,"59":3,"60":2,"61":2,"62":8,"63":3,"64":2},"b":{"0":[2,2],"1":[0,0],"2":[1,2],"3":[8,1],"4":[1,0],"5":[2,0],"6":[2,0],"7":[0,1],"8":[0,0],"9":[1,1],"10":[5,1],"11":[16,1],"12":[0,1],"13":[0,0],"14":[0,0],"15":[2,1],"16":[0,2],"17":[2,2,2,2],"18":[0,2],"19":[0,8]},"_coverageSchema":"1a1c01bbd47fc00a2c39e90264f33305004495a9","hash":"2a2c81b17f2051eacd878cbc871ea17a66e530b0"}
,"/Users/francescociarla/Documents/Polito/SoftEngII/se2021-07-SolidarityPurchasingGroup/server/user-dao.js": {"path":"/Users/francescociarla/Documents/Polito/SoftEngII/se2021-07-SolidarityPurchasingGroup/server/user-dao.js","statementMap":{"0":{"start":{"line":3,"column":11},"end":{"line":3,"column":32}},"1":{"start":{"line":5,"column":15},"end":{"line":5,"column":32}},"2":{"start":{"line":6,"column":19},"end":{"line":6,"column":21}},"3":{"start":{"line":9,"column":0},"end":{"line":24,"column":2}},"4":{"start":{"line":10,"column":4},"end":{"line":23,"column":7}},"5":{"start":{"line":11,"column":20},"end":{"line":11,"column":53}},"6":{"start":{"line":12,"column":8},"end":{"line":22,"column":11}},"7":{"start":{"line":13,"column":12},"end":{"line":21,"column":13}},"8":{"start":{"line":14,"column":16},"end":{"line":14,"column":28}},"9":{"start":{"line":16,"column":17},"end":{"line":21,"column":13}},"10":{"start":{"line":17,"column":16},"end":{"line":17,"column":52}},"11":{"start":{"line":19,"column":27},"end":{"line":19,"column":117}},"12":{"start":{"line":20,"column":16},"end":{"line":20,"column":30}},"13":{"start":{"line":27,"column":0},"end":{"line":49,"column":2}},"14":{"start":{"line":28,"column":4},"end":{"line":48,"column":7}},"15":{"start":{"line":30,"column":20},"end":{"line":30,"column":58}},"16":{"start":{"line":31,"column":8},"end":{"line":47,"column":11}},"17":{"start":{"line":32,"column":12},"end":{"line":46,"column":13}},"18":{"start":{"line":33,"column":16},"end":{"line":33,"column":28}},"19":{"start":{"line":34,"column":17},"end":{"line":46,"column":13}},"20":{"start":{"line":35,"column":16},"end":{"line":35,"column":31}},"21":{"start":{"line":38,"column":27},"end":{"line":38,"column":78}},"22":{"start":{"line":40,"column":16},"end":{"line":45,"column":19}},"23":{"start":{"line":41,"column":20},"end":{"line":44,"column":39}},"24":{"start":{"line":42,"column":24},"end":{"line":42,"column":38}},"25":{"start":{"line":44,"column":24},"end":{"line":44,"column":39}},"26":{"start":{"line":52,"column":0},"end":{"line":68,"column":2}},"27":{"start":{"line":53,"column":4},"end":{"line":67,"column":7}},"28":{"start":{"line":54,"column":20},"end":{"line":54,"column":40}},"29":{"start":{"line":55,"column":8},"end":{"line":66,"column":11}},"30":{"start":{"line":56,"column":12},"end":{"line":58,"column":13}},"31":{"start":{"line":57,"column":16},"end":{"line":57,"column":28}},"32":{"start":{"line":59,"column":12},"end":{"line":65,"column":13}},"33":{"start":{"line":60,"column":16},"end":{"line":60,"column":53}},"34":{"start":{"line":63,"column":34},"end":{"line":63,"column":98}},"35":{"start":{"line":63,"column":51},"end":{"line":63,"column":96}},"36":{"start":{"line":64,"column":16},"end":{"line":64,"column":34}},"37":{"start":{"line":73,"column":0},"end":{"line":83,"column":2}},"38":{"start":{"line":74,"column":4},"end":{"line":82,"column":7}},"39":{"start":{"line":75,"column":20},"end":{"line":75,"column":38}},"40":{"start":{"line":76,"column":8},"end":{"line":81,"column":11}},"41":{"start":{"line":77,"column":12},"end":{"line":80,"column":27}},"42":{"start":{"line":78,"column":16},"end":{"line":78,"column":28}},"43":{"start":{"line":80,"column":17},"end":{"line":80,"column":27}},"44":{"start":{"line":88,"column":0},"end":{"line":99,"column":2}},"45":{"start":{"line":89,"column":4},"end":{"line":98,"column":7}},"46":{"start":{"line":90,"column":20},"end":{"line":90,"column":77}},"47":{"start":{"line":91,"column":21},"end":{"line":91,"column":63}},"48":{"start":{"line":92,"column":8},"end":{"line":97,"column":11}},"49":{"start":{"line":93,"column":12},"end":{"line":95,"column":13}},"50":{"start":{"line":94,"column":16},"end":{"line":94,"column":28}},"51":{"start":{"line":96,"column":12},"end":{"line":96,"column":33}},"52":{"start":{"line":102,"column":0},"end":{"line":114,"column":2}},"53":{"start":{"line":103,"column":4},"end":{"line":113,"column":7}},"54":{"start":{"line":104,"column":20},"end":{"line":104,"column":62}},"55":{"start":{"line":105,"column":21},"end":{"line":105,"column":58}},"56":{"start":{"line":106,"column":8},"end":{"line":112,"column":11}},"57":{"start":{"line":107,"column":12},"end":{"line":109,"column":13}},"58":{"start":{"line":108,"column":16},"end":{"line":108,"column":28}},"59":{"start":{"line":110,"column":12},"end":{"line":111,"column":31}},"60":{"start":{"line":110,"column":36},"end":{"line":110,"column":51}},"61":{"start":{"line":111,"column":17},"end":{"line":111,"column":31}},"62":{"start":{"line":117,"column":0},"end":{"line":128,"column":2}},"63":{"start":{"line":118,"column":4},"end":{"line":127,"column":7}},"64":{"start":{"line":119,"column":20},"end":{"line":119,"column":58}},"65":{"start":{"line":120,"column":8},"end":{"line":126,"column":11}},"66":{"start":{"line":121,"column":12},"end":{"line":123,"column":13}},"67":{"start":{"line":122,"column":16},"end":{"line":122,"column":28}},"68":{"start":{"line":124,"column":12},"end":{"line":125,"column":31}},"69":{"start":{"line":124,"column":36},"end":{"line":124,"column":51}},"70":{"start":{"line":125,"column":17},"end":{"line":125,"column":31}}},"fnMap":{"0":{"name":"(anonymous_0)","decl":{"start":{"line":9,"column":22},"end":{"line":9,"column":23}},"loc":{"start":{"line":9,"column":30},"end":{"line":24,"column":1}},"line":9},"1":{"name":"(anonymous_1)","decl":{"start":{"line":10,"column":23},"end":{"line":10,"column":24}},"loc":{"start":{"line":10,"column":44},"end":{"line":23,"column":5}},"line":10},"2":{"name":"(anonymous_2)","decl":{"start":{"line":12,"column":26},"end":{"line":12,"column":27}},"loc":{"start":{"line":12,"column":39},"end":{"line":22,"column":9}},"line":12},"3":{"name":"(anonymous_3)","decl":{"start":{"line":27,"column":18},"end":{"line":27,"column":19}},"loc":{"start":{"line":27,"column":42},"end":{"line":49,"column":1}},"line":27},"4":{"name":"(anonymous_4)","decl":{"start":{"line":28,"column":23},"end":{"line":28,"column":24}},"loc":{"start":{"line":28,"column":44},"end":{"line":48,"column":5}},"line":28},"5":{"name":"(anonymous_5)","decl":{"start":{"line":31,"column":32},"end":{"line":31,"column":33}},"loc":{"start":{"line":31,"column":45},"end":{"line":47,"column":9}},"line":31},"6":{"name":"(anonymous_6)","decl":{"start":{"line":40,"column":60},"end":{"line":40,"column":61}},"loc":{"start":{"line":40,"column":70},"end":{"line":45,"column":17}},"line":40},"7":{"name":"(anonymous_7)","decl":{"start":{"line":52,"column":19},"end":{"line":52,"column":20}},"loc":{"start":{"line":52,"column":25},"end":{"line":68,"column":1}},"line":52},"8":{"name":"(anonymous_8)","decl":{"start":{"line":53,"column":23},"end":{"line":53,"column":24}},"loc":{"start":{"line":53,"column":44},"end":{"line":67,"column":5}},"line":53},"9":{"name":"(anonymous_9)","decl":{"start":{"line":55,"column":24},"end":{"line":55,"column":25}},"loc":{"start":{"line":55,"column":39},"end":{"line":66,"column":9}},"line":55},"10":{"name":"(anonymous_10)","decl":{"start":{"line":63,"column":43},"end":{"line":63,"column":44}},"loc":{"start":{"line":63,"column":51},"end":{"line":63,"column":96}},"line":63},"11":{"name":"(anonymous_11)","decl":{"start":{"line":73,"column":25},"end":{"line":73,"column":26}},"loc":{"start":{"line":73,"column":31},"end":{"line":83,"column":1}},"line":73},"12":{"name":"(anonymous_12)","decl":{"start":{"line":74,"column":23},"end":{"line":74,"column":24}},"loc":{"start":{"line":74,"column":44},"end":{"line":82,"column":5}},"line":74},"13":{"name":"(anonymous_13)","decl":{"start":{"line":76,"column":24},"end":{"line":76,"column":25}},"loc":{"start":{"line":76,"column":39},"end":{"line":81,"column":9}},"line":76},"14":{"name":"(anonymous_14)","decl":{"start":{"line":88,"column":22},"end":{"line":88,"column":23}},"loc":{"start":{"line":88,"column":32},"end":{"line":99,"column":1}},"line":88},"15":{"name":"(anonymous_15)","decl":{"start":{"line":89,"column":23},"end":{"line":89,"column":24}},"loc":{"start":{"line":89,"column":44},"end":{"line":98,"column":5}},"line":89},"16":{"name":"(anonymous_16)","decl":{"start":{"line":92,"column":55},"end":{"line":92,"column":56}},"loc":{"start":{"line":92,"column":70},"end":{"line":97,"column":9}},"line":92},"17":{"name":"(anonymous_17)","decl":{"start":{"line":102,"column":25},"end":{"line":102,"column":26}},"loc":{"start":{"line":102,"column":43},"end":{"line":114,"column":1}},"line":102},"18":{"name":"(anonymous_18)","decl":{"start":{"line":103,"column":23},"end":{"line":103,"column":24}},"loc":{"start":{"line":103,"column":44},"end":{"line":113,"column":5}},"line":103},"19":{"name":"(anonymous_19)","decl":{"start":{"line":106,"column":32},"end":{"line":106,"column":33}},"loc":{"start":{"line":106,"column":47},"end":{"line":112,"column":9}},"line":106},"20":{"name":"(anonymous_20)","decl":{"start":{"line":117,"column":20},"end":{"line":117,"column":21}},"loc":{"start":{"line":117,"column":28},"end":{"line":128,"column":1}},"line":117},"21":{"name":"(anonymous_21)","decl":{"start":{"line":118,"column":23},"end":{"line":118,"column":24}},"loc":{"start":{"line":118,"column":44},"end":{"line":127,"column":5}},"line":118},"22":{"name":"(anonymous_22)","decl":{"start":{"line":120,"column":36},"end":{"line":120,"column":37}},"loc":{"start":{"line":120,"column":51},"end":{"line":126,"column":9}},"line":120}},"branchMap":{"0":{"loc":{"start":{"line":13,"column":12},"end":{"line":21,"column":13}},"type":"if","locations":[{"start":{"line":13,"column":12},"end":{"line":21,"column":13}},{"start":{"line":16,"column":17},"end":{"line":21,"column":13}}],"line":13},"1":{"loc":{"start":{"line":16,"column":17},"end":{"line":21,"column":13}},"type":"if","locations":[{"start":{"line":16,"column":17},"end":{"line":21,"column":13}},{"start":{"line":18,"column":16},"end":{"line":21,"column":13}}],"line":16},"2":{"loc":{"start":{"line":32,"column":12},"end":{"line":46,"column":13}},"type":"if","locations":[{"start":{"line":32,"column":12},"end":{"line":46,"column":13}},{"start":{"line":34,"column":17},"end":{"line":46,"column":13}}],"line":32},"3":{"loc":{"start":{"line":34,"column":17},"end":{"line":46,"column":13}},"type":"if","locations":[{"start":{"line":34,"column":17},"end":{"line":46,"column":13}},{"start":{"line":37,"column":17},"end":{"line":46,"column":13}}],"line":34},"4":{"loc":{"start":{"line":41,"column":20},"end":{"line":44,"column":39}},"type":"if","locations":[{"start":{"line":41,"column":20},"end":{"line":44,"column":39}},{"start":{"line":44,"column":24},"end":{"line":44,"column":39}}],"line":41},"5":{"loc":{"start":{"line":56,"column":12},"end":{"line":58,"column":13}},"type":"if","locations":[{"start":{"line":56,"column":12},"end":{"line":58,"column":13}},{"start":{},"end":{}}],"line":56},"6":{"loc":{"start":{"line":59,"column":12},"end":{"line":65,"column":13}},"type":"if","locations":[{"start":{"line":59,"column":12},"end":{"line":65,"column":13}},{"start":{"line":62,"column":17},"end":{"line":65,"column":13}}],"line":59},"7":{"loc":{"start":{"line":77,"column":12},"end":{"line":80,"column":27}},"type":"if","locations":[{"start":{"line":77,"column":12},"end":{"line":80,"column":27}},{"start":{"line":80,"column":17},"end":{"line":80,"column":27}}],"line":77},"8":{"loc":{"start":{"line":93,"column":12},"end":{"line":95,"column":13}},"type":"if","locations":[{"start":{"line":93,"column":12},"end":{"line":95,"column":13}},{"start":{},"end":{}}],"line":93},"9":{"loc":{"start":{"line":107,"column":12},"end":{"line":109,"column":13}},"type":"if","locations":[{"start":{"line":107,"column":12},"end":{"line":109,"column":13}},{"start":{},"end":{}}],"line":107},"10":{"loc":{"start":{"line":110,"column":12},"end":{"line":111,"column":31}},"type":"if","locations":[{"start":{"line":110,"column":12},"end":{"line":111,"column":31}},{"start":{"line":111,"column":17},"end":{"line":111,"column":31}}],"line":110},"11":{"loc":{"start":{"line":121,"column":12},"end":{"line":123,"column":13}},"type":"if","locations":[{"start":{"line":121,"column":12},"end":{"line":123,"column":13}},{"start":{},"end":{}}],"line":121},"12":{"loc":{"start":{"line":124,"column":12},"end":{"line":125,"column":31}},"type":"if","locations":[{"start":{"line":124,"column":12},"end":{"line":125,"column":31}},{"start":{"line":125,"column":17},"end":{"line":125,"column":31}}],"line":124}},"s":{"0":14,"1":14,"2":14,"3":14,"4":1,"5":1,"6":1,"7":1,"8":0,"9":1,"10":0,"11":1,"12":1,"13":14,"14":4,"15":4,"16":4,"17":4,"18":0,"19":4,"20":1,"21":3,"22":3,"23":3,"24":2,"25":1,"26":14,"27":2,"28":2,"29":2,"30":2,"31":0,"32":2,"33":0,"34":2,"35":6,"36":2,"37":14,"38":43,"39":43,"40":43,"41":42,"42":0,"43":42,"44":14,"45":19,"46":19,"47":19,"48":19,"49":19,"50":0,"51":19,"52":14,"53":1,"54":1,"55":1,"56":1,"57":1,"58":0,"59":1,"60":0,"61":1,"62":14,"63":1,"64":1,"65":1,"66":1,"67":0,"68":1,"69":0,"70":1},"f":{"0":1,"1":1,"2":1,"3":4,"4":4,"5":4,"6":3,"7":2,"8":2,"9":2,"10":6,"11":43,"12":43,"13":42,"14":19,"15":19,"16":19,"17":1,"18":1,"19":1,"20":1,"21":1,"22":1},"b":{"0":[0,1],"1":[0,1],"2":[0,4],"3":[1,3],"4":[2,1],"5":[0,2],"6":[0,2],"7":[0,42],"8":[0,19],"9":[0,1],"10":[0,1],"11":[0,1],"12":[0,1]},"_coverageSchema":"1a1c01bbd47fc00a2c39e90264f33305004495a9","hash":"52bbedbb19c04bfa9eab5a8a15666bd503493015"}
}
