TN:
SF:client-dao.js
FN:5,(anonymous_0)
FN:6,(anonymous_1)
FN:8,(anonymous_2)
FN:17,(anonymous_3)
FN:18,(anonymous_4)
FN:20,(anonymous_5)
FN:29,(anonymous_6)
FN:30,(anonymous_7)
FN:32,(anonymous_8)
FN:41,(anonymous_9)
FN:42,(anonymous_10)
FN:44,(anonymous_11)
FN:54,(anonymous_12)
FN:55,(anonymous_13)
FN:57,(anonymous_14)
FNF:15
FNH:15
FNDA:1,(anonymous_0)
FNDA:1,(anonymous_1)
FNDA:1,(anonymous_2)
FNDA:23,(anonymous_3)
FNDA:23,(anonymous_4)
FNDA:23,(anonymous_5)
FNDA:12,(anonymous_6)
FNDA:12,(anonymous_7)
FNDA:12,(anonymous_8)
FNDA:1,(anonymous_9)
FNDA:1,(anonymous_10)
FNDA:1,(anonymous_11)
FNDA:3,(anonymous_12)
FNDA:3,(anonymous_13)
FNDA:3,(anonymous_14)
DA:3,12
DA:5,12
DA:6,1
DA:7,1
DA:8,1
DA:9,1
DA:10,0
DA:12,1
DA:17,12
DA:18,23
DA:19,23
DA:20,23
DA:21,23
DA:22,0
DA:24,23
DA:29,12
DA:30,12
DA:31,12
DA:32,12
DA:33,12
DA:34,0
DA:36,12
DA:41,12
DA:42,1
DA:43,1
DA:44,1
DA:45,1
DA:46,0
DA:48,1
DA:49,1
DA:54,12
DA:55,3
DA:56,3
DA:57,3
DA:58,3
DA:59,0
DA:61,3
LF:37
LH:32
BRDA:9,0,0,0
BRDA:9,0,1,1
BRDA:21,1,0,0
BRDA:21,1,1,23
BRDA:33,2,0,0
BRDA:33,2,1,12
BRDA:45,3,0,0
BRDA:45,3,1,1
BRDA:48,4,0,0
BRDA:48,4,1,1
BRDA:58,5,0,0
BRDA:58,5,1,3
BRF:12
BRH:6
end_of_record
TN:
SF:database.js
FN:12,(anonymous_0)
FNF:1
FNH:1
FNDA:12,(anonymous_0)
DA:3,12
DA:12,12
DA:13,12
DA:16,12
LF:4
LH:4
BRDA:13,0,0,0
BRDA:13,0,1,12
BRF:2
BRH:1
end_of_record
TN:
SF:farmer-dao.js
FN:5,(anonymous_0)
FN:6,(anonymous_1)
FN:8,(anonymous_2)
FN:19,(anonymous_3)
FN:20,(anonymous_4)
FN:22,(anonymous_5)
FN:31,(anonymous_6)
FN:32,(anonymous_7)
FN:34,(anonymous_8)
FNF:9
FNH:9
FNDA:2,(anonymous_0)
FNDA:2,(anonymous_1)
FNDA:2,(anonymous_2)
FNDA:4,(anonymous_3)
FNDA:4,(anonymous_4)
FNDA:4,(anonymous_5)
FNDA:6,(anonymous_6)
FNDA:6,(anonymous_7)
FNDA:6,(anonymous_8)
DA:3,12
DA:5,12
DA:6,2
DA:7,2
DA:8,2
DA:9,2
DA:10,0
DA:12,2
DA:19,12
DA:20,4
DA:21,4
DA:22,4
DA:23,4
DA:24,0
DA:26,4
DA:31,12
DA:32,6
DA:33,6
DA:34,6
DA:35,6
DA:36,0
DA:38,6
LF:22
LH:19
BRDA:9,0,0,0
BRDA:9,0,1,2
BRDA:23,1,0,0
BRDA:23,1,1,4
BRDA:35,2,0,0
BRDA:35,2,1,6
BRF:6
BRH:3
end_of_record
TN:
SF:order-dao.js
FN:5,(anonymous_0)
FN:6,(anonymous_1)
FN:8,(anonymous_2)
FN:22,(anonymous_3)
FN:23,(anonymous_4)
FN:25,(anonymous_5)
FN:35,(anonymous_6)
FN:36,(anonymous_7)
FN:38,(anonymous_8)
FN:47,(anonymous_9)
FN:48,(anonymous_10)
FN:50,(anonymous_11)
FN:59,(anonymous_12)
FN:60,(anonymous_13)
FN:62,(anonymous_14)
FN:71,(anonymous_15)
FN:72,(anonymous_16)
FN:74,(anonymous_17)
FNF:18
FNH:18
FNDA:2,(anonymous_0)
FNDA:2,(anonymous_1)
FNDA:2,(anonymous_2)
FNDA:1,(anonymous_3)
FNDA:1,(anonymous_4)
FNDA:1,(anonymous_5)
FNDA:1,(anonymous_6)
FNDA:1,(anonymous_7)
FNDA:1,(anonymous_8)
FNDA:12,(anonymous_9)
FNDA:12,(anonymous_10)
FNDA:12,(anonymous_11)
FNDA:9,(anonymous_12)
FNDA:9,(anonymous_13)
FNDA:9,(anonymous_14)
FNDA:2,(anonymous_15)
FNDA:2,(anonymous_16)
FNDA:2,(anonymous_17)
DA:3,12
DA:5,12
DA:6,2
DA:7,2
DA:8,2
DA:9,2
DA:10,0
DA:12,2
DA:13,0
DA:16,2
DA:22,12
DA:23,1
DA:24,1
DA:25,1
DA:26,1
DA:27,0
DA:29,1
DA:30,1
DA:35,12
DA:36,1
DA:37,1
DA:38,1
DA:39,1
DA:40,0
DA:42,1
DA:47,12
DA:48,12
DA:49,12
DA:50,12
DA:51,12
DA:52,0
DA:54,12
DA:59,12
DA:60,9
DA:61,9
DA:62,9
DA:63,9
DA:64,0
DA:66,9
DA:71,12
DA:72,2
DA:73,2
DA:74,2
DA:75,2
DA:76,0
DA:78,2
LF:46
LH:39
BRDA:9,0,0,0
BRDA:9,0,1,2
BRDA:12,1,0,0
BRDA:12,1,1,2
BRDA:26,2,0,0
BRDA:26,2,1,1
BRDA:29,3,0,0
BRDA:29,3,1,1
BRDA:39,4,0,0
BRDA:39,4,1,1
BRDA:51,5,0,0
BRDA:51,5,1,12
BRDA:63,6,0,0
BRDA:63,6,1,9
BRDA:75,7,0,0
BRDA:75,7,1,2
BRF:16
BRH:8
end_of_record
TN:
SF:orderline-dao.js
FN:5,(anonymous_0)
FN:6,(anonymous_1)
FN:8,(anonymous_2)
FN:22,(anonymous_3)
FN:23,(anonymous_4)
FN:25,(anonymous_5)
FN:34,(anonymous_6)
FN:35,(anonymous_7)
FN:37,(anonymous_8)
FN:51,(anonymous_9)
FN:52,(anonymous_10)
FN:54,(anonymous_11)
FNF:12
FNH:12
FNDA:1,(anonymous_0)
FNDA:1,(anonymous_1)
FNDA:1,(anonymous_2)
FNDA:5,(anonymous_3)
FNDA:5,(anonymous_4)
FNDA:5,(anonymous_5)
FNDA:2,(anonymous_6)
FNDA:2,(anonymous_7)
FNDA:2,(anonymous_8)
FNDA:6,(anonymous_9)
FNDA:6,(anonymous_10)
FNDA:6,(anonymous_11)
DA:3,12
DA:5,12
DA:6,1
DA:7,1
DA:8,1
DA:9,1
DA:10,0
DA:12,1
DA:13,0
DA:16,1
DA:22,12
DA:23,5
DA:24,5
DA:25,5
DA:26,5
DA:27,0
DA:29,5
DA:34,12
DA:35,2
DA:36,2
DA:37,2
DA:38,2
DA:39,0
DA:41,2
DA:42,0
DA:45,2
DA:51,12
DA:52,6
DA:53,6
DA:54,6
DA:55,6
DA:56,0
DA:58,6
LF:33
LH:27
BRDA:9,0,0,0
BRDA:9,0,1,1
BRDA:12,1,0,0
BRDA:12,1,1,1
BRDA:26,2,0,0
BRDA:26,2,1,5
BRDA:38,3,0,0
BRDA:38,3,1,2
BRDA:41,4,0,0
BRDA:41,4,1,2
BRDA:55,5,0,0
BRDA:55,5,1,6
BRF:12
BRH:6
end_of_record
TN:
SF:product-dao.js
FN:6,(anonymous_0)
FN:16,(anonymous_1)
FN:18,(anonymous_2)
FN:22,(anonymous_3)
FN:23,(anonymous_4)
FN:29,(anonymous_5)
FN:30,(anonymous_6)
FN:32,(anonymous_7)
FN:41,(anonymous_8)
FN:42,(anonymous_9)
FN:44,(anonymous_10)
FN:57,(anonymous_11)
FN:58,(anonymous_12)
FN:60,(anonymous_13)
FN:69,(anonymous_14)
FN:70,(anonymous_15)
FN:72,(anonymous_16)
FN:81,(anonymous_17)
FN:82,(anonymous_18)
FN:84,(anonymous_19)
FN:93,(anonymous_20)
FN:94,(anonymous_21)
FN:96,(anonymous_22)
FNF:23
FNH:20
FNDA:3,(anonymous_0)
FNDA:3,(anonymous_1)
FNDA:3,(anonymous_2)
FNDA:9,(anonymous_3)
FNDA:9,(anonymous_4)
FNDA:0,(anonymous_5)
FNDA:0,(anonymous_6)
FNDA:0,(anonymous_7)
FNDA:1,(anonymous_8)
FNDA:1,(anonymous_9)
FNDA:1,(anonymous_10)
FNDA:10,(anonymous_11)
FNDA:10,(anonymous_12)
FNDA:10,(anonymous_13)
FNDA:12,(anonymous_14)
FNDA:12,(anonymous_15)
FNDA:12,(anonymous_16)
FNDA:4,(anonymous_17)
FNDA:4,(anonymous_18)
FNDA:4,(anonymous_19)
FNDA:6,(anonymous_20)
FNDA:6,(anonymous_21)
FNDA:6,(anonymous_22)
DA:3,12
DA:4,12
DA:6,12
DA:9,3
DA:10,3
DA:11,3
DA:13,0
DA:14,0
DA:16,3
DA:17,3
DA:18,3
DA:19,3
DA:20,0
DA:22,9
DA:23,9
DA:24,3
DA:29,12
DA:30,0
DA:31,0
DA:32,0
DA:33,0
DA:34,0
DA:36,0
DA:41,12
DA:42,1
DA:43,1
DA:44,1
DA:45,1
DA:46,0
DA:48,1
DA:49,0
DA:51,1
DA:57,12
DA:58,10
DA:59,10
DA:60,10
DA:61,10
DA:62,0
DA:64,10
DA:69,12
DA:70,12
DA:71,12
DA:72,12
DA:73,12
DA:74,0
DA:76,12
DA:81,12
DA:82,4
DA:83,4
DA:84,4
DA:85,4
DA:86,0
DA:88,4
DA:93,12
DA:94,6
DA:95,6
DA:96,6
DA:97,6
DA:98,0
DA:100,6
LF:60
LH:45
BRDA:9,0,0,3
BRDA:9,0,1,0
BRDA:19,1,0,0
BRDA:19,1,1,3
BRDA:23,2,0,9
BRDA:23,2,1,4
BRDA:33,3,0,0
BRDA:33,3,1,0
BRDA:45,4,0,0
BRDA:45,4,1,1
BRDA:48,5,0,0
BRDA:48,5,1,1
BRDA:61,6,0,0
BRDA:61,6,1,10
BRDA:73,7,0,0
BRDA:73,7,1,12
BRDA:85,8,0,0
BRDA:85,8,1,4
BRDA:97,9,0,0
BRDA:97,9,1,6
BRF:20
BRH:10
end_of_record
TN:
SF:server.js
FN:22,(anonymous_0)
FN:23,(anonymous_1)
FN:35,(anonymous_2)
FN:39,(anonymous_3)
FN:42,(anonymous_4)
FN:45,(anonymous_5)
FN:60,(anonymous_6)
FN:82,(anonymous_7)
FN:87,(anonymous_8)
FN:92,(anonymous_9)
FN:95,(anonymous_10)
FN:96,(anonymous_11)
FN:100,(anonymous_12)
FN:103,(anonymous_13)
FN:107,(anonymous_14)
FN:122,(anonymous_15)
FN:156,(anonymous_16)
FN:159,(anonymous_17)
FN:160,(anonymous_18)
FN:164,(anonymous_19)
FN:178,(anonymous_20)
FN:181,(anonymous_21)
FN:182,(anonymous_22)
FN:186,(anonymous_23)
FN:189,(anonymous_24)
FN:190,(anonymous_25)
FN:194,(anonymous_26)
FN:203,(anonymous_27)
FN:205,(anonymous_28)
FN:225,(anonymous_29)
FN:237,(anonymous_30)
FN:244,(anonymous_31)
FN:270,(anonymous_32)
FN:278,(anonymous_33)
FN:283,(anonymous_34)
FN:290,(anonymous_35)
FN:303,(anonymous_36)
FN:320,(anonymous_37)
FN:345,(anonymous_38)
FN:366,(anonymous_39)
FN:406,(anonymous_40)
FNF:41
FNH:27
FNDA:4,(anonymous_0)
FNDA:4,(anonymous_1)
FNDA:2,(anonymous_2)
FNDA:0,(anonymous_3)
FNDA:0,(anonymous_4)
FNDA:0,(anonymous_5)
FNDA:0,(anonymous_6)
FNDA:1,(anonymous_7)
FNDA:12,(anonymous_8)
FNDA:1,(anonymous_9)
FNDA:1,(anonymous_10)
FNDA:0,(anonymous_11)
FNDA:3,(anonymous_12)
FNDA:3,(anonymous_13)
FNDA:0,(anonymous_14)
FNDA:9,(anonymous_15)
FNDA:1,(anonymous_16)
FNDA:1,(anonymous_17)
FNDA:0,(anonymous_18)
FNDA:1,(anonymous_19)
FNDA:2,(anonymous_20)
FNDA:2,(anonymous_21)
FNDA:0,(anonymous_22)
FNDA:2,(anonymous_23)
FNDA:2,(anonymous_24)
FNDA:0,(anonymous_25)
FNDA:1,(anonymous_26)
FNDA:2,(anonymous_27)
FNDA:0,(anonymous_28)
FNDA:0,(anonymous_29)
FNDA:0,(anonymous_30)
FNDA:0,(anonymous_31)
FNDA:2,(anonymous_32)
FNDA:1,(anonymous_33)
FNDA:0,(anonymous_34)
FNDA:1,(anonymous_35)
FNDA:1,(anonymous_36)
FNDA:6,(anonymous_37)
FNDA:2,(anonymous_38)
FNDA:17,(anonymous_39)
FNDA:1,(anonymous_40)
DA:3,12
DA:4,12
DA:5,12
DA:6,12
DA:7,12
DA:8,12
DA:9,12
DA:10,12
DA:12,12
DA:13,12
DA:14,12
DA:15,12
DA:16,12
DA:21,12
DA:23,4
DA:24,4
DA:25,2
DA:28,2
DA:35,12
DA:36,2
DA:39,12
DA:40,0
DA:43,0
DA:46,0
DA:51,12
DA:52,12
DA:54,12
DA:55,12
DA:57,12
DA:60,12
DA:61,0
DA:63,0
DA:67,12
DA:78,12
DA:79,12
DA:82,12
DA:83,1
DA:87,12
DA:88,12
DA:92,12
DA:93,1
DA:95,1
DA:96,0
DA:100,12
DA:101,3
DA:104,3
DA:105,2
DA:107,0
DA:111,12
DA:123,9
DA:124,9
DA:125,8
DA:129,1
DA:134,1
DA:136,1
DA:144,1
DA:145,1
DA:146,1
DA:148,0
DA:156,12
DA:157,1
DA:159,1
DA:160,0
DA:164,12
DA:165,1
DA:166,1
DA:170,1
DA:171,0
DA:173,0
DA:178,12
DA:179,2
DA:181,2
DA:182,0
DA:186,12
DA:187,2
DA:189,2
DA:190,0
DA:194,12
DA:195,1
DA:197,1
DA:200,1
DA:202,1
DA:203,1
DA:204,2
DA:205,0
DA:208,2
DA:209,2
DA:212,1
DA:214,0
DA:223,0
DA:225,0
DA:227,0
DA:234,0
DA:238,0
DA:241,0
DA:245,0
DA:252,0
DA:256,1
DA:262,0
DA:263,0
DA:270,12
DA:273,2
DA:278,12
DA:279,1
DA:280,1
DA:283,12
DA:284,0
DA:285,0
DA:286,0
DA:290,12
DA:291,1
DA:292,1
DA:293,1
DA:294,2
DA:295,2
DA:297,1
DA:299,0
DA:303,12
DA:304,1
DA:305,1
DA:306,1
DA:307,0
DA:309,0
DA:314,12
DA:321,6
DA:322,6
DA:323,5
DA:327,1
DA:333,1
DA:334,1
DA:335,1
DA:337,0
DA:345,12
DA:346,2
DA:347,2
DA:348,2
DA:350,0
DA:355,12
DA:367,17
DA:368,17
DA:369,16
DA:373,1
DA:378,1
DA:380,1
DA:388,1
DA:389,1
DA:390,1
DA:392,0
DA:400,12
DA:407,1
DA:408,1
DA:409,0
DA:413,1
DA:414,1
DA:415,1
DA:416,1
DA:418,0
LF:157
LH:121
BRDA:24,0,0,2
BRDA:24,0,1,2
BRDA:61,1,0,0
BRDA:61,1,1,0
BRDA:104,2,0,1
BRDA:104,2,1,2
BRDA:124,3,0,8
BRDA:124,3,1,1
BRDA:170,4,0,1
BRDA:170,4,1,0
BRDA:208,5,0,2
BRDA:208,5,1,0
BRDA:208,6,0,2
BRDA:208,6,1,0
BRDA:212,7,0,0
BRDA:212,7,1,1
BRDA:284,8,0,0
BRDA:284,8,1,0
BRDA:306,9,0,1
BRDA:306,9,1,0
BRDA:322,10,0,5
BRDA:322,10,1,1
BRDA:368,11,0,16
BRDA:368,11,1,1
BRDA:408,12,0,0
BRDA:408,12,1,1
BRF:26
BRH:16
end_of_record
TN:
SF:user-dao.js
FN:8,(anonymous_0)
FN:9,(anonymous_1)
FN:11,(anonymous_2)
FN:25,(anonymous_3)
FN:26,(anonymous_4)
FN:29,(anonymous_5)
FN:38,(anonymous_6)
FN:49,(anonymous_7)
FN:50,(anonymous_8)
FN:52,(anonymous_9)
FN:60,(anonymous_10)
FN:68,(anonymous_11)
FN:69,(anonymous_12)
FN:71,(anonymous_13)
FN:80,(anonymous_14)
FN:81,(anonymous_15)
FN:84,(anonymous_16)
FN:94,(anonymous_17)
FN:95,(anonymous_18)
FN:98,(anonymous_19)
FN:108,(anonymous_20)
FN:109,(anonymous_21)
FN:111,(anonymous_22)
FNF:23
FNH:23
FNDA:1,(anonymous_0)
FNDA:1,(anonymous_1)
FNDA:1,(anonymous_2)
FNDA:4,(anonymous_3)
FNDA:4,(anonymous_4)
FNDA:4,(anonymous_5)
FNDA:3,(anonymous_6)
FNDA:2,(anonymous_7)
FNDA:2,(anonymous_8)
FNDA:2,(anonymous_9)
FNDA:6,(anonymous_10)
FNDA:40,(anonymous_11)
FNDA:40,(anonymous_12)
FNDA:39,(anonymous_13)
FNDA:17,(anonymous_14)
FNDA:17,(anonymous_15)
FNDA:17,(anonymous_16)
FNDA:1,(anonymous_17)
FNDA:1,(anonymous_18)
FNDA:1,(anonymous_19)
FNDA:1,(anonymous_20)
FNDA:1,(anonymous_21)
FNDA:1,(anonymous_22)
DA:3,12
DA:5,12
DA:6,12
DA:8,12
DA:9,1
DA:10,1
DA:11,1
DA:12,1
DA:13,0
DA:15,1
DA:16,0
DA:18,1
DA:19,1
DA:25,12
DA:26,4
DA:28,4
DA:29,4
DA:30,4
DA:31,0
DA:32,4
DA:33,1
DA:36,3
DA:38,3
DA:39,3
DA:40,2
DA:42,1
DA:49,12
DA:50,2
DA:51,2
DA:52,2
DA:53,2
DA:54,0
DA:56,2
DA:57,0
DA:60,6
DA:61,2
DA:68,12
DA:69,40
DA:70,40
DA:71,40
DA:72,39
DA:73,0
DA:75,39
DA:80,12
DA:81,17
DA:82,17
DA:83,17
DA:84,17
DA:85,17
DA:86,0
DA:88,17
DA:94,12
DA:95,1
DA:96,1
DA:97,1
DA:98,1
DA:99,1
DA:100,0
DA:102,1
DA:103,1
DA:108,12
DA:109,1
DA:110,1
DA:111,1
DA:112,1
DA:113,0
DA:115,1
DA:116,1
LF:68
LH:59
BRDA:12,0,0,0
BRDA:12,0,1,1
BRDA:15,1,0,0
BRDA:15,1,1,1
BRDA:30,2,0,0
BRDA:30,2,1,4
BRDA:32,3,0,1
BRDA:32,3,1,3
BRDA:39,4,0,2
BRDA:39,4,1,1
BRDA:53,5,0,0
BRDA:53,5,1,2
BRDA:56,6,0,0
BRDA:56,6,1,2
BRDA:72,7,0,0
BRDA:72,7,1,39
BRDA:85,8,0,0
BRDA:85,8,1,17
BRDA:99,9,0,0
BRDA:99,9,1,1
BRDA:102,10,0,0
BRDA:102,10,1,1
BRDA:112,11,0,0
BRDA:112,11,1,1
BRDA:115,12,0,0
BRDA:115,12,1,1
BRF:26
BRH:15
end_of_record
