TN:
SF:src\App.js
FN:24,App
FN:53,(anonymous_1)
FN:54,(anonymous_2)
FN:67,(anonymous_3)
FN:68,fetchdata
FN:89,(anonymous_5)
FN:93,(anonymous_6)
FN:118,(anonymous_7)
FN:122,(anonymous_8)
FN:134,(anonymous_9)
FN:136,(anonymous_10)
FN:137,(anonymous_11)
FN:138,(anonymous_12)
FN:140,(anonymous_13)
FN:142,(anonymous_14)
FN:144,(anonymous_15)
FN:161,(anonymous_16)
FN:175,(anonymous_17)
FN:189,(anonymous_18)
FN:201,(anonymous_19)
FN:204,(anonymous_20)
FN:206,(anonymous_21)
FN:208,(anonymous_22)
FN:210,(anonymous_23)
FNF:24
FNH:12
FNDA:1548,App
FNDA:24,(anonymous_1)
FNDA:24,(anonymous_2)
FNDA:64,(anonymous_3)
FNDA:64,fetchdata
FNDA:0,(anonymous_5)
FNDA:0,(anonymous_6)
FNDA:0,(anonymous_7)
FNDA:68,(anonymous_8)
FNDA:0,(anonymous_9)
FNDA:0,(anonymous_10)
FNDA:0,(anonymous_11)
FNDA:0,(anonymous_12)
FNDA:481,(anonymous_13)
FNDA:0,(anonymous_14)
FNDA:70,(anonymous_15)
FNDA:19,(anonymous_16)
FNDA:0,(anonymous_17)
FNDA:44,(anonymous_18)
FNDA:18,(anonymous_19)
FNDA:108,(anonymous_20)
FNDA:0,(anonymous_21)
FNDA:0,(anonymous_22)
FNDA:0,(anonymous_23)
DA:26,1548
DA:27,1524
DA:29,1524
DA:31,1524
DA:33,1524
DA:34,1524
DA:35,1524
DA:36,1524
DA:38,1524
DA:39,1524
DA:41,1524
DA:42,1524
DA:43,1524
DA:44,1524
DA:46,1524
DA:48,1524
DA:49,1524
DA:50,1524
DA:53,1524
DA:54,24
DA:55,24
DA:56,24
DA:57,0
DA:58,0
DA:60,23
DA:63,24
DA:67,1524
DA:69,64
DA:70,0
DA:71,0
DA:72,0
DA:73,0
DA:74,0
DA:76,0
DA:80,64
DA:83,1524
DA:89,1524
DA:93,1524
DA:98,1524
DA:118,0
DA:123,68
DA:134,0
DA:136,0
DA:137,0
DA:138,0
DA:140,481
DA:142,0
DA:145,70
DA:162,19
DA:176,0
DA:190,44
DA:201,18
DA:204,108
DA:206,0
DA:208,0
DA:210,0
LF:56
LH:38
BRDA:69,0,0,0
BRDA:69,0,1,64
BRDA:72,1,0,0
BRDA:72,1,1,0
BRDA:72,2,0,0
BRDA:72,2,1,0
BRDA:146,3,0,70
BRDA:146,3,1,0
BRDA:208,4,0,0
BRDA:208,4,1,0
BRDA:208,5,0,0
BRDA:208,5,1,0
BRF:12
BRH:2
end_of_record
TN:
SF:src\index.js
FNF:0
FNH:0
DA:6,24
DA:8,24
DA:18,24
LF:3
LH:3
BRF:0
BRH:0
end_of_record
TN:
SF:src\reportWebVitals.js
FN:1,(anonymous_0)
FN:3,(anonymous_1)
FNF:2
FNH:1
FNDA:24,(anonymous_0)
FNDA:0,(anonymous_1)
DA:1,24
DA:2,24
DA:3,0
DA:4,0
DA:5,0
DA:6,0
DA:7,0
DA:8,0
LF:8
LH:2
BRDA:2,0,0,0
BRDA:2,0,1,24
BRDA:2,1,0,24
BRDA:2,1,1,0
BRF:4
BRH:2
end_of_record
TN:
SF:src\API\API.js
FN:20,(anonymous_0)
FN:21,(anonymous_1)
FN:38,(anonymous_2)
FN:52,(anonymous_3)
FN:59,(anonymous_4)
FN:60,(anonymous_5)
FN:66,(anonymous_6)
FN:74,(anonymous_7)
FN:82,(anonymous_8)
FN:83,(anonymous_9)
FN:89,(anonymous_10)
FN:97,(anonymous_11)
FN:104,(anonymous_12)
FN:105,(anonymous_13)
FN:111,(anonymous_14)
FN:119,(anonymous_15)
FN:126,(anonymous_16)
FN:127,(anonymous_17)
FN:143,(anonymous_18)
FN:151,(anonymous_19)
FN:158,(anonymous_20)
FN:159,(anonymous_21)
FN:165,(anonymous_22)
FN:173,(anonymous_23)
FN:179,(anonymous_24)
FN:180,(anonymous_25)
FN:186,(anonymous_26)
FN:194,(anonymous_27)
FN:204,handOutProduct
FN:218,(anonymous_29)
FN:219,(anonymous_30)
FN:225,(anonymous_31)
FN:233,(anonymous_32)
FN:240,topUpWallet
FN:254,(anonymous_34)
FN:255,(anonymous_35)
FN:267,(anonymous_36)
FN:275,(anonymous_37)
FN:281,(anonymous_38)
FN:282,(anonymous_39)
FN:298,(anonymous_40)
FN:306,(anonymous_41)
FN:312,(anonymous_42)
FN:313,(anonymous_43)
FN:324,(anonymous_44)
FN:332,(anonymous_45)
FN:339,(anonymous_46)
FN:340,(anonymous_47)
FN:346,(anonymous_48)
FN:354,(anonymous_49)
FN:361,insertProduct
FN:362,(anonymous_51)
FN:377,(anonymous_52)
FN:384,(anonymous_53)
FN:394,login
FN:409,logout
FN:418,getUserInfo
FNF:57
FNH:15
FNDA:0,(anonymous_0)
FNDA:0,(anonymous_1)
FNDA:0,(anonymous_2)
FNDA:0,(anonymous_3)
FNDA:0,(anonymous_4)
FNDA:0,(anonymous_5)
FNDA:0,(anonymous_6)
FNDA:0,(anonymous_7)
FNDA:59,(anonymous_8)
FNDA:59,(anonymous_9)
FNDA:58,(anonymous_10)
FNDA:0,(anonymous_11)
FNDA:0,(anonymous_12)
FNDA:0,(anonymous_13)
FNDA:0,(anonymous_14)
FNDA:0,(anonymous_15)
FNDA:0,(anonymous_16)
FNDA:0,(anonymous_17)
FNDA:0,(anonymous_18)
FNDA:0,(anonymous_19)
FNDA:189,(anonymous_20)
FNDA:189,(anonymous_21)
FNDA:189,(anonymous_22)
FNDA:0,(anonymous_23)
FNDA:164,(anonymous_24)
FNDA:164,(anonymous_25)
FNDA:163,(anonymous_26)
FNDA:0,(anonymous_27)
FNDA:0,handOutProduct
FNDA:7,(anonymous_29)
FNDA:7,(anonymous_30)
FNDA:7,(anonymous_31)
FNDA:0,(anonymous_32)
FNDA:11,topUpWallet
FNDA:0,(anonymous_34)
FNDA:0,(anonymous_35)
FNDA:0,(anonymous_36)
FNDA:0,(anonymous_37)
FNDA:0,(anonymous_38)
FNDA:0,(anonymous_39)
FNDA:0,(anonymous_40)
FNDA:0,(anonymous_41)
FNDA:0,(anonymous_42)
FNDA:0,(anonymous_43)
FNDA:0,(anonymous_44)
FNDA:0,(anonymous_45)
FNDA:0,(anonymous_46)
FNDA:0,(anonymous_47)
FNDA:0,(anonymous_48)
FNDA:0,(anonymous_49)
FNDA:0,insertProduct
FNDA:0,(anonymous_51)
FNDA:0,(anonymous_52)
FNDA:0,(anonymous_53)
FNDA:41,login
FNDA:0,logout
FNDA:24,getUserInfo
DA:20,24
DA:21,0
DA:22,0
DA:39,0
DA:40,0
DA:41,0
DA:43,0
DA:45,0
DA:46,0
DA:47,0
DA:49,0
DA:53,0
DA:59,24
DA:60,0
DA:61,0
DA:67,0
DA:68,0
DA:69,0
DA:70,0
DA:72,0
DA:75,0
DA:82,24
DA:83,59
DA:84,59
DA:90,58
DA:91,0
DA:92,0
DA:93,0
DA:95,58
DA:98,0
DA:104,24
DA:105,0
DA:106,0
DA:112,0
DA:113,0
DA:114,0
DA:115,0
DA:117,0
DA:120,0
DA:126,24
DA:127,0
DA:128,0
DA:144,0
DA:145,0
DA:146,0
DA:147,0
DA:149,0
DA:152,0
DA:158,24
DA:159,189
DA:160,189
DA:166,189
DA:167,0
DA:168,0
DA:169,0
DA:171,189
DA:174,0
DA:179,24
DA:180,164
DA:181,164
DA:187,163
DA:188,0
DA:189,0
DA:190,0
DA:192,163
DA:195,0
DA:205,0
DA:212,0
DA:213,0
DA:214,0
DA:218,24
DA:219,7
DA:220,7
DA:226,7
DA:227,0
DA:228,0
DA:229,0
DA:231,7
DA:234,0
DA:241,11
DA:248,11
DA:249,11
DA:250,0
DA:254,24
DA:255,0
DA:256,0
DA:268,0
DA:269,0
DA:270,0
DA:271,0
DA:273,0
DA:276,0
DA:281,24
DA:282,0
DA:283,0
DA:299,0
DA:300,0
DA:301,0
DA:302,0
DA:304,0
DA:307,0
DA:312,24
DA:313,0
DA:314,0
DA:325,0
DA:326,0
DA:327,0
DA:328,0
DA:330,0
DA:333,0
DA:339,24
DA:340,0
DA:341,0
DA:347,0
DA:348,0
DA:349,0
DA:350,0
DA:352,0
DA:355,0
DA:362,0
DA:363,0
DA:378,0
DA:379,0
DA:380,0
DA:381,0
DA:383,0
DA:385,0
DA:395,41
DA:402,41
DA:403,20
DA:405,21
DA:410,0
DA:413,0
DA:414,0
DA:415,0
DA:419,24
DA:420,24
DA:421,23
DA:422,0
DA:424,23
LF:140
LH:39
BRDA:39,0,0,0
BRDA:39,0,1,0
BRDA:41,1,0,0
BRDA:41,1,1,0
BRDA:45,2,0,0
BRDA:45,2,1,0
BRDA:67,3,0,0
BRDA:67,3,1,0
BRDA:90,4,0,0
BRDA:90,4,1,58
BRDA:112,5,0,0
BRDA:112,5,1,0
BRDA:144,6,0,0
BRDA:144,6,1,0
BRDA:166,7,0,0
BRDA:166,7,1,189
BRDA:187,8,0,0
BRDA:187,8,1,163
BRDA:212,9,0,0
BRDA:212,9,1,0
BRDA:226,10,0,0
BRDA:226,10,1,7
BRDA:248,11,0,11
BRDA:248,11,1,0
BRDA:268,12,0,0
BRDA:268,12,1,0
BRDA:299,13,0,0
BRDA:299,13,1,0
BRDA:325,14,0,0
BRDA:325,14,1,0
BRDA:347,15,0,0
BRDA:347,15,1,0
BRDA:378,16,0,0
BRDA:378,16,1,0
BRDA:402,17,0,20
BRDA:402,17,1,21
BRDA:413,18,0,0
BRDA:413,18,1,0
BRDA:421,19,0,0
BRDA:421,19,1,23
BRF:40
BRH:8
end_of_record
TN:
SF:src\Components\ClientHome.js
FN:4,ClientHome
FNF:1
FNH:0
FNDA:0,ClientHome
DA:5,0
LF:1
LH:0
BRF:0
BRH:0
end_of_record
TN:
SF:src\Components\Clock.js
FN:4,(anonymous_0)
FN:14,(anonymous_1)
FN:16,(anonymous_2)
FN:19,(anonymous_3)
FN:23,(anonymous_4)
FN:29,(anonymous_5)
FN:39,(anonymous_6)
FN:59,(anonymous_7)
FN:101,(anonymous_8)
FN:122,(anonymous_9)
FN:140,(anonymous_10)
FN:154,(anonymous_11)
FNF:12
FNH:0
FNDA:0,(anonymous_0)
FNDA:0,(anonymous_1)
FNDA:0,(anonymous_2)
FNDA:0,(anonymous_3)
FNDA:0,(anonymous_4)
FNDA:0,(anonymous_5)
FNDA:0,(anonymous_6)
FNDA:0,(anonymous_7)
FNDA:0,(anonymous_8)
FNDA:0,(anonymous_9)
FNDA:0,(anonymous_10)
FNDA:0,(anonymous_11)
DA:5,0
DA:6,0
DA:7,0
DA:8,0
DA:9,0
DA:10,0
DA:15,0
DA:16,0
DA:20,0
DA:24,0
DA:25,0
DA:26,0
DA:30,0
DA:31,0
DA:32,0
DA:33,0
DA:34,0
DA:35,0
DA:36,0
DA:40,0
DA:41,0
DA:42,0
DA:43,0
DA:45,0
DA:46,0
DA:47,0
DA:48,0
DA:49,0
DA:50,0
DA:51,0
DA:53,0
DA:54,0
DA:55,0
DA:56,0
DA:60,0
DA:61,0
DA:62,0
DA:65,0
DA:66,0
DA:67,0
DA:68,0
DA:69,0
DA:70,0
DA:71,0
DA:72,0
DA:73,0
DA:74,0
DA:75,0
DA:76,0
DA:77,0
DA:80,0
DA:81,0
DA:82,0
DA:83,0
DA:84,0
DA:85,0
DA:86,0
DA:87,0
DA:88,0
DA:89,0
DA:94,0
DA:95,0
DA:96,0
DA:97,0
DA:98,0
DA:104,0
DA:106,0
DA:107,0
DA:108,0
DA:110,0
DA:111,0
DA:112,0
DA:113,0
DA:114,0
DA:116,0
DA:118,0
DA:123,0
DA:124,0
DA:125,0
DA:126,0
DA:129,0
DA:130,0
DA:131,0
DA:133,0
DA:134,0
DA:136,0
DA:137,0
DA:141,0
DA:142,0
DA:143,0
DA:144,0
DA:145,0
DA:146,0
DA:147,0
DA:148,0
DA:149,0
DA:150,0
DA:151,0
DA:155,0
DA:165,24
LF:100
LH:1
BRDA:10,0,0,0
BRDA:10,0,1,0
BRDA:74,1,0,0
BRDA:74,1,1,0
BRDA:80,2,0,0
BRDA:80,2,1,0
BRDA:113,3,0,0
BRDA:113,3,1,0
BRDA:141,4,0,0
BRDA:141,4,1,0
BRF:10
BRH:0
end_of_record
TN:
SF:src\Components\ContactClient.js
FN:4,ContactClient
FNF:1
FNH:0
FNDA:0,ContactClient
DA:5,0
LF:1
LH:0
BRF:0
BRH:0
end_of_record
TN:
SF:src\Components\Handout.js
FN:9,Handout
FN:16,(anonymous_1)
FN:20,(anonymous_2)
FN:24,(anonymous_3)
FN:29,(anonymous_4)
FN:37,handlechange
FN:40,(anonymous_6)
FN:43,(anonymous_7)
FN:71,(anonymous_8)
FN:84,(anonymous_9)
FNF:10
FNH:7
FNDA:193,Handout
FNDA:44,(anonymous_1)
FNDA:0,(anonymous_2)
FNDA:0,(anonymous_3)
FNDA:352,(anonymous_4)
FNDA:7,handlechange
FNDA:7,(anonymous_6)
FNDA:0,(anonymous_7)
FNDA:7,(anonymous_8)
FNDA:108,(anonymous_9)
DA:10,193
DA:11,190
DA:12,190
DA:16,190
DA:17,44
DA:18,44
DA:19,0
DA:21,0
DA:22,0
DA:25,0
DA:28,44
DA:29,44
DA:30,352
DA:38,7
DA:39,7
DA:41,7
DA:44,0
DA:50,190
DA:51,190
DA:52,190
DA:54,0
DA:55,0
DA:57,190
DA:71,7
DA:85,108
LF:25
LH:18
BRDA:18,0,0,0
BRDA:18,0,1,44
BRDA:28,1,0,44
BRDA:28,1,1,0
BRDA:50,2,0,190
BRDA:50,2,1,0
BRDA:60,3,0,66
BRDA:60,3,1,124
BRDA:60,4,0,190
BRDA:60,4,1,190
BRDA:75,5,0,66
BRDA:75,5,1,42
BRDA:75,5,2,42
BRDA:80,6,0,30
BRDA:80,6,1,12
BRDA:95,7,0,66
BRDA:95,7,1,0
BRF:17
BRH:13
end_of_record
TN:
SF:src\Components\Home.js
FN:4,Home
FNF:1
FNH:0
FNDA:0,Home
DA:5,0
LF:1
LH:0
BRF:0
BRH:0
end_of_record
TN:
SF:src\Components\HomeButton.js
FN:7,HomeButton
FN:10,(anonymous_1)
FN:25,(anonymous_2)
FNF:3
FNH:3
FNDA:1212,HomeButton
FNDA:95,(anonymous_1)
FNDA:95,(anonymous_2)
DA:8,1212
DA:10,1212
DA:11,95
DA:12,95
DA:13,0
DA:14,0
DA:15,0
DA:16,0
DA:21,1212
DA:25,95
LF:10
LH:6
BRDA:11,0,0,95
BRDA:11,0,1,0
BRDA:13,1,0,0
BRDA:13,1,1,0
BRDA:15,2,0,0
BRDA:15,2,1,0
BRF:6
BRH:1
end_of_record
TN:
SF:src\Components\Icons.js
FNF:0
FNH:0
DA:2,24
DA:38,24
DA:56,24
DA:62,24
DA:68,24
DA:76,24
DA:83,24
DA:90,24
DA:95,24
DA:99,24
DA:103,24
DA:107,24
DA:110,24
DA:114,24
DA:118,24
DA:123,24
DA:127,24
DA:131,24
DA:135,24
DA:139,24
DA:143,24
DA:148,24
DA:155,24
DA:211,24
DA:216,24
DA:221,24
LF:26
LH:26
BRF:0
BRH:0
end_of_record
TN:
SF:src\Components\LoginForm.js
FN:8,isAlphaNumeric
FN:26,LoginForm
FN:36,(anonymous_2)
FN:38,(anonymous_3)
FN:54,(anonymous_4)
FN:60,(anonymous_5)
FN:97,(anonymous_6)
FN:104,(anonymous_7)
FN:106,(anonymous_8)
FNF:9
FNH:8
FNDA:41,isAlphaNumeric
FNDA:1892,LoginForm
FNDA:41,(anonymous_2)
FNDA:20,(anonymous_3)
FNDA:21,(anonymous_4)
FNDA:86,(anonymous_5)
FNDA:264,(anonymous_6)
FNDA:434,(anonymous_7)
FNDA:0,(anonymous_8)
DA:9,41
DA:11,41
DA:12,327
DA:13,327
DA:14,81
DA:16,327
DA:17,246
DA:20,41
DA:21,0
DA:23,41
DA:27,1892
DA:29,1868
DA:30,1868
DA:31,1868
DA:32,1868
DA:34,1868
DA:36,1868
DA:37,41
DA:39,20
DA:40,20
DA:41,20
DA:42,20
DA:43,20
DA:44,0
DA:46,20
DA:48,0
DA:49,0
DA:50,0
DA:51,0
DA:55,21
DA:56,21
DA:60,1868
DA:61,86
DA:62,23
DA:63,23
DA:64,23
DA:67,86
DA:68,63
DA:69,63
DA:70,63
DA:72,63
DA:76,63
DA:77,22
DA:78,22
DA:80,41
DA:82,63
DA:83,41
DA:88,1868
DA:97,264
DA:104,434
DA:106,0
LF:51
LH:44
BRDA:13,0,0,81
BRDA:13,0,1,246
BRDA:13,1,0,327
BRDA:13,1,1,327
BRDA:16,2,0,246
BRDA:16,2,1,81
BRDA:16,3,0,327
BRDA:16,3,1,246
BRDA:16,3,2,327
BRDA:16,3,3,246
BRDA:20,4,0,0
BRDA:20,4,1,41
BRDA:20,5,0,41
BRDA:20,5,1,41
BRDA:42,6,0,20
BRDA:42,6,1,0
BRDA:43,7,0,0
BRDA:43,7,1,20
BRDA:48,8,0,0
BRDA:48,8,1,0
BRDA:50,9,0,0
BRDA:50,9,1,0
BRDA:61,10,0,23
BRDA:61,10,1,63
BRDA:67,11,0,63
BRDA:67,11,1,23
BRDA:76,12,0,22
BRDA:76,12,1,41
BRDA:76,13,0,63
BRDA:76,13,1,63
BRDA:76,13,2,63
BRDA:76,13,3,41
BRDA:82,14,0,41
BRDA:82,14,1,22
BRDA:106,15,0,86
BRDA:106,15,1,1782
BRF:36
BRH:29
end_of_record
TN:
SF:src\Components\ManageOrders.js
FN:8,ManageOrders
FN:11,(anonymous_1)
FN:14,(anonymous_2)
FN:23,(anonymous_3)
FN:27,(anonymous_4)
FN:31,(anonymous_5)
FN:47,(anonymous_6)
FN:64,FailedOrder
FN:65,(anonymous_8)
FN:69,(anonymous_9)
FN:72,(anonymous_10)
FN:73,(anonymous_11)
FN:80,totalprice
FN:83,(anonymous_13)
FN:108,(anonymous_14)
FNF:15
FNH:0
FNDA:0,ManageOrders
FNDA:0,(anonymous_1)
FNDA:0,(anonymous_2)
FNDA:0,(anonymous_3)
FNDA:0,(anonymous_4)
FNDA:0,(anonymous_5)
FNDA:0,(anonymous_6)
FNDA:0,FailedOrder
FNDA:0,(anonymous_8)
FNDA:0,(anonymous_9)
FNDA:0,(anonymous_10)
FNDA:0,(anonymous_11)
FNDA:0,totalprice
FNDA:0,(anonymous_13)
FNDA:0,(anonymous_14)
DA:9,0
DA:10,0
DA:11,0
DA:12,0
DA:13,0
DA:15,0
DA:16,0
DA:23,0
DA:24,0
DA:25,0
DA:26,0
DA:28,0
DA:29,0
DA:32,0
DA:37,0
DA:48,0
DA:65,0
DA:66,0
DA:67,0
DA:69,0
DA:70,0
DA:71,0
DA:73,0
DA:74,0
DA:81,0
DA:82,0
DA:84,0
DA:89,0
DA:109,0
LF:29
LH:0
BRDA:12,0,0,0
BRDA:12,0,1,0
BRDA:12,1,0,0
BRDA:12,1,1,0
BRDA:25,2,0,0
BRDA:25,2,1,0
BRDA:70,3,0,0
BRDA:70,3,1,0
BRDA:70,4,0,0
BRDA:70,4,1,0
BRDA:81,5,0,0
BRDA:81,5,1,0
BRDA:81,6,0,0
BRDA:81,6,1,0
BRDA:81,6,2,0
BRDA:92,7,0,0
BRDA:92,7,1,0
BRDA:108,8,0,0
BRDA:108,8,1,0
BRDA:108,8,2,0
BRF:20
BRH:0
end_of_record
TN:
SF:src\Components\ModalClaimDate.js
FN:17,ModalClaimDate
FN:22,(anonymous_1)
FN:36,(anonymous_2)
FN:41,(anonymous_3)
FN:87,(anonymous_4)
FN:87,(anonymous_5)
FN:95,(anonymous_6)
FN:95,(anonymous_7)
FN:112,(anonymous_8)
FN:113,(anonymous_9)
FN:114,(anonymous_10)
FN:122,(anonymous_11)
FN:123,(anonymous_12)
FN:138,(anonymous_13)
FN:138,(anonymous_14)
FN:151,(anonymous_15)
FNF:16
FNH:0
FNDA:0,ModalClaimDate
FNDA:0,(anonymous_1)
FNDA:0,(anonymous_2)
FNDA:0,(anonymous_3)
FNDA:0,(anonymous_4)
FNDA:0,(anonymous_5)
FNDA:0,(anonymous_6)
FNDA:0,(anonymous_7)
FNDA:0,(anonymous_8)
FNDA:0,(anonymous_9)
FNDA:0,(anonymous_10)
FNDA:0,(anonymous_11)
FNDA:0,(anonymous_12)
FNDA:0,(anonymous_13)
FNDA:0,(anonymous_14)
FNDA:0,(anonymous_15)
DA:18,0
DA:19,0
DA:20,0
DA:22,0
DA:23,0
DA:31,0
DA:32,0
DA:36,0
DA:37,0
DA:38,0
DA:41,0
DA:42,0
DA:43,0
DA:44,0
DA:46,0
DA:47,0
DA:49,0
DA:55,0
DA:87,0
DA:95,0
DA:113,0
DA:114,0
DA:123,0
DA:138,0
DA:151,0
LF:25
LH:0
BRDA:23,0,0,0
BRDA:23,0,1,0
BRDA:25,1,0,0
BRDA:25,1,1,0
BRDA:25,1,2,0
BRDA:25,1,3,0
BRDA:38,2,0,0
BRDA:38,2,1,0
BRDA:38,2,2,0
BRDA:38,2,3,0
BRDA:50,3,0,0
BRDA:50,3,1,0
BRDA:104,4,0,0
BRDA:104,4,1,0
BRDA:129,5,0,0
BRDA:129,5,1,0
BRDA:129,5,2,0
BRDA:145,6,0,0
BRDA:145,6,1,0
BRDA:173,7,0,0
BRDA:173,7,1,0
BRDA:173,7,2,0
BRDA:173,7,3,0
BRF:23
BRH:0
end_of_record
TN:
SF:src\Components\ModalEnd.js
FN:7,ModalEnd
FN:18,(anonymous_1)
FN:24,(anonymous_2)
FNF:3
FNH:0
FNDA:0,ModalEnd
FNDA:0,(anonymous_1)
FNDA:0,(anonymous_2)
DA:8,0
DA:18,0
DA:25,0
DA:26,0
DA:27,0
LF:5
LH:0
BRF:0
BRH:0
end_of_record
TN:
SF:src\Components\MyModal.js
FN:5,MyModal
FNF:1
FNH:1
FNDA:1172,MyModal
DA:7,1172
LF:1
LH:1
BRF:0
BRH:0
end_of_record
TN:
SF:src\Components\MyNav.js
FN:14,MyNav
FN:19,(anonymous_1)
FN:29,(anonymous_2)
FN:34,(anonymous_3)
FN:41,(anonymous_4)
FN:48,(anonymous_5)
FN:56,(anonymous_6)
FN:59,(anonymous_7)
FN:60,(anonymous_8)
FN:95,(anonymous_9)
FN:106,(anonymous_10)
FN:119,(anonymous_11)
FN:126,(anonymous_12)
FN:142,(anonymous_13)
FN:170,BasketOffCanvas
FN:177,(anonymous_15)
FN:180,(anonymous_16)
FN:190,(anonymous_17)
FN:201,(anonymous_18)
FN:207,handleClick
FN:211,(anonymous_20)
FN:218,getTotal
FN:221,(anonymous_22)
FN:229,checkAndOrder
FN:238,(anonymous_24)
FN:240,(anonymous_25)
FN:246,(anonymous_26)
FN:247,(anonymous_27)
FN:287,(anonymous_28)
FN:295,(anonymous_29)
FN:319,(anonymous_30)
FNF:31
FNH:8
FNDA:1264,MyNav
FNDA:13,(anonymous_1)
FNDA:0,(anonymous_2)
FNDA:0,(anonymous_3)
FNDA:0,(anonymous_4)
FNDA:13,(anonymous_5)
FNDA:0,(anonymous_6)
FNDA:57,(anonymous_7)
FNDA:33,(anonymous_8)
FNDA:0,(anonymous_9)
FNDA:0,(anonymous_10)
FNDA:0,(anonymous_11)
FNDA:0,(anonymous_12)
FNDA:0,(anonymous_13)
FNDA:1290,BasketOffCanvas
FNDA:0,(anonymous_15)
FNDA:0,(anonymous_16)
FNDA:48,(anonymous_17)
FNDA:37,(anonymous_18)
FNDA:0,handleClick
FNDA:0,(anonymous_20)
FNDA:0,getTotal
FNDA:0,(anonymous_22)
FNDA:0,checkAndOrder
FNDA:0,(anonymous_24)
FNDA:0,(anonymous_25)
FNDA:0,(anonymous_26)
FNDA:0,(anonymous_27)
FNDA:0,(anonymous_28)
FNDA:0,(anonymous_29)
FNDA:0,(anonymous_30)
DA:16,1264
DA:17,1264
DA:18,1264
DA:19,1264
DA:20,1264
DA:21,1264
DA:22,1264
DA:23,1264
DA:24,1264
DA:29,1264
DA:30,0
DA:31,0
DA:34,1264
DA:35,0
DA:36,0
DA:37,0
DA:41,1264
DA:42,0
DA:43,0
DA:44,0
DA:45,0
DA:48,1264
DA:49,13
DA:50,13
DA:51,13
DA:52,13
DA:56,1264
DA:59,1264
DA:60,57
DA:61,33
DA:65,1264
DA:95,0
DA:106,0
DA:119,0
DA:126,0
DA:142,0
DA:171,1290
DA:172,1290
DA:173,1290
DA:174,1290
DA:177,1290
DA:180,1290
DA:181,0
DA:183,0
DA:184,0
DA:185,0
DA:190,1290
DA:191,48
DA:192,24
DA:193,0
DA:195,24
DA:201,1290
DA:202,37
DA:203,37
DA:208,0
DA:209,0
DA:210,0
DA:211,0
DA:212,0
DA:213,0
DA:214,0
DA:219,0
DA:220,0
DA:221,0
DA:222,0
DA:224,0
DA:226,0
DA:230,0
DA:239,0
DA:240,0
DA:242,0
DA:243,0
DA:244,0
DA:246,0
DA:248,0
DA:253,1290
DA:288,0
DA:295,0
DA:319,0
LF:79
LH:36
BRDA:78,0,0,26
BRDA:78,0,1,1238
BRDA:137,1,0,1168
BRDA:137,1,1,96
BRDA:140,2,0,0
BRDA:140,2,1,1168
BRDA:142,3,0,1168
BRDA:142,3,1,0
BRDA:159,4,0,1264
BRDA:159,4,1,0
BRDA:191,5,0,24
BRDA:191,5,1,24
BRDA:192,6,0,0
BRDA:192,6,1,24
BRDA:208,7,0,0
BRDA:208,7,1,0
BRDA:219,8,0,0
BRDA:219,8,1,0
BRDA:239,9,0,0
BRDA:239,9,1,0
BRDA:239,10,0,0
BRDA:239,10,1,0
BRDA:242,11,0,0
BRDA:242,11,1,0
BRDA:242,12,0,0
BRDA:242,12,1,0
BRDA:255,13,0,1290
BRDA:255,13,1,0
BRDA:263,14,0,1290
BRDA:263,14,1,0
BRDA:278,15,0,0
BRDA:278,15,1,1290
BRDA:278,16,0,1290
BRDA:278,16,1,1290
BRDA:290,17,0,0
BRDA:290,17,1,0
BRDA:312,18,0,1290
BRDA:312,18,1,1290
BRDA:312,18,2,0
BRDA:318,19,0,1290
BRDA:318,19,1,1290
BRF:41
BRH:19
end_of_record
TN:
SF:src\Components\MyNotifications.js
FN:5,MyNotifications
FN:7,(anonymous_1)
FN:10,(anonymous_2)
FNF:3
FNH:0
FNDA:0,MyNotifications
FNDA:0,(anonymous_1)
FNDA:0,(anonymous_2)
DA:6,0
DA:7,0
DA:8,0
DA:10,0
DA:11,0
DA:12,0
DA:15,0
LF:7
LH:0
BRDA:11,0,0,0
BRDA:11,0,1,0
BRF:2
BRH:0
end_of_record
TN:
SF:src\Components\OrderToggle.js
FN:6,OrderToggle
FN:12,totalprice
FN:15,(anonymous_2)
FN:22,handleConfirm
FN:50,(anonymous_4)
FNF:5
FNH:4
FNDA:111,OrderToggle
FNDA:108,totalprice
FNDA:168,(anonymous_2)
FNDA:0,handleConfirm
FNDA:168,(anonymous_4)
DA:8,111
DA:9,108
DA:13,108
DA:14,108
DA:16,168
DA:23,0
DA:24,0
DA:25,0
DA:26,0
DA:28,0
DA:32,108
DA:51,168
LF:12
LH:7
BRDA:13,0,0,108
BRDA:13,0,1,0
BRDA:13,1,0,108
BRDA:13,1,1,108
BRDA:25,2,0,0
BRDA:25,2,1,0
BRDA:38,3,0,36
BRDA:38,3,1,72
BRDA:38,4,0,108
BRDA:38,4,1,72
BRDA:50,5,0,108
BRDA:50,5,1,108
BRDA:61,6,0,0
BRDA:61,6,1,108
BRDA:62,7,0,108
BRDA:62,7,1,0
BRDA:63,8,0,36
BRDA:63,8,1,72
BRDA:63,9,0,108
BRDA:63,9,1,72
BRF:20
BRH:15
end_of_record
TN:
SF:src\Components\ProductForm.js
FN:6,ProductForm
FN:24,(anonymous_1)
FN:34,(anonymous_2)
FN:37,(anonymous_3)
FN:41,(anonymous_4)
FN:48,(anonymous_5)
FN:50,(anonymous_6)
FN:54,(anonymous_7)
FN:63,(anonymous_8)
FN:101,(anonymous_9)
FN:103,(anonymous_10)
FN:107,(anonymous_11)
FN:117,(anonymous_12)
FN:138,(anonymous_13)
FN:148,(anonymous_14)
FNF:15
FNH:0
FNDA:0,ProductForm
FNDA:0,(anonymous_1)
FNDA:0,(anonymous_2)
FNDA:0,(anonymous_3)
FNDA:0,(anonymous_4)
FNDA:0,(anonymous_5)
FNDA:0,(anonymous_6)
FNDA:0,(anonymous_7)
FNDA:0,(anonymous_8)
FNDA:0,(anonymous_9)
FNDA:0,(anonymous_10)
FNDA:0,(anonymous_11)
FNDA:0,(anonymous_12)
FNDA:0,(anonymous_13)
FNDA:0,(anonymous_14)
DA:7,0
DA:8,0
DA:9,0
DA:10,0
DA:11,0
DA:12,0
DA:13,0
DA:14,0
DA:15,0
DA:16,0
DA:17,0
DA:18,0
DA:19,0
DA:21,0
DA:24,0
DA:25,0
DA:26,0
DA:27,0
DA:28,0
DA:33,0
DA:34,0
DA:35,0
DA:36,0
DA:41,0
DA:42,0
DA:47,0
DA:48,0
DA:49,0
DA:54,0
DA:56,0
DA:57,0
DA:59,0
DA:60,0
DA:63,0
DA:64,0
DA:65,0
DA:66,0
DA:67,0
DA:68,0
DA:69,0
DA:70,0
DA:71,0
DA:72,0
DA:73,0
DA:74,0
DA:80,0
DA:81,0
DA:83,0
DA:86,0
DA:88,0
DA:93,0
DA:101,0
DA:103,0
DA:107,0
DA:117,0
DA:139,0
DA:148,0
LF:57
LH:0
BRDA:9,0,0,0
BRDA:9,0,1,0
BRDA:10,1,0,0
BRDA:10,1,1,0
BRDA:11,2,0,0
BRDA:11,2,1,0
BRDA:13,3,0,0
BRDA:13,3,1,0
BRDA:14,4,0,0
BRDA:14,4,1,0
BRDA:15,5,0,0
BRDA:15,5,1,0
BRDA:16,6,0,0
BRDA:16,6,1,0
BRDA:56,7,0,0
BRDA:56,7,1,0
BRDA:67,8,0,0
BRDA:67,8,1,0
BRDA:67,9,0,0
BRDA:67,9,1,0
BRDA:71,10,0,0
BRDA:71,10,1,0
BRDA:80,11,0,0
BRDA:80,11,1,0
BRDA:81,12,0,0
BRDA:81,12,1,0
BRDA:86,13,0,0
BRDA:86,13,1,0
BRDA:93,14,0,0
BRDA:93,14,1,0
BRDA:98,15,0,0
BRDA:98,15,1,0
BRDA:137,16,0,0
BRDA:137,16,1,0
BRDA:139,17,0,0
BRDA:139,17,1,0
BRDA:147,18,0,0
BRDA:147,18,1,0
BRDA:148,19,0,0
BRDA:148,19,1,0
BRDA:166,20,0,0
BRDA:166,20,1,0
BRDA:167,21,0,0
BRDA:167,21,1,0
BRF:44
BRH:0
end_of_record
TN:
SF:src\Components\ProductRequest.js
FN:12,ProductLine
FN:19,(anonymous_1)
FN:24,(anonymous_2)
FN:31,(anonymous_3)
FN:38,(anonymous_4)
FN:73,ProductRequest
FN:94,(anonymous_6)
FN:95,(anonymous_7)
FN:98,(anonymous_8)
FN:101,(anonymous_9)
FN:109,(anonymous_10)
FN:116,(anonymous_11)
FN:125,(anonymous_12)
FN:143,(anonymous_13)
FN:150,(anonymous_14)
FN:158,(anonymous_15)
FN:166,(anonymous_16)
FN:195,(anonymous_17)
FN:200,(anonymous_18)
FN:210,(anonymous_19)
FN:212,(anonymous_20)
FN:232,(anonymous_21)
FN:247,(anonymous_22)
FN:248,(anonymous_23)
FN:249,(anonymous_24)
FN:253,(anonymous_25)
FN:262,(anonymous_26)
FN:262,(anonymous_27)
FNF:28
FNH:4
FNDA:0,ProductLine
FNDA:0,(anonymous_1)
FNDA:0,(anonymous_2)
FNDA:0,(anonymous_3)
FNDA:0,(anonymous_4)
FNDA:76,ProductRequest
FNDA:0,(anonymous_6)
FNDA:0,(anonymous_7)
FNDA:38,(anonymous_8)
FNDA:38,(anonymous_9)
FNDA:19,(anonymous_10)
FNDA:0,(anonymous_11)
FNDA:0,(anonymous_12)
FNDA:0,(anonymous_13)
FNDA:0,(anonymous_14)
FNDA:0,(anonymous_15)
FNDA:0,(anonymous_16)
FNDA:0,(anonymous_17)
FNDA:0,(anonymous_18)
FNDA:0,(anonymous_19)
FNDA:0,(anonymous_20)
FNDA:0,(anonymous_21)
FNDA:0,(anonymous_22)
FNDA:0,(anonymous_23)
FNDA:0,(anonymous_24)
FNDA:0,(anonymous_25)
FNDA:0,(anonymous_26)
FNDA:0,(anonymous_27)
DA:13,0
DA:15,0
DA:17,0
DA:19,0
DA:20,0
DA:21,0
DA:24,0
DA:25,0
DA:26,0
DA:27,0
DA:31,0
DA:32,0
DA:33,0
DA:34,0
DA:35,0
DA:36,0
DA:38,0
DA:39,0
DA:40,0
DA:42,0
DA:43,0
DA:44,0
DA:45,0
DA:51,0
DA:74,76
DA:75,76
DA:76,76
DA:77,76
DA:78,76
DA:79,76
DA:80,76
DA:81,76
DA:83,76
DA:89,76
DA:91,76
DA:94,76
DA:95,76
DA:98,76
DA:99,38
DA:100,38
DA:102,38
DA:103,38
DA:106,38
DA:107,19
DA:108,19
DA:110,19
DA:112,19
DA:116,76
DA:117,0
DA:119,0
DA:120,0
DA:122,0
DA:125,76
DA:126,0
DA:127,0
DA:133,0
DA:134,0
DA:136,0
DA:145,0
DA:146,0
DA:147,0
DA:150,0
DA:152,0
DA:153,0
DA:159,0
DA:160,0
DA:167,0
DA:169,0
DA:175,76
DA:176,76
DA:177,76
DA:179,0
DA:180,0
DA:183,76
DA:196,0
DA:200,0
DA:210,0
DA:213,0
DA:232,0
DA:247,0
DA:248,0
DA:249,0
DA:253,0
DA:262,0
LF:84
LH:29
BRDA:17,0,0,0
BRDA:17,0,1,0
BRDA:17,0,2,0
BRDA:25,1,0,0
BRDA:25,1,1,0
BRDA:33,2,0,0
BRDA:33,2,1,0
BRDA:39,3,0,0
BRDA:39,3,1,0
BRDA:52,4,0,0
BRDA:52,4,1,0
BRDA:62,5,0,0
BRDA:62,5,1,0
BRDA:63,6,0,0
BRDA:63,6,1,0
BRDA:65,7,0,0
BRDA:65,7,1,0
BRDA:99,8,0,38
BRDA:99,8,1,0
BRDA:106,9,0,19
BRDA:106,9,1,19
BRDA:106,10,0,38
BRDA:106,10,1,38
BRDA:126,11,0,0
BRDA:126,11,1,0
BRDA:146,12,0,0
BRDA:146,12,1,0
BRDA:146,13,0,0
BRDA:146,13,1,0
BRDA:152,14,0,0
BRDA:152,14,1,0
BRDA:152,15,0,0
BRDA:152,15,1,0
BRDA:175,16,0,76
BRDA:175,16,1,0
BRDA:184,17,0,76
BRDA:184,17,1,0
BRDA:184,18,0,76
BRDA:184,18,1,76
BRDA:207,19,0,76
BRDA:207,19,1,0
BRDA:210,20,0,0
BRDA:210,20,1,0
BRDA:211,21,0,0
BRDA:211,21,1,0
BRDA:248,22,0,0
BRDA:248,22,1,0
BRDA:252,23,0,0
BRDA:252,23,1,0
BRDA:252,23,2,0
BRDA:259,24,0,0
BRDA:259,24,1,0
BRDA:264,25,0,0
BRDA:264,25,1,0
BRDA:281,26,0,0
BRDA:281,26,1,0
BRF:56
BRH:10
end_of_record
TN:
SF:src\Components\ProductsList.js
FN:9,ProductsList
FN:12,(anonymous_1)
FN:13,(anonymous_2)
FN:14,(anonymous_3)
FN:21,(anonymous_4)
FN:26,(anonymous_5)
FN:29,(anonymous_6)
FN:31,(anonymous_7)
FN:33,(anonymous_8)
FN:35,(anonymous_9)
FN:43,(anonymous_10)
FN:44,(anonymous_11)
FN:51,(anonymous_12)
FN:53,(anonymous_13)
FN:64,showFarmer
FN:66,(anonymous_15)
FN:69,hideFarmer
FN:71,(anonymous_17)
FN:71,(anonymous_18)
FN:78,(anonymous_19)
FN:82,(anonymous_20)
FN:92,(anonymous_21)
FN:105,(anonymous_22)
FN:135,(anonymous_23)
FN:143,(anonymous_24)
FN:159,(anonymous_25)
FN:159,(anonymous_26)
FN:164,(anonymous_27)
FN:164,(anonymous_28)
FN:174,Product
FN:179,add
FN:180,(anonymous_31)
FN:182,sub
FN:183,(anonymous_33)
FN:186,addToBasket
FN:199,(anonymous_35)
FN:203,(anonymous_36)
FN:264,(anonymous_37)
FN:270,(anonymous_38)
FN:273,(anonymous_39)
FN:283,CustomToggle
FN:285,(anonymous_41)
FN:286,(anonymous_42)
FNF:43
FNH:9
FNDA:493,ProductsList
FNDA:0,(anonymous_1)
FNDA:0,(anonymous_2)
FNDA:0,(anonymous_3)
FNDA:187,(anonymous_4)
FNDA:164,(anonymous_5)
FNDA:0,(anonymous_6)
FNDA:164,(anonymous_7)
FNDA:160,(anonymous_8)
FNDA:320,(anonymous_9)
FNDA:17,(anonymous_10)
FNDA:11,(anonymous_11)
FNDA:51,(anonymous_12)
FNDA:0,(anonymous_13)
FNDA:0,showFarmer
FNDA:0,(anonymous_15)
FNDA:0,hideFarmer
FNDA:0,(anonymous_17)
FNDA:0,(anonymous_18)
FNDA:0,(anonymous_19)
FNDA:0,(anonymous_20)
FNDA:0,(anonymous_21)
FNDA:0,(anonymous_22)
FNDA:0,(anonymous_23)
FNDA:0,(anonymous_24)
FNDA:0,(anonymous_25)
FNDA:0,(anonymous_26)
FNDA:0,(anonymous_27)
FNDA:0,(anonymous_28)
FNDA:0,Product
FNDA:0,add
FNDA:0,(anonymous_31)
FNDA:0,sub
FNDA:0,(anonymous_33)
FNDA:0,addToBasket
FNDA:0,(anonymous_35)
FNDA:0,(anonymous_36)
FNDA:0,(anonymous_37)
FNDA:0,(anonymous_38)
FNDA:0,(anonymous_39)
FNDA:0,CustomToggle
FNDA:0,(anonymous_41)
FNDA:0,(anonymous_42)
DA:10,493
DA:11,476
DA:12,476
DA:13,476
DA:14,476
DA:15,476
DA:16,476
DA:17,476
DA:18,476
DA:19,476
DA:21,476
DA:22,187
DA:24,170
DA:25,170
DA:27,164
DA:28,164
DA:29,164
DA:30,164
DA:32,164
DA:34,160
DA:35,320
DA:38,170
DA:43,476
DA:44,17
DA:45,11
DA:51,476
DA:52,51
DA:53,0
DA:54,0
DA:58,0
DA:59,0
DA:65,0
DA:66,0
DA:70,0
DA:71,0
DA:75,476
DA:79,0
DA:83,0
DA:93,0
DA:105,0
DA:136,0
DA:143,0
DA:159,0
DA:160,0
DA:164,0
DA:176,0
DA:180,0
DA:183,0
DA:187,0
DA:188,0
DA:189,0
DA:192,0
DA:193,0
DA:196,0
DA:199,0
DA:200,0
DA:203,0
DA:204,0
DA:211,0
DA:214,0
DA:215,0
DA:216,0
DA:220,0
DA:264,0
DA:270,0
DA:273,0
DA:284,0
DA:285,0
DA:286,0
DA:289,0
LF:70
LH:28
BRDA:22,0,0,170
BRDA:22,0,1,17
BRDA:22,1,0,187
BRDA:22,1,1,17
BRDA:22,1,2,17
BRDA:52,2,0,0
BRDA:52,2,1,51
BRDA:54,3,0,0
BRDA:54,3,1,0
BRDA:65,4,0,0
BRDA:65,4,1,0
BRDA:70,5,0,0
BRDA:70,5,1,0
BRDA:117,6,0,476
BRDA:117,6,1,0
BRDA:143,7,0,0
BRDA:143,7,1,0
BRDA:159,8,0,0
BRDA:159,8,1,0
BRDA:159,9,0,0
BRDA:159,9,1,0
BRDA:159,9,2,0
BRDA:164,10,0,0
BRDA:164,10,1,0
BRDA:164,10,2,0
BRDA:187,11,0,0
BRDA:187,11,1,0
BRDA:192,12,0,0
BRDA:192,12,1,0
BRDA:199,13,0,0
BRDA:199,13,1,0
BRDA:204,14,0,0
BRDA:204,14,1,0
BRDA:257,15,0,0
BRDA:257,15,1,0
BRDA:261,16,0,0
BRDA:261,16,1,0
BRDA:267,17,0,0
BRDA:267,17,1,0
BRDA:290,18,0,0
BRDA:290,18,1,0
BRF:41
BRH:7
end_of_record
TN:
SF:src\Components\Register.js
FN:6,Register
FN:14,(anonymous_1)
FN:21,(anonymous_2)
FN:34,(anonymous_3)
FN:35,(anonymous_4)
FN:53,(anonymous_5)
FN:63,(anonymous_6)
FN:80,(anonymous_7)
FN:96,(anonymous_8)
FN:112,(anonymous_9)
FN:128,(anonymous_10)
FNF:11
FNH:3
FNDA:36,Register
FNDA:0,(anonymous_1)
FNDA:0,(anonymous_2)
FNDA:18,(anonymous_3)
FNDA:11,(anonymous_4)
FNDA:0,(anonymous_5)
FNDA:0,(anonymous_6)
FNDA:0,(anonymous_7)
FNDA:0,(anonymous_8)
FNDA:0,(anonymous_9)
FNDA:0,(anonymous_10)
DA:7,36
DA:8,36
DA:9,36
DA:10,36
DA:11,36
DA:12,36
DA:14,36
DA:15,0
DA:16,0
DA:17,0
DA:18,0
DA:20,0
DA:22,0
DA:23,0
DA:24,0
DA:25,0
DA:26,0
DA:27,0
DA:28,0
DA:34,36
DA:35,18
DA:36,11
DA:40,36
DA:53,0
DA:63,0
DA:80,0
DA:96,0
DA:112,0
DA:128,0
LF:29
LH:11
BRDA:17,0,0,0
BRDA:17,0,1,0
BRDA:45,1,0,0
BRDA:45,1,1,36
BRF:4
BRH:1
end_of_record
TN:
SF:src\Components\RegisterUser.js
FN:8,isAlphaNumeric
FN:45,(anonymous_1)
FN:64,(anonymous_2)
FN:98,(anonymous_3)
FN:106,(anonymous_4)
FN:114,(anonymous_5)
FN:124,(anonymous_6)
FN:125,(anonymous_7)
FN:130,(anonymous_8)
FN:137,(anonymous_9)
FN:144,(anonymous_10)
FN:148,(anonymous_11)
FN:185,(anonymous_12)
FN:190,(anonymous_13)
FN:196,(anonymous_14)
FN:226,(anonymous_15)
FN:231,(anonymous_16)
FN:237,(anonymous_17)
FN:346,(anonymous_18)
FN:351,(anonymous_19)
FN:356,(anonymous_20)
FN:379,(anonymous_21)
FNF:22
FNH:0
FNDA:0,isAlphaNumeric
FNDA:0,(anonymous_1)
FNDA:0,(anonymous_2)
FNDA:0,(anonymous_3)
FNDA:0,(anonymous_4)
FNDA:0,(anonymous_5)
FNDA:0,(anonymous_6)
FNDA:0,(anonymous_7)
FNDA:0,(anonymous_8)
FNDA:0,(anonymous_9)
FNDA:0,(anonymous_10)
FNDA:0,(anonymous_11)
FNDA:0,(anonymous_12)
FNDA:0,(anonymous_13)
FNDA:0,(anonymous_14)
FNDA:0,(anonymous_15)
FNDA:0,(anonymous_16)
FNDA:0,(anonymous_17)
FNDA:0,(anonymous_18)
FNDA:0,(anonymous_19)
FNDA:0,(anonymous_20)
FNDA:0,(anonymous_21)
DA:9,0
DA:11,0
DA:12,0
DA:13,0
DA:14,0
DA:16,0
DA:17,0
DA:20,0
DA:21,0
DA:23,0
DA:28,0
DA:45,0
DA:46,0
DA:47,0
DA:48,0
DA:49,0
DA:52,0
DA:54,0
DA:55,0
DA:56,0
DA:57,0
DA:58,0
DA:59,0
DA:60,0
DA:61,0
DA:64,0
DA:65,0
DA:66,0
DA:67,0
DA:68,0
DA:72,0
DA:73,0
DA:74,0
DA:75,0
DA:78,0
DA:79,0
DA:80,0
DA:81,0
DA:84,0
DA:85,0
DA:86,0
DA:87,0
DA:90,0
DA:91,0
DA:92,0
DA:93,0
DA:96,0
DA:97,0
DA:98,0
DA:99,0
DA:100,0
DA:101,0
DA:105,0
DA:106,0
DA:107,0
DA:108,0
DA:109,0
DA:113,0
DA:114,0
DA:115,0
DA:116,0
DA:117,0
DA:125,0
DA:126,0
DA:130,0
DA:131,0
DA:132,0
DA:137,0
DA:138,0
DA:139,0
DA:144,0
DA:145,0
DA:149,0
DA:150,0
DA:151,0
DA:153,0
DA:159,0
DA:166,0
DA:177,0
DA:185,0
DA:186,0
DA:187,0
DA:190,0
DA:191,0
DA:192,0
DA:197,0
DA:226,0
DA:227,0
DA:228,0
DA:231,0
DA:232,0
DA:233,0
DA:238,0
DA:346,0
DA:347,0
DA:348,0
DA:351,0
DA:352,0
DA:353,0
DA:358,0
DA:379,0
DA:458,24
LF:102
LH:1
BRDA:13,0,0,0
BRDA:13,0,1,0
BRDA:13,1,0,0
BRDA:13,1,1,0
BRDA:16,2,0,0
BRDA:16,2,1,0
BRDA:16,3,0,0
BRDA:16,3,1,0
BRDA:16,3,2,0
BRDA:16,3,3,0
BRDA:20,4,0,0
BRDA:20,4,1,0
BRDA:20,5,0,0
BRDA:20,5,1,0
BRDA:48,6,0,0
BRDA:48,6,1,0
BRDA:54,7,0,0
BRDA:54,7,1,0
BRDA:58,8,0,0
BRDA:58,8,1,0
BRDA:58,9,0,0
BRDA:58,9,1,0
BRDA:58,9,2,0
BRDA:65,10,0,0
BRDA:65,10,1,0
BRDA:72,11,0,0
BRDA:72,11,1,0
BRDA:72,12,0,0
BRDA:72,12,1,0
BRDA:78,13,0,0
BRDA:78,13,1,0
BRDA:78,14,0,0
BRDA:78,14,1,0
BRDA:84,15,0,0
BRDA:84,15,1,0
BRDA:84,16,0,0
BRDA:84,16,1,0
BRDA:90,17,0,0
BRDA:90,17,1,0
BRDA:90,18,0,0
BRDA:90,18,1,0
BRDA:96,19,0,0
BRDA:96,19,1,0
BRDA:96,20,0,0
BRDA:96,20,1,0
BRDA:105,21,0,0
BRDA:105,21,1,0
BRDA:105,22,0,0
BRDA:105,22,1,0
BRDA:113,23,0,0
BRDA:113,23,1,0
BRDA:113,24,0,0
BRDA:113,24,1,0
BRDA:151,25,0,0
BRDA:151,25,1,0
BRDA:151,25,2,0
BRDA:151,25,3,0
BRDA:282,26,0,0
BRDA:282,26,1,0
BRDA:323,27,0,0
BRDA:323,27,1,0
BRDA:364,28,0,0
BRDA:364,28,1,0
BRDA:372,29,0,0
BRDA:372,29,1,0
BRDA:437,30,0,0
BRDA:437,30,1,0
BRDA:437,31,0,0
BRDA:437,31,1,0
BRF:69
BRH:0
end_of_record
TN:
SF:src\Components\ReportAvailability.js
FN:8,ProductAction
FN:19,OrderAction
FN:20,(anonymous_2)
FN:30,ProductRow
FN:42,ProductAvailableRow
FN:47,(anonymous_5)
FN:52,(anonymous_6)
FN:59,(anonymous_7)
FN:66,(anonymous_8)
FN:88,(anonymous_9)
FN:103,ConfirmRow
FN:114,ReportAvailability
FN:143,(anonymous_12)
FN:150,(anonymous_13)
FN:193,(anonymous_14)
FN:210,(anonymous_15)
FN:214,(anonymous_16)
FN:228,(anonymous_17)
FNF:18
FNH:0
FNDA:0,ProductAction
FNDA:0,OrderAction
FNDA:0,(anonymous_2)
FNDA:0,ProductRow
FNDA:0,ProductAvailableRow
FNDA:0,(anonymous_5)
FNDA:0,(anonymous_6)
FNDA:0,(anonymous_7)
FNDA:0,(anonymous_8)
FNDA:0,(anonymous_9)
FNDA:0,ConfirmRow
FNDA:0,ReportAvailability
FNDA:0,(anonymous_12)
FNDA:0,(anonymous_13)
FNDA:0,(anonymous_14)
FNDA:0,(anonymous_15)
FNDA:0,(anonymous_16)
FNDA:0,(anonymous_17)
DA:9,0
DA:20,0
DA:21,0
DA:22,0
DA:24,0
DA:31,0
DA:33,0
DA:43,0
DA:44,0
DA:45,0
DA:47,0
DA:48,0
DA:49,0
DA:52,0
DA:53,0
DA:54,0
DA:55,0
DA:59,0
DA:60,0
DA:61,0
DA:62,0
DA:63,0
DA:64,0
DA:66,0
DA:67,0
DA:68,0
DA:70,0
DA:71,0
DA:72,0
DA:77,0
DA:88,0
DA:104,0
DA:106,0
DA:115,0
DA:126,0
DA:138,0
DA:139,0
DA:143,0
DA:145,0
DA:146,0
DA:150,0
DA:151,0
DA:154,0
DA:193,0
DA:210,0
DA:214,0
DA:228,0
LF:47
LH:0
BRDA:53,0,0,0
BRDA:53,0,1,0
BRDA:62,1,0,0
BRDA:62,1,1,0
BRDA:67,2,0,0
BRDA:67,2,1,0
BRDA:93,3,0,0
BRDA:93,3,1,0
BRDA:95,4,0,0
BRDA:95,4,1,0
BRDA:145,5,0,0
BRDA:145,5,1,0
BRF:12
BRH:0
end_of_record
TN:
SF:src\Components\ShopEmployeeHome.js
FN:4,ShopEmployeeHome
FNF:1
FNH:1
FNDA:962,ShopEmployeeHome
DA:5,962
LF:1
LH:1
BRF:0
BRH:0
end_of_record
TN:
SF:src\Components\Type.js
FN:5,Type
FNF:1
FNH:0
FNDA:0,Type
DA:6,0
LF:1
LH:0
BRF:0
BRH:0
end_of_record
TN:
SF:src\Components\UpdatePassword.js
FN:7,isAlphaNumeric
FN:25,UpdatePassword
FN:36,(anonymous_2)
FN:46,(anonymous_3)
FN:64,(anonymous_4)
FN:76,(anonymous_5)
FN:77,(anonymous_6)
FN:82,(anonymous_7)
FN:83,(anonymous_8)
FN:109,(anonymous_9)
FN:122,(anonymous_10)
FN:140,(anonymous_11)
FN:158,(anonymous_12)
FNF:13
FNH:0
FNDA:0,isAlphaNumeric
FNDA:0,UpdatePassword
FNDA:0,(anonymous_2)
FNDA:0,(anonymous_3)
FNDA:0,(anonymous_4)
FNDA:0,(anonymous_5)
FNDA:0,(anonymous_6)
FNDA:0,(anonymous_7)
FNDA:0,(anonymous_8)
FNDA:0,(anonymous_9)
FNDA:0,(anonymous_10)
FNDA:0,(anonymous_11)
FNDA:0,(anonymous_12)
DA:8,0
DA:10,0
DA:11,0
DA:12,0
DA:13,0
DA:15,0
DA:16,0
DA:19,0
DA:20,0
DA:22,0
DA:26,0
DA:27,0
DA:28,0
DA:29,0
DA:30,0
DA:31,0
DA:32,0
DA:33,0
DA:36,0
DA:37,0
DA:38,0
DA:39,0
DA:40,0
DA:42,0
DA:43,0
DA:46,0
DA:47,0
DA:48,0
DA:49,0
DA:53,0
DA:54,0
DA:55,0
DA:56,0
DA:57,0
DA:58,0
DA:59,0
DA:60,0
DA:63,0
DA:64,0
DA:65,0
DA:66,0
DA:67,0
DA:69,0
DA:70,0
DA:71,0
DA:76,0
DA:77,0
DA:78,0
DA:82,0
DA:83,0
DA:84,0
DA:88,0
DA:109,0
DA:122,0
DA:140,0
DA:158,0
LF:56
LH:0
BRDA:12,0,0,0
BRDA:12,0,1,0
BRDA:12,1,0,0
BRDA:12,1,1,0
BRDA:15,2,0,0
BRDA:15,2,1,0
BRDA:15,3,0,0
BRDA:15,3,1,0
BRDA:15,3,2,0
BRDA:15,3,3,0
BRDA:19,4,0,0
BRDA:19,4,1,0
BRDA:19,5,0,0
BRDA:19,5,1,0
BRDA:39,6,0,0
BRDA:39,6,1,0
BRDA:47,7,0,0
BRDA:47,7,1,0
BRDA:47,8,0,0
BRDA:47,8,1,0
BRDA:53,9,0,0
BRDA:53,9,1,0
BRDA:57,10,0,0
BRDA:57,10,1,0
BRDA:57,11,0,0
BRDA:57,11,1,0
BRDA:57,11,2,0
BRDA:63,12,0,0
BRDA:63,12,1,0
BRDA:63,13,0,0
BRDA:63,13,1,0
BRDA:69,14,0,0
BRDA:69,14,1,0
BRDA:94,15,0,0
BRDA:94,15,1,0
BRDA:102,16,0,0
BRDA:102,16,1,0
BRF:37
BRH:0
end_of_record
TN:
SF:src\Components\Wallet.js
FN:9,Wallet
FN:18,(anonymous_1)
FN:19,(anonymous_2)
FN:23,(anonymous_3)
FN:29,(anonymous_4)
FN:35,(anonymous_5)
FN:37,(anonymous_6)
FN:39,(anonymous_7)
FN:48,handlechange
FN:49,(anonymous_9)
FN:54,(anonymous_10)
FN:61,(anonymous_11)
FN:67,(anonymous_12)
FN:93,(anonymous_13)
FN:97,(anonymous_14)
FN:107,(anonymous_15)
FN:134,(anonymous_16)
FNF:17
FNH:16
FNDA:446,Wallet
FNDA:70,(anonymous_1)
FNDA:560,(anonymous_2)
FNDA:20,(anonymous_3)
FNDA:560,(anonymous_4)
FNDA:40,(anonymous_5)
FNDA:10,(anonymous_6)
FNDA:5,(anonymous_7)
FNDA:22,handlechange
FNDA:176,(anonymous_9)
FNDA:11,(anonymous_10)
FNDA:11,(anonymous_11)
FNDA:0,(anonymous_12)
FNDA:704,(anonymous_13)
FNDA:22,(anonymous_14)
FNDA:11,(anonymous_15)
FNDA:22,(anonymous_16)
DA:10,446
DA:11,434
DA:12,434
DA:13,434
DA:14,434
DA:15,434
DA:16,434
DA:18,434
DA:19,560
DA:20,70
DA:21,70
DA:22,21
DA:24,20
DA:25,20
DA:28,70
DA:29,70
DA:30,560
DA:35,434
DA:36,40
DA:37,11
DA:38,10
DA:39,10
DA:40,5
DA:41,5
DA:49,176
DA:50,22
DA:51,22
DA:54,434
DA:55,11
DA:56,11
DA:57,11
DA:58,0
DA:60,11
DA:62,11
DA:63,11
DA:64,11
DA:65,11
DA:67,0
DA:71,434
DA:94,704
DA:97,22
DA:107,11
DA:134,22
LF:43
LH:41
BRDA:21,0,0,21
BRDA:21,0,1,49
BRDA:28,1,0,70
BRDA:28,1,1,0
BRDA:36,2,0,11
BRDA:36,2,1,29
BRDA:57,3,0,0
BRDA:57,3,1,11
BRDA:75,4,0,206
BRDA:75,4,1,228
BRDA:75,5,0,434
BRDA:75,5,1,206
BRDA:79,6,0,0
BRDA:79,6,1,228
BRDA:92,7,0,88
BRDA:92,7,1,346
BRDA:92,8,0,434
BRDA:92,8,1,88
BRDA:101,9,0,434
BRDA:101,9,1,88
BRDA:101,9,2,88
BRDA:147,10,0,40
BRDA:147,10,1,394
BRF:23
BRH:20
end_of_record
