TN:
SF:src\App.js
FN:24,App
FN:54,(anonymous_1)
FN:55,(anonymous_2)
FN:69,(anonymous_3)
FN:70,fetchdata
FN:92,(anonymous_5)
FN:96,(anonymous_6)
FN:122,(anonymous_7)
FN:126,(anonymous_8)
FN:138,(anonymous_9)
FN:140,(anonymous_10)
FN:141,(anonymous_11)
FN:142,(anonymous_12)
FN:144,(anonymous_13)
FN:146,(anonymous_14)
FN:148,(anonymous_15)
FN:165,(anonymous_16)
FN:179,(anonymous_17)
FN:193,(anonymous_18)
FN:205,(anonymous_19)
FN:208,(anonymous_20)
FN:210,(anonymous_21)
FN:212,(anonymous_22)
FN:214,(anonymous_23)
FNF:24
FNH:9
FNDA:71,App
FNDA:7,(anonymous_1)
FNDA:7,(anonymous_2)
FNDA:19,(anonymous_3)
FNDA:19,fetchdata
FNDA:0,(anonymous_5)
FNDA:0,(anonymous_6)
FNDA:0,(anonymous_7)
FNDA:0,(anonymous_8)
FNDA:0,(anonymous_9)
FNDA:12,(anonymous_10)
FNDA:5,(anonymous_11)
FNDA:3,(anonymous_12)
FNDA:0,(anonymous_13)
FNDA:0,(anonymous_14)
FNDA:0,(anonymous_15)
FNDA:0,(anonymous_16)
FNDA:0,(anonymous_17)
FNDA:0,(anonymous_18)
FNDA:0,(anonymous_19)
FNDA:32,(anonymous_20)
FNDA:0,(anonymous_21)
FNDA:0,(anonymous_22)
FNDA:0,(anonymous_23)
DA:26,71
DA:27,64
DA:29,64
DA:31,64
DA:33,64
DA:34,64
DA:35,64
DA:36,64
DA:37,64
DA:39,64
DA:40,64
DA:42,64
DA:43,64
DA:44,64
DA:45,64
DA:47,64
DA:49,64
DA:50,64
DA:51,64
DA:54,64
DA:55,7
DA:56,7
DA:57,7
DA:58,0
DA:59,0
DA:60,0
DA:62,6
DA:65,7
DA:69,64
DA:71,19
DA:72,0
DA:73,0
DA:74,0
DA:75,0
DA:76,0
DA:77,0
DA:79,0
DA:83,19
DA:86,64
DA:92,64
DA:93,0
DA:96,64
DA:97,0
DA:101,64
DA:122,0
DA:127,0
DA:138,0
DA:140,12
DA:141,5
DA:142,3
DA:144,0
DA:146,0
DA:149,0
DA:166,0
DA:180,0
DA:194,0
DA:205,0
DA:208,32
DA:210,0
DA:212,0
DA:214,0
LF:61
LH:36
BRDA:71,0,0,0
BRDA:71,0,1,19
BRDA:75,1,0,0
BRDA:75,1,1,0
BRDA:75,2,0,0
BRDA:75,2,1,0
BRDA:150,3,0,0
BRDA:150,3,1,0
BRDA:212,4,0,0
BRDA:212,4,1,0
BRDA:212,5,0,0
BRDA:212,5,1,0
BRF:12
BRH:1
end_of_record
TN:
SF:src\index.js
FNF:0
FNH:0
DA:6,7
DA:8,7
DA:18,7
LF:3
LH:3
BRF:0
BRH:0
end_of_record
TN:
SF:src\reportWebVitals.js
FN:1,(anonymous_0)
FN:3,(anonymous_1)
FNF:2
FNH:1
FNDA:7,(anonymous_0)
FNDA:0,(anonymous_1)
DA:1,7
DA:2,7
DA:3,0
DA:4,0
DA:5,0
DA:6,0
DA:7,0
DA:8,0
LF:8
LH:2
BRDA:2,0,0,0
BRDA:2,0,1,7
BRDA:2,1,0,7
BRDA:2,1,1,0
BRF:4
BRH:2
end_of_record
TN:
SF:src\API\API.js
FN:20,(anonymous_0)
FN:21,(anonymous_1)
FN:38,(anonymous_2)
FN:52,(anonymous_3)
FN:59,(anonymous_4)
FN:60,(anonymous_5)
FN:66,(anonymous_6)
FN:74,(anonymous_7)
FN:82,(anonymous_8)
FN:83,(anonymous_9)
FN:89,(anonymous_10)
FN:97,(anonymous_11)
FN:104,(anonymous_12)
FN:105,(anonymous_13)
FN:111,(anonymous_14)
FN:119,(anonymous_15)
FN:126,(anonymous_16)
FN:127,(anonymous_17)
FN:143,(anonymous_18)
FN:151,(anonymous_19)
FN:158,(anonymous_20)
FN:159,(anonymous_21)
FN:165,(anonymous_22)
FN:173,(anonymous_23)
FN:179,(anonymous_24)
FN:180,(anonymous_25)
FN:186,(anonymous_26)
FN:194,(anonymous_27)
FN:204,handOutProduct
FN:218,(anonymous_29)
FN:219,(anonymous_30)
FN:225,(anonymous_31)
FN:233,(anonymous_32)
FN:240,topUpWallet
FN:254,(anonymous_34)
FN:255,(anonymous_35)
FN:267,(anonymous_36)
FN:275,(anonymous_37)
FN:281,(anonymous_38)
FN:282,(anonymous_39)
FN:298,(anonymous_40)
FN:306,(anonymous_41)
FN:312,(anonymous_42)
FN:313,(anonymous_43)
FN:324,(anonymous_44)
FN:332,(anonymous_45)
FN:339,(anonymous_46)
FN:340,(anonymous_47)
FN:346,(anonymous_48)
FN:354,(anonymous_49)
FN:361,insertProduct
FN:362,(anonymous_51)
FN:378,(anonymous_52)
FN:386,(anonymous_53)
FN:392,updateProduct
FN:393,(anonymous_55)
FN:409,(anonymous_56)
FN:417,(anonymous_57)
FN:423,deleteProduct
FN:424,(anonymous_59)
FN:430,(anonymous_60)
FN:438,(anonymous_61)
FN:444,insertAvailability
FN:445,(anonymous_63)
FN:452,(anonymous_64)
FN:460,(anonymous_65)
FN:466,(anonymous_66)
FN:467,(anonymous_67)
FN:473,(anonymous_68)
FN:481,(anonymous_69)
FN:488,(anonymous_70)
FN:489,(anonymous_71)
FN:495,(anonymous_72)
FN:503,(anonymous_73)
FN:510,updateOrderStatus
FN:526,login
FN:541,logout
FN:550,getUserInfo
FNF:78
FNH:12
FNDA:0,(anonymous_0)
FNDA:0,(anonymous_1)
FNDA:0,(anonymous_2)
FNDA:0,(anonymous_3)
FNDA:0,(anonymous_4)
FNDA:0,(anonymous_5)
FNDA:0,(anonymous_6)
FNDA:0,(anonymous_7)
FNDA:0,(anonymous_8)
FNDA:0,(anonymous_9)
FNDA:0,(anonymous_10)
FNDA:0,(anonymous_11)
FNDA:0,(anonymous_12)
FNDA:0,(anonymous_13)
FNDA:0,(anonymous_14)
FNDA:0,(anonymous_15)
FNDA:0,(anonymous_16)
FNDA:0,(anonymous_17)
FNDA:0,(anonymous_18)
FNDA:0,(anonymous_19)
FNDA:0,(anonymous_20)
FNDA:0,(anonymous_21)
FNDA:0,(anonymous_22)
FNDA:0,(anonymous_23)
FNDA:0,(anonymous_24)
FNDA:0,(anonymous_25)
FNDA:0,(anonymous_26)
FNDA:0,(anonymous_27)
FNDA:0,handOutProduct
FNDA:0,(anonymous_29)
FNDA:0,(anonymous_30)
FNDA:0,(anonymous_31)
FNDA:0,(anonymous_32)
FNDA:0,topUpWallet
FNDA:0,(anonymous_34)
FNDA:0,(anonymous_35)
FNDA:0,(anonymous_36)
FNDA:0,(anonymous_37)
FNDA:0,(anonymous_38)
FNDA:0,(anonymous_39)
FNDA:0,(anonymous_40)
FNDA:0,(anonymous_41)
FNDA:0,(anonymous_42)
FNDA:0,(anonymous_43)
FNDA:0,(anonymous_44)
FNDA:0,(anonymous_45)
FNDA:0,(anonymous_46)
FNDA:0,(anonymous_47)
FNDA:0,(anonymous_48)
FNDA:0,(anonymous_49)
FNDA:0,insertProduct
FNDA:0,(anonymous_51)
FNDA:0,(anonymous_52)
FNDA:0,(anonymous_53)
FNDA:0,updateProduct
FNDA:0,(anonymous_55)
FNDA:0,(anonymous_56)
FNDA:0,(anonymous_57)
FNDA:1,deleteProduct
FNDA:1,(anonymous_59)
FNDA:1,(anonymous_60)
FNDA:0,(anonymous_61)
FNDA:0,insertAvailability
FNDA:0,(anonymous_63)
FNDA:0,(anonymous_64)
FNDA:0,(anonymous_65)
FNDA:12,(anonymous_66)
FNDA:12,(anonymous_67)
FNDA:12,(anonymous_68)
FNDA:0,(anonymous_69)
FNDA:12,(anonymous_70)
FNDA:12,(anonymous_71)
FNDA:11,(anonymous_72)
FNDA:11,(anonymous_73)
FNDA:0,updateOrderStatus
FNDA:6,login
FNDA:0,logout
FNDA:7,getUserInfo
DA:20,7
DA:21,0
DA:22,0
DA:39,0
DA:40,0
DA:41,0
DA:43,0
DA:45,0
DA:46,0
DA:47,0
DA:49,0
DA:53,0
DA:59,7
DA:60,0
DA:61,0
DA:67,0
DA:68,0
DA:69,0
DA:70,0
DA:72,0
DA:75,0
DA:82,7
DA:83,0
DA:84,0
DA:90,0
DA:91,0
DA:92,0
DA:93,0
DA:95,0
DA:98,0
DA:104,7
DA:105,0
DA:106,0
DA:112,0
DA:113,0
DA:114,0
DA:115,0
DA:117,0
DA:120,0
DA:126,7
DA:127,0
DA:128,0
DA:144,0
DA:145,0
DA:146,0
DA:147,0
DA:149,0
DA:152,0
DA:158,7
DA:159,0
DA:160,0
DA:166,0
DA:167,0
DA:168,0
DA:169,0
DA:171,0
DA:174,0
DA:179,7
DA:180,0
DA:181,0
DA:187,0
DA:188,0
DA:189,0
DA:190,0
DA:192,0
DA:195,0
DA:205,0
DA:212,0
DA:213,0
DA:214,0
DA:218,7
DA:219,0
DA:220,0
DA:226,0
DA:227,0
DA:228,0
DA:229,0
DA:231,0
DA:234,0
DA:241,0
DA:248,0
DA:249,0
DA:250,0
DA:254,7
DA:255,0
DA:256,0
DA:268,0
DA:269,0
DA:270,0
DA:271,0
DA:273,0
DA:276,0
DA:281,7
DA:282,0
DA:283,0
DA:299,0
DA:300,0
DA:301,0
DA:302,0
DA:304,0
DA:307,0
DA:312,7
DA:313,0
DA:314,0
DA:325,0
DA:326,0
DA:327,0
DA:328,0
DA:330,0
DA:333,0
DA:339,7
DA:340,0
DA:341,0
DA:347,0
DA:348,0
DA:349,0
DA:350,0
DA:352,0
DA:355,0
DA:362,0
DA:363,0
DA:379,0
DA:380,0
DA:381,0
DA:382,0
DA:384,0
DA:387,0
DA:393,0
DA:394,0
DA:410,0
DA:411,0
DA:412,0
DA:413,0
DA:415,0
DA:418,0
DA:424,1
DA:425,1
DA:431,1
DA:432,0
DA:433,0
DA:434,0
DA:436,1
DA:439,0
DA:445,0
DA:446,0
DA:453,0
DA:454,0
DA:455,0
DA:456,0
DA:458,0
DA:461,0
DA:466,7
DA:467,12
DA:468,12
DA:474,12
DA:475,0
DA:476,0
DA:477,0
DA:479,12
DA:482,0
DA:488,7
DA:489,12
DA:490,12
DA:496,11
DA:497,11
DA:498,11
DA:499,11
DA:501,0
DA:504,11
DA:511,0
DA:520,0
DA:521,0
DA:522,0
DA:527,6
DA:534,6
DA:535,6
DA:537,0
DA:542,0
DA:545,0
DA:546,0
DA:547,0
DA:551,7
DA:552,7
DA:553,6
DA:554,0
DA:556,6
LF:186
LH:36
BRDA:39,0,0,0
BRDA:39,0,1,0
BRDA:41,1,0,0
BRDA:41,1,1,0
BRDA:45,2,0,0
BRDA:45,2,1,0
BRDA:67,3,0,0
BRDA:67,3,1,0
BRDA:90,4,0,0
BRDA:90,4,1,0
BRDA:112,5,0,0
BRDA:112,5,1,0
BRDA:144,6,0,0
BRDA:144,6,1,0
BRDA:166,7,0,0
BRDA:166,7,1,0
BRDA:187,8,0,0
BRDA:187,8,1,0
BRDA:212,9,0,0
BRDA:212,9,1,0
BRDA:226,10,0,0
BRDA:226,10,1,0
BRDA:248,11,0,0
BRDA:248,11,1,0
BRDA:268,12,0,0
BRDA:268,12,1,0
BRDA:299,13,0,0
BRDA:299,13,1,0
BRDA:325,14,0,0
BRDA:325,14,1,0
BRDA:347,15,0,0
BRDA:347,15,1,0
BRDA:379,16,0,0
BRDA:379,16,1,0
BRDA:410,17,0,0
BRDA:410,17,1,0
BRDA:431,18,0,0
BRDA:431,18,1,1
BRDA:453,19,0,0
BRDA:453,19,1,0
BRDA:474,20,0,0
BRDA:474,20,1,12
BRDA:496,21,0,11
BRDA:496,21,1,0
BRDA:520,22,0,0
BRDA:520,22,1,0
BRDA:534,23,0,6
BRDA:534,23,1,0
BRDA:545,24,0,0
BRDA:545,24,1,0
BRDA:553,25,0,0
BRDA:553,25,1,6
BRF:52
BRH:5
end_of_record
TN:
SF:src\Components\ClientHome.js
FN:4,ClientHome
FNF:1
FNH:0
FNDA:0,ClientHome
DA:5,0
LF:1
LH:0
BRF:0
BRH:0
end_of_record
TN:
SF:src\Components\Clock.js
FN:4,(anonymous_0)
FN:14,(anonymous_1)
FN:16,(anonymous_2)
FN:19,(anonymous_3)
FN:23,(anonymous_4)
FN:29,(anonymous_5)
FN:39,(anonymous_6)
FN:59,(anonymous_7)
FN:101,(anonymous_8)
FN:122,(anonymous_9)
FN:140,(anonymous_10)
FN:154,(anonymous_11)
FNF:12
FNH:0
FNDA:0,(anonymous_0)
FNDA:0,(anonymous_1)
FNDA:0,(anonymous_2)
FNDA:0,(anonymous_3)
FNDA:0,(anonymous_4)
FNDA:0,(anonymous_5)
FNDA:0,(anonymous_6)
FNDA:0,(anonymous_7)
FNDA:0,(anonymous_8)
FNDA:0,(anonymous_9)
FNDA:0,(anonymous_10)
FNDA:0,(anonymous_11)
DA:5,0
DA:6,0
DA:7,0
DA:8,0
DA:9,0
DA:10,0
DA:15,0
DA:16,0
DA:20,0
DA:24,0
DA:25,0
DA:26,0
DA:30,0
DA:31,0
DA:32,0
DA:33,0
DA:34,0
DA:35,0
DA:36,0
DA:40,0
DA:41,0
DA:42,0
DA:43,0
DA:45,0
DA:46,0
DA:47,0
DA:48,0
DA:49,0
DA:50,0
DA:51,0
DA:53,0
DA:54,0
DA:55,0
DA:56,0
DA:60,0
DA:61,0
DA:62,0
DA:65,0
DA:66,0
DA:67,0
DA:68,0
DA:69,0
DA:70,0
DA:71,0
DA:72,0
DA:73,0
DA:74,0
DA:75,0
DA:76,0
DA:77,0
DA:80,0
DA:81,0
DA:82,0
DA:83,0
DA:84,0
DA:85,0
DA:86,0
DA:87,0
DA:88,0
DA:89,0
DA:94,0
DA:95,0
DA:96,0
DA:97,0
DA:98,0
DA:104,0
DA:106,0
DA:107,0
DA:108,0
DA:110,0
DA:111,0
DA:112,0
DA:113,0
DA:114,0
DA:116,0
DA:118,0
DA:123,0
DA:124,0
DA:125,0
DA:126,0
DA:129,0
DA:130,0
DA:131,0
DA:133,0
DA:134,0
DA:136,0
DA:137,0
DA:141,0
DA:142,0
DA:143,0
DA:144,0
DA:145,0
DA:146,0
DA:147,0
DA:148,0
DA:149,0
DA:150,0
DA:151,0
DA:155,0
DA:165,7
LF:100
LH:1
BRDA:10,0,0,0
BRDA:10,0,1,0
BRDA:74,1,0,0
BRDA:74,1,1,0
BRDA:80,2,0,0
BRDA:80,2,1,0
BRDA:113,3,0,0
BRDA:113,3,1,0
BRDA:141,4,0,0
BRDA:141,4,1,0
BRF:10
BRH:0
end_of_record
TN:
SF:src\Components\ContactClient.js
FN:4,ContactClient
FNF:1
FNH:0
FNDA:0,ContactClient
DA:5,0
LF:1
LH:0
BRF:0
BRH:0
end_of_record
TN:
SF:src\Components\Handout.js
FN:9,Handout
FN:16,(anonymous_1)
FN:20,(anonymous_2)
FN:24,(anonymous_3)
FN:29,(anonymous_4)
FN:37,handlechange
FN:40,(anonymous_6)
FN:43,(anonymous_7)
FN:71,(anonymous_8)
FN:84,(anonymous_9)
FNF:10
FNH:0
FNDA:0,Handout
FNDA:0,(anonymous_1)
FNDA:0,(anonymous_2)
FNDA:0,(anonymous_3)
FNDA:0,(anonymous_4)
FNDA:0,handlechange
FNDA:0,(anonymous_6)
FNDA:0,(anonymous_7)
FNDA:0,(anonymous_8)
FNDA:0,(anonymous_9)
DA:10,0
DA:11,0
DA:12,0
DA:16,0
DA:17,0
DA:18,0
DA:19,0
DA:21,0
DA:22,0
DA:25,0
DA:28,0
DA:29,0
DA:30,0
DA:38,0
DA:39,0
DA:41,0
DA:44,0
DA:50,0
DA:51,0
DA:52,0
DA:54,0
DA:55,0
DA:57,0
DA:71,0
DA:85,0
LF:25
LH:0
BRDA:18,0,0,0
BRDA:18,0,1,0
BRDA:28,1,0,0
BRDA:28,1,1,0
BRDA:50,2,0,0
BRDA:50,2,1,0
BRDA:60,3,0,0
BRDA:60,3,1,0
BRDA:60,4,0,0
BRDA:60,4,1,0
BRDA:75,5,0,0
BRDA:75,5,1,0
BRDA:75,5,2,0
BRDA:80,6,0,0
BRDA:80,6,1,0
BRDA:95,7,0,0
BRDA:95,7,1,0
BRF:17
BRH:0
end_of_record
TN:
SF:src\Components\Home.js
FN:4,Home
FNF:1
FNH:0
FNDA:0,Home
DA:5,0
LF:1
LH:0
BRF:0
BRH:0
end_of_record
TN:
SF:src\Components\HomeButton.js
FN:7,HomeButton
FN:10,(anonymous_1)
FN:25,(anonymous_2)
FNF:3
FNH:1
FNDA:66,HomeButton
FNDA:0,(anonymous_1)
FNDA:0,(anonymous_2)
DA:8,66
DA:10,66
DA:11,0
DA:12,0
DA:13,0
DA:14,0
DA:15,0
DA:16,0
DA:21,66
DA:25,0
LF:10
LH:3
BRDA:11,0,0,0
BRDA:11,0,1,0
BRDA:13,1,0,0
BRDA:13,1,1,0
BRDA:15,2,0,0
BRDA:15,2,1,0
BRF:6
BRH:0
end_of_record
TN:
SF:src\Components\Icons.js
FNF:0
FNH:0
DA:2,7
DA:38,7
DA:56,7
DA:62,7
DA:68,7
DA:76,7
DA:83,7
DA:90,7
DA:95,7
DA:99,7
DA:103,7
DA:107,7
DA:110,7
DA:114,7
DA:118,7
DA:123,7
DA:127,7
DA:131,7
DA:135,7
DA:139,7
DA:143,7
DA:148,7
DA:155,7
DA:211,7
DA:216,7
DA:221,7
LF:26
LH:26
BRF:0
BRH:0
end_of_record
TN:
SF:src\Components\LoginForm.js
FN:8,isAlphaNumeric
FN:26,LoginForm
FN:36,(anonymous_2)
FN:38,(anonymous_3)
FN:55,(anonymous_4)
FN:61,(anonymous_5)
FN:100,(anonymous_6)
FN:107,(anonymous_7)
FN:109,(anonymous_8)
FNF:9
FNH:7
FNDA:6,isAlphaNumeric
FNDA:275,LoginForm
FNDA:6,(anonymous_2)
FNDA:6,(anonymous_3)
FNDA:0,(anonymous_4)
FNDA:6,(anonymous_5)
FNDA:42,(anonymous_6)
FNDA:54,(anonymous_7)
FNDA:0,(anonymous_8)
DA:9,6
DA:11,6
DA:12,54
DA:13,54
DA:14,18
DA:16,54
DA:17,36
DA:20,6
DA:21,0
DA:23,6
DA:27,275
DA:29,268
DA:30,268
DA:31,268
DA:32,268
DA:34,268
DA:36,268
DA:37,6
DA:39,6
DA:40,6
DA:41,6
DA:43,6
DA:44,0
DA:45,0
DA:47,0
DA:49,6
DA:50,0
DA:51,6
DA:52,6
DA:56,0
DA:57,0
DA:61,268
DA:62,6
DA:63,0
DA:64,0
DA:65,0
DA:68,6
DA:69,6
DA:70,6
DA:71,6
DA:73,6
DA:79,6
DA:80,0
DA:81,0
DA:83,6
DA:85,6
DA:86,6
DA:91,268
DA:100,42
DA:107,54
DA:109,0
LF:51
LH:38
BRDA:13,0,0,18
BRDA:13,0,1,36
BRDA:13,1,0,54
BRDA:13,1,1,54
BRDA:16,2,0,36
BRDA:16,2,1,18
BRDA:16,3,0,54
BRDA:16,3,1,36
BRDA:16,3,2,54
BRDA:16,3,3,36
BRDA:20,4,0,0
BRDA:20,4,1,6
BRDA:20,5,0,6
BRDA:20,5,1,6
BRDA:43,6,0,0
BRDA:43,6,1,6
BRDA:44,7,0,0
BRDA:44,7,1,0
BRDA:49,8,0,0
BRDA:49,8,1,6
BRDA:51,9,0,6
BRDA:51,9,1,0
BRDA:62,10,0,0
BRDA:62,10,1,6
BRDA:68,11,0,6
BRDA:68,11,1,0
BRDA:79,12,0,0
BRDA:79,12,1,6
BRDA:79,13,0,6
BRDA:79,13,1,6
BRDA:79,13,2,6
BRDA:79,13,3,6
BRDA:85,14,0,6
BRDA:85,14,1,0
BRDA:109,15,0,0
BRDA:109,15,1,268
BRF:36
BRH:25
end_of_record
TN:
SF:src\Components\ManageOrders.js
FN:8,ManageOrders
FN:11,(anonymous_1)
FN:14,(anonymous_2)
FN:23,(anonymous_3)
FN:27,(anonymous_4)
FN:31,(anonymous_5)
FN:47,(anonymous_6)
FN:64,FailedOrder
FN:65,(anonymous_8)
FN:69,(anonymous_9)
FN:72,(anonymous_10)
FN:73,(anonymous_11)
FN:80,totalprice
FN:83,(anonymous_13)
FN:108,(anonymous_14)
FNF:15
FNH:0
FNDA:0,ManageOrders
FNDA:0,(anonymous_1)
FNDA:0,(anonymous_2)
FNDA:0,(anonymous_3)
FNDA:0,(anonymous_4)
FNDA:0,(anonymous_5)
FNDA:0,(anonymous_6)
FNDA:0,FailedOrder
FNDA:0,(anonymous_8)
FNDA:0,(anonymous_9)
FNDA:0,(anonymous_10)
FNDA:0,(anonymous_11)
FNDA:0,totalprice
FNDA:0,(anonymous_13)
FNDA:0,(anonymous_14)
DA:9,0
DA:10,0
DA:11,0
DA:12,0
DA:13,0
DA:15,0
DA:16,0
DA:23,0
DA:24,0
DA:25,0
DA:26,0
DA:28,0
DA:29,0
DA:32,0
DA:37,0
DA:48,0
DA:65,0
DA:66,0
DA:67,0
DA:69,0
DA:70,0
DA:71,0
DA:73,0
DA:74,0
DA:81,0
DA:82,0
DA:84,0
DA:89,0
DA:109,0
LF:29
LH:0
BRDA:12,0,0,0
BRDA:12,0,1,0
BRDA:12,1,0,0
BRDA:12,1,1,0
BRDA:25,2,0,0
BRDA:25,2,1,0
BRDA:70,3,0,0
BRDA:70,3,1,0
BRDA:70,4,0,0
BRDA:70,4,1,0
BRDA:81,5,0,0
BRDA:81,5,1,0
BRDA:81,6,0,0
BRDA:81,6,1,0
BRDA:81,6,2,0
BRDA:92,7,0,0
BRDA:92,7,1,0
BRDA:108,8,0,0
BRDA:108,8,1,0
BRDA:108,8,2,0
BRF:20
BRH:0
end_of_record
TN:
SF:src\Components\ModalClaimDate.js
FN:9,ModalClaimDate
FN:13,(anonymous_1)
FN:27,(anonymous_2)
FN:32,(anonymous_3)
FN:78,(anonymous_4)
FN:78,(anonymous_5)
FN:86,(anonymous_6)
FN:86,(anonymous_7)
FN:103,(anonymous_8)
FN:104,(anonymous_9)
FN:105,(anonymous_10)
FN:116,(anonymous_11)
FN:117,(anonymous_12)
FN:128,(anonymous_13)
FN:128,(anonymous_14)
FN:141,(anonymous_15)
FNF:16
FNH:0
FNDA:0,ModalClaimDate
FNDA:0,(anonymous_1)
FNDA:0,(anonymous_2)
FNDA:0,(anonymous_3)
FNDA:0,(anonymous_4)
FNDA:0,(anonymous_5)
FNDA:0,(anonymous_6)
FNDA:0,(anonymous_7)
FNDA:0,(anonymous_8)
FNDA:0,(anonymous_9)
FNDA:0,(anonymous_10)
FNDA:0,(anonymous_11)
FNDA:0,(anonymous_12)
FNDA:0,(anonymous_13)
FNDA:0,(anonymous_14)
FNDA:0,(anonymous_15)
DA:10,0
DA:11,0
DA:13,0
DA:14,0
DA:22,0
DA:23,0
DA:27,0
DA:28,0
DA:29,0
DA:32,0
DA:33,0
DA:34,0
DA:35,0
DA:37,0
DA:38,0
DA:40,0
DA:46,0
DA:78,0
DA:86,0
DA:104,0
DA:105,0
DA:117,0
DA:128,0
DA:141,0
LF:24
LH:0
BRDA:14,0,0,0
BRDA:14,0,1,0
BRDA:16,1,0,0
BRDA:16,1,1,0
BRDA:16,1,2,0
BRDA:16,1,3,0
BRDA:29,2,0,0
BRDA:29,2,1,0
BRDA:29,2,2,0
BRDA:29,2,3,0
BRDA:41,3,0,0
BRDA:41,3,1,0
BRDA:95,4,0,0
BRDA:95,4,1,0
BRDA:122,5,0,0
BRDA:122,5,1,0
BRDA:122,5,2,0
BRDA:135,6,0,0
BRDA:135,6,1,0
BRDA:163,7,0,0
BRDA:163,7,1,0
BRDA:163,7,2,0
BRDA:163,7,3,0
BRF:23
BRH:0
end_of_record
TN:
SF:src\Components\ModalEnd.js
FN:7,ModalEnd
FN:18,(anonymous_1)
FN:24,(anonymous_2)
FNF:3
FNH:0
FNDA:0,ModalEnd
FNDA:0,(anonymous_1)
FNDA:0,(anonymous_2)
DA:8,0
DA:18,0
DA:25,0
DA:26,0
DA:27,0
LF:5
LH:0
BRF:0
BRH:0
end_of_record
TN:
SF:src\Components\MyModal.js
FN:5,MyModal
FNF:1
FNH:1
FNDA:64,MyModal
DA:7,64
LF:1
LH:1
BRF:0
BRH:0
end_of_record
TN:
SF:src\Components\MyNav.js
FN:14,MyNav
FN:19,(anonymous_1)
FN:28,(anonymous_2)
FN:33,(anonymous_3)
FN:40,(anonymous_4)
FN:47,(anonymous_5)
FN:55,(anonymous_6)
FN:58,(anonymous_7)
FN:59,(anonymous_8)
FN:94,(anonymous_9)
FN:105,(anonymous_10)
FN:118,(anonymous_11)
FN:125,(anonymous_12)
FN:141,(anonymous_13)
FN:169,BasketOffCanvas
FN:174,(anonymous_15)
FN:179,(anonymous_16)
FN:182,(anonymous_17)
FN:192,(anonymous_18)
FN:203,(anonymous_19)
FN:209,handleClick
FN:213,(anonymous_21)
FN:220,getTotal
FN:223,(anonymous_23)
FN:231,checkAndOrder
FN:240,(anonymous_25)
FN:242,(anonymous_26)
FN:248,(anonymous_27)
FN:249,(anonymous_28)
FN:292,(anonymous_29)
FN:300,(anonymous_30)
FN:324,(anonymous_31)
FNF:32
FNH:6
FNDA:64,MyNav
FNDA:0,(anonymous_1)
FNDA:0,(anonymous_2)
FNDA:0,(anonymous_3)
FNDA:0,(anonymous_4)
FNDA:0,(anonymous_5)
FNDA:0,(anonymous_6)
FNDA:7,(anonymous_7)
FNDA:0,(anonymous_8)
FNDA:0,(anonymous_9)
FNDA:0,(anonymous_10)
FNDA:0,(anonymous_11)
FNDA:0,(anonymous_12)
FNDA:0,(anonymous_13)
FNDA:64,BasketOffCanvas
FNDA:14,(anonymous_15)
FNDA:0,(anonymous_16)
FNDA:0,(anonymous_17)
FNDA:14,(anonymous_18)
FNDA:7,(anonymous_19)
FNDA:0,handleClick
FNDA:0,(anonymous_21)
FNDA:0,getTotal
FNDA:0,(anonymous_23)
FNDA:0,checkAndOrder
FNDA:0,(anonymous_25)
FNDA:0,(anonymous_26)
FNDA:0,(anonymous_27)
FNDA:0,(anonymous_28)
FNDA:0,(anonymous_29)
FNDA:0,(anonymous_30)
FNDA:0,(anonymous_31)
DA:16,64
DA:17,64
DA:18,64
DA:19,64
DA:20,64
DA:21,64
DA:22,64
DA:23,64
DA:24,64
DA:28,64
DA:29,0
DA:30,0
DA:33,64
DA:34,0
DA:35,0
DA:36,0
DA:40,64
DA:41,0
DA:42,0
DA:43,0
DA:44,0
DA:47,64
DA:48,0
DA:49,0
DA:50,0
DA:51,0
DA:55,64
DA:58,64
DA:59,7
DA:60,0
DA:64,64
DA:94,0
DA:105,0
DA:118,0
DA:125,0
DA:141,0
DA:170,64
DA:171,64
DA:172,64
DA:173,64
DA:174,64
DA:179,64
DA:182,64
DA:183,0
DA:185,0
DA:186,0
DA:187,0
DA:192,64
DA:193,14
DA:194,7
DA:195,0
DA:197,7
DA:203,64
DA:204,7
DA:205,7
DA:210,0
DA:211,0
DA:212,0
DA:213,0
DA:214,0
DA:215,0
DA:216,0
DA:221,0
DA:222,0
DA:223,0
DA:224,0
DA:226,0
DA:228,0
DA:232,0
DA:241,0
DA:242,0
DA:244,0
DA:245,0
DA:246,0
DA:248,0
DA:250,0
DA:255,64
DA:293,0
DA:300,0
DA:324,0
LF:80
LH:32
BRDA:77,0,0,0
BRDA:77,0,1,64
BRDA:136,1,0,36
BRDA:136,1,1,28
BRDA:139,2,0,0
BRDA:139,2,1,36
BRDA:141,3,0,36
BRDA:141,3,1,0
BRDA:158,4,0,64
BRDA:158,4,1,0
BRDA:193,5,0,7
BRDA:193,5,1,7
BRDA:194,6,0,0
BRDA:194,6,1,7
BRDA:210,7,0,0
BRDA:210,7,1,0
BRDA:221,8,0,0
BRDA:221,8,1,0
BRDA:241,9,0,0
BRDA:241,9,1,0
BRDA:241,10,0,0
BRDA:241,10,1,0
BRDA:244,11,0,0
BRDA:244,11,1,0
BRDA:244,12,0,0
BRDA:244,12,1,0
BRDA:257,13,0,64
BRDA:257,13,1,0
BRDA:268,14,0,64
BRDA:268,14,1,0
BRDA:283,15,0,0
BRDA:283,15,1,64
BRDA:283,16,0,64
BRDA:283,16,1,64
BRDA:295,17,0,0
BRDA:295,17,1,0
BRDA:317,18,0,64
BRDA:317,18,1,64
BRDA:317,18,2,0
BRDA:323,19,0,64
BRDA:323,19,1,64
BRF:41
BRH:18
end_of_record
TN:
SF:src\Components\MyNotifications.js
FN:5,MyNotifications
FN:7,(anonymous_1)
FN:10,(anonymous_2)
FNF:3
FNH:0
FNDA:0,MyNotifications
FNDA:0,(anonymous_1)
FNDA:0,(anonymous_2)
DA:6,0
DA:7,0
DA:8,0
DA:10,0
DA:11,0
DA:12,0
DA:15,0
LF:7
LH:0
BRDA:11,0,0,0
BRDA:11,0,1,0
BRF:2
BRH:0
end_of_record
TN:
SF:src\Components\OrderToggle.js
FN:6,OrderToggle
FN:12,totalprice
FN:15,(anonymous_2)
FN:22,handleConfirm
FN:50,(anonymous_4)
FNF:5
FNH:0
FNDA:0,OrderToggle
FNDA:0,totalprice
FNDA:0,(anonymous_2)
FNDA:0,handleConfirm
FNDA:0,(anonymous_4)
DA:8,0
DA:9,0
DA:13,0
DA:14,0
DA:16,0
DA:23,0
DA:24,0
DA:25,0
DA:26,0
DA:28,0
DA:32,0
DA:51,0
LF:12
LH:0
BRDA:13,0,0,0
BRDA:13,0,1,0
BRDA:13,1,0,0
BRDA:13,1,1,0
BRDA:25,2,0,0
BRDA:25,2,1,0
BRDA:38,3,0,0
BRDA:38,3,1,0
BRDA:38,4,0,0
BRDA:38,4,1,0
BRDA:50,5,0,0
BRDA:50,5,1,0
BRDA:61,6,0,0
BRDA:61,6,1,0
BRDA:62,7,0,0
BRDA:62,7,1,0
BRDA:63,8,0,0
BRDA:63,8,1,0
BRDA:63,9,0,0
BRDA:63,9,1,0
BRF:20
BRH:0
end_of_record
TN:
SF:src\Components\ProductForm.js
FN:6,ProductForm
FN:24,(anonymous_1)
FN:34,(anonymous_2)
FN:37,(anonymous_3)
FN:41,(anonymous_4)
FN:48,(anonymous_5)
FN:50,(anonymous_6)
FN:54,(anonymous_7)
FN:63,(anonymous_8)
FN:101,(anonymous_9)
FN:103,(anonymous_10)
FN:107,(anonymous_11)
FN:117,(anonymous_12)
FN:138,(anonymous_13)
FN:148,(anonymous_14)
FNF:15
FNH:1
FNDA:21,ProductForm
FNDA:0,(anonymous_1)
FNDA:0,(anonymous_2)
FNDA:0,(anonymous_3)
FNDA:0,(anonymous_4)
FNDA:0,(anonymous_5)
FNDA:0,(anonymous_6)
FNDA:0,(anonymous_7)
FNDA:0,(anonymous_8)
FNDA:0,(anonymous_9)
FNDA:0,(anonymous_10)
FNDA:0,(anonymous_11)
FNDA:0,(anonymous_12)
FNDA:0,(anonymous_13)
FNDA:0,(anonymous_14)
DA:7,21
DA:8,16
DA:9,16
DA:10,16
DA:11,16
DA:12,16
DA:13,16
DA:14,16
DA:15,16
DA:16,16
DA:17,16
DA:18,16
DA:19,16
DA:21,16
DA:24,16
DA:25,0
DA:26,0
DA:27,0
DA:28,0
DA:33,0
DA:34,0
DA:35,0
DA:36,0
DA:41,16
DA:42,0
DA:47,0
DA:48,0
DA:49,0
DA:54,16
DA:56,0
DA:57,0
DA:59,0
DA:60,0
DA:63,16
DA:64,0
DA:65,0
DA:66,0
DA:68,0
DA:69,0
DA:70,0
DA:71,0
DA:72,0
DA:73,0
DA:74,0
DA:75,0
DA:76,0
DA:77,0
DA:78,0
DA:79,0
DA:82,0
DA:83,0
DA:84,0
DA:85,0
DA:87,0
DA:88,0
DA:89,0
DA:94,16
DA:101,0
DA:103,0
DA:107,0
DA:117,0
DA:139,0
DA:148,0
LF:63
LH:19
BRDA:9,0,0,10
BRDA:9,0,1,6
BRDA:10,1,0,10
BRDA:10,1,1,6
BRDA:11,2,0,10
BRDA:11,2,1,6
BRDA:13,3,0,10
BRDA:13,3,1,6
BRDA:14,4,0,10
BRDA:14,4,1,6
BRDA:15,5,0,10
BRDA:15,5,1,6
BRDA:16,6,0,10
BRDA:16,6,1,6
BRDA:56,7,0,0
BRDA:56,7,1,0
BRDA:68,8,0,0
BRDA:68,8,1,0
BRDA:68,9,0,0
BRDA:68,9,1,0
BRDA:72,10,0,0
BRDA:72,10,1,0
BRDA:76,11,0,0
BRDA:76,11,1,0
BRDA:82,12,0,0
BRDA:82,12,1,0
BRDA:83,13,0,0
BRDA:83,13,1,0
BRDA:87,14,0,0
BRDA:87,14,1,0
BRDA:94,15,0,0
BRDA:94,15,1,16
BRDA:137,16,0,10
BRDA:137,16,1,6
BRDA:139,17,0,0
BRDA:139,17,1,0
BRDA:147,18,0,0
BRDA:147,18,1,16
BRDA:148,19,0,0
BRDA:148,19,1,0
BRDA:166,20,0,16
BRDA:166,20,1,6
BRDA:167,21,0,16
BRDA:167,21,1,10
BRDA:172,22,0,0
BRDA:172,22,1,16
BRF:46
BRH:23
end_of_record
TN:
SF:src\Components\ProductRequest.js
FN:12,ProductLine
FN:19,(anonymous_1)
FN:24,(anonymous_2)
FN:31,(anonymous_3)
FN:38,(anonymous_4)
FN:73,ProductRequest
FN:95,(anonymous_6)
FN:96,(anonymous_7)
FN:99,(anonymous_8)
FN:102,(anonymous_9)
FN:110,(anonymous_10)
FN:117,(anonymous_11)
FN:126,(anonymous_12)
FN:144,(anonymous_13)
FN:151,(anonymous_14)
FN:159,(anonymous_15)
FN:167,(anonymous_16)
FN:196,(anonymous_17)
FN:201,(anonymous_18)
FN:211,(anonymous_19)
FN:213,(anonymous_20)
FN:233,(anonymous_21)
FN:248,(anonymous_22)
FN:249,(anonymous_23)
FN:250,(anonymous_24)
FN:254,(anonymous_25)
FN:263,(anonymous_26)
FN:263,(anonymous_27)
FNF:28
FNH:0
FNDA:0,ProductLine
FNDA:0,(anonymous_1)
FNDA:0,(anonymous_2)
FNDA:0,(anonymous_3)
FNDA:0,(anonymous_4)
FNDA:0,ProductRequest
FNDA:0,(anonymous_6)
FNDA:0,(anonymous_7)
FNDA:0,(anonymous_8)
FNDA:0,(anonymous_9)
FNDA:0,(anonymous_10)
FNDA:0,(anonymous_11)
FNDA:0,(anonymous_12)
FNDA:0,(anonymous_13)
FNDA:0,(anonymous_14)
FNDA:0,(anonymous_15)
FNDA:0,(anonymous_16)
FNDA:0,(anonymous_17)
FNDA:0,(anonymous_18)
FNDA:0,(anonymous_19)
FNDA:0,(anonymous_20)
FNDA:0,(anonymous_21)
FNDA:0,(anonymous_22)
FNDA:0,(anonymous_23)
FNDA:0,(anonymous_24)
FNDA:0,(anonymous_25)
FNDA:0,(anonymous_26)
FNDA:0,(anonymous_27)
DA:13,0
DA:15,0
DA:17,0
DA:19,0
DA:20,0
DA:21,0
DA:24,0
DA:25,0
DA:26,0
DA:27,0
DA:31,0
DA:32,0
DA:33,0
DA:34,0
DA:35,0
DA:36,0
DA:38,0
DA:39,0
DA:40,0
DA:42,0
DA:43,0
DA:44,0
DA:45,0
DA:51,0
DA:74,0
DA:75,0
DA:76,0
DA:77,0
DA:78,0
DA:79,0
DA:80,0
DA:81,0
DA:82,0
DA:84,0
DA:90,0
DA:92,0
DA:95,0
DA:96,0
DA:99,0
DA:100,0
DA:101,0
DA:103,0
DA:104,0
DA:107,0
DA:108,0
DA:109,0
DA:111,0
DA:113,0
DA:117,0
DA:118,0
DA:120,0
DA:121,0
DA:123,0
DA:126,0
DA:127,0
DA:128,0
DA:134,0
DA:135,0
DA:137,0
DA:146,0
DA:147,0
DA:148,0
DA:151,0
DA:153,0
DA:154,0
DA:160,0
DA:161,0
DA:168,0
DA:170,0
DA:176,0
DA:177,0
DA:178,0
DA:180,0
DA:181,0
DA:184,0
DA:197,0
DA:201,0
DA:211,0
DA:214,0
DA:233,0
DA:248,0
DA:249,0
DA:250,0
DA:254,0
DA:263,0
LF:85
LH:0
BRDA:17,0,0,0
BRDA:17,0,1,0
BRDA:17,0,2,0
BRDA:25,1,0,0
BRDA:25,1,1,0
BRDA:33,2,0,0
BRDA:33,2,1,0
BRDA:39,3,0,0
BRDA:39,3,1,0
BRDA:52,4,0,0
BRDA:52,4,1,0
BRDA:62,5,0,0
BRDA:62,5,1,0
BRDA:63,6,0,0
BRDA:63,6,1,0
BRDA:65,7,0,0
BRDA:65,7,1,0
BRDA:100,8,0,0
BRDA:100,8,1,0
BRDA:107,9,0,0
BRDA:107,9,1,0
BRDA:107,10,0,0
BRDA:107,10,1,0
BRDA:127,11,0,0
BRDA:127,11,1,0
BRDA:147,12,0,0
BRDA:147,12,1,0
BRDA:147,13,0,0
BRDA:147,13,1,0
BRDA:153,14,0,0
BRDA:153,14,1,0
BRDA:153,15,0,0
BRDA:153,15,1,0
BRDA:176,16,0,0
BRDA:176,16,1,0
BRDA:185,17,0,0
BRDA:185,17,1,0
BRDA:185,18,0,0
BRDA:185,18,1,0
BRDA:208,19,0,0
BRDA:208,19,1,0
BRDA:211,20,0,0
BRDA:211,20,1,0
BRDA:212,21,0,0
BRDA:212,21,1,0
BRDA:249,22,0,0
BRDA:249,22,1,0
BRDA:253,23,0,0
BRDA:253,23,1,0
BRDA:253,23,2,0
BRDA:260,24,0,0
BRDA:260,24,1,0
BRDA:265,25,0,0
BRDA:265,25,1,0
BRDA:285,26,0,0
BRDA:285,26,1,0
BRF:56
BRH:0
end_of_record
TN:
SF:src\Components\ProductsList.js
FN:9,ProductsList
FN:12,(anonymous_1)
FN:13,(anonymous_2)
FN:14,(anonymous_3)
FN:22,(anonymous_4)
FN:27,(anonymous_5)
FN:30,(anonymous_6)
FN:32,(anonymous_7)
FN:34,(anonymous_8)
FN:36,(anonymous_9)
FN:44,(anonymous_10)
FN:45,(anonymous_11)
FN:52,(anonymous_12)
FN:54,(anonymous_13)
FN:65,showFarmer
FN:67,(anonymous_15)
FN:70,hideFarmer
FN:72,(anonymous_17)
FN:72,(anonymous_18)
FN:79,(anonymous_19)
FN:83,(anonymous_20)
FN:93,(anonymous_21)
FN:106,(anonymous_22)
FN:136,(anonymous_23)
FN:144,(anonymous_24)
FN:160,(anonymous_25)
FN:160,(anonymous_26)
FN:165,(anonymous_27)
FN:165,(anonymous_28)
FN:175,Product
FN:180,add
FN:181,(anonymous_31)
FN:183,sub
FN:184,(anonymous_33)
FN:187,addToBasket
FN:200,(anonymous_35)
FN:204,(anonymous_36)
FN:265,(anonymous_37)
FN:271,(anonymous_38)
FN:274,(anonymous_39)
FN:284,CustomToggle
FN:286,(anonymous_41)
FN:287,(anonymous_42)
FNF:43
FNH:0
FNDA:0,ProductsList
FNDA:0,(anonymous_1)
FNDA:0,(anonymous_2)
FNDA:0,(anonymous_3)
FNDA:0,(anonymous_4)
FNDA:0,(anonymous_5)
FNDA:0,(anonymous_6)
FNDA:0,(anonymous_7)
FNDA:0,(anonymous_8)
FNDA:0,(anonymous_9)
FNDA:0,(anonymous_10)
FNDA:0,(anonymous_11)
FNDA:0,(anonymous_12)
FNDA:0,(anonymous_13)
FNDA:0,showFarmer
FNDA:0,(anonymous_15)
FNDA:0,hideFarmer
FNDA:0,(anonymous_17)
FNDA:0,(anonymous_18)
FNDA:0,(anonymous_19)
FNDA:0,(anonymous_20)
FNDA:0,(anonymous_21)
FNDA:0,(anonymous_22)
FNDA:0,(anonymous_23)
FNDA:0,(anonymous_24)
FNDA:0,(anonymous_25)
FNDA:0,(anonymous_26)
FNDA:0,(anonymous_27)
FNDA:0,(anonymous_28)
FNDA:0,Product
FNDA:0,add
FNDA:0,(anonymous_31)
FNDA:0,sub
FNDA:0,(anonymous_33)
FNDA:0,addToBasket
FNDA:0,(anonymous_35)
FNDA:0,(anonymous_36)
FNDA:0,(anonymous_37)
FNDA:0,(anonymous_38)
FNDA:0,(anonymous_39)
FNDA:0,CustomToggle
FNDA:0,(anonymous_41)
FNDA:0,(anonymous_42)
DA:10,0
DA:11,0
DA:12,0
DA:13,0
DA:14,0
DA:15,0
DA:16,0
DA:17,0
DA:18,0
DA:19,0
DA:22,0
DA:23,0
DA:25,0
DA:26,0
DA:28,0
DA:29,0
DA:30,0
DA:31,0
DA:33,0
DA:35,0
DA:36,0
DA:39,0
DA:44,0
DA:45,0
DA:46,0
DA:52,0
DA:53,0
DA:54,0
DA:55,0
DA:59,0
DA:60,0
DA:66,0
DA:67,0
DA:71,0
DA:72,0
DA:76,0
DA:80,0
DA:84,0
DA:94,0
DA:106,0
DA:137,0
DA:144,0
DA:160,0
DA:161,0
DA:165,0
DA:177,0
DA:181,0
DA:184,0
DA:188,0
DA:189,0
DA:190,0
DA:193,0
DA:194,0
DA:197,0
DA:200,0
DA:201,0
DA:204,0
DA:205,0
DA:212,0
DA:215,0
DA:216,0
DA:217,0
DA:221,0
DA:265,0
DA:271,0
DA:274,0
DA:285,0
DA:286,0
DA:287,0
DA:290,0
LF:70
LH:0
BRDA:23,0,0,0
BRDA:23,0,1,0
BRDA:23,1,0,0
BRDA:23,1,1,0
BRDA:23,1,2,0
BRDA:53,2,0,0
BRDA:53,2,1,0
BRDA:55,3,0,0
BRDA:55,3,1,0
BRDA:66,4,0,0
BRDA:66,4,1,0
BRDA:71,5,0,0
BRDA:71,5,1,0
BRDA:118,6,0,0
BRDA:118,6,1,0
BRDA:144,7,0,0
BRDA:144,7,1,0
BRDA:160,8,0,0
BRDA:160,8,1,0
BRDA:160,9,0,0
BRDA:160,9,1,0
BRDA:160,9,2,0
BRDA:165,10,0,0
BRDA:165,10,1,0
BRDA:165,10,2,0
BRDA:188,11,0,0
BRDA:188,11,1,0
BRDA:193,12,0,0
BRDA:193,12,1,0
BRDA:200,13,0,0
BRDA:200,13,1,0
BRDA:205,14,0,0
BRDA:205,14,1,0
BRDA:258,15,0,0
BRDA:258,15,1,0
BRDA:262,16,0,0
BRDA:262,16,1,0
BRDA:268,17,0,0
BRDA:268,17,1,0
BRDA:291,18,0,0
BRDA:291,18,1,0
BRF:41
BRH:0
end_of_record
TN:
SF:src\Components\Register.js
FN:6,Register
FN:14,(anonymous_1)
FN:21,(anonymous_2)
FN:34,(anonymous_3)
FN:35,(anonymous_4)
FN:53,(anonymous_5)
FN:63,(anonymous_6)
FN:80,(anonymous_7)
FN:96,(anonymous_8)
FN:112,(anonymous_9)
FN:128,(anonymous_10)
FNF:11
FNH:0
FNDA:0,Register
FNDA:0,(anonymous_1)
FNDA:0,(anonymous_2)
FNDA:0,(anonymous_3)
FNDA:0,(anonymous_4)
FNDA:0,(anonymous_5)
FNDA:0,(anonymous_6)
FNDA:0,(anonymous_7)
FNDA:0,(anonymous_8)
FNDA:0,(anonymous_9)
FNDA:0,(anonymous_10)
DA:7,0
DA:8,0
DA:9,0
DA:10,0
DA:11,0
DA:12,0
DA:14,0
DA:15,0
DA:16,0
DA:17,0
DA:18,0
DA:20,0
DA:22,0
DA:23,0
DA:24,0
DA:25,0
DA:26,0
DA:27,0
DA:28,0
DA:34,0
DA:35,0
DA:36,0
DA:40,0
DA:53,0
DA:63,0
DA:80,0
DA:96,0
DA:112,0
DA:128,0
LF:29
LH:0
BRDA:17,0,0,0
BRDA:17,0,1,0
BRDA:45,1,0,0
BRDA:45,1,1,0
BRF:4
BRH:0
end_of_record
TN:
SF:src\Components\RegisterUser.js
FN:8,isAlphaNumeric
FN:45,(anonymous_1)
FN:68,(anonymous_2)
FN:102,(anonymous_3)
FN:110,(anonymous_4)
FN:118,(anonymous_5)
FN:129,(anonymous_6)
FN:130,(anonymous_7)
FN:136,(anonymous_8)
FN:143,(anonymous_9)
FN:151,(anonymous_10)
FN:155,(anonymous_11)
FN:192,(anonymous_12)
FN:197,(anonymous_13)
FN:203,(anonymous_14)
FN:234,(anonymous_15)
FN:240,(anonymous_16)
FN:246,(anonymous_17)
FN:356,(anonymous_18)
FN:362,(anonymous_19)
FN:367,(anonymous_20)
FN:390,(anonymous_21)
FNF:22
FNH:0
FNDA:0,isAlphaNumeric
FNDA:0,(anonymous_1)
FNDA:0,(anonymous_2)
FNDA:0,(anonymous_3)
FNDA:0,(anonymous_4)
FNDA:0,(anonymous_5)
FNDA:0,(anonymous_6)
FNDA:0,(anonymous_7)
FNDA:0,(anonymous_8)
FNDA:0,(anonymous_9)
FNDA:0,(anonymous_10)
FNDA:0,(anonymous_11)
FNDA:0,(anonymous_12)
FNDA:0,(anonymous_13)
FNDA:0,(anonymous_14)
FNDA:0,(anonymous_15)
FNDA:0,(anonymous_16)
FNDA:0,(anonymous_17)
FNDA:0,(anonymous_18)
FNDA:0,(anonymous_19)
FNDA:0,(anonymous_20)
FNDA:0,(anonymous_21)
DA:9,0
DA:11,0
DA:12,0
DA:13,0
DA:14,0
DA:16,0
DA:17,0
DA:20,0
DA:21,0
DA:23,0
DA:28,0
DA:45,0
DA:46,0
DA:47,0
DA:48,0
DA:49,0
DA:53,0
DA:56,0
DA:57,0
DA:58,0
DA:59,0
DA:60,0
DA:61,0
DA:62,0
DA:63,0
DA:68,0
DA:69,0
DA:70,0
DA:71,0
DA:72,0
DA:76,0
DA:77,0
DA:78,0
DA:79,0
DA:82,0
DA:83,0
DA:84,0
DA:85,0
DA:88,0
DA:89,0
DA:90,0
DA:91,0
DA:94,0
DA:95,0
DA:96,0
DA:97,0
DA:100,0
DA:101,0
DA:102,0
DA:103,0
DA:104,0
DA:105,0
DA:109,0
DA:110,0
DA:111,0
DA:112,0
DA:113,0
DA:117,0
DA:118,0
DA:119,0
DA:120,0
DA:121,0
DA:130,0
DA:131,0
DA:136,0
DA:137,0
DA:138,0
DA:143,0
DA:144,0
DA:145,0
DA:151,0
DA:152,0
DA:156,0
DA:157,0
DA:158,0
DA:160,0
DA:166,0
DA:173,0
DA:184,0
DA:192,0
DA:193,0
DA:194,0
DA:197,0
DA:198,0
DA:199,0
DA:204,0
DA:234,0
DA:235,0
DA:236,0
DA:240,0
DA:241,0
DA:242,0
DA:247,0
DA:356,0
DA:357,0
DA:358,0
DA:362,0
DA:363,0
DA:364,0
DA:369,0
DA:390,0
DA:470,7
LF:102
LH:1
BRDA:13,0,0,0
BRDA:13,0,1,0
BRDA:13,1,0,0
BRDA:13,1,1,0
BRDA:16,2,0,0
BRDA:16,2,1,0
BRDA:16,3,0,0
BRDA:16,3,1,0
BRDA:16,3,2,0
BRDA:16,3,3,0
BRDA:20,4,0,0
BRDA:20,4,1,0
BRDA:20,5,0,0
BRDA:20,5,1,0
BRDA:48,6,0,0
BRDA:48,6,1,0
BRDA:56,7,0,0
BRDA:56,7,1,0
BRDA:60,8,0,0
BRDA:60,8,1,0
BRDA:60,9,0,0
BRDA:60,9,1,0
BRDA:60,9,2,0
BRDA:69,10,0,0
BRDA:69,10,1,0
BRDA:76,11,0,0
BRDA:76,11,1,0
BRDA:76,12,0,0
BRDA:76,12,1,0
BRDA:82,13,0,0
BRDA:82,13,1,0
BRDA:82,14,0,0
BRDA:82,14,1,0
BRDA:88,15,0,0
BRDA:88,15,1,0
BRDA:88,16,0,0
BRDA:88,16,1,0
BRDA:94,17,0,0
BRDA:94,17,1,0
BRDA:94,18,0,0
BRDA:94,18,1,0
BRDA:100,19,0,0
BRDA:100,19,1,0
BRDA:100,20,0,0
BRDA:100,20,1,0
BRDA:109,21,0,0
BRDA:109,21,1,0
BRDA:109,22,0,0
BRDA:109,22,1,0
BRDA:117,23,0,0
BRDA:117,23,1,0
BRDA:117,24,0,0
BRDA:117,24,1,0
BRDA:158,25,0,0
BRDA:158,25,1,0
BRDA:158,25,2,0
BRDA:158,25,3,0
BRDA:291,26,0,0
BRDA:291,26,1,0
BRDA:332,27,0,0
BRDA:332,27,1,0
BRDA:375,28,0,0
BRDA:375,28,1,0
BRDA:383,29,0,0
BRDA:383,29,1,0
BRDA:448,30,0,0
BRDA:448,30,1,0
BRDA:448,31,0,0
BRDA:448,31,1,0
BRF:69
BRH:0
end_of_record
TN:
SF:src\Components\ReportAvailability.js
FN:10,ProductAction
FN:17,(anonymous_1)
FN:22,OrderAction
FN:23,(anonymous_3)
FN:24,(anonymous_4)
FN:27,(anonymous_5)
FN:35,ProductRow
FN:47,ProductAvailableRow
FN:52,(anonymous_8)
FN:57,(anonymous_9)
FN:64,(anonymous_10)
FN:71,(anonymous_11)
FN:93,(anonymous_12)
FN:108,ConfirmRow
FN:121,ReportAvailability
FN:131,(anonymous_15)
FN:134,(anonymous_16)
FN:138,(anonymous_17)
FN:139,(anonymous_18)
FN:143,(anonymous_19)
FN:145,(anonymous_20)
FN:148,(anonymous_21)
FN:154,(anonymous_22)
FN:156,(anonymous_23)
FN:157,(anonymous_24)
FN:160,(anonymous_25)
FN:161,(anonymous_26)
FN:207,(anonymous_27)
FN:224,(anonymous_28)
FN:228,(anonymous_29)
FN:245,(anonymous_30)
FNF:31
FNH:14
FNDA:966,ProductAction
FNDA:1,(anonymous_1)
FNDA:0,OrderAction
FNDA:0,(anonymous_3)
FNDA:0,(anonymous_4)
FNDA:0,(anonymous_5)
FNDA:966,ProductRow
FNDA:966,ProductAvailableRow
FNDA:0,(anonymous_8)
FNDA:0,(anonymous_9)
FNDA:0,(anonymous_10)
FNDA:0,(anonymous_11)
FNDA:0,(anonymous_12)
FNDA:0,ConfirmRow
FNDA:66,ReportAvailability
FNDA:21,(anonymous_15)
FNDA:10,(anonymous_16)
FNDA:10,(anonymous_17)
FNDA:0,(anonymous_18)
FNDA:12,(anonymous_19)
FNDA:0,(anonymous_20)
FNDA:11,(anonymous_21)
FNDA:1,(anonymous_22)
FNDA:1,(anonymous_23)
FNDA:0,(anonymous_24)
FNDA:0,(anonymous_25)
FNDA:0,(anonymous_26)
FNDA:966,(anonymous_27)
FNDA:966,(anonymous_28)
FNDA:0,(anonymous_29)
FNDA:0,(anonymous_30)
DA:11,966
DA:17,1
DA:23,0
DA:24,0
DA:25,0
DA:27,0
DA:29,0
DA:36,966
DA:38,966
DA:48,966
DA:49,966
DA:50,966
DA:52,966
DA:53,0
DA:54,0
DA:57,966
DA:58,0
DA:59,0
DA:60,0
DA:64,966
DA:65,0
DA:66,0
DA:67,0
DA:68,0
DA:69,0
DA:71,0
DA:72,0
DA:73,0
DA:75,0
DA:76,0
DA:77,0
DA:82,966
DA:93,0
DA:109,0
DA:111,0
DA:122,66
DA:124,66
DA:126,66
DA:127,66
DA:128,66
DA:131,66
DA:132,21
DA:133,12
DA:135,10
DA:136,10
DA:138,10
DA:139,0
DA:143,66
DA:144,12
DA:146,0
DA:148,11
DA:149,12
DA:150,0
DA:154,66
DA:155,1
DA:156,1
DA:157,0
DA:160,66
DA:161,0
DA:164,66
DA:207,966
DA:224,966
DA:228,0
DA:245,0
LF:64
LH:33
BRDA:58,0,0,0
BRDA:58,0,1,0
BRDA:67,1,0,0
BRDA:67,1,1,0
BRDA:72,2,0,0
BRDA:72,2,1,0
BRDA:98,3,0,966
BRDA:98,3,1,0
BRDA:100,4,0,0
BRDA:100,4,1,966
BRDA:132,5,0,12
BRDA:132,5,1,9
BRDA:149,6,0,0
BRDA:149,6,1,12
BRDA:177,7,0,66
BRDA:177,7,1,0
BRDA:177,8,0,66
BRDA:177,8,1,66
BRDA:177,8,2,66
BRDA:177,8,3,66
BRDA:177,8,4,66
BRDA:177,8,5,66
BRDA:231,9,0,66
BRDA:231,9,1,0
BRDA:231,10,0,66
BRDA:231,10,1,66
BRDA:231,10,2,66
BRDA:231,10,3,66
BRDA:231,10,4,66
BRDA:231,10,5,66
BRF:30
BRH:19
end_of_record
TN:
SF:src\Components\ShopEmployeeHome.js
FN:4,ShopEmployeeHome
FNF:1
FNH:0
FNDA:0,ShopEmployeeHome
DA:5,0
LF:1
LH:0
BRF:0
BRH:0
end_of_record
TN:
SF:src\Components\Type.js
FN:5,Type
FNF:1
FNH:0
FNDA:0,Type
DA:6,0
LF:1
LH:0
BRF:0
BRH:0
end_of_record
TN:
SF:src\Components\UpdatePassword.js
FN:7,isAlphaNumeric
FN:25,UpdatePassword
FN:36,(anonymous_2)
FN:46,(anonymous_3)
FN:64,(anonymous_4)
FN:76,(anonymous_5)
FN:77,(anonymous_6)
FN:82,(anonymous_7)
FN:83,(anonymous_8)
FN:109,(anonymous_9)
FN:122,(anonymous_10)
FN:140,(anonymous_11)
FN:158,(anonymous_12)
FNF:13
FNH:0
FNDA:0,isAlphaNumeric
FNDA:0,UpdatePassword
FNDA:0,(anonymous_2)
FNDA:0,(anonymous_3)
FNDA:0,(anonymous_4)
FNDA:0,(anonymous_5)
FNDA:0,(anonymous_6)
FNDA:0,(anonymous_7)
FNDA:0,(anonymous_8)
FNDA:0,(anonymous_9)
FNDA:0,(anonymous_10)
FNDA:0,(anonymous_11)
FNDA:0,(anonymous_12)
DA:8,0
DA:10,0
DA:11,0
DA:12,0
DA:13,0
DA:15,0
DA:16,0
DA:19,0
DA:20,0
DA:22,0
DA:26,0
DA:27,0
DA:28,0
DA:29,0
DA:30,0
DA:31,0
DA:32,0
DA:33,0
DA:36,0
DA:37,0
DA:38,0
DA:39,0
DA:40,0
DA:42,0
DA:43,0
DA:46,0
DA:47,0
DA:48,0
DA:49,0
DA:53,0
DA:54,0
DA:55,0
DA:56,0
DA:57,0
DA:58,0
DA:59,0
DA:60,0
DA:63,0
DA:64,0
DA:65,0
DA:66,0
DA:67,0
DA:69,0
DA:70,0
DA:71,0
DA:76,0
DA:77,0
DA:78,0
DA:82,0
DA:83,0
DA:84,0
DA:88,0
DA:109,0
DA:122,0
DA:140,0
DA:158,0
LF:56
LH:0
BRDA:12,0,0,0
BRDA:12,0,1,0
BRDA:12,1,0,0
BRDA:12,1,1,0
BRDA:15,2,0,0
BRDA:15,2,1,0
BRDA:15,3,0,0
BRDA:15,3,1,0
BRDA:15,3,2,0
BRDA:15,3,3,0
BRDA:19,4,0,0
BRDA:19,4,1,0
BRDA:19,5,0,0
BRDA:19,5,1,0
BRDA:39,6,0,0
BRDA:39,6,1,0
BRDA:47,7,0,0
BRDA:47,7,1,0
BRDA:47,8,0,0
BRDA:47,8,1,0
BRDA:53,9,0,0
BRDA:53,9,1,0
BRDA:57,10,0,0
BRDA:57,10,1,0
BRDA:57,11,0,0
BRDA:57,11,1,0
BRDA:57,11,2,0
BRDA:63,12,0,0
BRDA:63,12,1,0
BRDA:63,13,0,0
BRDA:63,13,1,0
BRDA:69,14,0,0
BRDA:69,14,1,0
BRDA:94,15,0,0
BRDA:94,15,1,0
BRDA:102,16,0,0
BRDA:102,16,1,0
BRF:37
BRH:0
end_of_record
TN:
SF:src\Components\Wallet.js
FN:9,Wallet
FN:18,(anonymous_1)
FN:19,(anonymous_2)
FN:23,(anonymous_3)
FN:29,(anonymous_4)
FN:35,(anonymous_5)
FN:37,(anonymous_6)
FN:39,(anonymous_7)
FN:48,handlechange
FN:49,(anonymous_9)
FN:54,(anonymous_10)
FN:61,(anonymous_11)
FN:67,(anonymous_12)
FN:93,(anonymous_13)
FN:97,(anonymous_14)
FN:107,(anonymous_15)
FN:134,(anonymous_16)
FNF:17
FNH:0
FNDA:0,Wallet
FNDA:0,(anonymous_1)
FNDA:0,(anonymous_2)
FNDA:0,(anonymous_3)
FNDA:0,(anonymous_4)
FNDA:0,(anonymous_5)
FNDA:0,(anonymous_6)
FNDA:0,(anonymous_7)
FNDA:0,handlechange
FNDA:0,(anonymous_9)
FNDA:0,(anonymous_10)
FNDA:0,(anonymous_11)
FNDA:0,(anonymous_12)
FNDA:0,(anonymous_13)
FNDA:0,(anonymous_14)
FNDA:0,(anonymous_15)
FNDA:0,(anonymous_16)
DA:10,0
DA:11,0
DA:12,0
DA:13,0
DA:14,0
DA:15,0
DA:16,0
DA:18,0
DA:19,0
DA:20,0
DA:21,0
DA:22,0
DA:24,0
DA:25,0
DA:28,0
DA:29,0
DA:30,0
DA:35,0
DA:36,0
DA:37,0
DA:38,0
DA:39,0
DA:40,0
DA:41,0
DA:49,0
DA:50,0
DA:51,0
DA:54,0
DA:55,0
DA:56,0
DA:57,0
DA:58,0
DA:60,0
DA:62,0
DA:63,0
DA:64,0
DA:65,0
DA:67,0
DA:71,0
DA:94,0
DA:97,0
DA:107,0
DA:134,0
LF:43
LH:0
BRDA:21,0,0,0
BRDA:21,0,1,0
BRDA:28,1,0,0
BRDA:28,1,1,0
BRDA:36,2,0,0
BRDA:36,2,1,0
BRDA:57,3,0,0
BRDA:57,3,1,0
BRDA:75,4,0,0
BRDA:75,4,1,0
BRDA:75,5,0,0
BRDA:75,5,1,0
BRDA:79,6,0,0
BRDA:79,6,1,0
BRDA:92,7,0,0
BRDA:92,7,1,0
BRDA:92,8,0,0
BRDA:92,8,1,0
BRDA:101,9,0,0
BRDA:101,9,1,0
BRDA:101,9,2,0
BRDA:147,10,0,0
BRDA:147,10,1,0
BRF:23
BRH:0
end_of_record
